2022-03-15T21:05:06.9563672Z Requested labels: ubuntu-latest
2022-03-15T21:05:06.9563718Z Job defined at: google/auto/.github/workflows/ci.yml@refs/pull/1286/merge
2022-03-15T21:05:06.9563738Z Waiting for a runner to pick up this job...
2022-03-15T21:05:07.9284030Z Job is waiting for a hosted runner to come online.
2022-03-15T21:05:12.4859945Z Job is about to start running on the hosted runner: GitHub Actions 103 (hosted)
2022-03-15T21:05:16.8042904Z Current runner version: '2.288.1'
2022-03-15T21:05:16.8074760Z ##[group]Operating System
2022-03-15T21:05:16.8075370Z Ubuntu
2022-03-15T21:05:16.8075738Z 20.04.4
2022-03-15T21:05:16.8076127Z LTS
2022-03-15T21:05:16.8076484Z ##[endgroup]
2022-03-15T21:05:16.8076844Z ##[group]Virtual Environment
2022-03-15T21:05:16.8077310Z Environment: ubuntu-20.04
2022-03-15T21:05:16.8077738Z Version: 20220227.1
2022-03-15T21:05:16.8078381Z Included Software: https://github.com/actions/virtual-environments/blob/ubuntu20/20220227.1/images/linux/Ubuntu2004-Readme.md
2022-03-15T21:05:16.8079225Z Image Release: https://github.com/actions/virtual-environments/releases/tag/ubuntu20%2F20220227.1
2022-03-15T21:05:16.8079758Z ##[endgroup]
2022-03-15T21:05:16.8080197Z ##[group]Virtual Environment Provisioner
2022-03-15T21:05:16.8080792Z 1.0.0.0-main-20220307-1
2022-03-15T21:05:16.8081146Z ##[endgroup]
2022-03-15T21:05:16.8082284Z ##[group]GITHUB_TOKEN Permissions
2022-03-15T21:05:16.8083011Z Actions: read
2022-03-15T21:05:16.8083483Z Checks: read
2022-03-15T21:05:16.8083917Z Contents: read
2022-03-15T21:05:16.8084288Z Deployments: read
2022-03-15T21:05:16.8084926Z Discussions: read
2022-03-15T21:05:16.8085259Z Issues: read
2022-03-15T21:05:16.8085648Z Metadata: read
2022-03-15T21:05:16.8086049Z Packages: read
2022-03-15T21:05:16.8086428Z Pages: read
2022-03-15T21:05:16.8086833Z PullRequests: read
2022-03-15T21:05:16.8087220Z RepositoryProjects: read
2022-03-15T21:05:16.8087699Z SecurityEvents: read
2022-03-15T21:05:16.8088048Z Statuses: read
2022-03-15T21:05:16.8088424Z ##[endgroup]
2022-03-15T21:05:16.8092515Z Secret source: Dependabot
2022-03-15T21:05:16.8093182Z Prepare workflow directory
2022-03-15T21:05:16.9029557Z Prepare all required actions
2022-03-15T21:05:16.9239428Z Getting action download info
2022-03-15T21:05:17.2140048Z Download action repository 'styfle/cancel-workflow-action@0.9.1' (SHA:a40b8845c0683271d9f53dfcb887a7e181d3918b)
2022-03-15T21:05:17.8031820Z Download action repository 'actions/checkout@v3' (SHA:a12a3943b4bdde767164f792f33f40b04645d846)
2022-03-15T21:05:18.2916537Z Download action repository 'actions/cache@v2.1.7' (SHA:937d24475381cd9c75ae6db12cb4e79714b926ed)
2022-03-15T21:05:18.8725454Z Download action repository 'actions/setup-java@v2' (SHA:f0bb91606209742fe3ea40199be2f3ef195ecabf)
2022-03-15T21:05:19.6865442Z ##[group]Run styfle/cancel-workflow-action@0.9.1
2022-03-15T21:05:19.6865795Z with:
2022-03-15T21:05:19.6866626Z   access_token: ***
2022-03-15T21:05:19.6866861Z   ignore_sha: false
2022-03-15T21:05:19.6867109Z   all_but_latest: false
2022-03-15T21:05:19.6867356Z ##[endgroup]
2022-03-15T21:05:19.8914797Z {
2022-03-15T21:05:19.8915487Z   eventName: 'pull_request',
2022-03-15T21:05:19.8915915Z   sha: '9998f02e4544c3adaf1946f1560890068503d500',
2022-03-15T21:05:19.8916401Z   headSha: 'fd2cc8c329e1a82ba3cf59ec2d63f7b8568e2efc',
2022-03-15T21:05:19.8916903Z   branch: 'dependabot/maven/value/org.eclipse.jdt-ecj-3.29.0',
2022-03-15T21:05:19.8917292Z   owner: 'google',
2022-03-15T21:05:19.8917577Z   repo: 'auto',
2022-03-15T21:05:19.8917919Z   GITHUB_RUN_ID: '1989247818'
2022-03-15T21:05:19.8918156Z }
2022-03-15T21:05:19.8918356Z Found token: yes
2022-03-15T21:05:20.8164192Z Found workflow_id: ["6799434"]
2022-03-15T21:05:21.1098554Z Found 1 runs total.
2022-03-15T21:05:21.1110845Z Found 0 runs to cancel.
2022-03-15T21:05:21.1111163Z 
2022-03-15T21:05:21.1111332Z Cancel Complete.
2022-03-15T21:05:21.1349881Z ##[group]Run actions/checkout@v3
2022-03-15T21:05:21.1350272Z with:
2022-03-15T21:05:21.1350479Z   repository: google/auto
2022-03-15T21:05:21.1350874Z   token: ***
2022-03-15T21:05:21.1351092Z   ssh-strict: true
2022-03-15T21:05:21.1351345Z   persist-credentials: true
2022-03-15T21:05:21.1351679Z   clean: true
2022-03-15T21:05:21.1351881Z   fetch-depth: 1
2022-03-15T21:05:21.1352087Z   lfs: false
2022-03-15T21:05:21.1352304Z   submodules: false
2022-03-15T21:05:21.1352557Z ##[endgroup]
2022-03-15T21:05:21.3990883Z Syncing repository: google/auto
2022-03-15T21:05:21.3992743Z ##[group]Getting Git version info
2022-03-15T21:05:21.3993599Z Working directory is '/home/runner/work/auto/auto'
2022-03-15T21:05:21.3994148Z [command]/usr/bin/git version
2022-03-15T21:05:21.4145565Z git version 2.35.1
2022-03-15T21:05:21.4146918Z ##[endgroup]
2022-03-15T21:05:21.4147569Z Deleting the contents of '/home/runner/work/auto/auto'
2022-03-15T21:05:21.4154229Z ##[group]Initializing the repository
2022-03-15T21:05:21.4159859Z [command]/usr/bin/git init /home/runner/work/auto/auto
2022-03-15T21:05:21.4235969Z hint: Using 'master' as the name for the initial branch. This default branch name
2022-03-15T21:05:21.4237386Z hint: is subject to change. To configure the initial branch name to use in all
2022-03-15T21:05:21.4238033Z hint: of your new repositories, which will suppress this warning, call:
2022-03-15T21:05:21.4239137Z hint: 
2022-03-15T21:05:21.4239589Z hint: 	git config --global init.defaultBranch <name>
2022-03-15T21:05:21.4239949Z hint: 
2022-03-15T21:05:21.4240984Z hint: Names commonly chosen instead of 'master' are 'main', 'trunk' and
2022-03-15T21:05:21.4241488Z hint: 'development'. The just-created branch can be renamed via this command:
2022-03-15T21:05:21.4241845Z hint: 
2022-03-15T21:05:21.4242133Z hint: 	git branch -m <name>
2022-03-15T21:05:21.4259479Z Initialized empty Git repository in /home/runner/work/auto/auto/.git/
2022-03-15T21:05:21.4269254Z [command]/usr/bin/git remote add origin https://github.com/google/auto
2022-03-15T21:05:21.4317660Z ##[endgroup]
2022-03-15T21:05:21.4318632Z ##[group]Disabling automatic garbage collection
2022-03-15T21:05:21.4322877Z [command]/usr/bin/git config --local gc.auto 0
2022-03-15T21:05:21.4363844Z ##[endgroup]
2022-03-15T21:05:21.4399210Z ##[group]Setting up auth
2022-03-15T21:05:21.4400241Z [command]/usr/bin/git config --local --name-only --get-regexp core\.sshCommand
2022-03-15T21:05:21.4432864Z [command]/usr/bin/git submodule foreach --recursive git config --local --name-only --get-regexp 'core\.sshCommand' && git config --local --unset-all 'core.sshCommand' || :
2022-03-15T21:05:21.4840321Z [command]/usr/bin/git config --local --name-only --get-regexp http\.https\:\/\/github\.com\/\.extraheader
2022-03-15T21:05:21.4866638Z [command]/usr/bin/git submodule foreach --recursive git config --local --name-only --get-regexp 'http\.https\:\/\/github\.com\/\.extraheader' && git config --local --unset-all 'http.https://github.com/.extraheader' || :
2022-03-15T21:05:21.5135528Z [command]/usr/bin/git config --local http.https://github.com/.extraheader AUTHORIZATION: basic ***
2022-03-15T21:05:21.5178335Z ##[endgroup]
2022-03-15T21:05:21.5179373Z ##[group]Fetching the repository
2022-03-15T21:05:21.5188762Z [command]/usr/bin/git -c protocol.version=2 fetch --no-tags --prune --progress --no-recurse-submodules --depth=1 origin +9998f02e4544c3adaf1946f1560890068503d500:refs/remotes/pull/1286/merge
2022-03-15T21:05:21.9364162Z remote: Enumerating objects: 515, done.        
2022-03-15T21:05:21.9364887Z remote: Counting objects:   0% (1/515)        
2022-03-15T21:05:21.9371509Z remote: Counting objects:   1% (6/515)        
2022-03-15T21:05:21.9393835Z remote: Counting objects:   2% (11/515)        
2022-03-15T21:05:21.9394377Z remote: Counting objects:   3% (16/515)        
2022-03-15T21:05:21.9394894Z remote: Counting objects:   4% (21/515)        
2022-03-15T21:05:21.9395393Z remote: Counting objects:   5% (26/515)        
2022-03-15T21:05:21.9397012Z remote: Counting objects:   6% (31/515)        
2022-03-15T21:05:21.9397550Z remote: Counting objects:   7% (37/515)        
2022-03-15T21:05:21.9398047Z remote: Counting objects:   8% (42/515)        
2022-03-15T21:05:21.9398546Z remote: Counting objects:   9% (47/515)        
2022-03-15T21:05:21.9399031Z remote: Counting objects:  10% (52/515)        
2022-03-15T21:05:21.9399538Z remote: Counting objects:  11% (57/515)        
2022-03-15T21:05:21.9401994Z remote: Counting objects:  12% (62/515)        
2022-03-15T21:05:21.9402520Z remote: Counting objects:  13% (67/515)        
2022-03-15T21:05:21.9403025Z remote: Counting objects:  14% (73/515)        
2022-03-15T21:05:21.9404492Z remote: Counting objects:  15% (78/515)        
2022-03-15T21:05:21.9404996Z remote: Counting objects:  16% (83/515)        
2022-03-15T21:05:21.9407056Z remote: Counting objects:  17% (88/515)        
2022-03-15T21:05:21.9413976Z remote: Counting objects:  18% (93/515)        
2022-03-15T21:05:21.9416224Z remote: Counting objects:  19% (98/515)        
2022-03-15T21:05:21.9417004Z remote: Counting objects:  20% (103/515)        
2022-03-15T21:05:21.9418110Z remote: Counting objects:  21% (109/515)        
2022-03-15T21:05:21.9419171Z remote: Counting objects:  22% (114/515)        
2022-03-15T21:05:21.9420237Z remote: Counting objects:  23% (119/515)        
2022-03-15T21:05:21.9421352Z remote: Counting objects:  24% (124/515)        
2022-03-15T21:05:21.9423871Z remote: Counting objects:  25% (129/515)        
2022-03-15T21:05:21.9424395Z remote: Counting objects:  26% (134/515)        
2022-03-15T21:05:21.9424889Z remote: Counting objects:  27% (140/515)        
2022-03-15T21:05:21.9425536Z remote: Counting objects:  28% (145/515)        
2022-03-15T21:05:21.9426354Z remote: Counting objects:  29% (150/515)        
2022-03-15T21:05:21.9426872Z remote: Counting objects:  30% (155/515)        
2022-03-15T21:05:21.9428123Z remote: Counting objects:  31% (160/515)        
2022-03-15T21:05:21.9429323Z remote: Counting objects:  32% (165/515)        
2022-03-15T21:05:21.9429846Z remote: Counting objects:  33% (170/515)        
2022-03-15T21:05:21.9430425Z remote: Counting objects:  34% (176/515)        
2022-03-15T21:05:21.9430929Z remote: Counting objects:  35% (181/515)        
2022-03-15T21:05:21.9431978Z remote: Counting objects:  36% (186/515)        
2022-03-15T21:05:21.9432588Z remote: Counting objects:  37% (191/515)        
2022-03-15T21:05:21.9433098Z remote: Counting objects:  38% (196/515)        
2022-03-15T21:05:21.9433581Z remote: Counting objects:  39% (201/515)        
2022-03-15T21:05:21.9434647Z remote: Counting objects:  40% (206/515)        
2022-03-15T21:05:21.9435186Z remote: Counting objects:  41% (212/515)        
2022-03-15T21:05:21.9435763Z remote: Counting objects:  42% (217/515)        
2022-03-15T21:05:21.9436264Z remote: Counting objects:  43% (222/515)        
2022-03-15T21:05:21.9436759Z remote: Counting objects:  44% (227/515)        
2022-03-15T21:05:21.9437257Z remote: Counting objects:  45% (232/515)        
2022-03-15T21:05:21.9437772Z remote: Counting objects:  46% (237/515)        
2022-03-15T21:05:21.9438257Z remote: Counting objects:  47% (243/515)        
2022-03-15T21:05:21.9438755Z remote: Counting objects:  48% (248/515)        
2022-03-15T21:05:21.9439259Z remote: Counting objects:  49% (253/515)        
2022-03-15T21:05:21.9439741Z remote: Counting objects:  50% (258/515)        
2022-03-15T21:05:21.9440243Z remote: Counting objects:  51% (263/515)        
2022-03-15T21:05:21.9440745Z remote: Counting objects:  52% (268/515)        
2022-03-15T21:05:21.9441223Z remote: Counting objects:  53% (273/515)        
2022-03-15T21:05:21.9441715Z remote: Counting objects:  54% (279/515)        
2022-03-15T21:05:21.9442276Z remote: Counting objects:  55% (284/515)        
2022-03-15T21:05:21.9442565Z remote: Counting objects:  56% (289/515)        
2022-03-15T21:05:21.9442852Z remote: Counting objects:  57% (294/515)        
2022-03-15T21:05:21.9443126Z remote: Counting objects:  58% (299/515)        
2022-03-15T21:05:21.9443647Z remote: Counting objects:  59% (304/515)        
2022-03-15T21:05:21.9443930Z remote: Counting objects:  60% (309/515)        
2022-03-15T21:05:21.9444220Z remote: Counting objects:  61% (315/515)        
2022-03-15T21:05:21.9444512Z remote: Counting objects:  62% (320/515)        
2022-03-15T21:05:21.9444792Z remote: Counting objects:  63% (325/515)        
2022-03-15T21:05:21.9445086Z remote: Counting objects:  64% (330/515)        
2022-03-15T21:05:21.9445363Z remote: Counting objects:  65% (335/515)        
2022-03-15T21:05:21.9445658Z remote: Counting objects:  66% (340/515)        
2022-03-15T21:05:21.9446034Z remote: Counting objects:  67% (346/515)        
2022-03-15T21:05:21.9446428Z remote: Counting objects:  68% (351/515)        
2022-03-15T21:05:21.9446727Z remote: Counting objects:  69% (356/515)        
2022-03-15T21:05:21.9447329Z remote: Counting objects:  70% (361/515)        
2022-03-15T21:05:21.9447648Z remote: Counting objects:  71% (366/515)        
2022-03-15T21:05:21.9447942Z remote: Counting objects:  72% (371/515)        
2022-03-15T21:05:21.9448223Z remote: Counting objects:  73% (376/515)        
2022-03-15T21:05:21.9448516Z remote: Counting objects:  74% (382/515)        
2022-03-15T21:05:21.9448810Z remote: Counting objects:  75% (387/515)        
2022-03-15T21:05:21.9449084Z remote: Counting objects:  76% (392/515)        
2022-03-15T21:05:21.9449372Z remote: Counting objects:  77% (397/515)        
2022-03-15T21:05:21.9449648Z remote: Counting objects:  78% (402/515)        
2022-03-15T21:05:21.9449941Z remote: Counting objects:  79% (407/515)        
2022-03-15T21:05:21.9450219Z remote: Counting objects:  80% (412/515)        
2022-03-15T21:05:21.9450631Z remote: Counting objects:  81% (418/515)        
2022-03-15T21:05:21.9451701Z remote: Counting objects:  82% (423/515)        
2022-03-15T21:05:21.9452108Z remote: Counting objects:  83% (428/515)        
2022-03-15T21:05:21.9452661Z remote: Counting objects:  84% (433/515)        
2022-03-15T21:05:21.9453358Z remote: Counting objects:  85% (438/515)        
2022-03-15T21:05:21.9454098Z remote: Counting objects:  86% (443/515)        
2022-03-15T21:05:21.9454796Z remote: Counting objects:  87% (449/515)        
2022-03-15T21:05:21.9455192Z remote: Counting objects:  88% (454/515)        
2022-03-15T21:05:21.9455511Z remote: Counting objects:  89% (459/515)        
2022-03-15T21:05:21.9455884Z remote: Counting objects:  90% (464/515)        
2022-03-15T21:05:21.9456263Z remote: Counting objects:  91% (469/515)        
2022-03-15T21:05:21.9456579Z remote: Counting objects:  92% (474/515)        
2022-03-15T21:05:21.9456877Z remote: Counting objects:  93% (479/515)        
2022-03-15T21:05:21.9457158Z remote: Counting objects:  94% (485/515)        
2022-03-15T21:05:21.9457537Z remote: Counting objects:  95% (490/515)        
2022-03-15T21:05:21.9457913Z remote: Counting objects:  96% (495/515)        
2022-03-15T21:05:21.9458279Z remote: Counting objects:  97% (500/515)        
2022-03-15T21:05:21.9458706Z remote: Counting objects:  98% (505/515)        
2022-03-15T21:05:21.9459092Z remote: Counting objects:  99% (510/515)        
2022-03-15T21:05:21.9459481Z remote: Counting objects: 100% (515/515)        
2022-03-15T21:05:21.9459807Z remote: Counting objects: 100% (515/515), done.        
2022-03-15T21:05:21.9460218Z remote: Compressing objects:   0% (1/385)        
2022-03-15T21:05:21.9460628Z remote: Compressing objects:   1% (4/385)        
2022-03-15T21:05:21.9550455Z remote: Compressing objects:   2% (8/385)        
2022-03-15T21:05:21.9552462Z remote: Compressing objects:   3% (12/385)        
2022-03-15T21:05:21.9554345Z remote: Compressing objects:   4% (16/385)        
2022-03-15T21:05:21.9555079Z remote: Compressing objects:   5% (20/385)        
2022-03-15T21:05:21.9555771Z remote: Compressing objects:   6% (24/385)        
2022-03-15T21:05:21.9556447Z remote: Compressing objects:   7% (27/385)        
2022-03-15T21:05:21.9557115Z remote: Compressing objects:   8% (31/385)        
2022-03-15T21:05:21.9558111Z remote: Compressing objects:   9% (35/385)        
2022-03-15T21:05:21.9558815Z remote: Compressing objects:  10% (39/385)        
2022-03-15T21:05:21.9559466Z remote: Compressing objects:  11% (43/385)        
2022-03-15T21:05:21.9560133Z remote: Compressing objects:  12% (47/385)        
2022-03-15T21:05:21.9560820Z remote: Compressing objects:  13% (51/385)        
2022-03-15T21:05:21.9561530Z remote: Compressing objects:  14% (54/385)        
2022-03-15T21:05:21.9562188Z remote: Compressing objects:  15% (58/385)        
2022-03-15T21:05:21.9562863Z remote: Compressing objects:  16% (62/385)        
2022-03-15T21:05:21.9563518Z remote: Compressing objects:  17% (66/385)        
2022-03-15T21:05:21.9564341Z remote: Compressing objects:  18% (70/385)        
2022-03-15T21:05:21.9565011Z remote: Compressing objects:  19% (74/385)        
2022-03-15T21:05:21.9596202Z remote: Compressing objects:  20% (77/385)        
2022-03-15T21:05:21.9597036Z remote: Compressing objects:  21% (81/385)        
2022-03-15T21:05:21.9637051Z remote: Compressing objects:  22% (85/385)        
2022-03-15T21:05:21.9637810Z remote: Compressing objects:  23% (89/385)        
2022-03-15T21:05:21.9670683Z remote: Compressing objects:  24% (93/385)        
2022-03-15T21:05:21.9699565Z remote: Compressing objects:  25% (97/385)        
2022-03-15T21:05:21.9717029Z remote: Compressing objects:  26% (101/385)        
2022-03-15T21:05:21.9731219Z remote: Compressing objects:  27% (104/385)        
2022-03-15T21:05:21.9785230Z remote: Compressing objects:  28% (108/385)        
2022-03-15T21:05:21.9826845Z remote: Compressing objects:  29% (112/385)        
2022-03-15T21:05:21.9860270Z remote: Compressing objects:  30% (116/385)        
2022-03-15T21:05:21.9899976Z remote: Compressing objects:  31% (120/385)        
2022-03-15T21:05:21.9921734Z remote: Compressing objects:  32% (124/385)        
2022-03-15T21:05:21.9932564Z remote: Compressing objects:  33% (128/385)        
2022-03-15T21:05:21.9951826Z remote: Compressing objects:  34% (131/385)        
2022-03-15T21:05:21.9952712Z remote: Compressing objects:  35% (135/385)        
2022-03-15T21:05:21.9956781Z remote: Compressing objects:  36% (139/385)        
2022-03-15T21:05:21.9966794Z remote: Compressing objects:  37% (143/385)        
2022-03-15T21:05:21.9967254Z remote: Compressing objects:  38% (147/385)        
2022-03-15T21:05:21.9976853Z remote: Compressing objects:  39% (151/385)        
2022-03-15T21:05:21.9999236Z remote: Compressing objects:  40% (154/385)        
2022-03-15T21:05:22.0033754Z remote: Compressing objects:  41% (158/385)        
2022-03-15T21:05:22.0034158Z remote: Compressing objects:  42% (162/385)        
2022-03-15T21:05:22.0049009Z remote: Compressing objects:  43% (166/385)        
2022-03-15T21:05:22.0050890Z remote: Compressing objects:  44% (170/385)        
2022-03-15T21:05:22.0055018Z remote: Compressing objects:  45% (174/385)        
2022-03-15T21:05:22.0067696Z remote: Compressing objects:  46% (178/385)        
2022-03-15T21:05:22.0069291Z remote: Compressing objects:  47% (181/385)        
2022-03-15T21:05:22.0075277Z remote: Compressing objects:  48% (185/385)        
2022-03-15T21:05:22.0095231Z remote: Compressing objects:  49% (189/385)        
2022-03-15T21:05:22.0095912Z remote: Compressing objects:  50% (193/385)        
2022-03-15T21:05:22.0103213Z remote: Compressing objects:  51% (197/385)        
2022-03-15T21:05:22.0127684Z remote: Compressing objects:  52% (201/385)        
2022-03-15T21:05:22.0144289Z remote: Compressing objects:  53% (205/385)        
2022-03-15T21:05:22.0150112Z remote: Compressing objects:  54% (208/385)        
2022-03-15T21:05:22.0179313Z remote: Compressing objects:  55% (212/385)        
2022-03-15T21:05:22.0179777Z remote: Compressing objects:  56% (216/385)        
2022-03-15T21:05:22.0185677Z remote: Compressing objects:  57% (220/385)        
2022-03-15T21:05:22.0204678Z remote: Compressing objects:  58% (224/385)        
2022-03-15T21:05:22.0220771Z remote: Compressing objects:  59% (228/385)        
2022-03-15T21:05:22.0253775Z remote: Compressing objects:  60% (231/385)        
2022-03-15T21:05:22.0264581Z remote: Compressing objects:  61% (235/385)        
2022-03-15T21:05:22.0267294Z remote: Compressing objects:  62% (239/385)        
2022-03-15T21:05:22.0269551Z remote: Compressing objects:  63% (243/385)        
2022-03-15T21:05:22.0279021Z remote: Compressing objects:  64% (247/385)        
2022-03-15T21:05:22.0285329Z remote: Compressing objects:  65% (251/385)        
2022-03-15T21:05:22.0293698Z remote: Compressing objects:  66% (255/385)        
2022-03-15T21:05:22.0296830Z remote: Compressing objects:  67% (258/385)        
2022-03-15T21:05:22.0303653Z remote: Compressing objects:  68% (262/385)        
2022-03-15T21:05:22.0306551Z remote: Compressing objects:  69% (266/385)        
2022-03-15T21:05:22.0308934Z remote: Compressing objects:  70% (270/385)        
2022-03-15T21:05:22.0315843Z remote: Compressing objects:  71% (274/385)        
2022-03-15T21:05:22.0319072Z remote: Compressing objects:  72% (278/385)        
2022-03-15T21:05:22.0321727Z remote: Compressing objects:  73% (282/385)        
2022-03-15T21:05:22.0332876Z remote: Compressing objects:  74% (285/385)        
2022-03-15T21:05:22.0334696Z remote: Compressing objects:  75% (289/385)        
2022-03-15T21:05:22.0367973Z remote: Compressing objects:  76% (293/385)        
2022-03-15T21:05:22.0368624Z remote: Compressing objects:  77% (297/385)        
2022-03-15T21:05:22.0376378Z remote: Compressing objects:  78% (301/385)        
2022-03-15T21:05:22.0383223Z remote: Compressing objects:  79% (305/385)        
2022-03-15T21:05:22.0383967Z remote: Compressing objects:  80% (308/385)        
2022-03-15T21:05:22.0385818Z remote: Compressing objects:  81% (312/385)        
2022-03-15T21:05:22.0386669Z remote: Compressing objects:  82% (316/385)        
2022-03-15T21:05:22.0387600Z remote: Compressing objects:  83% (320/385)        
2022-03-15T21:05:22.0388246Z remote: Compressing objects:  84% (324/385)        
2022-03-15T21:05:22.0389334Z remote: Compressing objects:  85% (328/385)        
2022-03-15T21:05:22.0390488Z remote: Compressing objects:  86% (332/385)        
2022-03-15T21:05:22.0390973Z remote: Compressing objects:  87% (335/385)        
2022-03-15T21:05:22.0391871Z remote: Compressing objects:  88% (339/385)        
2022-03-15T21:05:22.0392707Z remote: Compressing objects:  89% (343/385)        
2022-03-15T21:05:22.0393594Z remote: Compressing objects:  90% (347/385)        
2022-03-15T21:05:22.0394495Z remote: Compressing objects:  91% (351/385)        
2022-03-15T21:05:22.0395288Z remote: Compressing objects:  92% (355/385)        
2022-03-15T21:05:22.0395955Z remote: Compressing objects:  93% (359/385)        
2022-03-15T21:05:22.0396845Z remote: Compressing objects:  94% (362/385)        
2022-03-15T21:05:22.0397740Z remote: Compressing objects:  95% (366/385)        
2022-03-15T21:05:22.0398907Z remote: Compressing objects:  96% (370/385)        
2022-03-15T21:05:22.0403210Z remote: Compressing objects:  97% (374/385)        
2022-03-15T21:05:22.0403748Z remote: Compressing objects:  98% (378/385)        
2022-03-15T21:05:22.0404497Z remote: Compressing objects:  99% (382/385)        
2022-03-15T21:05:22.0405018Z remote: Compressing objects: 100% (385/385)        
2022-03-15T21:05:22.0406188Z remote: Compressing objects: 100% (385/385), done.        
2022-03-15T21:05:22.0435239Z Receiving objects:   0% (1/515)
2022-03-15T21:05:22.0439886Z Receiving objects:   1% (6/515)
2022-03-15T21:05:22.0440506Z Receiving objects:   2% (11/515)
2022-03-15T21:05:22.0441274Z Receiving objects:   3% (16/515)
2022-03-15T21:05:22.0447258Z Receiving objects:   4% (21/515)
2022-03-15T21:05:22.0462616Z Receiving objects:   5% (26/515)
2022-03-15T21:05:22.0503860Z Receiving objects:   6% (31/515)
2022-03-15T21:05:22.0593356Z Receiving objects:   7% (37/515)
2022-03-15T21:05:22.0595994Z Receiving objects:   8% (42/515)
2022-03-15T21:05:22.0631110Z Receiving objects:   9% (47/515)
2022-03-15T21:05:22.0661634Z Receiving objects:  10% (52/515)
2022-03-15T21:05:22.0662569Z Receiving objects:  11% (57/515)
2022-03-15T21:05:22.0662971Z Receiving objects:  12% (62/515)
2022-03-15T21:05:22.0663696Z Receiving objects:  13% (67/515)
2022-03-15T21:05:22.0674454Z Receiving objects:  14% (73/515)
2022-03-15T21:05:22.0675090Z Receiving objects:  15% (78/515)
2022-03-15T21:05:22.0675658Z Receiving objects:  16% (83/515)
2022-03-15T21:05:22.0676214Z Receiving objects:  17% (88/515)
2022-03-15T21:05:22.0676747Z Receiving objects:  18% (93/515)
2022-03-15T21:05:22.0706735Z Receiving objects:  19% (98/515)
2022-03-15T21:05:22.0708110Z Receiving objects:  20% (103/515)
2022-03-15T21:05:22.0709332Z Receiving objects:  21% (109/515)
2022-03-15T21:05:22.0773453Z Receiving objects:  22% (114/515)
2022-03-15T21:05:22.0793967Z Receiving objects:  23% (119/515)
2022-03-15T21:05:22.0818665Z Receiving objects:  24% (124/515)
2022-03-15T21:05:22.0819462Z Receiving objects:  25% (129/515)
2022-03-15T21:05:22.0826774Z Receiving objects:  26% (134/515)
2022-03-15T21:05:22.0827737Z Receiving objects:  27% (140/515)
2022-03-15T21:05:22.0832018Z Receiving objects:  28% (145/515)
2022-03-15T21:05:22.0832807Z Receiving objects:  29% (150/515)
2022-03-15T21:05:22.0834788Z Receiving objects:  30% (155/515)
2022-03-15T21:05:22.0835493Z Receiving objects:  31% (160/515)
2022-03-15T21:05:22.0836471Z Receiving objects:  32% (165/515)
2022-03-15T21:05:22.0837157Z Receiving objects:  33% (170/515)
2022-03-15T21:05:22.0838150Z Receiving objects:  34% (176/515)
2022-03-15T21:05:22.0838817Z Receiving objects:  35% (181/515)
2022-03-15T21:05:22.0841268Z Receiving objects:  36% (186/515)
2022-03-15T21:05:22.0841978Z Receiving objects:  37% (191/515)
2022-03-15T21:05:22.0844403Z Receiving objects:  38% (196/515)
2022-03-15T21:05:22.0845081Z Receiving objects:  39% (201/515)
2022-03-15T21:05:22.0846065Z Receiving objects:  40% (206/515)
2022-03-15T21:05:22.0847510Z Receiving objects:  41% (212/515)
2022-03-15T21:05:22.0851240Z Receiving objects:  42% (217/515)
2022-03-15T21:05:22.0851917Z Receiving objects:  43% (222/515)
2022-03-15T21:05:22.0852903Z Receiving objects:  44% (227/515)
2022-03-15T21:05:22.0853559Z Receiving objects:  45% (232/515)
2022-03-15T21:05:22.0858257Z Receiving objects:  46% (237/515)
2022-03-15T21:05:22.0858984Z Receiving objects:  47% (243/515)
2022-03-15T21:05:22.0862825Z Receiving objects:  48% (248/515)
2022-03-15T21:05:22.0863588Z Receiving objects:  49% (253/515)
2022-03-15T21:05:22.0864568Z Receiving objects:  50% (258/515)
2022-03-15T21:05:22.0865239Z Receiving objects:  51% (263/515)
2022-03-15T21:05:22.0866509Z Receiving objects:  52% (268/515)
2022-03-15T21:05:22.0867251Z Receiving objects:  53% (273/515)
2022-03-15T21:05:22.0871560Z Receiving objects:  54% (279/515)
2022-03-15T21:05:22.0872076Z Receiving objects:  55% (284/515)
2022-03-15T21:05:22.0872799Z Receiving objects:  56% (289/515)
2022-03-15T21:05:22.0873280Z Receiving objects:  57% (294/515)
2022-03-15T21:05:22.0873982Z Receiving objects:  58% (299/515)
2022-03-15T21:05:22.0874490Z Receiving objects:  59% (304/515)
2022-03-15T21:05:22.0877927Z Receiving objects:  60% (309/515)
2022-03-15T21:05:22.0897994Z Receiving objects:  61% (315/515)
2022-03-15T21:05:22.0898589Z Receiving objects:  62% (320/515)
2022-03-15T21:05:22.0900720Z Receiving objects:  63% (325/515)
2022-03-15T21:05:22.0901331Z Receiving objects:  64% (330/515)
2022-03-15T21:05:22.0916370Z Receiving objects:  65% (335/515)
2022-03-15T21:05:22.0916905Z Receiving objects:  66% (340/515)
2022-03-15T21:05:22.0918444Z Receiving objects:  67% (346/515)
2022-03-15T21:05:22.0919014Z Receiving objects:  68% (351/515)
2022-03-15T21:05:22.0920389Z Receiving objects:  69% (356/515)
2022-03-15T21:05:22.0920922Z Receiving objects:  70% (361/515)
2022-03-15T21:05:22.0922430Z Receiving objects:  71% (366/515)
2022-03-15T21:05:22.0980711Z Receiving objects:  72% (371/515)
2022-03-15T21:05:22.0982232Z Receiving objects:  73% (376/515)
2022-03-15T21:05:22.0983883Z Receiving objects:  74% (382/515)
2022-03-15T21:05:22.0985056Z Receiving objects:  75% (387/515)
2022-03-15T21:05:22.0986941Z Receiving objects:  76% (392/515)
2022-03-15T21:05:22.0988310Z Receiving objects:  77% (397/515)
2022-03-15T21:05:22.1001601Z Receiving objects:  78% (402/515)
2022-03-15T21:05:22.1008105Z Receiving objects:  79% (407/515)
2022-03-15T21:05:22.1013123Z Receiving objects:  80% (412/515)
2022-03-15T21:05:22.1022603Z Receiving objects:  81% (418/515)
2022-03-15T21:05:22.1029065Z Receiving objects:  82% (423/515)
2022-03-15T21:05:22.1032110Z Receiving objects:  83% (428/515)
2022-03-15T21:05:22.1068903Z Receiving objects:  84% (433/515)
2022-03-15T21:05:22.1069200Z Receiving objects:  85% (438/515)
2022-03-15T21:05:22.1069472Z Receiving objects:  86% (443/515)
2022-03-15T21:05:22.1069937Z Receiving objects:  87% (449/515)
2022-03-15T21:05:22.1070199Z Receiving objects:  88% (454/515)
2022-03-15T21:05:22.1070459Z Receiving objects:  89% (459/515)
2022-03-15T21:05:22.1070729Z Receiving objects:  90% (464/515)
2022-03-15T21:05:22.1070994Z Receiving objects:  91% (469/515)
2022-03-15T21:05:22.1071254Z Receiving objects:  92% (474/515)
2022-03-15T21:05:22.1071521Z Receiving objects:  93% (479/515)
2022-03-15T21:05:22.1072172Z remote: Total 515 (delta 165), reused 225 (delta 49), pack-reused 0        
2022-03-15T21:05:22.1072500Z Receiving objects:  94% (485/515)
2022-03-15T21:05:22.1074999Z Receiving objects:  95% (490/515)
2022-03-15T21:05:22.1078751Z Receiving objects:  96% (495/515)
2022-03-15T21:05:22.1083881Z Receiving objects:  97% (500/515)
2022-03-15T21:05:22.1085712Z Receiving objects:  98% (505/515)
2022-03-15T21:05:22.1089676Z Receiving objects:  99% (510/515)
2022-03-15T21:05:22.1089969Z Receiving objects: 100% (515/515)
2022-03-15T21:05:22.1090273Z Receiving objects: 100% (515/515), 531.69 KiB | 7.94 MiB/s, done.
2022-03-15T21:05:22.1093274Z Resolving deltas:   0% (0/165)
2022-03-15T21:05:22.1095090Z Resolving deltas:   1% (2/165)
2022-03-15T21:05:22.1095365Z Resolving deltas:   2% (4/165)
2022-03-15T21:05:22.1095611Z Resolving deltas:   3% (5/165)
2022-03-15T21:05:22.1097415Z Resolving deltas:   4% (7/165)
2022-03-15T21:05:22.1097681Z Resolving deltas:   5% (9/165)
2022-03-15T21:05:22.1099473Z Resolving deltas:   6% (10/165)
2022-03-15T21:05:22.1099729Z Resolving deltas:   7% (12/165)
2022-03-15T21:05:22.1100002Z Resolving deltas:   8% (14/165)
2022-03-15T21:05:22.1101799Z Resolving deltas:   9% (15/165)
2022-03-15T21:05:22.1103577Z Resolving deltas:  10% (17/165)
2022-03-15T21:05:22.1103856Z Resolving deltas:  11% (19/165)
2022-03-15T21:05:22.1104134Z Resolving deltas:  12% (20/165)
2022-03-15T21:05:22.1104494Z Resolving deltas:  13% (22/165)
2022-03-15T21:05:22.1104794Z Resolving deltas:  14% (24/165)
2022-03-15T21:05:22.1105078Z Resolving deltas:  15% (25/165)
2022-03-15T21:05:22.1107468Z Resolving deltas:  16% (27/165)
2022-03-15T21:05:22.1107731Z Resolving deltas:  17% (29/165)
2022-03-15T21:05:22.1107987Z Resolving deltas:  18% (30/165)
2022-03-15T21:05:22.1108243Z Resolving deltas:  19% (32/165)
2022-03-15T21:05:22.1108568Z Resolving deltas:  20% (33/165)
2022-03-15T21:05:22.1108824Z Resolving deltas:  21% (35/165)
2022-03-15T21:05:22.1109077Z Resolving deltas:  22% (37/165)
2022-03-15T21:05:22.1109340Z Resolving deltas:  23% (38/165)
2022-03-15T21:05:22.1109581Z Resolving deltas:  24% (40/165)
2022-03-15T21:05:22.1109838Z Resolving deltas:  25% (42/165)
2022-03-15T21:05:22.1110079Z Resolving deltas:  26% (43/165)
2022-03-15T21:05:22.1110334Z Resolving deltas:  27% (45/165)
2022-03-15T21:05:22.1110577Z Resolving deltas:  28% (47/165)
2022-03-15T21:05:22.1110832Z Resolving deltas:  29% (48/165)
2022-03-15T21:05:22.1113066Z Resolving deltas:  30% (50/165)
2022-03-15T21:05:22.1113316Z Resolving deltas:  31% (52/165)
2022-03-15T21:05:22.1113566Z Resolving deltas:  32% (53/165)
2022-03-15T21:05:22.1113835Z Resolving deltas:  33% (55/165)
2022-03-15T21:05:22.1114084Z Resolving deltas:  34% (57/165)
2022-03-15T21:05:22.1114334Z Resolving deltas:  35% (58/165)
2022-03-15T21:05:22.1114587Z Resolving deltas:  36% (60/165)
2022-03-15T21:05:22.1114857Z Resolving deltas:  37% (62/165)
2022-03-15T21:05:22.1115293Z Resolving deltas:  38% (63/165)
2022-03-15T21:05:22.1115539Z Resolving deltas:  39% (65/165)
2022-03-15T21:05:22.1115800Z Resolving deltas:  40% (66/165)
2022-03-15T21:05:22.1116067Z Resolving deltas:  41% (68/165)
2022-03-15T21:05:22.1116308Z Resolving deltas:  42% (70/165)
2022-03-15T21:05:22.1116568Z Resolving deltas:  43% (71/165)
2022-03-15T21:05:22.1116809Z Resolving deltas:  44% (73/165)
2022-03-15T21:05:22.1117068Z Resolving deltas:  45% (75/165)
2022-03-15T21:05:22.1117333Z Resolving deltas:  46% (76/165)
2022-03-15T21:05:22.1261939Z Resolving deltas:  47% (78/165)
2022-03-15T21:05:22.1262217Z Resolving deltas:  48% (80/165)
2022-03-15T21:05:22.1262698Z Resolving deltas:  49% (81/165)
2022-03-15T21:05:22.1262963Z Resolving deltas:  50% (83/165)
2022-03-15T21:05:22.1263210Z Resolving deltas:  51% (85/165)
2022-03-15T21:05:22.1313289Z Resolving deltas:  52% (86/165)
2022-03-15T21:05:22.1313573Z Resolving deltas:  53% (88/165)
2022-03-15T21:05:22.1313841Z Resolving deltas:  54% (90/165)
2022-03-15T21:05:22.1314114Z Resolving deltas:  55% (91/165)
2022-03-15T21:05:22.1314362Z Resolving deltas:  56% (93/165)
2022-03-15T21:05:22.1314621Z Resolving deltas:  57% (95/165)
2022-03-15T21:05:22.1314865Z Resolving deltas:  58% (96/165)
2022-03-15T21:05:22.1315125Z Resolving deltas:  59% (98/165)
2022-03-15T21:05:22.1315761Z Resolving deltas:  60% (99/165)
2022-03-15T21:05:22.1316024Z Resolving deltas:  61% (101/165)
2022-03-15T21:05:22.1316296Z Resolving deltas:  62% (103/165)
2022-03-15T21:05:22.1316546Z Resolving deltas:  63% (104/165)
2022-03-15T21:05:22.1316809Z Resolving deltas:  64% (106/165)
2022-03-15T21:05:22.1317056Z Resolving deltas:  65% (108/165)
2022-03-15T21:05:22.1317323Z Resolving deltas:  66% (109/165)
2022-03-15T21:05:22.1317570Z Resolving deltas:  67% (111/165)
2022-03-15T21:05:22.1317829Z Resolving deltas:  68% (113/165)
2022-03-15T21:05:22.1318084Z Resolving deltas:  69% (114/165)
2022-03-15T21:05:22.1318328Z Resolving deltas:  70% (116/165)
2022-03-15T21:05:22.1318583Z Resolving deltas:  71% (118/165)
2022-03-15T21:05:22.1318827Z Resolving deltas:  72% (119/165)
2022-03-15T21:05:22.1319082Z Resolving deltas:  73% (121/165)
2022-03-15T21:05:22.1319326Z Resolving deltas:  74% (123/165)
2022-03-15T21:05:22.1319580Z Resolving deltas:  75% (124/165)
2022-03-15T21:05:22.1319834Z Resolving deltas:  76% (126/165)
2022-03-15T21:05:22.1320074Z Resolving deltas:  77% (128/165)
2022-03-15T21:05:22.1320321Z Resolving deltas:  78% (129/165)
2022-03-15T21:05:22.1320555Z Resolving deltas:  79% (131/165)
2022-03-15T21:05:22.1320797Z Resolving deltas:  80% (132/165)
2022-03-15T21:05:22.1321035Z Resolving deltas:  81% (134/165)
2022-03-15T21:05:22.1321289Z Resolving deltas:  82% (136/165)
2022-03-15T21:05:22.1321546Z Resolving deltas:  83% (137/165)
2022-03-15T21:05:22.1321786Z Resolving deltas:  84% (139/165)
2022-03-15T21:05:22.1322040Z Resolving deltas:  85% (141/165)
2022-03-15T21:05:22.1322281Z Resolving deltas:  86% (142/165)
2022-03-15T21:05:22.1322536Z Resolving deltas:  87% (144/165)
2022-03-15T21:05:22.1322782Z Resolving deltas:  88% (146/165)
2022-03-15T21:05:22.1323040Z Resolving deltas:  89% (147/165)
2022-03-15T21:05:22.1323295Z Resolving deltas:  90% (149/165)
2022-03-15T21:05:22.1323533Z Resolving deltas:  91% (151/165)
2022-03-15T21:05:22.1323784Z Resolving deltas:  92% (152/165)
2022-03-15T21:05:22.1324019Z Resolving deltas:  93% (154/165)
2022-03-15T21:05:22.1324268Z Resolving deltas:  94% (156/165)
2022-03-15T21:05:22.1324509Z Resolving deltas:  95% (157/165)
2022-03-15T21:05:22.1324760Z Resolving deltas:  96% (159/165)
2022-03-15T21:05:22.1325003Z Resolving deltas:  97% (161/165)
2022-03-15T21:05:22.1325236Z Resolving deltas:  98% (162/165)
2022-03-15T21:05:22.1325483Z Resolving deltas:  99% (164/165)
2022-03-15T21:05:22.1325722Z Resolving deltas: 100% (165/165)
2022-03-15T21:05:22.1325986Z Resolving deltas: 100% (165/165), done.
2022-03-15T21:05:22.1326300Z From https://github.com/google/auto
2022-03-15T21:05:22.1327026Z  * [new ref]         9998f02e4544c3adaf1946f1560890068503d500 -> pull/1286/merge
2022-03-15T21:05:22.1327892Z ##[endgroup]
2022-03-15T21:05:22.1328404Z ##[group]Determining the checkout info
2022-03-15T21:05:22.1329486Z ##[endgroup]
2022-03-15T21:05:22.1329942Z ##[group]Checking out the ref
2022-03-15T21:05:22.1330457Z [command]/usr/bin/git checkout --progress --force refs/remotes/pull/1286/merge
2022-03-15T21:05:22.1684360Z Note: switching to 'refs/remotes/pull/1286/merge'.
2022-03-15T21:05:22.1684601Z 
2022-03-15T21:05:22.1684908Z You are in 'detached HEAD' state. You can look around, make experimental
2022-03-15T21:05:22.1685342Z changes and commit them, and you can discard any commits you make in this
2022-03-15T21:05:22.1685986Z state without impacting any branches by switching back to a branch.
2022-03-15T21:05:22.1686215Z 
2022-03-15T21:05:22.1686400Z If you want to create a new branch to retain commits you create, you may
2022-03-15T21:05:22.1686883Z do so (now or later) by using -c with the switch command. Example:
2022-03-15T21:05:22.1687102Z 
2022-03-15T21:05:22.1687350Z   git switch -c <new-branch-name>
2022-03-15T21:05:22.1687531Z 
2022-03-15T21:05:22.1687650Z Or undo this operation with:
2022-03-15T21:05:22.1687802Z 
2022-03-15T21:05:22.1687899Z   git switch -
2022-03-15T21:05:22.1688043Z 
2022-03-15T21:05:22.1688244Z Turn off this advice by setting config variable advice.detachedHead to false
2022-03-15T21:05:22.1688490Z 
2022-03-15T21:05:22.1688749Z HEAD is now at 9998f02 Merge fd2cc8c329e1a82ba3cf59ec2d63f7b8568e2efc into 6303fd1cdf5f143a3983594973f0efda049544be
2022-03-15T21:05:22.1689441Z ##[endgroup]
2022-03-15T21:05:22.1756569Z [command]/usr/bin/git log -1 --format='%H'
2022-03-15T21:05:22.1791461Z '9998f02e4544c3adaf1946f1560890068503d500'
2022-03-15T21:05:22.3474811Z ##[group]Run actions/cache@v2.1.7
2022-03-15T21:05:22.3475080Z with:
2022-03-15T21:05:22.3475292Z   path: ~/.m2/repository
2022-03-15T21:05:22.3475674Z   key: maven-2cafb7b2d73447f2daa02e3a5943c297778297ba873ec30f4349d5e92163ccb1
2022-03-15T21:05:22.3476032Z   restore-keys: maven-

2022-03-15T21:05:22.3476280Z ##[endgroup]
2022-03-15T21:05:24.3072022Z Received 0 of 337438321 (0.0%), 0.0 MBs/sec
2022-03-15T21:05:25.3071852Z Received 100663296 of 337438321 (29.8%), 48.0 MBs/sec
2022-03-15T21:05:26.3069830Z Received 213909504 of 337438321 (63.4%), 68.0 MBs/sec
2022-03-15T21:05:27.3076144Z Received 329049713 of 337438321 (97.5%), 78.4 MBs/sec
2022-03-15T21:05:27.6618656Z Received 337438321 of 337438321 (100.0%), 73.9 MBs/sec
2022-03-15T21:05:27.6619220Z Cache Size: ~322 MB (337438321 B)
2022-03-15T21:05:27.6643228Z [command]/usr/bin/tar --use-compress-program zstd -d -xf /home/runner/work/_temp/64db6757-b7eb-43e8-8097-3b138c87e0e9/cache.tzst -P -C /home/runner/work/auto/auto
2022-03-15T21:05:30.4103356Z Cache restored successfully
2022-03-15T21:05:30.4783044Z 
2022-03-15T21:05:30.4791827Z Cache restored from key: maven-72596637c8f60c9cd8e07286279de76fcf3cf474158a48178e480e8ce8b11324
2022-03-15T21:05:30.5033856Z ##[group]Run actions/setup-java@v2
2022-03-15T21:05:30.5034137Z with:
2022-03-15T21:05:30.5034349Z   java-version: 8
2022-03-15T21:05:30.5034603Z   distribution: zulu
2022-03-15T21:05:30.5034859Z   java-package: jdk
2022-03-15T21:05:30.5035093Z   architecture: x64
2022-03-15T21:05:30.5035348Z   check-latest: false
2022-03-15T21:05:30.5035601Z   server-id: github
2022-03-15T21:05:30.5035850Z   server-username: GITHUB_ACTOR
2022-03-15T21:05:30.5036166Z   server-password: GITHUB_TOKEN
2022-03-15T21:05:30.5036458Z   overwrite-settings: true
2022-03-15T21:05:30.5036715Z   job-status: success
2022-03-15T21:05:30.5036959Z ##[endgroup]
2022-03-15T21:05:30.7187212Z Trying to resolve the latest version from remote
2022-03-15T21:05:30.8079840Z Resolved latest version as 8.0.322+6
2022-03-15T21:05:30.8080517Z Trying to download...
2022-03-15T21:05:30.8086952Z Downloading Java 8.0.322+6 (Zulu) from https://cdn.azul.com/zulu/bin/zulu8.60.0.21-ca-jdk8.0.322-linux_x64.tar.gz ...
2022-03-15T21:05:31.5353376Z Extracting Java archive...
2022-03-15T21:05:31.5487049Z [command]/usr/bin/tar xz --warning=no-unknown-keyword -C /home/runner/work/_temp/8891e423-573e-4826-82c2-9a5479599616 -f /home/runner/work/_temp/c03dc1fb-56e0-431b-ae2f-139de2dccbae
2022-03-15T21:05:34.2003570Z Java 8.0.322+6 was downloaded
2022-03-15T21:05:34.2006560Z Setting Java 8.0.322+6 as the default
2022-03-15T21:05:34.2030647Z 
2022-03-15T21:05:34.2030802Z Java configuration:
2022-03-15T21:05:34.2032611Z   Distribution: zulu
2022-03-15T21:05:34.2032880Z   Version: 8.0.322+6
2022-03-15T21:05:34.2034622Z   Path: /opt/hostedtoolcache/Java_Zulu_jdk/8.0.322-6/x64
2022-03-15T21:05:34.2034849Z 
2022-03-15T21:05:34.2069781Z Creating settings.xml with server-id: github
2022-03-15T21:05:34.2166619Z Writing to /home/runner/.m2/settings.xml
2022-03-15T21:05:34.2345966Z ##[group]Run mvn -B dependency:go-offline test clean -U --quiet --fail-never -DskipTests=true -f build-pom.xml
2022-03-15T21:05:34.2348664Z [36;1mmvn -B dependency:go-offline test clean -U --quiet --fail-never -DskipTests=true -f build-pom.xml[0m
2022-03-15T21:05:34.2408119Z shell: /usr/bin/bash --noprofile --norc -e -o pipefail {0}
2022-03-15T21:05:34.2408428Z env:
2022-03-15T21:05:34.2408701Z   JAVA_HOME: /opt/hostedtoolcache/Java_Zulu_jdk/8.0.322-6/x64
2022-03-15T21:05:34.2408989Z ##[endgroup]
2022-03-15T21:05:41.2757496Z [ERROR] COMPILATION ERROR : 
2022-03-15T21:05:41.2786472Z [ERROR] /home/runner/work/auto/auto/service/processor/src/main/java/com/google/auto/service/processor/AutoServiceProcessor.java:[25,31] cannot find symbol
2022-03-15T21:05:41.2787241Z   symbol:   class AutoService
2022-03-15T21:05:41.2788162Z   location: package com.google.auto.service
2022-03-15T21:05:41.2788824Z [ERROR] /home/runner/work/auto/auto/service/processor/src/main/java/com/google/auto/service/processor/AutoServiceProcessor.java:[88,28] cannot find symbol
2022-03-15T21:05:41.2789320Z   symbol:   class AutoService
2022-03-15T21:05:41.2789731Z   location: class com.google.auto.service.processor.AutoServiceProcessor
2022-03-15T21:05:41.2790366Z [ERROR] /home/runner/work/auto/auto/service/processor/src/main/java/com/google/auto/service/processor/AutoServiceProcessor.java:[139,73] cannot find symbol
2022-03-15T21:05:41.2790829Z   symbol:   class AutoService
2022-03-15T21:05:41.2791245Z   location: class com.google.auto.service.processor.AutoServiceProcessor
2022-03-15T21:05:41.2791845Z [ERROR] /home/runner/work/auto/auto/service/processor/src/main/java/com/google/auto/service/processor/AutoServiceProcessor.java:[147,66] cannot find symbol
2022-03-15T21:05:41.2792299Z   symbol:   class AutoService
2022-03-15T21:05:41.2792712Z   location: class com.google.auto.service.processor.AutoServiceProcessor
2022-03-15T21:05:42.5179268Z [ERROR] COMPILATION ERROR : 
2022-03-15T21:05:42.5179802Z [ERROR] /home/runner/work/auto/auto/value/src/test/java/com/google/auto/value/extension/memoized/MemoizedTest.java:[21,29] cannot find symbol
2022-03-15T21:05:42.5180199Z   symbol:   class AutoValue
2022-03-15T21:05:42.5180489Z   location: package com.google.auto.value
2022-03-15T21:05:42.5181002Z [ERROR] /home/runner/work/auto/auto/value/src/test/java/com/google/auto/value/extension/memoized/MemoizedTest.java:[22,39] package com.google.auto.value.AutoValue does not exist
2022-03-15T21:05:42.5183323Z [ERROR] /home/runner/work/auto/auto/value/src/test/java/com/google/auto/value/extension/memoized/MemoizedTest.java:[192,4] cannot find symbol
2022-03-15T21:05:42.5183711Z   symbol:   class AutoValue
2022-03-15T21:05:42.5184096Z   location: class com.google.auto.value.extension.memoized.MemoizedTest
2022-03-15T21:05:42.5185744Z [ERROR] /home/runner/work/auto/auto/value/src/test/java/com/google/auto/value/extension/memoized/MemoizedTest.java:[81,4] cannot find symbol
2022-03-15T21:05:42.5186346Z   symbol:   class AutoValue
2022-03-15T21:05:42.5186864Z   location: class com.google.auto.value.extension.memoized.MemoizedTest
2022-03-15T21:05:42.5188702Z [ERROR] /home/runner/work/auto/auto/value/src/test/java/com/google/auto/value/extension/memoized/MemoizedTest.java:[164,4] cannot find symbol
2022-03-15T21:05:42.5189183Z   symbol:   class AutoValue
2022-03-15T21:05:42.5190531Z   location: class com.google.auto.value.extension.memoized.MemoizedTest
2022-03-15T21:05:42.5192444Z [ERROR] /home/runner/work/auto/auto/value/src/test/java/com/google/auto/value/extension/memoized/MemoizedTest.java:[41,4] cannot find symbol
2022-03-15T21:05:42.5192904Z   symbol:   class AutoValue
2022-03-15T21:05:42.5268034Z   location: class com.google.auto.value.extension.memoized.MemoizedTest
2022-03-15T21:05:42.5268990Z [ERROR] /home/runner/work/auto/auto/value/src/test/java/com/google/auto/value/extension/memoized/MemoizedTest.java:[58,4] cannot find symbol
2022-03-15T21:05:42.5269609Z   symbol:   class AutoValue
2022-03-15T21:05:42.5270521Z   location: class com.google.auto.value.extension.memoized.MemoizedTest
2022-03-15T21:05:42.5271210Z [ERROR] /home/runner/work/auto/auto/value/src/test/java/com/google/auto/value/extension/memoized/MemoizedTest.java:[59,4] cannot find symbol
2022-03-15T21:05:42.5271742Z   symbol:   class CopyAnnotations
2022-03-15T21:05:42.5272246Z   location: class com.google.auto.value.extension.memoized.MemoizedTest
2022-03-15T21:05:42.5272931Z [ERROR] /home/runner/work/auto/auto/value/src/test/java/com/google/auto/value/extension/memoized/MemoizedTest.java:[70,4] cannot find symbol
2022-03-15T21:05:42.5273432Z   symbol:   class AutoValue
2022-03-15T21:05:42.5273916Z   location: class com.google.auto.value.extension.memoized.MemoizedTest
2022-03-15T21:05:42.5274562Z [ERROR] /home/runner/work/auto/auto/value/src/test/java/com/google/auto/value/extension/memoized/MemoizedTest.java:[222,4] cannot find symbol
2022-03-15T21:05:42.5275063Z   symbol:   class AutoValue
2022-03-15T21:05:42.5275530Z   location: class com.google.auto.value.extension.memoized.MemoizedTest
2022-03-15T21:05:42.5276177Z [ERROR] /home/runner/work/auto/auto/value/src/test/java/com/google/auto/value/extension/memoized/MemoizedTest.java:[474,4] cannot find symbol
2022-03-15T21:05:42.5276671Z   symbol:   class AutoValue
2022-03-15T21:05:42.5277145Z   location: class com.google.auto.value.extension.memoized.MemoizedTest
2022-03-15T21:05:42.5277766Z [ERROR] /home/runner/work/auto/auto/value/src/test/java/com/google/auto/value/extension/memoized/MemoizedTest.java:[494,4] cannot find symbol
2022-03-15T21:05:42.5278270Z   symbol:   class AutoValue
2022-03-15T21:05:42.5278748Z   location: class com.google.auto.value.extension.memoized.MemoizedTest
2022-03-15T21:05:42.5279493Z [ERROR] /home/runner/work/auto/auto/value/src/test/java/com/google/auto/value/extension/serializable/processor/SerializableAutoValueExtensionTest.java:[22,29] cannot find symbol
2022-03-15T21:05:42.5280081Z   symbol:   class AutoValue
2022-03-15T21:05:42.5280441Z   location: package com.google.auto.value
2022-03-15T21:05:42.5281092Z [ERROR] /home/runner/work/auto/auto/value/src/test/java/com/google/auto/value/extension/serializable/processor/SerializableAutoValueExtensionTest.java:[23,48] cannot find symbol
2022-03-15T21:05:42.5281676Z   symbol:   class Memoized
2022-03-15T21:05:42.5282386Z   location: package com.google.auto.value.extension.memoized
2022-03-15T21:05:42.5283073Z [ERROR] /home/runner/work/auto/auto/value/src/test/java/com/google/auto/value/extension/serializable/processor/SerializableAutoValueExtensionTest.java:[24,52] cannot find symbol
2022-03-15T21:05:42.5283683Z   symbol:   class SerializableAutoValue
2022-03-15T21:05:42.5284159Z   location: package com.google.auto.value.extension.serializable
2022-03-15T21:05:42.5284864Z [ERROR] /home/runner/work/auto/auto/value/src/test/java/com/google/auto/value/extension/serializable/processor/SerializableAutoValueExtensionTest.java:[44,4] cannot find symbol
2022-03-15T21:05:42.5285479Z   symbol:   class SerializableAutoValue
2022-03-15T21:05:42.5286167Z   location: class com.google.auto.value.extension.serializable.processor.SerializableAutoValueExtensionTest
2022-03-15T21:05:42.5287099Z [ERROR] /home/runner/work/auto/auto/value/src/test/java/com/google/auto/value/extension/serializable/processor/SerializableAutoValueExtensionTest.java:[45,4] cannot find symbol
2022-03-15T21:05:42.5287693Z   symbol:   class AutoValue
2022-03-15T21:05:42.5288362Z   location: class com.google.auto.value.extension.serializable.processor.SerializableAutoValueExtensionTest
2022-03-15T21:05:42.5289333Z [ERROR] /home/runner/work/auto/auto/value/src/test/java/com/google/auto/value/extension/serializable/processor/SerializableAutoValueExtensionTest.java:[61,15] package AutoValue does not exist
2022-03-15T21:05:42.5290139Z [ERROR] /home/runner/work/auto/auto/value/src/test/java/com/google/auto/value/extension/serializable/processor/SerializableAutoValueExtensionTest.java:[148,4] cannot find symbol
2022-03-15T21:05:42.5290719Z   symbol:   class SerializableAutoValue
2022-03-15T21:05:42.5293092Z   location: class com.google.auto.value.extension.serializable.processor.SerializableAutoValueExtensionTest
2022-03-15T21:05:42.5293863Z [ERROR] /home/runner/work/auto/auto/value/src/test/java/com/google/auto/value/extension/serializable/processor/SerializableAutoValueExtensionTest.java:[149,4] cannot find symbol
2022-03-15T21:05:42.5294333Z   symbol:   class AutoValue
2022-03-15T21:05:42.5294881Z   location: class com.google.auto.value.extension.serializable.processor.SerializableAutoValueExtensionTest
2022-03-15T21:05:42.5295678Z [ERROR] /home/runner/work/auto/auto/value/src/test/java/com/google/auto/value/extension/serializable/processor/SerializableAutoValueExtensionTest.java:[165,15] package AutoValue does not exist
2022-03-15T21:05:42.5296402Z [ERROR] /home/runner/work/auto/auto/value/src/test/java/com/google/auto/value/extension/serializable/processor/SerializableAutoValueExtensionTest.java:[199,4] cannot find symbol
2022-03-15T21:05:42.5296902Z   symbol:   class SerializableAutoValue
2022-03-15T21:05:42.5297482Z   location: class com.google.auto.value.extension.serializable.processor.SerializableAutoValueExtensionTest
2022-03-15T21:05:42.5298256Z [ERROR] /home/runner/work/auto/auto/value/src/test/java/com/google/auto/value/extension/serializable/processor/SerializableAutoValueExtensionTest.java:[200,4] cannot find symbol
2022-03-15T21:05:42.5298711Z   symbol:   class AutoValue
2022-03-15T21:05:42.5299255Z   location: class com.google.auto.value.extension.serializable.processor.SerializableAutoValueExtensionTest
2022-03-15T21:05:42.5300029Z [ERROR] /home/runner/work/auto/auto/value/src/test/java/com/google/auto/value/extension/serializable/processor/SerializableAutoValueExtensionTest.java:[218,4] cannot find symbol
2022-03-15T21:05:42.5300499Z   symbol:   class AutoValue
2022-03-15T21:05:42.5301030Z   location: class com.google.auto.value.extension.serializable.processor.SerializableAutoValueExtensionTest
2022-03-15T21:05:42.5301809Z [ERROR] /home/runner/work/auto/auto/value/src/test/java/com/google/auto/value/extension/serializable/processor/SerializableAutoValueExtensionTest.java:[237,4] cannot find symbol
2022-03-15T21:05:42.5302310Z   symbol:   class SerializableAutoValue
2022-03-15T21:05:42.5302878Z   location: class com.google.auto.value.extension.serializable.processor.SerializableAutoValueExtensionTest
2022-03-15T21:05:42.5303633Z [ERROR] /home/runner/work/auto/auto/value/src/test/java/com/google/auto/value/extension/serializable/processor/SerializableAutoValueExtensionTest.java:[238,4] cannot find symbol
2022-03-15T21:05:42.5304098Z   symbol:   class AutoValue
2022-03-15T21:05:42.5304637Z   location: class com.google.auto.value.extension.serializable.processor.SerializableAutoValueExtensionTest
2022-03-15T21:05:42.5305626Z [ERROR] /home/runner/work/auto/auto/value/src/test/java/com/google/auto/value/extension/serializable/processor/SerializableAutoValueExtensionTest.java:[250,15] package AutoValue does not exist
2022-03-15T21:05:42.5306605Z [ERROR] /home/runner/work/auto/auto/value/src/test/java/com/google/auto/value/extension/serializable/processor/SerializableAutoValueExtensionTest.java:[298,4] cannot find symbol
2022-03-15T21:05:42.5307131Z   symbol:   class SerializableAutoValue
2022-03-15T21:05:42.5307750Z   location: class com.google.auto.value.extension.serializable.processor.SerializableAutoValueExtensionTest
2022-03-15T21:05:42.5308580Z [ERROR] /home/runner/work/auto/auto/value/src/test/java/com/google/auto/value/extension/serializable/processor/SerializableAutoValueExtensionTest.java:[299,4] cannot find symbol
2022-03-15T21:05:42.5309080Z   symbol:   class AutoValue
2022-03-15T21:05:42.5309651Z   location: class com.google.auto.value.extension.serializable.processor.SerializableAutoValueExtensionTest
2022-03-15T21:05:42.5310507Z [ERROR] /home/runner/work/auto/auto/value/src/test/java/com/google/auto/value/extension/serializable/processor/SerializableAutoValueExtensionTest.java:[308,15] package AutoValue does not exist
2022-03-15T21:05:42.5311366Z [ERROR] /home/runner/work/auto/auto/value/src/test/java/com/google/auto/value/extension/serializable/processor/SerializableAutoValueExtensionTest.java:[339,4] cannot find symbol
2022-03-15T21:05:42.5311971Z   symbol:   class SerializableAutoValue
2022-03-15T21:05:42.5312574Z   location: class com.google.auto.value.extension.serializable.processor.SerializableAutoValueExtensionTest
2022-03-15T21:05:42.5313403Z [ERROR] /home/runner/work/auto/auto/value/src/test/java/com/google/auto/value/extension/serializable/processor/SerializableAutoValueExtensionTest.java:[340,4] cannot find symbol
2022-03-15T21:05:42.5313905Z   symbol:   class AutoValue
2022-03-15T21:05:42.5314490Z   location: class com.google.auto.value.extension.serializable.processor.SerializableAutoValueExtensionTest
2022-03-15T21:05:42.5315339Z [ERROR] /home/runner/work/auto/auto/value/src/test/java/com/google/auto/value/extension/serializable/processor/SerializableAutoValueExtensionTest.java:[351,15] package AutoValue does not exist
2022-03-15T21:05:42.5316138Z [ERROR] /home/runner/work/auto/auto/value/src/test/java/com/google/auto/value/extension/serializable/processor/SerializableAutoValueExtensionTest.java:[389,4] cannot find symbol
2022-03-15T21:05:42.5316675Z   symbol:   class SerializableAutoValue
2022-03-15T21:05:42.5317285Z   location: class com.google.auto.value.extension.serializable.processor.SerializableAutoValueExtensionTest
2022-03-15T21:05:42.5318189Z [ERROR] /home/runner/work/auto/auto/value/src/test/java/com/google/auto/value/extension/serializable/processor/SerializableAutoValueExtensionTest.java:[390,4] cannot find symbol
2022-03-15T21:05:42.5318656Z   symbol:   class AutoValue
2022-03-15T21:05:42.5319193Z   location: class com.google.auto.value.extension.serializable.processor.SerializableAutoValueExtensionTest
2022-03-15T21:05:42.5319981Z [ERROR] /home/runner/work/auto/auto/value/src/test/java/com/google/auto/value/extension/serializable/processor/SerializableAutoValueExtensionTest.java:[400,15] package AutoValue does not exist
2022-03-15T21:05:42.5320712Z [ERROR] /home/runner/work/auto/auto/value/src/test/java/com/google/auto/value/extension/serializable/processor/SerializableAutoValueExtensionTest.java:[425,4] cannot find symbol
2022-03-15T21:05:42.5321195Z   symbol:   class SerializableAutoValue
2022-03-15T21:05:42.5321761Z   location: class com.google.auto.value.extension.serializable.processor.SerializableAutoValueExtensionTest
2022-03-15T21:05:42.5322527Z [ERROR] /home/runner/work/auto/auto/value/src/test/java/com/google/auto/value/extension/serializable/processor/SerializableAutoValueExtensionTest.java:[426,4] cannot find symbol
2022-03-15T21:05:42.5322996Z   symbol:   class AutoValue
2022-03-15T21:05:42.5323525Z   location: class com.google.auto.value.extension.serializable.processor.SerializableAutoValueExtensionTest
2022-03-15T21:05:42.5324321Z [ERROR] /home/runner/work/auto/auto/value/src/test/java/com/google/auto/value/extension/serializable/processor/SerializableAutoValueExtensionTest.java:[434,15] package AutoValue does not exist
2022-03-15T21:05:42.5325062Z [ERROR] /home/runner/work/auto/auto/value/src/test/java/com/google/auto/value/extension/serializable/processor/SerializableAutoValueExtensionTest.java:[458,4] cannot find symbol
2022-03-15T21:05:42.5325549Z   symbol:   class SerializableAutoValue
2022-03-15T21:05:42.5326108Z   location: class com.google.auto.value.extension.serializable.processor.SerializableAutoValueExtensionTest
2022-03-15T21:05:42.5326873Z [ERROR] /home/runner/work/auto/auto/value/src/test/java/com/google/auto/value/extension/serializable/processor/SerializableAutoValueExtensionTest.java:[459,4] cannot find symbol
2022-03-15T21:05:42.5327339Z   symbol:   class AutoValue
2022-03-15T21:05:42.5327877Z   location: class com.google.auto.value.extension.serializable.processor.SerializableAutoValueExtensionTest
2022-03-15T21:05:42.5328657Z [ERROR] /home/runner/work/auto/auto/value/src/test/java/com/google/auto/value/extension/serializable/processor/SerializableAutoValueExtensionTest.java:[474,15] package AutoValue does not exist
2022-03-15T21:05:42.5329447Z [ERROR] /home/runner/work/auto/auto/value/src/test/java/com/google/auto/value/extension/toprettystring/ToPrettyStringTest.java:[892,4] cannot find symbol
2022-03-15T21:05:42.5329868Z   symbol:   class AutoValue
2022-03-15T21:05:42.5330295Z   location: class com.google.auto.value.extension.toprettystring.ToPrettyStringTest
2022-03-15T21:05:42.5330885Z [ERROR] /home/runner/work/auto/auto/value/src/test/java/com/google/auto/value/extension/toprettystring/ToPrettyStringTest.java:[827,4] cannot find symbol
2022-03-15T21:05:42.5331301Z   symbol:   class AutoValue
2022-03-15T21:05:42.5331724Z   location: class com.google.auto.value.extension.toprettystring.ToPrettyStringTest
2022-03-15T21:05:42.5332325Z [ERROR] /home/runner/work/auto/auto/value/src/test/java/com/google/auto/value/extension/toprettystring/ToPrettyStringTest.java:[44,4] cannot find symbol
2022-03-15T21:05:42.5332724Z   symbol:   class AutoValue
2022-03-15T21:05:42.5333147Z   location: class com.google.auto.value.extension.toprettystring.ToPrettyStringTest
2022-03-15T21:05:42.5333747Z [ERROR] /home/runner/work/auto/auto/value/src/test/java/com/google/auto/value/extension/toprettystring/ToPrettyStringTest.java:[86,4] cannot find symbol
2022-03-15T21:05:42.5334152Z   symbol:   class AutoValue
2022-03-15T21:05:42.5334562Z   location: class com.google.auto.value.extension.toprettystring.ToPrettyStringTest
2022-03-15T21:05:42.5335154Z [ERROR] /home/runner/work/auto/auto/value/src/test/java/com/google/auto/value/extension/toprettystring/ToPrettyStringTest.java:[135,4] cannot find symbol
2022-03-15T21:05:42.5335568Z   symbol:   class AutoValue
2022-03-15T21:05:42.5335990Z   location: class com.google.auto.value.extension.toprettystring.ToPrettyStringTest
2022-03-15T21:05:42.5336570Z [ERROR] /home/runner/work/auto/auto/value/src/test/java/com/google/auto/value/extension/toprettystring/ToPrettyStringTest.java:[199,4] cannot find symbol
2022-03-15T21:05:42.5336981Z   symbol:   class AutoValue
2022-03-15T21:05:42.5337571Z   location: class com.google.auto.value.extension.toprettystring.ToPrettyStringTest
2022-03-15T21:05:42.5338202Z [ERROR] /home/runner/work/auto/auto/value/src/test/java/com/google/auto/value/extension/toprettystring/ToPrettyStringTest.java:[301,4] cannot find symbol
2022-03-15T21:05:42.5338641Z   symbol:   class AutoValue
2022-03-15T21:05:42.5339098Z   location: class com.google.auto.value.extension.toprettystring.ToPrettyStringTest
2022-03-15T21:05:42.5339737Z [ERROR] /home/runner/work/auto/auto/value/src/test/java/com/google/auto/value/extension/toprettystring/ToPrettyStringTest.java:[349,4] cannot find symbol
2022-03-15T21:05:42.5340163Z   symbol:   class AutoValue
2022-03-15T21:05:42.5340613Z   location: class com.google.auto.value.extension.toprettystring.ToPrettyStringTest
2022-03-15T21:05:42.5341248Z [ERROR] /home/runner/work/auto/auto/value/src/test/java/com/google/auto/value/extension/toprettystring/ToPrettyStringTest.java:[414,4] cannot find symbol
2022-03-15T21:05:42.5341684Z   symbol:   class AutoValue
2022-03-15T21:05:42.5342126Z   location: class com.google.auto.value.extension.toprettystring.ToPrettyStringTest
2022-03-15T21:05:42.5342763Z [ERROR] /home/runner/work/auto/auto/value/src/test/java/com/google/auto/value/extension/toprettystring/ToPrettyStringTest.java:[536,4] cannot find symbol
2022-03-15T21:05:42.5343199Z   symbol:   class AutoValue
2022-03-15T21:05:42.5343651Z   location: class com.google.auto.value.extension.toprettystring.ToPrettyStringTest
2022-03-15T21:05:42.5344283Z [ERROR] /home/runner/work/auto/auto/value/src/test/java/com/google/auto/value/extension/toprettystring/ToPrettyStringTest.java:[609,4] cannot find symbol
2022-03-15T21:05:42.5344722Z   symbol:   class AutoValue
2022-03-15T21:05:42.5345175Z   location: class com.google.auto.value.extension.toprettystring.ToPrettyStringTest
2022-03-15T21:05:42.5345817Z [ERROR] /home/runner/work/auto/auto/value/src/test/java/com/google/auto/value/extension/toprettystring/ToPrettyStringTest.java:[669,4] cannot find symbol
2022-03-15T21:05:42.5346894Z   symbol:   class AutoValue
2022-03-15T21:05:42.5347541Z   location: class com.google.auto.value.extension.toprettystring.ToPrettyStringTest
2022-03-15T21:05:42.5348193Z [ERROR] /home/runner/work/auto/auto/value/src/test/java/com/google/auto/value/extension/toprettystring/ToPrettyStringTest.java:[730,4] cannot find symbol
2022-03-15T21:05:42.5348731Z   symbol:   class AutoValue
2022-03-15T21:05:42.5349139Z   location: class com.google.auto.value.extension.toprettystring.ToPrettyStringTest
2022-03-15T21:05:42.5349736Z [ERROR] /home/runner/work/auto/auto/value/src/test/java/com/google/auto/value/extension/toprettystring/ToPrettyStringTest.java:[788,4] cannot find symbol
2022-03-15T21:05:42.5350144Z   symbol:   class AutoValue
2022-03-15T21:05:42.5350550Z   location: class com.google.auto.value.extension.toprettystring.ToPrettyStringTest
2022-03-15T21:05:42.5351142Z [ERROR] /home/runner/work/auto/auto/value/src/test/java/com/google/auto/value/extension/toprettystring/ToPrettyStringTest.java:[807,4] cannot find symbol
2022-03-15T21:05:42.5351735Z   symbol:   class AutoValue
2022-03-15T21:05:42.5352307Z   location: class com.google.auto.value.extension.toprettystring.ToPrettyStringTest
2022-03-15T21:05:42.5353089Z [ERROR] /home/runner/work/auto/auto/value/src/test/java/com/google/auto/value/extension/toprettystring/ToPrettyStringTest.java:[931,4] cannot find symbol
2022-03-15T21:05:42.5353778Z   symbol:   class AutoValue
2022-03-15T21:05:42.5354247Z   location: class com.google.auto.value.extension.toprettystring.ToPrettyStringTest
2022-03-15T21:05:42.5354865Z [ERROR] /home/runner/work/auto/auto/value/src/test/java/com/google/auto/value/extension/memoized/MemoizedTest.java:[199,6] cannot find symbol
2022-03-15T21:05:42.5355264Z   symbol:   class Memoized
2022-03-15T21:05:42.5355800Z   location: class com.google.auto.value.extension.memoized.MemoizedTest.HashCodeEqualsOptimization
2022-03-15T21:05:42.5356501Z [ERROR] /home/runner/work/auto/auto/value/src/test/java/com/google/auto/value/extension/memoized/MemoizedTest.java:[99,6] cannot find symbol
2022-03-15T21:05:42.5356925Z   symbol:   class Memoized
2022-03-15T21:05:42.5357339Z   location: class com.google.auto.value.extension.memoized.MemoizedTest.Value
2022-03-15T21:05:42.5357926Z [ERROR] /home/runner/work/auto/auto/value/src/test/java/com/google/auto/value/extension/memoized/MemoizedTest.java:[104,6] cannot find symbol
2022-03-15T21:05:42.5358337Z   symbol:   class Memoized
2022-03-15T21:05:42.5358761Z   location: class com.google.auto.value.extension.memoized.MemoizedTest.Value
2022-03-15T21:05:42.5359334Z [ERROR] /home/runner/work/auto/auto/value/src/test/java/com/google/auto/value/extension/memoized/MemoizedTest.java:[110,6] cannot find symbol
2022-03-15T21:05:42.5359754Z   symbol:   class Memoized
2022-03-15T21:05:42.5360174Z   location: class com.google.auto.value.extension.memoized.MemoizedTest.Value
2022-03-15T21:05:42.5360753Z [ERROR] /home/runner/work/auto/auto/value/src/test/java/com/google/auto/value/extension/memoized/MemoizedTest.java:[117,6] cannot find symbol
2022-03-15T21:05:42.5361167Z   symbol:   class Memoized
2022-03-15T21:05:42.5361592Z   location: class com.google.auto.value.extension.memoized.MemoizedTest.Value
2022-03-15T21:05:42.5362273Z [ERROR] /home/runner/work/auto/auto/value/src/test/java/com/google/auto/value/extension/memoized/MemoizedTest.java:[124,6] cannot find symbol
2022-03-15T21:05:42.5362642Z   symbol:   class Memoized
2022-03-15T21:05:42.5363035Z   location: class com.google.auto.value.extension.memoized.MemoizedTest.Value
2022-03-15T21:05:42.5363575Z [ERROR] /home/runner/work/auto/auto/value/src/test/java/com/google/auto/value/extension/memoized/MemoizedTest.java:[134,6] cannot find symbol
2022-03-15T21:05:42.5363960Z   symbol:   class Memoized
2022-03-15T21:05:42.5364339Z   location: class com.google.auto.value.extension.memoized.MemoizedTest.Value
2022-03-15T21:05:42.5364879Z [ERROR] /home/runner/work/auto/auto/value/src/test/java/com/google/auto/value/extension/memoized/MemoizedTest.java:[141,6] cannot find symbol
2022-03-15T21:05:42.5365421Z   symbol:   class Memoized
2022-03-15T21:05:42.5365825Z   location: class com.google.auto.value.extension.memoized.MemoizedTest.Value
2022-03-15T21:05:42.5366353Z [ERROR] /home/runner/work/auto/auto/value/src/test/java/com/google/auto/value/extension/memoized/MemoizedTest.java:[147,6] cannot find symbol
2022-03-15T21:05:42.5366741Z   symbol:   class Memoized
2022-03-15T21:05:42.5367135Z   location: class com.google.auto.value.extension.memoized.MemoizedTest.Value
2022-03-15T21:05:42.5367681Z [ERROR] /home/runner/work/auto/auto/value/src/test/java/com/google/auto/value/extension/memoized/MemoizedTest.java:[154,6] cannot find symbol
2022-03-15T21:05:42.5368213Z   symbol:   class Memoized
2022-03-15T21:05:42.5368635Z   location: class com.google.auto.value.extension.memoized.MemoizedTest.Value
2022-03-15T21:05:42.5369217Z [ERROR] /home/runner/work/auto/auto/value/src/test/java/com/google/auto/value/extension/memoized/MemoizedTest.java:[158,6] cannot find symbol
2022-03-15T21:05:42.5369616Z   symbol:   class Memoized
2022-03-15T21:05:42.5370039Z   location: class com.google.auto.value.extension.memoized.MemoizedTest.Value
2022-03-15T21:05:42.5370622Z [ERROR] /home/runner/work/auto/auto/value/src/test/java/com/google/auto/value/extension/memoized/MemoizedTest.java:[171,6] cannot find symbol
2022-03-15T21:05:42.5371036Z   symbol:   class Memoized
2022-03-15T21:05:42.5371486Z   location: class com.google.auto.value.extension.memoized.MemoizedTest.ListValue<T,K>
2022-03-15T21:05:42.5372109Z [ERROR] /home/runner/work/auto/auto/value/src/test/java/com/google/auto/value/extension/memoized/MemoizedTest.java:[47,6] cannot find symbol
2022-03-15T21:05:42.5372525Z   symbol:   class Memoized
2022-03-15T21:05:42.5373071Z   location: class com.google.auto.value.extension.memoized.MemoizedTest.ValueWithKeywordName
2022-03-15T21:05:42.5373717Z [ERROR] /home/runner/work/auto/auto/value/src/test/java/com/google/auto/value/extension/memoized/MemoizedTest.java:[52,6] cannot find symbol
2022-03-15T21:05:42.5374132Z   symbol:   class Memoized
2022-03-15T21:05:42.5374632Z   location: class com.google.auto.value.extension.memoized.MemoizedTest.ValueWithKeywordName
2022-03-15T21:05:42.5375283Z [ERROR] /home/runner/work/auto/auto/value/src/test/java/com/google/auto/value/extension/memoized/MemoizedTest.java:[64,6] cannot find symbol
2022-03-15T21:05:42.5375679Z   symbol:   class Memoized
2022-03-15T21:05:42.5376205Z   location: class com.google.auto.value.extension.memoized.MemoizedTest.ValueWithCopyAnnotations
2022-03-15T21:05:42.5376879Z [ERROR] /home/runner/work/auto/auto/value/src/test/java/com/google/auto/value/extension/memoized/MemoizedTest.java:[75,6] cannot find symbol
2022-03-15T21:05:42.5377288Z   symbol:   class Memoized
2022-03-15T21:05:42.5377809Z   location: class com.google.auto.value.extension.memoized.MemoizedTest.ValueWithoutCopyAnnotations
2022-03-15T21:05:42.5378504Z [ERROR] /home/runner/work/auto/auto/value/src/test/java/com/google/auto/value/extension/memoized/MemoizedTest.java:[227,6] cannot find symbol
2022-03-15T21:05:42.5378924Z   symbol:   class Memoized
2022-03-15T21:05:42.5379562Z   location: class com.google.auto.value.extension.memoized.MemoizedTest.HashCodeEqualsOptimizationOffWhenEqualsIsFinal
2022-03-15T21:05:42.5380368Z [ERROR] /home/runner/work/auto/auto/value/src/test/java/com/google/auto/value/extension/memoized/MemoizedTest.java:[480,6] cannot find symbol
2022-03-15T21:05:42.5380775Z   symbol:   class Memoized
2022-03-15T21:05:42.5381268Z   location: class com.google.auto.value.extension.memoized.MemoizedTest.ResourceUriPath<InputT>
2022-03-15T21:05:42.5381972Z [ERROR] /home/runner/work/auto/auto/value/src/test/java/com/google/auto/value/extension/memoized/MemoizedTest.java:[499,6] cannot find symbol
2022-03-15T21:05:42.5382358Z   symbol:   class Memoized
2022-03-15T21:05:42.5382784Z   location: class com.google.auto.value.extension.memoized.MemoizedTest.Unchanging<T>
2022-03-15T21:05:42.5383501Z [ERROR] /home/runner/work/auto/auto/value/src/test/java/com/google/auto/value/extension/serializable/processor/SerializableAutoValueExtensionTest.java:[464,6] cannot find symbol
2022-03-15T21:05:42.5384012Z   symbol:   class Memoized
2022-03-15T21:05:42.5384658Z   location: class com.google.auto.value.extension.serializable.processor.SerializableAutoValueExtensionTest.SerializeMemoize
2022-03-15T21:05:42.5385478Z [ERROR] /home/runner/work/auto/auto/value/src/test/java/com/google/auto/value/extension/toprettystring/ToPrettyStringTest.java:[902,6] cannot find symbol
2022-03-15T21:05:42.5385900Z   symbol:   class ToPrettyString
2022-03-15T21:05:42.5467154Z   location: class com.google.auto.value.extension.toprettystring.ToPrettyStringTest.CollectionSubtypesWithFixedTypeParameters
2022-03-15T21:05:42.5468110Z [ERROR] /home/runner/work/auto/auto/value/src/test/java/com/google/auto/value/extension/toprettystring/ToPrettyStringTest.java:[860,6] cannot find symbol
2022-03-15T21:05:42.5468586Z   symbol:   class ToPrettyString
2022-03-15T21:05:42.5469223Z   location: class com.google.auto.value.extension.toprettystring.ToPrettyStringTest.PropertyHasToPrettyString
2022-03-15T21:05:42.5470018Z [ERROR] /home/runner/work/auto/auto/value/src/test/java/com/google/auto/value/extension/toprettystring/ToPrettyStringTest.java:[835,8] cannot find symbol
2022-03-15T21:05:42.5470475Z   symbol:   class ToPrettyString
2022-03-15T21:05:42.5471237Z   location: class com.google.auto.value.extension.toprettystring.ToPrettyStringTest.PropertyHasToPrettyString.HasToPrettyString<A>
2022-03-15T21:05:42.5472167Z [ERROR] /home/runner/work/auto/auto/value/src/test/java/com/google/auto/value/extension/toprettystring/ToPrettyStringTest.java:[844,8] cannot find symbol
2022-03-15T21:05:42.5472652Z   symbol:   class ToPrettyString
2022-03-15T21:05:42.5473480Z   location: interface com.google.auto.value.extension.toprettystring.ToPrettyStringTest.PropertyHasToPrettyString.HasToPrettyStringInInterface
2022-03-15T21:05:42.5474476Z [ERROR] /home/runner/work/auto/auto/value/src/test/java/com/google/auto/value/extension/toprettystring/ToPrettyStringTest.java:[62,6] cannot find symbol
2022-03-15T21:05:42.5474940Z   symbol:   class ToPrettyString
2022-03-15T21:05:42.5475459Z   location: class com.google.auto.value.extension.toprettystring.ToPrettyStringTest.Primitives
2022-03-15T21:05:42.5476265Z [ERROR] /home/runner/work/auto/auto/value/src/test/java/com/google/auto/value/extension/toprettystring/ToPrettyStringTest.java:[92,6] cannot find symbol
2022-03-15T21:05:42.5476929Z   symbol:   class ToPrettyString
2022-03-15T21:05:42.5477558Z   location: class com.google.auto.value.extension.toprettystring.ToPrettyStringTest.PrimitiveArray
2022-03-15T21:05:42.5478275Z [ERROR] /home/runner/work/auto/auto/value/src/test/java/com/google/auto/value/extension/toprettystring/ToPrettyStringTest.java:[140,6] cannot find symbol
2022-03-15T21:05:42.5478730Z   symbol:   class ToPrettyString
2022-03-15T21:05:42.5479288Z   location: class com.google.auto.value.extension.toprettystring.ToPrettyStringTest.PrettyCollection
2022-03-15T21:05:42.5480028Z [ERROR] /home/runner/work/auto/auto/value/src/test/java/com/google/auto/value/extension/toprettystring/ToPrettyStringTest.java:[204,6] cannot find symbol
2022-03-15T21:05:42.5480483Z   symbol:   class ToPrettyString
2022-03-15T21:05:42.5481042Z   location: class com.google.auto.value.extension.toprettystring.ToPrettyStringTest.NestedCollection
2022-03-15T21:05:42.5481769Z [ERROR] /home/runner/work/auto/auto/value/src/test/java/com/google/auto/value/extension/toprettystring/ToPrettyStringTest.java:[306,6] cannot find symbol
2022-03-15T21:05:42.5482221Z   symbol:   class ToPrettyString
2022-03-15T21:05:42.5482808Z   location: class com.google.auto.value.extension.toprettystring.ToPrettyStringTest.ImmutablePrimitiveArray
2022-03-15T21:05:42.5483586Z [ERROR] /home/runner/work/auto/auto/value/src/test/java/com/google/auto/value/extension/toprettystring/ToPrettyStringTest.java:[354,6] cannot find symbol
2022-03-15T21:05:42.5484044Z   symbol:   class ToPrettyString
2022-03-15T21:05:42.5484770Z   location: class com.google.auto.value.extension.toprettystring.ToPrettyStringTest.PrettyMap
2022-03-15T21:05:42.5485531Z [ERROR] /home/runner/work/auto/auto/value/src/test/java/com/google/auto/value/extension/toprettystring/ToPrettyStringTest.java:[419,6] cannot find symbol
2022-03-15T21:05:42.5485989Z   symbol:   class ToPrettyString
2022-03-15T21:05:42.5486507Z   location: class com.google.auto.value.extension.toprettystring.ToPrettyStringTest.MapOfMaps
2022-03-15T21:05:42.5487208Z [ERROR] /home/runner/work/auto/auto/value/src/test/java/com/google/auto/value/extension/toprettystring/ToPrettyStringTest.java:[541,6] cannot find symbol
2022-03-15T21:05:42.5487647Z   symbol:   class ToPrettyString
2022-03-15T21:05:42.5488198Z   location: class com.google.auto.value.extension.toprettystring.ToPrettyStringTest.PrettyMultimap
2022-03-15T21:05:42.5488919Z [ERROR] /home/runner/work/auto/auto/value/src/test/java/com/google/auto/value/extension/toprettystring/ToPrettyStringTest.java:[614,6] cannot find symbol
2022-03-15T21:05:42.5489381Z   symbol:   class ToPrettyString
2022-03-15T21:05:42.5489913Z   location: class com.google.auto.value.extension.toprettystring.ToPrettyStringTest.JavaOptional
2022-03-15T21:05:42.5490629Z [ERROR] /home/runner/work/auto/auto/value/src/test/java/com/google/auto/value/extension/toprettystring/ToPrettyStringTest.java:[674,6] cannot find symbol
2022-03-15T21:05:42.5491128Z   symbol:   class ToPrettyString
2022-03-15T21:05:42.5491665Z   location: class com.google.auto.value.extension.toprettystring.ToPrettyStringTest.GuavaOptional
2022-03-15T21:05:42.5492366Z [ERROR] /home/runner/work/auto/auto/value/src/test/java/com/google/auto/value/extension/toprettystring/ToPrettyStringTest.java:[741,6] cannot find symbol
2022-03-15T21:05:42.5492819Z   symbol:   class ToPrettyString
2022-03-15T21:05:42.5493379Z   location: class com.google.auto.value.extension.toprettystring.ToPrettyStringTest.NestAllTheThings
2022-03-15T21:05:42.5494112Z [ERROR] /home/runner/work/auto/auto/value/src/test/java/com/google/auto/value/extension/toprettystring/ToPrettyStringTest.java:[792,6] cannot find symbol
2022-03-15T21:05:42.5494551Z   symbol:   class ToPrettyString
2022-03-15T21:05:42.5495098Z   location: class com.google.auto.value.extension.toprettystring.ToPrettyStringTest.WithCustomName
2022-03-15T21:05:42.5495823Z [ERROR] /home/runner/work/auto/auto/value/src/test/java/com/google/auto/value/extension/toprettystring/ToPrettyStringTest.java:[811,6] cannot find symbol
2022-03-15T21:05:42.5496279Z   symbol:   class ToPrettyString
2022-03-15T21:05:42.5496825Z   location: class com.google.auto.value.extension.toprettystring.ToPrettyStringTest.OverridesToString
2022-03-15T21:05:42.5497662Z [ERROR] /home/runner/work/auto/auto/value/src/test/java/com/google/auto/value/extension/toprettystring/ToPrettyStringTest.java:[939,6] cannot find symbol
2022-03-15T21:05:42.5498080Z   symbol:   class ToPrettyString
2022-03-15T21:05:42.5498545Z   location: class com.google.auto.value.extension.toprettystring.ToPrettyStringTest.JavaBeans
2022-03-15T21:05:43.6229010Z [ERROR] COMPILATION ERROR : 
2022-03-15T21:05:43.6235640Z [ERROR] /home/runner/work/auto/auto/value/src/it/functional/src/main/java/com/google/auto/value/NestedValueType.java:[22,4] cannot find symbol
2022-03-15T21:05:43.6236627Z   symbol:   class AutoValue
2022-03-15T21:05:43.6239859Z   location: class com.google.auto.value.NestedValueType
2022-03-15T21:05:43.6242867Z [ERROR] /home/runner/work/auto/auto/value/src/it/functional/src/main/java/com/google/auto/value/SimpleValueType.java:[26,2] cannot find symbol
2022-03-15T21:05:43.6246154Z   symbol: class AutoValue
2022-03-15T21:05:43.6249109Z [ERROR] /home/runner/work/auto/auto/value/src/it/functional/src/main/java/PackagelessNestedValueType.java:[17,29] cannot find symbol
2022-03-15T21:05:43.6249882Z   symbol:   class AutoValue
2022-03-15T21:05:43.6252693Z   location: package com.google.auto.value
2022-03-15T21:05:43.6255711Z [ERROR] /home/runner/work/auto/auto/value/src/it/functional/src/main/java/PackagelessNestedValueType.java:[22,4] cannot find symbol
2022-03-15T21:05:43.6256488Z   symbol:   class AutoValue
2022-03-15T21:05:43.6259458Z   location: class PackagelessNestedValueType
2022-03-15T21:05:43.6262281Z [ERROR] /home/runner/work/auto/auto/value/src/it/functional/src/main/java/PackagelessValueType.java:[17,29] cannot find symbol
2022-03-15T21:05:43.6262944Z   symbol:   class AutoValue
2022-03-15T21:05:43.6265418Z   location: package com.google.auto.value
2022-03-15T21:05:43.6268230Z [ERROR] /home/runner/work/auto/auto/value/src/it/functional/src/main/java/PackagelessValueType.java:[26,2] cannot find symbol
2022-03-15T21:05:43.6271122Z   symbol: class AutoValue
2022-03-15T21:05:43.9611316Z [ERROR] COMPILATION ERROR : 
2022-03-15T21:05:43.9612280Z [ERROR] /home/runner/work/auto/auto/value/src/it/gwtserializer/src/test/java/com/google/auto/value/client/GwtSerializerTest.java:[18,29] cannot find symbol
2022-03-15T21:05:43.9613386Z   symbol:   class AutoValue
2022-03-15T21:05:43.9750065Z   location: package com.google.auto.value
2022-03-15T21:05:43.9750721Z [ERROR] /home/runner/work/auto/auto/value/src/it/gwtserializer/src/test/java/com/google/auto/value/client/GwtSerializerTest.java:[120,4] cannot find symbol
2022-03-15T21:05:43.9751363Z   symbol:   class AutoValue
2022-03-15T21:05:43.9751745Z   location: class com.google.auto.value.client.GwtSerializerTest
2022-03-15T21:05:43.9753114Z [ERROR] /home/runner/work/auto/auto/value/src/it/gwtserializer/src/test/java/com/google/auto/value/client/GwtSerializerTest.java:[130,4] cannot find symbol
2022-03-15T21:05:43.9753615Z   symbol:   class AutoValue
2022-03-15T21:05:43.9754107Z   location: class com.google.auto.value.client.GwtSerializerTest
2022-03-15T21:05:43.9754665Z [ERROR] /home/runner/work/auto/auto/value/src/it/gwtserializer/src/test/java/com/google/auto/value/client/GwtSerializerTest.java:[147,4] cannot find symbol
2022-03-15T21:05:43.9755151Z   symbol:   class AutoValue
2022-03-15T21:05:43.9755577Z   location: class com.google.auto.value.client.GwtSerializerTest
2022-03-15T21:05:43.9756201Z [ERROR] /home/runner/work/auto/auto/value/src/it/gwtserializer/src/test/java/com/google/auto/value/client/GwtSerializerTest.java:[159,4] cannot find symbol
2022-03-15T21:05:43.9756681Z   symbol:   class AutoValue
2022-03-15T21:05:43.9757104Z   location: class com.google.auto.value.client.GwtSerializerTest
2022-03-15T21:05:43.9757699Z [ERROR] /home/runner/work/auto/auto/value/src/it/gwtserializer/src/test/java/com/google/auto/value/client/GwtSerializerTest.java:[180,4] cannot find symbol
2022-03-15T21:05:43.9758133Z   symbol:   class AutoValue
2022-03-15T21:05:43.9758565Z   location: class com.google.auto.value.client.GwtSerializerTest
2022-03-15T21:05:43.9759186Z [ERROR] /home/runner/work/auto/auto/value/src/it/gwtserializer/src/test/java/com/google/auto/value/client/GwtSerializerTest.java:[190,4] cannot find symbol
2022-03-15T21:05:43.9759664Z   symbol:   class AutoValue
2022-03-15T21:05:43.9760040Z   location: class com.google.auto.value.client.GwtSerializerTest
2022-03-15T21:05:43.9760678Z [ERROR] /home/runner/work/auto/auto/value/src/it/gwtserializer/src/test/java/com/google/auto/value/client/GwtSerializerTest.java:[139,15] package AutoValue does not exist
2022-03-15T21:05:43.9761420Z [ERROR] /home/runner/work/auto/auto/value/src/it/gwtserializer/src/test/java/com/google/auto/value/client/GwtSerializerTest.java:[170,15] package AutoValue does not exist
2022-03-15T21:05:43.9762142Z [ERROR] /home/runner/work/auto/auto/value/src/it/gwtserializer/src/test/java/com/google/auto/value/client/GwtSerializerTest.java:[199,15] package AutoValue does not exist
2022-03-15T21:05:43.9904531Z [ERROR] Failed to execute goal org.apache.maven.plugins:maven-compiler-plugin:3.10.1:compile (default-compile) on project auto-service: Compilation failure: Compilation failure: 
2022-03-15T21:05:43.9905636Z [ERROR] /home/runner/work/auto/auto/service/processor/src/main/java/com/google/auto/service/processor/AutoServiceProcessor.java:[25,31] cannot find symbol
2022-03-15T21:05:43.9906628Z [ERROR]   symbol:   class AutoService
2022-03-15T21:05:43.9907747Z [ERROR]   location: package com.google.auto.service
2022-03-15T21:05:43.9908820Z [ERROR] /home/runner/work/auto/auto/service/processor/src/main/java/com/google/auto/service/processor/AutoServiceProcessor.java:[88,28] cannot find symbol
2022-03-15T21:05:43.9909360Z [ERROR]   symbol:   class AutoService
2022-03-15T21:05:43.9909866Z [ERROR]   location: class com.google.auto.service.processor.AutoServiceProcessor
2022-03-15T21:05:43.9915977Z [ERROR] /home/runner/work/auto/auto/service/processor/src/main/java/com/google/auto/service/processor/AutoServiceProcessor.java:[139,73] cannot find symbol
2022-03-15T21:05:43.9919407Z [ERROR]   symbol:   class AutoService
2022-03-15T21:05:43.9931352Z [ERROR]   location: class com.google.auto.service.processor.AutoServiceProcessor
2022-03-15T21:05:43.9936822Z [ERROR] /home/runner/work/auto/auto/service/processor/src/main/java/com/google/auto/service/processor/AutoServiceProcessor.java:[147,66] cannot find symbol
2022-03-15T21:05:43.9940462Z [ERROR]   symbol:   class AutoService
2022-03-15T21:05:43.9941064Z [ERROR]   location: class com.google.auto.service.processor.AutoServiceProcessor
2022-03-15T21:05:43.9945132Z [ERROR] -> [Help 1]
2022-03-15T21:05:43.9965725Z [ERROR] Failed to execute goal org.apache.maven.plugins:maven-compiler-plugin:3.10.1:testCompile (default-testCompile) on project auto-value: Compilation failure: Compilation failure: 
2022-03-15T21:05:43.9966951Z [ERROR] /home/runner/work/auto/auto/value/src/test/java/com/google/auto/value/extension/memoized/MemoizedTest.java:[21,29] cannot find symbol
2022-03-15T21:05:43.9970493Z [ERROR]   symbol:   class AutoValue
2022-03-15T21:05:43.9973134Z [ERROR]   location: package com.google.auto.value
2022-03-15T21:05:43.9976104Z [ERROR] /home/runner/work/auto/auto/value/src/test/java/com/google/auto/value/extension/memoized/MemoizedTest.java:[22,39] package com.google.auto.value.AutoValue does not exist
2022-03-15T21:05:43.9979106Z [ERROR] /home/runner/work/auto/auto/value/src/test/java/com/google/auto/value/extension/memoized/MemoizedTest.java:[192,4] cannot find symbol
2022-03-15T21:05:43.9981970Z [ERROR]   symbol:   class AutoValue
2022-03-15T21:05:43.9984959Z [ERROR]   location: class com.google.auto.value.extension.memoized.MemoizedTest
2022-03-15T21:05:43.9988490Z [ERROR] /home/runner/work/auto/auto/value/src/test/java/com/google/auto/value/extension/memoized/MemoizedTest.java:[81,4] cannot find symbol
2022-03-15T21:05:43.9991545Z [ERROR]   symbol:   class AutoValue
2022-03-15T21:05:43.9994598Z [ERROR]   location: class com.google.auto.value.extension.memoized.MemoizedTest
2022-03-15T21:05:44.0001457Z [ERROR] /home/runner/work/auto/auto/value/src/test/java/com/google/auto/value/extension/memoized/MemoizedTest.java:[164,4] cannot find symbol
2022-03-15T21:05:44.0004730Z [ERROR]   symbol:   class AutoValue
2022-03-15T21:05:44.0007522Z [ERROR]   location: class com.google.auto.value.extension.memoized.MemoizedTest
2022-03-15T21:05:44.0010538Z [ERROR] /home/runner/work/auto/auto/value/src/test/java/com/google/auto/value/extension/memoized/MemoizedTest.java:[41,4] cannot find symbol
2022-03-15T21:05:44.0013859Z [ERROR]   symbol:   class AutoValue
2022-03-15T21:05:44.0016943Z [ERROR]   location: class com.google.auto.value.extension.memoized.MemoizedTest
2022-03-15T21:05:44.0020209Z [ERROR] /home/runner/work/auto/auto/value/src/test/java/com/google/auto/value/extension/memoized/MemoizedTest.java:[58,4] cannot find symbol
2022-03-15T21:05:44.0023286Z [ERROR]   symbol:   class AutoValue
2022-03-15T21:05:44.0026679Z [ERROR]   location: class com.google.auto.value.extension.memoized.MemoizedTest
2022-03-15T21:05:44.0030093Z [ERROR] /home/runner/work/auto/auto/value/src/test/java/com/google/auto/value/extension/memoized/MemoizedTest.java:[59,4] cannot find symbol
2022-03-15T21:05:44.0033201Z [ERROR]   symbol:   class CopyAnnotations
2022-03-15T21:05:44.0036405Z [ERROR]   location: class com.google.auto.value.extension.memoized.MemoizedTest
2022-03-15T21:05:44.0040212Z [ERROR] /home/runner/work/auto/auto/value/src/test/java/com/google/auto/value/extension/memoized/MemoizedTest.java:[70,4] cannot find symbol
2022-03-15T21:05:44.0043687Z [ERROR]   symbol:   class AutoValue
2022-03-15T21:05:44.0046874Z [ERROR]   location: class com.google.auto.value.extension.memoized.MemoizedTest
2022-03-15T21:05:44.0050150Z [ERROR] /home/runner/work/auto/auto/value/src/test/java/com/google/auto/value/extension/memoized/MemoizedTest.java:[222,4] cannot find symbol
2022-03-15T21:05:44.0053306Z [ERROR]   symbol:   class AutoValue
2022-03-15T21:05:44.0056374Z [ERROR]   location: class com.google.auto.value.extension.memoized.MemoizedTest
2022-03-15T21:05:44.0059518Z [ERROR] /home/runner/work/auto/auto/value/src/test/java/com/google/auto/value/extension/memoized/MemoizedTest.java:[474,4] cannot find symbol
2022-03-15T21:05:44.0068144Z [ERROR]   symbol:   class AutoValue
2022-03-15T21:05:44.0070556Z [ERROR]   location: class com.google.auto.value.extension.memoized.MemoizedTest
2022-03-15T21:05:44.0073200Z [ERROR] /home/runner/work/auto/auto/value/src/test/java/com/google/auto/value/extension/memoized/MemoizedTest.java:[494,4] cannot find symbol
2022-03-15T21:05:44.0075395Z [ERROR]   symbol:   class AutoValue
2022-03-15T21:05:44.0077149Z [ERROR]   location: class com.google.auto.value.extension.memoized.MemoizedTest
2022-03-15T21:05:44.0079557Z [ERROR] /home/runner/work/auto/auto/value/src/test/java/com/google/auto/value/extension/serializable/processor/SerializableAutoValueExtensionTest.java:[22,29] cannot find symbol
2022-03-15T21:05:44.0082085Z [ERROR]   symbol:   class AutoValue
2022-03-15T21:05:44.0083814Z [ERROR]   location: package com.google.auto.value
2022-03-15T21:05:44.0085922Z [ERROR] /home/runner/work/auto/auto/value/src/test/java/com/google/auto/value/extension/serializable/processor/SerializableAutoValueExtensionTest.java:[23,48] cannot find symbol
2022-03-15T21:05:44.0088471Z [ERROR]   symbol:   class Memoized
2022-03-15T21:05:44.0090450Z [ERROR]   location: package com.google.auto.value.extension.memoized
2022-03-15T21:05:44.0092978Z [ERROR] /home/runner/work/auto/auto/value/src/test/java/com/google/auto/value/extension/serializable/processor/SerializableAutoValueExtensionTest.java:[24,52] cannot find symbol
2022-03-15T21:05:44.0095600Z [ERROR]   symbol:   class SerializableAutoValue
2022-03-15T21:05:44.0097563Z [ERROR]   location: package com.google.auto.value.extension.serializable
2022-03-15T21:05:44.0099988Z [ERROR] /home/runner/work/auto/auto/value/src/test/java/com/google/auto/value/extension/serializable/processor/SerializableAutoValueExtensionTest.java:[44,4] cannot find symbol
2022-03-15T21:05:44.0102466Z [ERROR]   symbol:   class SerializableAutoValue
2022-03-15T21:05:44.0104637Z [ERROR]   location: class com.google.auto.value.extension.serializable.processor.SerializableAutoValueExtensionTest
2022-03-15T21:05:44.0107210Z [ERROR] /home/runner/work/auto/auto/value/src/test/java/com/google/auto/value/extension/serializable/processor/SerializableAutoValueExtensionTest.java:[45,4] cannot find symbol
2022-03-15T21:05:44.0109259Z [ERROR]   symbol:   class AutoValue
2022-03-15T21:05:44.0111486Z [ERROR]   location: class com.google.auto.value.extension.serializable.processor.SerializableAutoValueExtensionTest
2022-03-15T21:05:44.0113996Z [ERROR] /home/runner/work/auto/auto/value/src/test/java/com/google/auto/value/extension/serializable/processor/SerializableAutoValueExtensionTest.java:[61,15] package AutoValue does not exist
2022-03-15T21:05:44.0116342Z [ERROR] /home/runner/work/auto/auto/value/src/test/java/com/google/auto/value/extension/serializable/processor/SerializableAutoValueExtensionTest.java:[148,4] cannot find symbol
2022-03-15T21:05:44.0118465Z [ERROR]   symbol:   class SerializableAutoValue
2022-03-15T21:05:44.0120618Z [ERROR]   location: class com.google.auto.value.extension.serializable.processor.SerializableAutoValueExtensionTest
2022-03-15T21:05:44.0123022Z [ERROR] /home/runner/work/auto/auto/value/src/test/java/com/google/auto/value/extension/serializable/processor/SerializableAutoValueExtensionTest.java:[149,4] cannot find symbol
2022-03-15T21:05:44.0134099Z [ERROR]   symbol:   class AutoValue
2022-03-15T21:05:44.0135122Z [ERROR]   location: class com.google.auto.value.extension.serializable.processor.SerializableAutoValueExtensionTest
2022-03-15T21:05:44.0136055Z [ERROR] /home/runner/work/auto/auto/value/src/test/java/com/google/auto/value/extension/serializable/processor/SerializableAutoValueExtensionTest.java:[165,15] package AutoValue does not exist
2022-03-15T21:05:44.0136830Z [ERROR] /home/runner/work/auto/auto/value/src/test/java/com/google/auto/value/extension/serializable/processor/SerializableAutoValueExtensionTest.java:[199,4] cannot find symbol
2022-03-15T21:05:44.0137421Z [ERROR]   symbol:   class SerializableAutoValue
2022-03-15T21:05:44.0138122Z [ERROR]   location: class com.google.auto.value.extension.serializable.processor.SerializableAutoValueExtensionTest
2022-03-15T21:05:44.0138995Z [ERROR] /home/runner/work/auto/auto/value/src/test/java/com/google/auto/value/extension/serializable/processor/SerializableAutoValueExtensionTest.java:[200,4] cannot find symbol
2022-03-15T21:05:44.0139509Z [ERROR]   symbol:   class AutoValue
2022-03-15T21:05:44.0140141Z [ERROR]   location: class com.google.auto.value.extension.serializable.processor.SerializableAutoValueExtensionTest
2022-03-15T21:05:44.0140994Z [ERROR] /home/runner/work/auto/auto/value/src/test/java/com/google/auto/value/extension/serializable/processor/SerializableAutoValueExtensionTest.java:[218,4] cannot find symbol
2022-03-15T21:05:44.0141590Z [ERROR]   symbol:   class AutoValue
2022-03-15T21:05:44.0142177Z [ERROR]   location: class com.google.auto.value.extension.serializable.processor.SerializableAutoValueExtensionTest
2022-03-15T21:05:44.0143037Z [ERROR] /home/runner/work/auto/auto/value/src/test/java/com/google/auto/value/extension/serializable/processor/SerializableAutoValueExtensionTest.java:[237,4] cannot find symbol
2022-03-15T21:05:44.0143620Z [ERROR]   symbol:   class SerializableAutoValue
2022-03-15T21:05:44.0144316Z [ERROR]   location: class com.google.auto.value.extension.serializable.processor.SerializableAutoValueExtensionTest
2022-03-15T21:05:44.0145135Z [ERROR] /home/runner/work/auto/auto/value/src/test/java/com/google/auto/value/extension/serializable/processor/SerializableAutoValueExtensionTest.java:[238,4] cannot find symbol
2022-03-15T21:05:44.0145709Z [ERROR]   symbol:   class AutoValue
2022-03-15T21:05:44.0146481Z [ERROR]   location: class com.google.auto.value.extension.serializable.processor.SerializableAutoValueExtensionTest
2022-03-15T21:05:44.0147366Z [ERROR] /home/runner/work/auto/auto/value/src/test/java/com/google/auto/value/extension/serializable/processor/SerializableAutoValueExtensionTest.java:[250,15] package AutoValue does not exist
2022-03-15T21:05:44.0148230Z [ERROR] /home/runner/work/auto/auto/value/src/test/java/com/google/auto/value/extension/serializable/processor/SerializableAutoValueExtensionTest.java:[298,4] cannot find symbol
2022-03-15T21:05:44.0148767Z [ERROR]   symbol:   class SerializableAutoValue
2022-03-15T21:05:44.0149431Z [ERROR]   location: class com.google.auto.value.extension.serializable.processor.SerializableAutoValueExtensionTest
2022-03-15T21:05:44.0150306Z [ERROR] /home/runner/work/auto/auto/value/src/test/java/com/google/auto/value/extension/serializable/processor/SerializableAutoValueExtensionTest.java:[299,4] cannot find symbol
2022-03-15T21:05:44.0151112Z [ERROR]   symbol:   class AutoValue
2022-03-15T21:05:44.0151745Z [ERROR]   location: class com.google.auto.value.extension.serializable.processor.SerializableAutoValueExtensionTest
2022-03-15T21:05:44.0152688Z [ERROR] /home/runner/work/auto/auto/value/src/test/java/com/google/auto/value/extension/serializable/processor/SerializableAutoValueExtensionTest.java:[308,15] package AutoValue does not exist
2022-03-15T21:05:44.0153557Z [ERROR] /home/runner/work/auto/auto/value/src/test/java/com/google/auto/value/extension/serializable/processor/SerializableAutoValueExtensionTest.java:[339,4] cannot find symbol
2022-03-15T21:05:44.0154200Z [ERROR]   symbol:   class SerializableAutoValue
2022-03-15T21:05:44.0154979Z [ERROR]   location: class com.google.auto.value.extension.serializable.processor.SerializableAutoValueExtensionTest
2022-03-15T21:05:44.0155959Z [ERROR] /home/runner/work/auto/auto/value/src/test/java/com/google/auto/value/extension/serializable/processor/SerializableAutoValueExtensionTest.java:[340,4] cannot find symbol
2022-03-15T21:05:44.0156555Z [ERROR]   symbol:   class AutoValue
2022-03-15T21:05:44.0157256Z [ERROR]   location: class com.google.auto.value.extension.serializable.processor.SerializableAutoValueExtensionTest
2022-03-15T21:05:44.0158150Z [ERROR] /home/runner/work/auto/auto/value/src/test/java/com/google/auto/value/extension/serializable/processor/SerializableAutoValueExtensionTest.java:[351,15] package AutoValue does not exist
2022-03-15T21:05:44.0159087Z [ERROR] /home/runner/work/auto/auto/value/src/test/java/com/google/auto/value/extension/serializable/processor/SerializableAutoValueExtensionTest.java:[389,4] cannot find symbol
2022-03-15T21:05:44.0159720Z [ERROR]   symbol:   class SerializableAutoValue
2022-03-15T21:05:44.0160448Z [ERROR]   location: class com.google.auto.value.extension.serializable.processor.SerializableAutoValueExtensionTest
2022-03-15T21:05:44.0161436Z [ERROR] /home/runner/work/auto/auto/value/src/test/java/com/google/auto/value/extension/serializable/processor/SerializableAutoValueExtensionTest.java:[390,4] cannot find symbol
2022-03-15T21:05:44.0161968Z [ERROR]   symbol:   class AutoValue
2022-03-15T21:05:44.0323069Z [ERROR]   location: class com.google.auto.value.extension.serializable.processor.SerializableAutoValueExtensionTest
2022-03-15T21:05:44.0324132Z [ERROR] /home/runner/work/auto/auto/value/src/test/java/com/google/auto/value/extension/serializable/processor/SerializableAutoValueExtensionTest.java:[400,15] package AutoValue does not exist
2022-03-15T21:05:44.0324972Z [ERROR] /home/runner/work/auto/auto/value/src/test/java/com/google/auto/value/extension/serializable/processor/SerializableAutoValueExtensionTest.java:[425,4] cannot find symbol
2022-03-15T21:05:44.0325709Z [ERROR]   symbol:   class SerializableAutoValue
2022-03-15T21:05:44.0326381Z [ERROR]   location: class com.google.auto.value.extension.serializable.processor.SerializableAutoValueExtensionTest
2022-03-15T21:05:44.0327214Z [ERROR] /home/runner/work/auto/auto/value/src/test/java/com/google/auto/value/extension/serializable/processor/SerializableAutoValueExtensionTest.java:[426,4] cannot find symbol
2022-03-15T21:05:44.0329246Z [ERROR]   symbol:   class AutoValue
2022-03-15T21:05:44.0427174Z [ERROR]   location: class com.google.auto.value.extension.serializable.processor.SerializableAutoValueExtensionTest
2022-03-15T21:05:44.0428089Z [ERROR] /home/runner/work/auto/auto/value/src/test/java/com/google/auto/value/extension/serializable/processor/SerializableAutoValueExtensionTest.java:[434,15] package AutoValue does not exist
2022-03-15T21:05:44.0428928Z [ERROR] /home/runner/work/auto/auto/value/src/test/java/com/google/auto/value/extension/serializable/processor/SerializableAutoValueExtensionTest.java:[458,4] cannot find symbol
2022-03-15T21:05:44.0429476Z [ERROR]   symbol:   class SerializableAutoValue
2022-03-15T21:05:44.0430149Z [ERROR]   location: class com.google.auto.value.extension.serializable.processor.SerializableAutoValueExtensionTest
2022-03-15T21:05:44.0431055Z [ERROR] /home/runner/work/auto/auto/value/src/test/java/com/google/auto/value/extension/serializable/processor/SerializableAutoValueExtensionTest.java:[459,4] cannot find symbol
2022-03-15T21:05:44.0431616Z [ERROR]   symbol:   class AutoValue
2022-03-15T21:05:44.0432200Z [ERROR]   location: class com.google.auto.value.extension.serializable.processor.SerializableAutoValueExtensionTest
2022-03-15T21:05:44.0433093Z [ERROR] /home/runner/work/auto/auto/value/src/test/java/com/google/auto/value/extension/serializable/processor/SerializableAutoValueExtensionTest.java:[474,15] package AutoValue does not exist
2022-03-15T21:05:44.0434143Z [ERROR] /home/runner/work/auto/auto/value/src/test/java/com/google/auto/value/extension/toprettystring/ToPrettyStringTest.java:[892,4] cannot find symbol
2022-03-15T21:05:44.0434739Z [ERROR]   symbol:   class AutoValue
2022-03-15T21:05:44.0435215Z [ERROR]   location: class com.google.auto.value.extension.toprettystring.ToPrettyStringTest
2022-03-15T21:05:44.0435921Z [ERROR] /home/runner/work/auto/auto/value/src/test/java/com/google/auto/value/extension/toprettystring/ToPrettyStringTest.java:[827,4] cannot find symbol
2022-03-15T21:05:44.0436420Z [ERROR]   symbol:   class AutoValue
2022-03-15T21:05:44.0436981Z [ERROR]   location: class com.google.auto.value.extension.toprettystring.ToPrettyStringTest
2022-03-15T21:05:44.0437620Z [ERROR] /home/runner/work/auto/auto/value/src/test/java/com/google/auto/value/extension/toprettystring/ToPrettyStringTest.java:[44,4] cannot find symbol
2022-03-15T21:05:44.0438155Z [ERROR]   symbol:   class AutoValue
2022-03-15T21:05:44.0438674Z [ERROR]   location: class com.google.auto.value.extension.toprettystring.ToPrettyStringTest
2022-03-15T21:05:44.0439393Z [ERROR] /home/runner/work/auto/auto/value/src/test/java/com/google/auto/value/extension/toprettystring/ToPrettyStringTest.java:[86,4] cannot find symbol
2022-03-15T21:05:44.0439848Z [ERROR]   symbol:   class AutoValue
2022-03-15T21:05:44.0440373Z [ERROR]   location: class com.google.auto.value.extension.toprettystring.ToPrettyStringTest
2022-03-15T21:05:44.0441052Z [ERROR] /home/runner/work/auto/auto/value/src/test/java/com/google/auto/value/extension/toprettystring/ToPrettyStringTest.java:[135,4] cannot find symbol
2022-03-15T21:05:44.0441546Z [ERROR]   symbol:   class AutoValue
2022-03-15T21:05:44.0442041Z [ERROR]   location: class com.google.auto.value.extension.toprettystring.ToPrettyStringTest
2022-03-15T21:05:44.0442733Z [ERROR] /home/runner/work/auto/auto/value/src/test/java/com/google/auto/value/extension/toprettystring/ToPrettyStringTest.java:[199,4] cannot find symbol
2022-03-15T21:05:44.0443229Z [ERROR]   symbol:   class AutoValue
2022-03-15T21:05:44.0443755Z [ERROR]   location: class com.google.auto.value.extension.toprettystring.ToPrettyStringTest
2022-03-15T21:05:44.0444387Z [ERROR] /home/runner/work/auto/auto/value/src/test/java/com/google/auto/value/extension/toprettystring/ToPrettyStringTest.java:[301,4] cannot find symbol
2022-03-15T21:05:44.0444914Z [ERROR]   symbol:   class AutoValue
2022-03-15T21:05:44.0445438Z [ERROR]   location: class com.google.auto.value.extension.toprettystring.ToPrettyStringTest
2022-03-15T21:05:44.0446115Z [ERROR] /home/runner/work/auto/auto/value/src/test/java/com/google/auto/value/extension/toprettystring/ToPrettyStringTest.java:[349,4] cannot find symbol
2022-03-15T21:05:44.0446562Z [ERROR]   symbol:   class AutoValue
2022-03-15T21:05:44.0447105Z [ERROR]   location: class com.google.auto.value.extension.toprettystring.ToPrettyStringTest
2022-03-15T21:05:44.0447818Z [ERROR] /home/runner/work/auto/auto/value/src/test/java/com/google/auto/value/extension/toprettystring/ToPrettyStringTest.java:[414,4] cannot find symbol
2022-03-15T21:05:44.0448265Z [ERROR]   symbol:   class AutoValue
2022-03-15T21:05:44.0448787Z [ERROR]   location: class com.google.auto.value.extension.toprettystring.ToPrettyStringTest
2022-03-15T21:05:44.0449467Z [ERROR] /home/runner/work/auto/auto/value/src/test/java/com/google/auto/value/extension/toprettystring/ToPrettyStringTest.java:[536,4] cannot find symbol
2022-03-15T21:05:44.0450002Z [ERROR]   symbol:   class AutoValue
2022-03-15T21:05:44.0450469Z [ERROR]   location: class com.google.auto.value.extension.toprettystring.ToPrettyStringTest
2022-03-15T21:05:44.0451142Z [ERROR] /home/runner/work/auto/auto/value/src/test/java/com/google/auto/value/extension/toprettystring/ToPrettyStringTest.java:[609,4] cannot find symbol
2022-03-15T21:05:44.0451632Z [ERROR]   symbol:   class AutoValue
2022-03-15T21:05:44.0452187Z [ERROR]   location: class com.google.auto.value.extension.toprettystring.ToPrettyStringTest
2022-03-15T21:05:44.0452813Z [ERROR] /home/runner/work/auto/auto/value/src/test/java/com/google/auto/value/extension/toprettystring/ToPrettyStringTest.java:[669,4] cannot find symbol
2022-03-15T21:05:44.0453444Z [ERROR]   symbol:   class AutoValue
2022-03-15T21:05:44.0453966Z [ERROR]   location: class com.google.auto.value.extension.toprettystring.ToPrettyStringTest
2022-03-15T21:05:44.0454656Z [ERROR] /home/runner/work/auto/auto/value/src/test/java/com/google/auto/value/extension/toprettystring/ToPrettyStringTest.java:[730,4] cannot find symbol
2022-03-15T21:05:44.0455140Z [ERROR]   symbol:   class AutoValue
2022-03-15T21:05:44.0455653Z [ERROR]   location: class com.google.auto.value.extension.toprettystring.ToPrettyStringTest
2022-03-15T21:05:44.0456327Z [ERROR] /home/runner/work/auto/auto/value/src/test/java/com/google/auto/value/extension/toprettystring/ToPrettyStringTest.java:[788,4] cannot find symbol
2022-03-15T21:05:44.0456833Z [ERROR]   symbol:   class AutoValue
2022-03-15T21:05:44.0457299Z [ERROR]   location: class com.google.auto.value.extension.toprettystring.ToPrettyStringTest
2022-03-15T21:05:44.0458023Z [ERROR] /home/runner/work/auto/auto/value/src/test/java/com/google/auto/value/extension/toprettystring/ToPrettyStringTest.java:[807,4] cannot find symbol
2022-03-15T21:05:44.0458526Z [ERROR]   symbol:   class AutoValue
2022-03-15T21:05:44.0459039Z [ERROR]   location: class com.google.auto.value.extension.toprettystring.ToPrettyStringTest
2022-03-15T21:05:44.0459671Z [ERROR] /home/runner/work/auto/auto/value/src/test/java/com/google/auto/value/extension/toprettystring/ToPrettyStringTest.java:[931,4] cannot find symbol
2022-03-15T21:05:44.0460190Z [ERROR]   symbol:   class AutoValue
2022-03-15T21:05:44.0460704Z [ERROR]   location: class com.google.auto.value.extension.toprettystring.ToPrettyStringTest
2022-03-15T21:05:44.0461355Z [ERROR] /home/runner/work/auto/auto/value/src/test/java/com/google/auto/value/extension/memoized/MemoizedTest.java:[199,6] cannot find symbol
2022-03-15T21:05:44.0461786Z [ERROR]   symbol:   class Memoized
2022-03-15T21:05:44.0462373Z [ERROR]   location: class com.google.auto.value.extension.memoized.MemoizedTest.HashCodeEqualsOptimization
2022-03-15T21:05:44.0463314Z [ERROR] /home/runner/work/auto/auto/value/src/test/java/com/google/auto/value/extension/memoized/MemoizedTest.java:[99,6] cannot find symbol
2022-03-15T21:05:44.0463821Z [ERROR]   symbol:   class Memoized
2022-03-15T21:05:44.0464292Z [ERROR]   location: class com.google.auto.value.extension.memoized.MemoizedTest.Value
2022-03-15T21:05:44.0464977Z [ERROR] /home/runner/work/auto/auto/value/src/test/java/com/google/auto/value/extension/memoized/MemoizedTest.java:[104,6] cannot find symbol
2022-03-15T21:05:44.0465508Z [ERROR]   symbol:   class Memoized
2022-03-15T21:05:44.0465978Z [ERROR]   location: class com.google.auto.value.extension.memoized.MemoizedTest.Value
2022-03-15T21:05:44.0466781Z [ERROR] /home/runner/work/auto/auto/value/src/test/java/com/google/auto/value/extension/memoized/MemoizedTest.java:[110,6] cannot find symbol
2022-03-15T21:05:44.0467304Z [ERROR]   symbol:   class Memoized
2022-03-15T21:05:44.0467831Z [ERROR]   location: class com.google.auto.value.extension.memoized.MemoizedTest.Value
2022-03-15T21:05:44.0468526Z [ERROR] /home/runner/work/auto/auto/value/src/test/java/com/google/auto/value/extension/memoized/MemoizedTest.java:[117,6] cannot find symbol
2022-03-15T21:05:44.0469032Z [ERROR]   symbol:   class Memoized
2022-03-15T21:05:44.0469567Z [ERROR]   location: class com.google.auto.value.extension.memoized.MemoizedTest.Value
2022-03-15T21:05:44.0470243Z [ERROR] /home/runner/work/auto/auto/value/src/test/java/com/google/auto/value/extension/memoized/MemoizedTest.java:[124,6] cannot find symbol
2022-03-15T21:05:44.0470693Z [ERROR]   symbol:   class Memoized
2022-03-15T21:05:44.0471248Z [ERROR]   location: class com.google.auto.value.extension.memoized.MemoizedTest.Value
2022-03-15T21:05:44.0471936Z [ERROR] /home/runner/work/auto/auto/value/src/test/java/com/google/auto/value/extension/memoized/MemoizedTest.java:[134,6] cannot find symbol
2022-03-15T21:05:44.0472436Z [ERROR]   symbol:   class Memoized
2022-03-15T21:05:44.0473004Z [ERROR]   location: class com.google.auto.value.extension.memoized.MemoizedTest.Value
2022-03-15T21:05:44.0473785Z [ERROR] /home/runner/work/auto/auto/value/src/test/java/com/google/auto/value/extension/memoized/MemoizedTest.java:[141,6] cannot find symbol
2022-03-15T21:05:44.0474297Z [ERROR]   symbol:   class Memoized
2022-03-15T21:05:44.0474819Z [ERROR]   location: class com.google.auto.value.extension.memoized.MemoizedTest.Value
2022-03-15T21:05:44.0475529Z [ERROR] /home/runner/work/auto/auto/value/src/test/java/com/google/auto/value/extension/memoized/MemoizedTest.java:[147,6] cannot find symbol
2022-03-15T21:05:44.0475998Z [ERROR]   symbol:   class Memoized
2022-03-15T21:05:44.0476522Z [ERROR]   location: class com.google.auto.value.extension.memoized.MemoizedTest.Value
2022-03-15T21:05:44.0477138Z [ERROR] /home/runner/work/auto/auto/value/src/test/java/com/google/auto/value/extension/memoized/MemoizedTest.java:[154,6] cannot find symbol
2022-03-15T21:05:44.0477544Z [ERROR]   symbol:   class Memoized
2022-03-15T21:05:44.0478022Z [ERROR]   location: class com.google.auto.value.extension.memoized.MemoizedTest.Value
2022-03-15T21:05:44.0478682Z [ERROR] /home/runner/work/auto/auto/value/src/test/java/com/google/auto/value/extension/memoized/MemoizedTest.java:[158,6] cannot find symbol
2022-03-15T21:05:44.0479150Z [ERROR]   symbol:   class Memoized
2022-03-15T21:05:44.0479578Z [ERROR]   location: class com.google.auto.value.extension.memoized.MemoizedTest.Value
2022-03-15T21:05:44.0480192Z [ERROR] /home/runner/work/auto/auto/value/src/test/java/com/google/auto/value/extension/memoized/MemoizedTest.java:[171,6] cannot find symbol
2022-03-15T21:05:44.0480648Z [ERROR]   symbol:   class Memoized
2022-03-15T21:05:44.0481152Z [ERROR]   location: class com.google.auto.value.extension.memoized.MemoizedTest.ListValue<T,K>
2022-03-15T21:05:44.0481804Z [ERROR] /home/runner/work/auto/auto/value/src/test/java/com/google/auto/value/extension/memoized/MemoizedTest.java:[47,6] cannot find symbol
2022-03-15T21:05:44.0482264Z [ERROR]   symbol:   class Memoized
2022-03-15T21:05:44.0482817Z [ERROR]   location: class com.google.auto.value.extension.memoized.MemoizedTest.ValueWithKeywordName
2022-03-15T21:05:44.0483455Z [ERROR] /home/runner/work/auto/auto/value/src/test/java/com/google/auto/value/extension/memoized/MemoizedTest.java:[52,6] cannot find symbol
2022-03-15T21:05:44.0483954Z [ERROR]   symbol:   class Memoized
2022-03-15T21:05:44.0484497Z [ERROR]   location: class com.google.auto.value.extension.memoized.MemoizedTest.ValueWithKeywordName
2022-03-15T21:05:44.0485176Z [ERROR] /home/runner/work/auto/auto/value/src/test/java/com/google/auto/value/extension/memoized/MemoizedTest.java:[64,6] cannot find symbol
2022-03-15T21:05:44.0485590Z [ERROR]   symbol:   class Memoized
2022-03-15T21:05:44.0486194Z [ERROR]   location: class com.google.auto.value.extension.memoized.MemoizedTest.ValueWithCopyAnnotations
2022-03-15T21:05:44.0486899Z [ERROR] /home/runner/work/auto/auto/value/src/test/java/com/google/auto/value/extension/memoized/MemoizedTest.java:[75,6] cannot find symbol
2022-03-15T21:05:44.0487361Z [ERROR]   symbol:   class Memoized
2022-03-15T21:05:44.0487896Z [ERROR]   location: class com.google.auto.value.extension.memoized.MemoizedTest.ValueWithoutCopyAnnotations
2022-03-15T21:05:44.0488652Z [ERROR] /home/runner/work/auto/auto/value/src/test/java/com/google/auto/value/extension/memoized/MemoizedTest.java:[227,6] cannot find symbol
2022-03-15T21:05:44.0489138Z [ERROR]   symbol:   class Memoized
2022-03-15T21:05:44.0490003Z [ERROR]   location: class com.google.auto.value.extension.memoized.MemoizedTest.HashCodeEqualsOptimizationOffWhenEqualsIsFinal
2022-03-15T21:05:44.0490841Z [ERROR] /home/runner/work/auto/auto/value/src/test/java/com/google/auto/value/extension/memoized/MemoizedTest.java:[480,6] cannot find symbol
2022-03-15T21:05:44.0491344Z [ERROR]   symbol:   class Memoized
2022-03-15T21:05:44.0491958Z [ERROR]   location: class com.google.auto.value.extension.memoized.MemoizedTest.ResourceUriPath<InputT>
2022-03-15T21:05:44.0492758Z [ERROR] /home/runner/work/auto/auto/value/src/test/java/com/google/auto/value/extension/memoized/MemoizedTest.java:[499,6] cannot find symbol
2022-03-15T21:05:44.0493261Z [ERROR]   symbol:   class Memoized
2022-03-15T21:05:44.0493823Z [ERROR]   location: class com.google.auto.value.extension.memoized.MemoizedTest.Unchanging<T>
2022-03-15T21:05:44.0494621Z [ERROR] /home/runner/work/auto/auto/value/src/test/java/com/google/auto/value/extension/serializable/processor/SerializableAutoValueExtensionTest.java:[464,6] cannot find symbol
2022-03-15T21:05:44.0495259Z [ERROR]   symbol:   class Memoized
2022-03-15T21:05:44.0495995Z [ERROR]   location: class com.google.auto.value.extension.serializable.processor.SerializableAutoValueExtensionTest.SerializeMemoize
2022-03-15T21:05:44.0496973Z [ERROR] /home/runner/work/auto/auto/value/src/test/java/com/google/auto/value/extension/toprettystring/ToPrettyStringTest.java:[902,6] cannot find symbol
2022-03-15T21:05:44.0497575Z [ERROR]   symbol:   class ToPrettyString
2022-03-15T21:05:44.0498430Z [ERROR]   location: class com.google.auto.value.extension.toprettystring.ToPrettyStringTest.CollectionSubtypesWithFixedTypeParameters
2022-03-15T21:05:44.0499353Z [ERROR] /home/runner/work/auto/auto/value/src/test/java/com/google/auto/value/extension/toprettystring/ToPrettyStringTest.java:[860,6] cannot find symbol
2022-03-15T21:05:44.0499894Z [ERROR]   symbol:   class ToPrettyString
2022-03-15T21:05:44.0500644Z [ERROR]   location: class com.google.auto.value.extension.toprettystring.ToPrettyStringTest.PropertyHasToPrettyString
2022-03-15T21:05:44.0501514Z [ERROR] /home/runner/work/auto/auto/value/src/test/java/com/google/auto/value/extension/toprettystring/ToPrettyStringTest.java:[835,8] cannot find symbol
2022-03-15T21:05:44.0502034Z [ERROR]   symbol:   class ToPrettyString
2022-03-15T21:05:44.0502875Z [ERROR]   location: class com.google.auto.value.extension.toprettystring.ToPrettyStringTest.PropertyHasToPrettyString.HasToPrettyString<A>
2022-03-15T21:05:44.0503898Z [ERROR] /home/runner/work/auto/auto/value/src/test/java/com/google/auto/value/extension/toprettystring/ToPrettyStringTest.java:[844,8] cannot find symbol
2022-03-15T21:05:44.0504442Z [ERROR]   symbol:   class ToPrettyString
2022-03-15T21:05:44.0505387Z [ERROR]   location: interface com.google.auto.value.extension.toprettystring.ToPrettyStringTest.PropertyHasToPrettyString.HasToPrettyStringInInterface
2022-03-15T21:05:44.0567058Z [ERROR] /home/runner/work/auto/auto/value/src/test/java/com/google/auto/value/extension/toprettystring/ToPrettyStringTest.java:[62,6] cannot find symbol
2022-03-15T21:05:44.0567628Z [ERROR]   symbol:   class ToPrettyString
2022-03-15T21:05:44.0568233Z [ERROR]   location: class com.google.auto.value.extension.toprettystring.ToPrettyStringTest.Primitives
2022-03-15T21:05:44.0568929Z [ERROR] /home/runner/work/auto/auto/value/src/test/java/com/google/auto/value/extension/toprettystring/ToPrettyStringTest.java:[92,6] cannot find symbol
2022-03-15T21:05:44.0569585Z [ERROR]   symbol:   class ToPrettyString
2022-03-15T21:05:44.0570202Z [ERROR]   location: class com.google.auto.value.extension.toprettystring.ToPrettyStringTest.PrimitiveArray
2022-03-15T21:05:44.0570969Z [ERROR] /home/runner/work/auto/auto/value/src/test/java/com/google/auto/value/extension/toprettystring/ToPrettyStringTest.java:[140,6] cannot find symbol
2022-03-15T21:05:44.0571431Z [ERROR]   symbol:   class ToPrettyString
2022-03-15T21:05:44.0572054Z [ERROR]   location: class com.google.auto.value.extension.toprettystring.ToPrettyStringTest.PrettyCollection
2022-03-15T21:05:44.0572858Z [ERROR] /home/runner/work/auto/auto/value/src/test/java/com/google/auto/value/extension/toprettystring/ToPrettyStringTest.java:[204,6] cannot find symbol
2022-03-15T21:05:44.0573369Z [ERROR]   symbol:   class ToPrettyString
2022-03-15T21:05:44.0573933Z [ERROR]   location: class com.google.auto.value.extension.toprettystring.ToPrettyStringTest.NestedCollection
2022-03-15T21:05:44.0574926Z [ERROR] /home/runner/work/auto/auto/value/src/test/java/com/google/auto/value/extension/toprettystring/ToPrettyStringTest.java:[306,6] cannot find symbol
2022-03-15T21:05:44.0608204Z [ERROR]   symbol:   class ToPrettyString
2022-03-15T21:05:44.0608987Z [ERROR]   location: class com.google.auto.value.extension.toprettystring.ToPrettyStringTest.ImmutablePrimitiveArray
2022-03-15T21:05:44.0609801Z [ERROR] /home/runner/work/auto/auto/value/src/test/java/com/google/auto/value/extension/toprettystring/ToPrettyStringTest.java:[354,6] cannot find symbol
2022-03-15T21:05:44.0610287Z [ERROR]   symbol:   class ToPrettyString
2022-03-15T21:05:44.0610837Z [ERROR]   location: class com.google.auto.value.extension.toprettystring.ToPrettyStringTest.PrettyMap
2022-03-15T21:05:44.0611537Z [ERROR] /home/runner/work/auto/auto/value/src/test/java/com/google/auto/value/extension/toprettystring/ToPrettyStringTest.java:[419,6] cannot find symbol
2022-03-15T21:05:44.0612015Z [ERROR]   symbol:   class ToPrettyString
2022-03-15T21:05:44.0612552Z [ERROR]   location: class com.google.auto.value.extension.toprettystring.ToPrettyStringTest.MapOfMaps
2022-03-15T21:05:44.0613276Z [ERROR] /home/runner/work/auto/auto/value/src/test/java/com/google/auto/value/extension/toprettystring/ToPrettyStringTest.java:[541,6] cannot find symbol
2022-03-15T21:05:44.0613727Z [ERROR]   symbol:   class ToPrettyString
2022-03-15T21:05:44.0614292Z [ERROR]   location: class com.google.auto.value.extension.toprettystring.ToPrettyStringTest.PrettyMultimap
2022-03-15T21:05:44.0615025Z [ERROR] /home/runner/work/auto/auto/value/src/test/java/com/google/auto/value/extension/toprettystring/ToPrettyStringTest.java:[614,6] cannot find symbol
2022-03-15T21:05:44.0615499Z [ERROR]   symbol:   class ToPrettyString
2022-03-15T21:05:44.0616038Z [ERROR]   location: class com.google.auto.value.extension.toprettystring.ToPrettyStringTest.JavaOptional
2022-03-15T21:05:44.0616750Z [ERROR] /home/runner/work/auto/auto/value/src/test/java/com/google/auto/value/extension/toprettystring/ToPrettyStringTest.java:[674,6] cannot find symbol
2022-03-15T21:05:44.0617214Z [ERROR]   symbol:   class ToPrettyString
2022-03-15T21:05:44.0617760Z [ERROR]   location: class com.google.auto.value.extension.toprettystring.ToPrettyStringTest.GuavaOptional
2022-03-15T21:05:44.0618480Z [ERROR] /home/runner/work/auto/auto/value/src/test/java/com/google/auto/value/extension/toprettystring/ToPrettyStringTest.java:[741,6] cannot find symbol
2022-03-15T21:05:44.0618944Z [ERROR]   symbol:   class ToPrettyString
2022-03-15T21:05:44.0619520Z [ERROR]   location: class com.google.auto.value.extension.toprettystring.ToPrettyStringTest.NestAllTheThings
2022-03-15T21:05:44.0620238Z [ERROR] /home/runner/work/auto/auto/value/src/test/java/com/google/auto/value/extension/toprettystring/ToPrettyStringTest.java:[792,6] cannot find symbol
2022-03-15T21:05:44.0620699Z [ERROR]   symbol:   class ToPrettyString
2022-03-15T21:05:44.0621258Z [ERROR]   location: class com.google.auto.value.extension.toprettystring.ToPrettyStringTest.WithCustomName
2022-03-15T21:05:44.0621991Z [ERROR] /home/runner/work/auto/auto/value/src/test/java/com/google/auto/value/extension/toprettystring/ToPrettyStringTest.java:[811,6] cannot find symbol
2022-03-15T21:05:44.0622444Z [ERROR]   symbol:   class ToPrettyString
2022-03-15T21:05:44.0623021Z [ERROR]   location: class com.google.auto.value.extension.toprettystring.ToPrettyStringTest.OverridesToString
2022-03-15T21:05:44.0623761Z [ERROR] /home/runner/work/auto/auto/value/src/test/java/com/google/auto/value/extension/toprettystring/ToPrettyStringTest.java:[939,6] cannot find symbol
2022-03-15T21:05:44.0624223Z [ERROR]   symbol:   class ToPrettyString
2022-03-15T21:05:44.0624746Z [ERROR]   location: class com.google.auto.value.extension.toprettystring.ToPrettyStringTest.JavaBeans
2022-03-15T21:05:44.0625498Z [ERROR] -> [Help 1]
2022-03-15T21:05:44.0626449Z [ERROR] Failed to execute goal org.apache.maven.plugins:maven-compiler-plugin:3.10.1:compile (default-compile) on project functional: Compilation failure: Compilation failure: 
2022-03-15T21:05:44.0627382Z [ERROR] /home/runner/work/auto/auto/value/src/it/functional/src/main/java/com/google/auto/value/NestedValueType.java:[22,4] cannot find symbol
2022-03-15T21:05:44.0627892Z [ERROR]   symbol:   class AutoValue
2022-03-15T21:05:44.0628260Z [ERROR]   location: class com.google.auto.value.NestedValueType
2022-03-15T21:05:44.0628782Z [ERROR] /home/runner/work/auto/auto/value/src/it/functional/src/main/java/com/google/auto/value/SimpleValueType.java:[26,2] cannot find symbol
2022-03-15T21:05:44.0629214Z [ERROR]   symbol: class AutoValue
2022-03-15T21:05:44.0629835Z [ERROR] /home/runner/work/auto/auto/value/src/it/functional/src/main/java/PackagelessNestedValueType.java:[17,29] cannot find symbol
2022-03-15T21:05:44.0664525Z [ERROR]   symbol:   class AutoValue
2022-03-15T21:05:44.0664997Z [ERROR]   location: package com.google.auto.value
2022-03-15T21:05:44.0665479Z [ERROR] /home/runner/work/auto/auto/value/src/it/functional/src/main/java/PackagelessNestedValueType.java:[22,4] cannot find symbol
2022-03-15T21:05:44.0665893Z [ERROR]   symbol:   class AutoValue
2022-03-15T21:05:44.0666430Z [ERROR]   location: class PackagelessNestedValueType
2022-03-15T21:05:44.0666893Z [ERROR] /home/runner/work/auto/auto/value/src/it/functional/src/main/java/PackagelessValueType.java:[17,29] cannot find symbol
2022-03-15T21:05:44.0667279Z [ERROR]   symbol:   class AutoValue
2022-03-15T21:05:44.0667583Z [ERROR]   location: package com.google.auto.value
2022-03-15T21:05:44.0668026Z [ERROR] /home/runner/work/auto/auto/value/src/it/functional/src/main/java/PackagelessValueType.java:[26,2] cannot find symbol
2022-03-15T21:05:44.0668421Z [ERROR]   symbol: class AutoValue
2022-03-15T21:05:44.0668887Z [ERROR] -> [Help 1]
2022-03-15T21:05:44.0669607Z [ERROR] Failed to execute goal org.apache.maven.plugins:maven-compiler-plugin:3.10.1:testCompile (default-testCompile) on project gwtserializer: Compilation failure: Compilation failure: 
2022-03-15T21:05:44.0670297Z [ERROR] /home/runner/work/auto/auto/value/src/it/gwtserializer/src/test/java/com/google/auto/value/client/GwtSerializerTest.java:[18,29] cannot find symbol
2022-03-15T21:05:44.0670729Z [ERROR]   symbol:   class AutoValue
2022-03-15T21:05:44.0671023Z [ERROR]   location: package com.google.auto.value
2022-03-15T21:05:44.0671498Z [ERROR] /home/runner/work/auto/auto/value/src/it/gwtserializer/src/test/java/com/google/auto/value/client/GwtSerializerTest.java:[120,4] cannot find symbol
2022-03-15T21:05:44.0671912Z [ERROR]   symbol:   class AutoValue
2022-03-15T21:05:44.0672282Z [ERROR]   location: class com.google.auto.value.client.GwtSerializerTest
2022-03-15T21:05:44.0672802Z [ERROR] /home/runner/work/auto/auto/value/src/it/gwtserializer/src/test/java/com/google/auto/value/client/GwtSerializerTest.java:[130,4] cannot find symbol
2022-03-15T21:05:44.0673212Z [ERROR]   symbol:   class AutoValue
2022-03-15T21:05:44.0673573Z [ERROR]   location: class com.google.auto.value.client.GwtSerializerTest
2022-03-15T21:05:44.0674108Z [ERROR] /home/runner/work/auto/auto/value/src/it/gwtserializer/src/test/java/com/google/auto/value/client/GwtSerializerTest.java:[147,4] cannot find symbol
2022-03-15T21:05:44.0674525Z [ERROR]   symbol:   class AutoValue
2022-03-15T21:05:44.0674888Z [ERROR]   location: class com.google.auto.value.client.GwtSerializerTest
2022-03-15T21:05:44.0675414Z [ERROR] /home/runner/work/auto/auto/value/src/it/gwtserializer/src/test/java/com/google/auto/value/client/GwtSerializerTest.java:[159,4] cannot find symbol
2022-03-15T21:05:44.0675831Z [ERROR]   symbol:   class AutoValue
2022-03-15T21:05:44.0676182Z [ERROR]   location: class com.google.auto.value.client.GwtSerializerTest
2022-03-15T21:05:44.0676700Z [ERROR] /home/runner/work/auto/auto/value/src/it/gwtserializer/src/test/java/com/google/auto/value/client/GwtSerializerTest.java:[180,4] cannot find symbol
2022-03-15T21:05:44.0677116Z [ERROR]   symbol:   class AutoValue
2022-03-15T21:05:44.0677468Z [ERROR]   location: class com.google.auto.value.client.GwtSerializerTest
2022-03-15T21:05:44.0678215Z [ERROR] /home/runner/work/auto/auto/value/src/it/gwtserializer/src/test/java/com/google/auto/value/client/GwtSerializerTest.java:[190,4] cannot find symbol
2022-03-15T21:05:44.0678716Z [ERROR]   symbol:   class AutoValue
2022-03-15T21:05:44.0679081Z [ERROR]   location: class com.google.auto.value.client.GwtSerializerTest
2022-03-15T21:05:44.0679801Z [ERROR] /home/runner/work/auto/auto/value/src/it/gwtserializer/src/test/java/com/google/auto/value/client/GwtSerializerTest.java:[139,15] package AutoValue does not exist
2022-03-15T21:05:44.0680490Z [ERROR] /home/runner/work/auto/auto/value/src/it/gwtserializer/src/test/java/com/google/auto/value/client/GwtSerializerTest.java:[170,15] package AutoValue does not exist
2022-03-15T21:05:44.0681179Z [ERROR] /home/runner/work/auto/auto/value/src/it/gwtserializer/src/test/java/com/google/auto/value/client/GwtSerializerTest.java:[199,15] package AutoValue does not exist
2022-03-15T21:05:44.0681685Z [ERROR] -> [Help 1]
2022-03-15T21:05:44.0681902Z [ERROR] 
2022-03-15T21:05:44.0682347Z [ERROR] To see the full stack trace of the errors, re-run Maven with the -e switch.
2022-03-15T21:05:44.0682878Z [ERROR] Re-run Maven using the -X switch to enable full debug logging.
2022-03-15T21:05:44.0683188Z [ERROR] 
2022-03-15T21:05:44.0683547Z [ERROR] For more information about the errors and possible solutions, please read the following articles:
2022-03-15T21:05:44.0684078Z [ERROR] [Help 1] http://cwiki.apache.org/confluence/display/MAVEN/MojoFailureException
2022-03-15T21:05:44.0684431Z [ERROR] 
2022-03-15T21:05:44.0684748Z [ERROR] After correcting the problems, you can resume the build with the command
2022-03-15T21:05:44.0685179Z [ERROR]   mvn <args> -rf :auto-service
2022-03-15T21:05:44.0928361Z ##[group]Run mvn -B verify -U --fail-at-end -Dsource.skip=true -Dmaven.javadoc.skip=true -f build-pom.xml
2022-03-15T21:05:44.0928962Z [36;1mmvn -B verify -U --fail-at-end -Dsource.skip=true -Dmaven.javadoc.skip=true -f build-pom.xml[0m
2022-03-15T21:05:44.0981201Z shell: /usr/bin/bash --noprofile --norc -e -o pipefail {0}
2022-03-15T21:05:44.0981475Z env:
2022-03-15T21:05:44.0981753Z   JAVA_HOME: /opt/hostedtoolcache/Java_Zulu_jdk/8.0.322-6/x64
2022-03-15T21:05:44.0982044Z ##[endgroup]
2022-03-15T21:05:45.1850323Z [INFO] Scanning for projects...
2022-03-15T21:05:45.3220863Z [WARNING] 
2022-03-15T21:05:45.3222153Z [WARNING] Some problems were encountered while building the effective model for com.google.auto.value.it.gwtserializer:gwtserializer:jar:HEAD-SNAPSHOT
2022-03-15T21:05:45.3223136Z [WARNING] 'build.plugins.plugin.version' for org.apache.maven.plugins:maven-surefire-plugin is missing. @ line 113, column 15
2022-03-15T21:05:45.3223654Z [WARNING] 
2022-03-15T21:05:45.3224203Z [WARNING] It is highly recommended to fix these problems because they threaten the stability of your build.
2022-03-15T21:05:45.3224757Z [WARNING] 
2022-03-15T21:05:45.3225194Z [WARNING] For this reason, future Maven versions might no longer support building such malformed projects.
2022-03-15T21:05:45.3225609Z [WARNING] 
2022-03-15T21:05:45.3358699Z [INFO] ------------------------------------------------------------------------
2022-03-15T21:05:45.3359256Z [INFO] Reactor Build Order:
2022-03-15T21:05:45.3359560Z [INFO] 
2022-03-15T21:05:45.3369702Z [INFO] Auto Common Libraries                                              [jar]
2022-03-15T21:05:45.3370195Z [INFO] AutoFactory                                                        [jar]
2022-03-15T21:05:45.3370619Z [INFO] AutoService Aggregator                                             [pom]
2022-03-15T21:05:45.3371027Z [INFO] AutoService                                                        [jar]
2022-03-15T21:05:45.3371623Z [INFO] AutoService Processor                                              [jar]
2022-03-15T21:05:45.3372054Z [INFO] AutoValue Parent                                                   [pom]
2022-03-15T21:05:45.3372499Z [INFO] AutoValue Annotations                                              [jar]
2022-03-15T21:05:45.3372914Z [INFO] AutoValue Processor                                                [jar]
2022-03-15T21:05:45.3373565Z [INFO] Auto-Value Functional Integration Test                             [jar]
2022-03-15T21:05:45.3374512Z [INFO] Auto-Value GWT-RPC Serialization Integration Test                  [jar]
2022-03-15T21:05:45.3375076Z [INFO] build-only                                                         [pom]
2022-03-15T21:05:45.3528323Z [INFO] 
2022-03-15T21:05:45.3529102Z [INFO] --------------------< com.google.auto:auto-common >---------------------
2022-03-15T21:05:45.3529840Z [INFO] Building Auto Common Libraries HEAD-SNAPSHOT                      [1/11]
2022-03-15T21:05:45.3530486Z [INFO] --------------------------------[ jar ]---------------------------------
2022-03-15T21:05:45.6690696Z [INFO] 
2022-03-15T21:05:45.6697168Z [INFO] --- maven-enforcer-plugin:1.0:enforce (enforce-maven) @ auto-common ---
2022-03-15T21:05:45.8632760Z [INFO] 
2022-03-15T21:05:45.8636485Z [INFO] --- maven-resources-plugin:2.6:resources (default-resources) @ auto-common ---
2022-03-15T21:05:45.9585680Z [INFO] Using 'UTF-8' encoding to copy filtered resources.
2022-03-15T21:05:45.9589666Z [INFO] skip non existing resourceDirectory /home/runner/work/auto/auto/common/src/main/resources
2022-03-15T21:05:45.9597277Z [INFO] 
2022-03-15T21:05:45.9600846Z [INFO] --- maven-compiler-plugin:3.10.1:compile (default-compile) @ auto-common ---
2022-03-15T21:05:46.1105005Z [INFO] Changes detected - recompiling the module!
2022-03-15T21:05:46.1151112Z [INFO] Compiling 15 source files to /home/runner/work/auto/auto/common/target/classes
2022-03-15T21:05:47.5925617Z [WARNING] /home/runner/work/auto/auto/common/src/main/java/com/google/auto/common/GeneratedAnnotationSpecs.java:[86,32] generatedAnnotation(javax.lang.model.util.Elements) in com.google.auto.common.GeneratedAnnotations has been deprecated
2022-03-15T21:05:47.5938537Z [INFO] 
2022-03-15T21:05:47.5942669Z [INFO] --- maven-resources-plugin:2.6:testResources (default-testResources) @ auto-common ---
2022-03-15T21:05:47.6004502Z [INFO] Using 'UTF-8' encoding to copy filtered resources.
2022-03-15T21:05:47.6007721Z [INFO] skip non existing resourceDirectory /home/runner/work/auto/auto/common/src/test/resources
2022-03-15T21:05:47.6013716Z [INFO] 
2022-03-15T21:05:47.6016935Z [INFO] --- maven-compiler-plugin:3.10.1:testCompile (default-testCompile) @ auto-common ---
2022-03-15T21:05:47.6077293Z [INFO] Changes detected - recompiling the module!
2022-03-15T21:05:47.6089004Z [INFO] Compiling 12 source files to /home/runner/work/auto/auto/common/target/test-classes
2022-03-15T21:05:48.3997702Z [WARNING] /home/runner/work/auto/auto/common/src/test/java/com/google/auto/common/BasicAnnotationProcessorTest.java:[28,55] com.google.auto.common.BasicAnnotationProcessor.ProcessingStep in com.google.auto.common.BasicAnnotationProcessor has been deprecated
2022-03-15T21:05:48.4024153Z [WARNING] No processor claimed any of these annotations: com.google.auto.common.AnnotationMirrorsTest.AnnotatedAnnotation1,com.google.auto.common.AnnotationValuesTest.MultiValueAnnotation,com.google.auto.common.AnnotationMirrorsTest.AnnotatingAnnotation,com.google.auto.common.AnnotationMirrorsTest.AnnotatedAnnotation2,com.google.auto.common.AnnotationMirrorsTest.OuterWithValueArray,com.google.auto.common.AnnotationMirrorsTest.NotAnnotatedAnnotation,org.junit.runner.RunWith,org.junit.runners.Parameterized.Parameters,org.junit.Test,javax.annotation.processing.SupportedAnnotationTypes,com.google.auto.common.AnnotationMirrorsTest.Stringy,com.google.auto.common.AnnotationMirrorsTest.AnnotatedOuter,org.junit.Rule,com.google.auto.common.AnnotationMirrorsTest.DefaultingOuter,com.google.auto.common.MoreElementsTest.InnerAnnotation,com.google.auto.common.AnnotationMirrorsTest.Outer,org.junit.Before,com.google.auto.common.AnnotationMirrorsTest.SimpleAnnotation
2022-03-15T21:05:48.4049937Z [WARNING] /home/runner/work/auto/auto/common/src/test/java/com/google/auto/common/BasicAnnotationProcessorTest.java:[28,55] com.google.auto.common.BasicAnnotationProcessor.ProcessingStep in com.google.auto.common.BasicAnnotationProcessor has been deprecated
2022-03-15T21:05:48.4052962Z [WARNING] /home/runner/work/auto/auto/common/src/test/java/com/google/auto/common/BasicAnnotationProcessorTest.java:[28,55] com.google.auto.common.BasicAnnotationProcessor.ProcessingStep in com.google.auto.common.BasicAnnotationProcessor has been deprecated
2022-03-15T21:05:48.4057022Z [WARNING] /home/runner/work/auto/auto/common/src/test/java/com/google/auto/common/MoreElementsTest.java:[487,21] getLocalAndInheritedMethods(javax.lang.model.element.TypeElement,javax.lang.model.util.Elements) in com.google.auto.common.MoreElements has been deprecated
2022-03-15T21:05:48.4060424Z [WARNING] /home/runner/work/auto/auto/common/src/test/java/com/google/auto/common/MoreElementsTest.java:[493,21] getLocalAndInheritedMethods(javax.lang.model.element.TypeElement,javax.lang.model.util.Elements) in com.google.auto.common.MoreElements has been deprecated
2022-03-15T21:05:48.4064866Z [INFO] 
2022-03-15T21:05:48.4067749Z [INFO] --- maven-surefire-plugin:2.12.4:test (default-test) @ auto-common ---
2022-03-15T21:05:48.4820565Z [INFO] Surefire report directory: /home/runner/work/auto/auto/common/target/surefire-reports
2022-03-15T21:05:48.5422022Z 
2022-03-15T21:05:48.5423100Z -------------------------------------------------------
2022-03-15T21:05:48.5423674Z  T E S T S
2022-03-15T21:05:48.5424699Z -------------------------------------------------------
2022-03-15T21:05:48.7519703Z Running com.google.auto.common.BasicAnnotationProcessorTest
2022-03-15T21:05:50.2748063Z Tests run: 11, Failures: 0, Errors: 0, Skipped: 0, Time elapsed: 1.52 sec
2022-03-15T21:05:50.2970130Z Running com.google.auto.common.MoreTypesIsTypeOfTest
2022-03-15T21:05:50.5138574Z Tests run: 13, Failures: 0, Errors: 0, Skipped: 0, Time elapsed: 0.212 sec
2022-03-15T21:05:50.5143152Z Running com.google.auto.common.MoreTypesTest
2022-03-15T21:05:50.7044470Z Tests run: 9, Failures: 0, Errors: 0, Skipped: 0, Time elapsed: 0.189 sec
2022-03-15T21:05:50.7189276Z Running com.google.auto.common.SuperficialValidationTest
2022-03-15T21:05:50.8220689Z Tests run: 11, Failures: 0, Errors: 0, Skipped: 0, Time elapsed: 0.102 sec
2022-03-15T21:05:50.8348873Z Running com.google.auto.common.AnnotationValuesTest
2022-03-15T21:05:51.4818724Z Tests run: 27, Failures: 0, Errors: 0, Skipped: 0, Time elapsed: 0.646 sec
2022-03-15T21:05:51.4865422Z Running com.google.auto.common.MoreElementsTest
2022-03-15T21:05:51.7532655Z Tests run: 19, Failures: 0, Errors: 0, Skipped: 0, Time elapsed: 0.266 sec
2022-03-15T21:05:51.7575516Z Running com.google.auto.common.VisibilityTest
2022-03-15T21:05:51.8473584Z Tests run: 4, Failures: 0, Errors: 0, Skipped: 0, Time elapsed: 0.089 sec
2022-03-15T21:05:51.8493279Z Running com.google.auto.common.OverridesTest
2022-03-15T21:05:55.0117940Z Tests run: 24, Failures: 0, Errors: 0, Skipped: 0, Time elapsed: 3.156 sec
2022-03-15T21:05:55.0118550Z Running com.google.auto.common.GeneratedAnnotationsTest
2022-03-15T21:05:55.1127040Z Tests run: 4, Failures: 0, Errors: 0, Skipped: 2, Time elapsed: 0.106 sec
2022-03-15T21:05:55.1140331Z Running com.google.auto.common.SimpleAnnotationMirrorTest
2022-03-15T21:05:55.2002480Z Tests run: 7, Failures: 0, Errors: 0, Skipped: 0, Time elapsed: 0.087 sec
2022-03-15T21:05:55.2006779Z Running com.google.auto.common.SimpleTypeAnnotationValueTest
2022-03-15T21:05:55.2428014Z Tests run: 5, Failures: 0, Errors: 0, Skipped: 0, Time elapsed: 0.042 sec
2022-03-15T21:05:55.2434426Z Running com.google.auto.common.AnnotationMirrorsTest
2022-03-15T21:05:55.3717704Z Tests run: 7, Failures: 0, Errors: 0, Skipped: 0, Time elapsed: 0.128 sec
2022-03-15T21:05:55.3947188Z 
2022-03-15T21:05:55.3947650Z Results :
2022-03-15T21:05:55.3947956Z 
2022-03-15T21:05:55.3948193Z Tests run: 141, Failures: 0, Errors: 0, Skipped: 2
2022-03-15T21:05:55.3948457Z 
2022-03-15T21:05:55.4027229Z [INFO] 
2022-03-15T21:05:55.4028474Z [INFO] --- maven-jar-plugin:3.2.2:jar (default-jar) @ auto-common ---
2022-03-15T21:05:55.7330668Z [INFO] Building jar: /home/runner/work/auto/auto/common/target/auto-common-HEAD-SNAPSHOT.jar
2022-03-15T21:05:55.8167249Z [INFO] 
2022-03-15T21:05:55.8170925Z [INFO] ----------------< com.google.auto.factory:auto-factory >----------------
2022-03-15T21:05:55.8177163Z [INFO] Building AutoFactory HEAD-SNAPSHOT                                [2/11]
2022-03-15T21:05:55.8180264Z [INFO] --------------------------------[ jar ]---------------------------------
2022-03-15T21:05:55.8699916Z [INFO] 
2022-03-15T21:05:55.8701053Z [INFO] --- maven-resources-plugin:2.6:resources (default-resources) @ auto-factory ---
2022-03-15T21:05:55.8701732Z [INFO] Using 'UTF-8' encoding to copy filtered resources.
2022-03-15T21:05:55.8702697Z [INFO] skip non existing resourceDirectory /home/runner/work/auto/auto/factory/src/main/resources
2022-03-15T21:05:55.8703081Z [INFO] 
2022-03-15T21:05:55.8703704Z [INFO] --- maven-compiler-plugin:3.10.1:compile (default-compile) @ auto-factory ---
2022-03-15T21:05:55.9638511Z [INFO] Changes detected - recompiling the module!
2022-03-15T21:05:55.9645542Z [INFO] Compiling 20 source files to /home/runner/work/auto/auto/factory/target/classes
2022-03-15T21:05:56.7340791Z [WARNING] No processor claimed any of these annotations: com.google.auto.value.AutoValue,com.google.auto.value.AutoValue.Builder,com.google.auto.service.AutoService
2022-03-15T21:05:56.7344450Z [WARNING] No processor claimed any of these annotations: javax.annotation.Generated
2022-03-15T21:05:56.7349409Z [INFO] 
2022-03-15T21:05:56.7352946Z [INFO] --- maven-resources-plugin:2.6:testResources (default-testResources) @ auto-factory ---
2022-03-15T21:05:56.7366183Z [INFO] Using 'UTF-8' encoding to copy filtered resources.
2022-03-15T21:05:56.7873917Z [INFO] Copying 80 resources
2022-03-15T21:05:56.8056542Z [INFO] 
2022-03-15T21:05:56.8060373Z [INFO] --- maven-compiler-plugin:3.10.1:testCompile (default-testCompile) @ auto-factory ---
2022-03-15T21:05:56.8125465Z [INFO] Changes detected - recompiling the module!
2022-03-15T21:05:56.8139436Z [INFO] Compiling 2 source files to /home/runner/work/auto/auto/factory/target/test-classes
2022-03-15T21:05:57.1665945Z [WARNING] No processor claimed any of these annotations: org.junit.runner.RunWith,org.junit.Test
2022-03-15T21:05:57.1667677Z [INFO] 
2022-03-15T21:05:57.1668685Z [INFO] --- maven-surefire-plugin:2.22.2:test (default-test) @ auto-factory ---
2022-03-15T21:05:57.4246026Z [INFO] 
2022-03-15T21:05:57.4249867Z [INFO] -------------------------------------------------------
2022-03-15T21:05:57.4263649Z [INFO]  T E S T S
2022-03-15T21:05:57.4267589Z [INFO] -------------------------------------------------------
2022-03-15T21:05:57.7016808Z [INFO] Running com.google.auto.factory.processor.AutoFactoryProcessorTest
2022-03-15T21:06:00.3080268Z [WARNING] Tests run: 41, Failures: 0, Errors: 0, Skipped: 1, Time elapsed: 2.591 s - in com.google.auto.factory.processor.AutoFactoryProcessorTest
2022-03-15T21:06:00.3089533Z [INFO] Running com.google.auto.factory.processor.AutoFactoryDeclarationTest
2022-03-15T21:06:00.3113414Z [INFO] Tests run: 1, Failures: 0, Errors: 0, Skipped: 0, Time elapsed: 0.001 s - in com.google.auto.factory.processor.AutoFactoryDeclarationTest
2022-03-15T21:06:00.6451577Z [INFO] 
2022-03-15T21:06:00.6452314Z [INFO] Results:
2022-03-15T21:06:00.6452841Z [INFO] 
2022-03-15T21:06:00.6453293Z [WARNING] Tests run: 42, Failures: 0, Errors: 0, Skipped: 1
2022-03-15T21:06:00.6453683Z [INFO] 
2022-03-15T21:06:00.6504935Z [INFO] 
2022-03-15T21:06:00.6505634Z [INFO] --- maven-jar-plugin:3.2.2:jar (default-jar) @ auto-factory ---
2022-03-15T21:06:00.6583251Z [INFO] Building jar: /home/runner/work/auto/auto/factory/target/auto-factory-HEAD-SNAPSHOT.jar
2022-03-15T21:06:00.6837432Z [INFO] 
2022-03-15T21:06:00.6838210Z [INFO] --- maven-invoker-plugin:3.2.2:install (integration-test) @ auto-factory ---
2022-03-15T21:06:00.9414854Z [INFO] Installing /home/runner/work/auto/auto/factory/pom.xml to /home/runner/.m2/repository/com/google/auto/factory/auto-factory/HEAD-SNAPSHOT/auto-factory-HEAD-SNAPSHOT.pom
2022-03-15T21:06:00.9540420Z [INFO] Installing /home/runner/work/auto/auto/factory/target/auto-factory-HEAD-SNAPSHOT.jar to /home/runner/.m2/repository/com/google/auto/factory/auto-factory/HEAD-SNAPSHOT/auto-factory-HEAD-SNAPSHOT.jar
2022-03-15T21:06:00.9562621Z [INFO] 
2022-03-15T21:06:00.9568270Z [INFO] --- maven-invoker-plugin:3.2.2:run (integration-test) @ auto-factory ---
2022-03-15T21:06:01.0018842Z [INFO] Building: functional/pom.xml
2022-03-15T21:06:02.1060800Z [INFO] [INFO] Scanning for projects...
2022-03-15T21:06:02.2069132Z [INFO] [INFO] 
2022-03-15T21:06:02.2077547Z [INFO] [INFO] -----------< com.google.auto.value.it.functional:functional >-----------
2022-03-15T21:06:02.2078216Z [INFO] [INFO] Building Auto-Value Functional Integration Test HEAD-SNAPSHOT
2022-03-15T21:06:02.2078795Z [INFO] [INFO] --------------------------------[ jar ]---------------------------------
2022-03-15T21:06:02.5014014Z [INFO] [INFO] 
2022-03-15T21:06:02.5021699Z [INFO] [INFO] --- maven-enforcer-plugin:1.0:enforce (enforce-maven) @ functional ---
2022-03-15T21:06:02.6522490Z [INFO] [INFO] 
2022-03-15T21:06:02.6523956Z [INFO] [INFO] --- maven-resources-plugin:2.6:resources (default-resources) @ functional ---
2022-03-15T21:06:02.7888432Z [INFO] [INFO] Using 'UTF-8' encoding to copy filtered resources.
2022-03-15T21:06:02.7889246Z [INFO] [INFO] skip non existing resourceDirectory /home/runner/work/auto/auto/factory/target/it/functional/src/main/resources
2022-03-15T21:06:02.7892080Z [INFO] [INFO] 
2022-03-15T21:06:02.7893060Z [INFO] [INFO] --- maven-compiler-plugin:3.8.1:compile (default-compile) @ functional ---
2022-03-15T21:06:03.0129477Z [INFO] [INFO] Changes detected - recompiling the module!
2022-03-15T21:06:03.0167489Z [INFO] [INFO] Compiling 12 source files to /home/runner/work/auto/auto/factory/target/it/functional/target/classes
2022-03-15T21:06:05.2313830Z [INFO] [WARNING] No processor claimed any of these annotations: javax.inject.Inject,com.google.auto.factory.Provided,dagger.Binds,com.google.auto.factory.AutoFactory,dagger.Module,javax.inject.Qualifier,com.google.auto.factory.Qualifier,dagger.Component,dagger.Provides
2022-03-15T21:06:05.2315998Z [INFO] [WARNING] No processor claimed any of these annotations: javax.inject.Inject,com.google.auto.factory.Qualifier,javax.annotation.Generated
2022-03-15T21:06:05.2316804Z [INFO] [WARNING] MethodParameters attribute introduced in version 52.0 class files is ignored in version 51.0 class files
2022-03-15T21:06:05.2317400Z [INFO] [WARNING] MethodParameters attribute introduced in version 52.0 class files is ignored in version 51.0 class files
2022-03-15T21:06:05.2317958Z [INFO] [WARNING] No processor claimed any of these annotations: javax.annotation.Generated
2022-03-15T21:06:05.2318530Z [INFO] [WARNING] MethodParameters attribute introduced in version 52.0 class files is ignored in version 51.0 class files
2022-03-15T21:06:05.2319114Z [INFO] [WARNING] MethodParameters attribute introduced in version 52.0 class files is ignored in version 51.0 class files
2022-03-15T21:06:05.2319706Z [INFO] [WARNING] MethodParameters attribute introduced in version 52.0 class files is ignored in version 51.0 class files
2022-03-15T21:06:05.2320282Z [INFO] [WARNING] MethodParameters attribute introduced in version 52.0 class files is ignored in version 51.0 class files
2022-03-15T21:06:05.2325155Z [INFO] [WARNING] /home/runner/work/auto/auto/factory/target/it/functional/target/generated-sources/annotations/com/google/auto/factory/DaggerFactoryComponent.java:[35,5] found raw type: dagger.internal.DelegateFactory
2022-03-15T21:06:05.2326028Z [INFO]   missing type arguments for generic class dagger.internal.DelegateFactory<T>
2022-03-15T21:06:05.2327274Z [INFO] [WARNING] /home/runner/work/auto/auto/factory/target/it/functional/target/generated-sources/annotations/com/google/auto/factory/DaggerFactoryComponent.java:[44,12] unchecked method invocation: constructor <init> in class com.google.auto.factory.FooFactory is applied to given types
2022-03-15T21:06:05.2328458Z [INFO]   required: javax.inject.Provider<com.google.auto.factory.Dependency>,javax.inject.Provider<com.google.auto.factory.Dependency>,javax.inject.Provider<java.lang.Integer>,javax.inject.Provider<java.lang.Integer>
2022-03-15T21:06:05.2329745Z [INFO]   found: javax.inject.Provider,javax.inject.Provider,dagger.internal.Factory<java.lang.Integer>,dagger.internal.Factory<java.lang.Integer>
2022-03-15T21:06:05.2330931Z [INFO] [WARNING] /home/runner/work/auto/auto/factory/target/it/functional/target/generated-sources/annotations/com/google/auto/factory/DaggerFactoryComponent.java:[45,9] unchecked conversion
2022-03-15T21:06:05.2331667Z [INFO]   required: javax.inject.Provider<com.google.auto.factory.Dependency>
2022-03-15T21:06:05.2332168Z [INFO]   found:    javax.inject.Provider
2022-03-15T21:06:05.2335448Z [INFO] [WARNING] /home/runner/work/auto/auto/factory/target/it/functional/target/generated-sources/annotations/com/google/auto/factory/DaggerFactoryComponent.java:[46,9] unchecked conversion
2022-03-15T21:06:05.2336394Z [INFO]   required: javax.inject.Provider<com.google.auto.factory.Dependency>
2022-03-15T21:06:05.2336890Z [INFO]   found:    javax.inject.Provider
2022-03-15T21:06:05.2340974Z [INFO] [INFO] 
2022-03-15T21:06:05.2341729Z [INFO] [INFO] --- maven-resources-plugin:2.6:testResources (default-testResources) @ functional ---
2022-03-15T21:06:05.2369296Z [INFO] [INFO] Using 'UTF-8' encoding to copy filtered resources.
2022-03-15T21:06:05.2370000Z [INFO] [INFO] skip non existing resourceDirectory /home/runner/work/auto/auto/factory/target/it/functional/src/test/resources
2022-03-15T21:06:05.2372962Z [INFO] [INFO] 
2022-03-15T21:06:05.2373702Z [INFO] [INFO] --- maven-compiler-plugin:3.8.1:testCompile (default-testCompile) @ functional ---
2022-03-15T21:06:05.2414497Z [INFO] [INFO] Changes detected - recompiling the module!
2022-03-15T21:06:05.2425307Z [INFO] [INFO] Compiling 1 source file to /home/runner/work/auto/auto/factory/target/it/functional/target/test-classes
2022-03-15T21:06:05.5676108Z [INFO] [WARNING] No processor claimed any of these annotations: org.junit.runner.RunWith,org.junit.Test
2022-03-15T21:06:05.5677103Z [INFO] [INFO] 
2022-03-15T21:06:05.5728146Z [INFO] [INFO] --- maven-surefire-plugin:2.12.4:test (default-test) @ functional ---
2022-03-15T21:06:05.6727181Z [INFO] [INFO] Surefire report directory: /home/runner/work/auto/auto/factory/target/it/functional/target/surefire-reports
2022-03-15T21:06:05.7363557Z [INFO] 
2022-03-15T21:06:05.7369831Z [INFO] -------------------------------------------------------
2022-03-15T21:06:05.7370405Z [INFO]  T E S T S
2022-03-15T21:06:05.7372536Z [INFO] -------------------------------------------------------
2022-03-15T21:06:05.9374135Z [INFO] Running com.google.auto.factory.DependencyInjectionIntegrationTest
2022-03-15T21:06:06.2794507Z [INFO] Tests run: 6, Failures: 0, Errors: 0, Skipped: 0, Time elapsed: 0.337 sec
2022-03-15T21:06:06.3029177Z [INFO] 
2022-03-15T21:06:06.3029423Z [INFO] Results :
2022-03-15T21:06:06.3029911Z [INFO] 
2022-03-15T21:06:06.3030145Z [INFO] Tests run: 6, Failures: 0, Errors: 0, Skipped: 0
2022-03-15T21:06:06.3030378Z [INFO] 
2022-03-15T21:06:06.3046234Z [INFO] [INFO] 
2022-03-15T21:06:06.3047214Z [INFO] [INFO] --- maven-jar-plugin:3.2.0:jar (default-jar) @ functional ---
2022-03-15T21:06:06.5126532Z [INFO] [INFO] Building jar: /home/runner/work/auto/auto/factory/target/it/functional/target/functional-HEAD-SNAPSHOT.jar
2022-03-15T21:06:06.6115078Z [INFO] [INFO] ------------------------------------------------------------------------
2022-03-15T21:06:06.6115842Z [INFO] [INFO] BUILD SUCCESS
2022-03-15T21:06:06.6122328Z [INFO] [INFO] ------------------------------------------------------------------------
2022-03-15T21:06:06.6137282Z [INFO] [INFO] Total time:  4.531 s
2022-03-15T21:06:06.6144847Z [INFO] [INFO] Finished at: 2022-03-15T21:06:06Z
2022-03-15T21:06:06.6273071Z [INFO] [INFO] ------------------------------------------------------------------------
2022-03-15T21:06:06.6627263Z [INFO]           functional/pom.xml ............................... SUCCESS (5.7 s)
2022-03-15T21:06:06.6658004Z [INFO] -------------------------------------------------
2022-03-15T21:06:06.6658345Z [INFO] Build Summary:
2022-03-15T21:06:06.6658882Z [INFO]   Passed: 1, Failed: 0, Errors: 0, Skipped: 0
2022-03-15T21:06:06.6659301Z [INFO] -------------------------------------------------
2022-03-15T21:06:06.6659575Z [INFO] 
2022-03-15T21:06:06.6660006Z [INFO] ----------< com.google.auto.service:auto-service-aggregator >-----------
2022-03-15T21:06:06.6660543Z [INFO] Building AutoService Aggregator HEAD-SNAPSHOT                     [3/11]
2022-03-15T21:06:06.6661236Z [INFO] --------------------------------[ pom ]---------------------------------
2022-03-15T21:06:06.6661565Z [INFO] 
2022-03-15T21:06:06.6662057Z [INFO] --- maven-enforcer-plugin:1.0:enforce (enforce-maven) @ auto-service-aggregator ---
2022-03-15T21:06:06.6662428Z [INFO] 
2022-03-15T21:06:06.6662886Z [INFO] ----------< com.google.auto.service:auto-service-annotations >----------
2022-03-15T21:06:06.6663413Z [INFO] Building AutoService HEAD-SNAPSHOT                                [4/11]
2022-03-15T21:06:06.6663930Z [INFO] --------------------------------[ jar ]---------------------------------
2022-03-15T21:06:06.6664248Z [INFO] 
2022-03-15T21:06:06.6664738Z [INFO] --- maven-enforcer-plugin:1.0:enforce (enforce-maven) @ auto-service-annotations ---
2022-03-15T21:06:06.6665095Z [INFO] 
2022-03-15T21:06:06.6665622Z [INFO] --- maven-resources-plugin:2.6:resources (default-resources) @ auto-service-annotations ---
2022-03-15T21:06:06.6666957Z [INFO] Using 'UTF-8' encoding to copy filtered resources.
2022-03-15T21:06:06.6667408Z [INFO] skip non existing resourceDirectory /home/runner/work/auto/auto/service/annotations/src/main/resources
2022-03-15T21:06:06.6667927Z [INFO] 
2022-03-15T21:06:06.6668467Z [INFO] --- maven-compiler-plugin:3.10.1:compile (default-compile) @ auto-service-annotations ---
2022-03-15T21:06:06.6688564Z [INFO] Changes detected - recompiling the module!
2022-03-15T21:06:06.6693874Z [INFO] Compiling 1 source file to /home/runner/work/auto/auto/service/annotations/target/classes
2022-03-15T21:06:06.6779800Z [INFO] 
2022-03-15T21:06:06.6780530Z [INFO] --- maven-resources-plugin:2.6:testResources (default-testResources) @ auto-service-annotations ---
2022-03-15T21:06:06.6789434Z [INFO] Using 'UTF-8' encoding to copy filtered resources.
2022-03-15T21:06:06.6791075Z [INFO] skip non existing resourceDirectory /home/runner/work/auto/auto/service/annotations/src/test/resources
2022-03-15T21:06:06.6793143Z [INFO] 
2022-03-15T21:06:06.6795162Z [INFO] --- maven-compiler-plugin:3.10.1:testCompile (default-testCompile) @ auto-service-annotations ---
2022-03-15T21:06:06.6805221Z [INFO] No sources to compile
2022-03-15T21:06:06.6807290Z [INFO] 
2022-03-15T21:06:06.6808956Z [INFO] --- maven-surefire-plugin:2.12.4:test (default-test) @ auto-service-annotations ---
2022-03-15T21:06:06.6821687Z [INFO] No tests to run.
2022-03-15T21:06:06.6827846Z [INFO] 
2022-03-15T21:06:06.6829674Z [INFO] --- maven-jar-plugin:3.2.2:jar (default-jar) @ auto-service-annotations ---
2022-03-15T21:06:06.6863772Z [INFO] Building jar: /home/runner/work/auto/auto/service/annotations/target/auto-service-annotations-HEAD-SNAPSHOT.jar
2022-03-15T21:06:06.7107328Z [INFO] 
2022-03-15T21:06:06.7119251Z [INFO] ----------------< com.google.auto.service:auto-service >----------------
2022-03-15T21:06:06.7119818Z [INFO] Building AutoService Processor HEAD-SNAPSHOT                      [5/11]
2022-03-15T21:06:06.7120332Z [INFO] --------------------------------[ jar ]---------------------------------
2022-03-15T21:06:06.7120624Z [INFO] 
2022-03-15T21:06:06.7121053Z [INFO] --- maven-enforcer-plugin:1.0:enforce (enforce-maven) @ auto-service ---
2022-03-15T21:06:06.7121384Z [INFO] 
2022-03-15T21:06:06.7121854Z [INFO] --- maven-resources-plugin:2.6:resources (default-resources) @ auto-service ---
2022-03-15T21:06:06.7122339Z [INFO] Using 'UTF-8' encoding to copy filtered resources.
2022-03-15T21:06:06.7122643Z [INFO] Copying 2 resources
2022-03-15T21:06:06.7122870Z [INFO] 
2022-03-15T21:06:06.7123296Z [INFO] --- maven-compiler-plugin:3.10.1:compile (default-compile) @ auto-service ---
2022-03-15T21:06:06.7123763Z [INFO] Changes detected - recompiling the module!
2022-03-15T21:06:06.7124436Z [INFO] Compiling 3 source files to /home/runner/work/auto/auto/service/processor/target/classes
2022-03-15T21:06:06.7734205Z [INFO] 
2022-03-15T21:06:06.7736714Z [INFO] --- maven-resources-plugin:2.6:testResources (default-testResources) @ auto-service ---
2022-03-15T21:06:06.7747416Z [INFO] Using 'UTF-8' encoding to copy filtered resources.
2022-03-15T21:06:06.7757776Z [INFO] Copying 15 resources
2022-03-15T21:06:06.7779487Z [INFO] 
2022-03-15T21:06:06.7781749Z [INFO] --- maven-compiler-plugin:3.10.1:testCompile (default-testCompile) @ auto-service ---
2022-03-15T21:06:06.7801475Z [INFO] Changes detected - recompiling the module!
2022-03-15T21:06:06.7807936Z [INFO] Compiling 1 source file to /home/runner/work/auto/auto/service/processor/target/test-classes
2022-03-15T21:06:06.8138884Z [INFO] 
2022-03-15T21:06:06.8141275Z [INFO] --- maven-surefire-plugin:2.12.4:test (default-test) @ auto-service ---
2022-03-15T21:06:06.8167046Z [INFO] Surefire report directory: /home/runner/work/auto/auto/service/processor/target/surefire-reports
2022-03-15T21:06:06.8179367Z 
2022-03-15T21:06:06.8182278Z -------------------------------------------------------
2022-03-15T21:06:06.8185037Z  T E S T S
2022-03-15T21:06:06.8188204Z -------------------------------------------------------
2022-03-15T21:06:06.9922324Z Running com.google.auto.service.processor.AutoServiceProcessorTest
2022-03-15T21:06:07.8799686Z Tests run: 8, Failures: 0, Errors: 0, Skipped: 0, Time elapsed: 0.887 sec
2022-03-15T21:06:07.8973136Z 
2022-03-15T21:06:07.8974024Z Results :
2022-03-15T21:06:07.8974672Z 
2022-03-15T21:06:07.8974993Z Tests run: 8, Failures: 0, Errors: 0, Skipped: 0
2022-03-15T21:06:07.8975364Z 
2022-03-15T21:06:07.8977387Z [INFO] 
2022-03-15T21:06:07.8978295Z [INFO] --- maven-jar-plugin:3.2.2:jar (default-jar) @ auto-service ---
2022-03-15T21:06:07.9014198Z [INFO] Building jar: /home/runner/work/auto/auto/service/processor/target/auto-service-HEAD-SNAPSHOT.jar
2022-03-15T21:06:07.9410472Z [INFO] 
2022-03-15T21:06:07.9414236Z [INFO] --------------< com.google.auto.value:auto-value-parent >---------------
2022-03-15T21:06:07.9418355Z [INFO] Building AutoValue Parent HEAD-SNAPSHOT                           [6/11]
2022-03-15T21:06:07.9421796Z [INFO] --------------------------------[ pom ]---------------------------------
2022-03-15T21:06:07.9426483Z [INFO] 
2022-03-15T21:06:07.9429472Z [INFO] ------------< com.google.auto.value:auto-value-annotations >------------
2022-03-15T21:06:07.9432354Z [INFO] Building AutoValue Annotations HEAD-SNAPSHOT                      [7/11]
2022-03-15T21:06:07.9435162Z [INFO] --------------------------------[ jar ]---------------------------------
2022-03-15T21:06:07.9450887Z [INFO] 
2022-03-15T21:06:07.9454216Z [INFO] --- maven-resources-plugin:2.6:resources (default-resources) @ auto-value-annotations ---
2022-03-15T21:06:07.9468889Z [INFO] Using 'UTF-8' encoding to copy filtered resources.
2022-03-15T21:06:07.9472202Z [INFO] skip non existing resourceDirectory /home/runner/work/auto/auto/value/annotations/src/main/resources
2022-03-15T21:06:07.9476009Z [INFO] 
2022-03-15T21:06:07.9479213Z [INFO] --- maven-compiler-plugin:3.10.1:compile (default-compile) @ auto-value-annotations ---
2022-03-15T21:06:07.9529318Z [INFO] Changes detected - recompiling the module!
2022-03-15T21:06:07.9535724Z [INFO] Compiling 7 source files to /home/runner/work/auto/auto/value/annotations/target/classes
2022-03-15T21:06:07.9672195Z [WARNING] bootstrap class path not set in conjunction with -source 1.7
2022-03-15T21:06:07.9676105Z [INFO] 
2022-03-15T21:06:07.9679416Z [INFO] --- maven-resources-plugin:2.6:testResources (default-testResources) @ auto-value-annotations ---
2022-03-15T21:06:07.9688794Z [INFO] Using 'UTF-8' encoding to copy filtered resources.
2022-03-15T21:06:07.9691850Z [INFO] skip non existing resourceDirectory /home/runner/work/auto/auto/value/annotations/src/test/resources
2022-03-15T21:06:07.9695167Z [INFO] 
2022-03-15T21:06:07.9698150Z [INFO] --- maven-compiler-plugin:3.10.1:testCompile (default-testCompile) @ auto-value-annotations ---
2022-03-15T21:06:07.9711611Z [INFO] No sources to compile
2022-03-15T21:06:07.9715038Z [INFO] 
2022-03-15T21:06:07.9718221Z [INFO] --- maven-surefire-plugin:2.12.4:test (default-test) @ auto-value-annotations ---
2022-03-15T21:06:07.9732669Z [INFO] No tests to run.
2022-03-15T21:06:07.9738258Z [INFO] 
2022-03-15T21:06:07.9741276Z [INFO] --- maven-jar-plugin:3.2.2:jar (default-jar) @ auto-value-annotations ---
2022-03-15T21:06:07.9776589Z [INFO] Building jar: /home/runner/work/auto/auto/value/annotations/target/auto-value-annotations-HEAD-SNAPSHOT.jar
2022-03-15T21:06:07.9907223Z [INFO] 
2022-03-15T21:06:07.9908250Z [INFO] --- maven-invoker-plugin:3.2.2:install (integration-test) @ auto-value-annotations ---
2022-03-15T21:06:07.9913783Z [INFO] Installing /home/runner/work/auto/auto/value/pom.xml to /home/runner/.m2/repository/com/google/auto/value/auto-value-parent/HEAD-SNAPSHOT/auto-value-parent-HEAD-SNAPSHOT.pom
2022-03-15T21:06:07.9937972Z [INFO] Installing /home/runner/work/auto/auto/value/annotations/pom.xml to /home/runner/.m2/repository/com/google/auto/value/auto-value-annotations/HEAD-SNAPSHOT/auto-value-annotations-HEAD-SNAPSHOT.pom
2022-03-15T21:06:07.9968783Z [INFO] Installing /home/runner/work/auto/auto/value/annotations/target/auto-value-annotations-HEAD-SNAPSHOT.jar to /home/runner/.m2/repository/com/google/auto/value/auto-value-annotations/HEAD-SNAPSHOT/auto-value-annotations-HEAD-SNAPSHOT.jar
2022-03-15T21:06:07.9984346Z [INFO] 
2022-03-15T21:06:07.9987173Z [INFO] --- maven-invoker-plugin:3.2.2:run (integration-test) @ auto-value-annotations ---
2022-03-15T21:06:08.0002637Z [INFO] No projects were selected for execution.
2022-03-15T21:06:08.0004951Z [INFO] 
2022-03-15T21:06:08.0006739Z [INFO] ------------------< com.google.auto.value:auto-value >------------------
2022-03-15T21:06:08.0008572Z [INFO] Building AutoValue Processor HEAD-SNAPSHOT                        [8/11]
2022-03-15T21:06:08.0010672Z [INFO] --------------------------------[ jar ]---------------------------------
2022-03-15T21:06:08.0143605Z [INFO] 
2022-03-15T21:06:08.0145471Z [INFO] --- maven-resources-plugin:2.6:resources (default-resources) @ auto-value ---
2022-03-15T21:06:08.0153913Z [INFO] Using 'UTF-8' encoding to copy filtered resources.
2022-03-15T21:06:08.0170478Z [INFO] Copying 8 resources
2022-03-15T21:06:08.0173990Z [INFO] 
2022-03-15T21:06:08.0175883Z [INFO] --- maven-compiler-plugin:3.10.1:compile (default-compile) @ auto-value ---
2022-03-15T21:06:08.0276769Z [INFO] Nothing to compile - all classes are up to date
2022-03-15T21:06:08.0279211Z [INFO] 
2022-03-15T21:06:08.0281119Z [INFO] --- maven-resources-plugin:2.6:testResources (default-testResources) @ auto-value ---
2022-03-15T21:06:08.0289791Z [INFO] Using 'UTF-8' encoding to copy filtered resources.
2022-03-15T21:06:08.0291727Z [INFO] skip non existing resourceDirectory /home/runner/work/auto/auto/value/processor/src/test/resources
2022-03-15T21:06:08.0294107Z [INFO] 
2022-03-15T21:06:08.0295954Z [INFO] --- maven-compiler-plugin:3.10.1:testCompile (default-testCompile) @ auto-value ---
2022-03-15T21:06:08.0591057Z [INFO] Changes detected - recompiling the module!
2022-03-15T21:06:08.0597442Z [INFO] Compiling 39 source files to /home/runner/work/auto/auto/value/processor/target/test-classes
2022-03-15T21:06:09.7444411Z [WARNING] No processor claimed any of these annotations: org.junit.BeforeClass,javax.annotation.processing.SupportedOptions,org.mockito.Mock,org.junit.runner.RunWith,org.junit.runners.Parameterized.Parameters,com.google.auto.value.extension.serializable.SerializableAutoValue,javax.annotation.processing.SupportedAnnotationTypes,com.google.errorprone.annotations.Immutable,com.google.errorprone.annotations.ImmutableTypeParameter,org.junit.ClassRule,javax.annotation.Nullable,org.junit.Before,com.google.auto.value.AutoValue.Builder,com.google.auto.value.extension.memoized.Memoized,org.junit.Test,com.google.auto.value.AutoValue.CopyAnnotations,org.junit.Rule,com.google.auto.service.AutoService,com.google.auto.value.extension.toprettystring.ToPrettyString,com.google.auto.value.AutoValue
2022-03-15T21:06:09.7462973Z [WARNING] No processor claimed any of these annotations: javax.annotation.Generated,com.google.errorprone.annotations.Immutable,com.google.errorprone.annotations.ImmutableTypeParameter,javax.annotation.Nullable,com.google.errorprone.annotations.concurrent.LazyInit
2022-03-15T21:06:09.7478672Z [WARNING] The following options were not recognized by any processor: '[allowedMissingSerializableExtensionClasses]'
2022-03-15T21:06:09.7482321Z [WARNING] /home/runner/work/auto/auto/value/src/test/java/com/google/auto/value/extension/memoized/MemoizedTest.java:[162,16] serializable class com.google.auto.value.extension.memoized.MemoizedTest.SomeCheckedException has no definition of serialVersionUID
2022-03-15T21:06:09.7486615Z [WARNING] /home/runner/work/auto/auto/value/src/test/java/com/google/auto/value/extension/serializable/processor/SerializableAutoValueExtensionTest.java:[46,19] serializable class com.google.auto.value.extension.serializable.processor.SerializableAutoValueExtensionTest.DummySerializableAutoValue has no definition of serialVersionUID
2022-03-15T21:06:09.7491059Z [WARNING] /home/runner/work/auto/auto/value/src/test/java/com/google/auto/value/extension/serializable/processor/SerializableAutoValueExtensionTest.java:[150,19] serializable class com.google.auto.value.extension.serializable.processor.SerializableAutoValueExtensionTest.PrefixSerializableAutoValue has no definition of serialVersionUID
2022-03-15T21:06:09.7494831Z [WARNING] /home/runner/work/auto/auto/value/src/test/java/com/google/auto/value/extension/serializable/processor/SerializableAutoValueExtensionTest.java:[219,19] serializable class com.google.auto.value.extension.serializable.processor.SerializableAutoValueExtensionTest.NotSerializableNoAnnotation has no definition of serialVersionUID
2022-03-15T21:06:09.7498376Z [WARNING] /home/runner/work/auto/auto/value/src/test/java/com/google/auto/value/extension/serializable/processor/SerializableAutoValueExtensionTest.java:[241,19] serializable class com.google.auto.value.extension.serializable.processor.SerializableAutoValueExtensionTest.HasTypeParameters has no definition of serialVersionUID
2022-03-15T21:06:09.7502064Z [WARNING] /home/runner/work/auto/auto/value/src/test/java/com/google/auto/value/extension/serializable/processor/SerializableAutoValueExtensionTest.java:[300,19] serializable class com.google.auto.value.extension.serializable.processor.SerializableAutoValueExtensionTest.ImmutableListSerializableAutoValue has no definition of serialVersionUID
2022-03-15T21:06:09.7505677Z [WARNING] /home/runner/work/auto/auto/value/src/test/java/com/google/auto/value/extension/serializable/processor/SerializableAutoValueExtensionTest.java:[341,19] serializable class com.google.auto.value.extension.serializable.processor.SerializableAutoValueExtensionTest.ImmutableMapSerializableAutoValue has no definition of serialVersionUID
2022-03-15T21:06:09.7509550Z [WARNING] /home/runner/work/auto/auto/value/src/test/java/com/google/auto/value/extension/serializable/processor/SerializableAutoValueExtensionTest.java:[391,19] serializable class com.google.auto.value.extension.serializable.processor.SerializableAutoValueExtensionTest.MultiplePropertiesSameType has no definition of serialVersionUID
2022-03-15T21:06:09.7517402Z [WARNING] /home/runner/work/auto/auto/value/src/test/java/com/google/auto/value/extension/serializable/processor/SerializableAutoValueExtensionTest.java:[427,19] serializable class com.google.auto.value.extension.serializable.processor.SerializableAutoValueExtensionTest.ComplexType has no definition of serialVersionUID
2022-03-15T21:06:09.7521154Z [WARNING] /home/runner/work/auto/auto/value/src/test/java/com/google/auto/value/extension/serializable/processor/SerializableAutoValueExtensionTest.java:[460,19] serializable class com.google.auto.value.extension.serializable.processor.SerializableAutoValueExtensionTest.SerializeMemoize has no definition of serialVersionUID
2022-03-15T21:06:09.7524866Z [WARNING] /home/runner/work/auto/auto/value/src/test/java/com/google/auto/value/extension/toprettystring/ToPrettyStringTest.java:[894,12] serializable class com.google.auto.value.extension.toprettystring.ToPrettyStringTest.CollectionSubtypesWithFixedTypeParameters.StringList has no definition of serialVersionUID
2022-03-15T21:06:09.7528619Z [WARNING] /home/runner/work/auto/auto/value/src/test/java/com/google/auto/value/extension/toprettystring/ToPrettyStringTest.java:[896,12] serializable class com.google.auto.value.extension.toprettystring.ToPrettyStringTest.CollectionSubtypesWithFixedTypeParameters.StringMap has no definition of serialVersionUID
2022-03-15T21:06:09.7532544Z [WARNING] /home/runner/work/auto/auto/value/processor/target/generated-test-sources/test-annotations/com/google/auto/value/extension/serializable/processor/$AutoValue_SerializableAutoValueExtensionTest_DummySerializableAutoValue.java:[7,10] serializable class com.google.auto.value.extension.serializable.processor.$AutoValue_SerializableAutoValueExtensionTest_DummySerializableAutoValue has no definition of serialVersionUID
2022-03-15T21:06:09.7547083Z [WARNING] /home/runner/work/auto/auto/value/processor/target/generated-test-sources/test-annotations/com/google/auto/value/extension/serializable/processor/AutoValue_SerializableAutoValueExtensionTest_DummySerializableAutoValue.java:[12,7] serializable class com.google.auto.value.extension.serializable.processor.AutoValue_SerializableAutoValueExtensionTest_DummySerializableAutoValue has no definition of serialVersionUID
2022-03-15T21:06:09.7549448Z [WARNING] /home/runner/work/auto/auto/value/processor/target/generated-test-sources/test-annotations/com/google/auto/value/extension/serializable/processor/$AutoValue_SerializableAutoValueExtensionTest_PrefixSerializableAutoValue.java:[7,10] serializable class com.google.auto.value.extension.serializable.processor.$AutoValue_SerializableAutoValueExtensionTest_PrefixSerializableAutoValue has no definition of serialVersionUID
2022-03-15T21:06:09.7551593Z [WARNING] /home/runner/work/auto/auto/value/processor/target/generated-test-sources/test-annotations/com/google/auto/value/extension/serializable/processor/AutoValue_SerializableAutoValueExtensionTest_PrefixSerializableAutoValue.java:[12,7] serializable class com.google.auto.value.extension.serializable.processor.AutoValue_SerializableAutoValueExtensionTest_PrefixSerializableAutoValue has no definition of serialVersionUID
2022-03-15T21:06:09.7553737Z [WARNING] /home/runner/work/auto/auto/value/processor/target/generated-test-sources/test-annotations/com/google/auto/value/extension/serializable/processor/AutoValue_SerializableAutoValueExtensionTest_NotSerializableNoAnnotation.java:[7,7] serializable class com.google.auto.value.extension.serializable.processor.AutoValue_SerializableAutoValueExtensionTest_NotSerializableNoAnnotation has no definition of serialVersionUID
2022-03-15T21:06:09.7555789Z [WARNING] /home/runner/work/auto/auto/value/processor/target/generated-test-sources/test-annotations/com/google/auto/value/extension/serializable/processor/$AutoValue_SerializableAutoValueExtensionTest_HasTypeParameters.java:[8,10] serializable class com.google.auto.value.extension.serializable.processor.$AutoValue_SerializableAutoValueExtensionTest_HasTypeParameters has no definition of serialVersionUID
2022-03-15T21:06:09.7557838Z [WARNING] /home/runner/work/auto/auto/value/processor/target/generated-test-sources/test-annotations/com/google/auto/value/extension/serializable/processor/AutoValue_SerializableAutoValueExtensionTest_HasTypeParameters.java:[10,7] serializable class com.google.auto.value.extension.serializable.processor.AutoValue_SerializableAutoValueExtensionTest_HasTypeParameters has no definition of serialVersionUID
2022-03-15T21:06:09.7587602Z [WARNING] /home/runner/work/auto/auto/value/processor/target/generated-test-sources/test-annotations/com/google/auto/value/extension/serializable/processor/$AutoValue_SerializableAutoValueExtensionTest_ImmutableListSerializableAutoValue.java:[8,10] serializable class com.google.auto.value.extension.serializable.processor.$AutoValue_SerializableAutoValueExtensionTest_ImmutableListSerializableAutoValue has no definition of serialVersionUID
2022-03-15T21:06:09.7590070Z [WARNING] /home/runner/work/auto/auto/value/processor/target/generated-test-sources/test-annotations/com/google/auto/value/extension/serializable/processor/AutoValue_SerializableAutoValueExtensionTest_ImmutableListSerializableAutoValue.java:[13,7] serializable class com.google.auto.value.extension.serializable.processor.AutoValue_SerializableAutoValueExtensionTest_ImmutableListSerializableAutoValue has no definition of serialVersionUID
2022-03-15T21:06:09.7592302Z [WARNING] /home/runner/work/auto/auto/value/processor/target/generated-test-sources/test-annotations/com/google/auto/value/extension/serializable/processor/$AutoValue_SerializableAutoValueExtensionTest_ImmutableMapSerializableAutoValue.java:[8,10] serializable class com.google.auto.value.extension.serializable.processor.$AutoValue_SerializableAutoValueExtensionTest_ImmutableMapSerializableAutoValue has no definition of serialVersionUID
2022-03-15T21:06:09.7594503Z [WARNING] /home/runner/work/auto/auto/value/processor/target/generated-test-sources/test-annotations/com/google/auto/value/extension/serializable/processor/AutoValue_SerializableAutoValueExtensionTest_ImmutableMapSerializableAutoValue.java:[13,7] serializable class com.google.auto.value.extension.serializable.processor.AutoValue_SerializableAutoValueExtensionTest_ImmutableMapSerializableAutoValue has no definition of serialVersionUID
2022-03-15T21:06:09.7596753Z [WARNING] /home/runner/work/auto/auto/value/processor/target/generated-test-sources/test-annotations/com/google/auto/value/extension/serializable/processor/$AutoValue_SerializableAutoValueExtensionTest_MultiplePropertiesSameType.java:[6,10] serializable class com.google.auto.value.extension.serializable.processor.$AutoValue_SerializableAutoValueExtensionTest_MultiplePropertiesSameType has no definition of serialVersionUID
2022-03-15T21:06:09.7599172Z [WARNING] /home/runner/work/auto/auto/value/processor/target/generated-test-sources/test-annotations/com/google/auto/value/extension/serializable/processor/AutoValue_SerializableAutoValueExtensionTest_MultiplePropertiesSameType.java:[10,7] serializable class com.google.auto.value.extension.serializable.processor.AutoValue_SerializableAutoValueExtensionTest_MultiplePropertiesSameType has no definition of serialVersionUID
2022-03-15T21:06:09.7601383Z [WARNING] /home/runner/work/auto/auto/value/processor/target/generated-test-sources/test-annotations/com/google/auto/value/extension/serializable/processor/$AutoValue_SerializableAutoValueExtensionTest_ComplexType.java:[8,10] serializable class com.google.auto.value.extension.serializable.processor.$AutoValue_SerializableAutoValueExtensionTest_ComplexType has no definition of serialVersionUID
2022-03-15T21:06:09.7603315Z [WARNING] /home/runner/work/auto/auto/value/processor/target/generated-test-sources/test-annotations/com/google/auto/value/extension/serializable/processor/AutoValue_SerializableAutoValueExtensionTest_ComplexType.java:[13,7] serializable class com.google.auto.value.extension.serializable.processor.AutoValue_SerializableAutoValueExtensionTest_ComplexType has no definition of serialVersionUID
2022-03-15T21:06:09.7605260Z [WARNING] /home/runner/work/auto/auto/value/processor/target/generated-test-sources/test-annotations/com/google/auto/value/extension/serializable/processor/$$AutoValue_SerializableAutoValueExtensionTest_SerializeMemoize.java:[7,10] serializable class com.google.auto.value.extension.serializable.processor.$$AutoValue_SerializableAutoValueExtensionTest_SerializeMemoize has no definition of serialVersionUID
2022-03-15T21:06:09.7607232Z [WARNING] /home/runner/work/auto/auto/value/processor/target/generated-test-sources/test-annotations/com/google/auto/value/extension/serializable/processor/$AutoValue_SerializableAutoValueExtensionTest_SerializeMemoize.java:[11,10] serializable class com.google.auto.value.extension.serializable.processor.$AutoValue_SerializableAutoValueExtensionTest_SerializeMemoize has no definition of serialVersionUID
2022-03-15T21:06:09.7609257Z [WARNING] /home/runner/work/auto/auto/value/processor/target/generated-test-sources/test-annotations/com/google/auto/value/extension/serializable/processor/AutoValue_SerializableAutoValueExtensionTest_SerializeMemoize.java:[11,7] serializable class com.google.auto.value.extension.serializable.processor.AutoValue_SerializableAutoValueExtensionTest_SerializeMemoize has no definition of serialVersionUID
2022-03-15T21:06:09.7610160Z [INFO] 
2022-03-15T21:06:09.7610583Z [INFO] --- maven-surefire-plugin:2.22.2:test (default-test) @ auto-value ---
2022-03-15T21:06:09.7812562Z [INFO] 
2022-03-15T21:06:09.7815703Z [INFO] -------------------------------------------------------
2022-03-15T21:06:09.7820216Z [INFO]  T E S T S
2022-03-15T21:06:09.7823343Z [INFO] -------------------------------------------------------
2022-03-15T21:06:10.0738897Z [INFO] Running com.google.auto.value.processor.NullablesTest
2022-03-15T21:06:10.2121398Z [WARNING] Tests run: 1, Failures: 0, Errors: 0, Skipped: 1, Time elapsed: 0.133 s - in com.google.auto.value.processor.NullablesTest
2022-03-15T21:06:10.2122065Z [INFO] Running com.google.auto.value.processor.AutoAnnotationErrorsTest
2022-03-15T21:06:11.2091180Z [INFO] Tests run: 11, Failures: 0, Errors: 0, Skipped: 0, Time elapsed: 0.996 s - in com.google.auto.value.processor.AutoAnnotationErrorsTest
2022-03-15T21:06:11.2092125Z [INFO] Running com.google.auto.value.processor.ExtensionTest
2022-03-15T21:06:12.4428608Z [INFO] Tests run: 28, Failures: 0, Errors: 0, Skipped: 0, Time elapsed: 1.232 s - in com.google.auto.value.processor.ExtensionTest
2022-03-15T21:06:12.4441330Z [INFO] Running com.google.auto.value.processor.GuavaCollectionBuildersTest
2022-03-15T21:06:12.6868288Z [INFO] Tests run: 1, Failures: 0, Errors: 0, Skipped: 0, Time elapsed: 0.236 s - in com.google.auto.value.processor.GuavaCollectionBuildersTest
2022-03-15T21:06:12.6882539Z [INFO] Running com.google.auto.value.processor.AutoBuilderCompilationTest
2022-03-15T21:06:13.0988856Z [WARNING] Tests run: 27, Failures: 0, Errors: 0, Skipped: 1, Time elapsed: 0.413 s - in com.google.auto.value.processor.AutoBuilderCompilationTest
2022-03-15T21:06:13.0998576Z [INFO] Running com.google.auto.value.processor.GeneratedDoesNotExistTest
2022-03-15T21:06:13.1639865Z [INFO] Tests run: 1, Failures: 0, Errors: 0, Skipped: 0, Time elapsed: 0.066 s - in com.google.auto.value.processor.GeneratedDoesNotExistTest
2022-03-15T21:06:13.1645851Z [INFO] Running com.google.auto.value.processor.PropertyAnnotationsTest
2022-03-15T21:06:14.2728969Z [INFO] Tests run: 22, Failures: 0, Errors: 0, Skipped: 0, Time elapsed: 1.107 s - in com.google.auto.value.processor.PropertyAnnotationsTest
2022-03-15T21:06:14.2779413Z [INFO] Running com.google.auto.value.processor.PropertyNamesTest
2022-03-15T21:06:14.2811618Z [INFO] Tests run: 2, Failures: 0, Errors: 0, Skipped: 0, Time elapsed: 0.002 s - in com.google.auto.value.processor.PropertyNamesTest
2022-03-15T21:06:14.2815380Z [INFO] Running com.google.auto.value.processor.TypeSimplifierTest
2022-03-15T21:06:14.3503680Z [INFO] Tests run: 6, Failures: 0, Errors: 0, Skipped: 0, Time elapsed: 0.065 s - in com.google.auto.value.processor.TypeSimplifierTest
2022-03-15T21:06:14.3508269Z [INFO] Running com.google.auto.value.processor.SimplifyWithAnnotationsTest
2022-03-15T21:06:14.3698787Z SKIPPING TEST BECAUSE OF BUGGY COMPILER
2022-03-15T21:06:14.3716953Z [INFO] Tests run: 1, Failures: 0, Errors: 0, Skipped: 0, Time elapsed: 0.02 s - in com.google.auto.value.processor.SimplifyWithAnnotationsTest
2022-03-15T21:06:14.3727429Z [INFO] Running com.google.auto.value.processor.AutoOneOfCompilationTest
2022-03-15T21:06:14.6381721Z [INFO] Tests run: 11, Failures: 0, Errors: 0, Skipped: 0, Time elapsed: 0.264 s - in com.google.auto.value.processor.AutoOneOfCompilationTest
2022-03-15T21:06:14.6391299Z [INFO] Running com.google.auto.value.processor.IncrementalExtensionTest
2022-03-15T21:06:14.6494696Z [INFO] Tests run: 3, Failures: 0, Errors: 0, Skipped: 0, Time elapsed: 0.009 s - in com.google.auto.value.processor.IncrementalExtensionTest
2022-03-15T21:06:14.6519789Z [INFO] Running com.google.auto.value.processor.JavaScannerTest
2022-03-15T21:06:14.6555714Z [INFO] Tests run: 1, Failures: 0, Errors: 0, Skipped: 0, Time elapsed: 0.003 s - in com.google.auto.value.processor.JavaScannerTest
2022-03-15T21:06:14.6557111Z [INFO] Running com.google.auto.value.processor.SimpleServiceLoaderTest
2022-03-15T21:06:14.6862579Z [INFO] Tests run: 10, Failures: 0, Errors: 0, Skipped: 0, Time elapsed: 0.03 s - in com.google.auto.value.processor.SimpleServiceLoaderTest
2022-03-15T21:06:14.6875018Z [INFO] Running com.google.auto.value.processor.TypeEncoderTest
2022-03-15T21:06:14.8571981Z [INFO] Tests run: 15, Failures: 0, Errors: 0, Skipped: 0, Time elapsed: 0.168 s - in com.google.auto.value.processor.TypeEncoderTest
2022-03-15T21:06:14.8590224Z [INFO] Running com.google.auto.value.processor.ReformatterTest
2022-03-15T21:06:14.8610773Z [INFO] Tests run: 4, Failures: 0, Errors: 0, Skipped: 0, Time elapsed: 0.002 s - in com.google.auto.value.processor.ReformatterTest
2022-03-15T21:06:14.8614821Z [INFO] Running com.google.auto.value.processor.AutoAnnotationCompilationTest
2022-03-15T21:06:15.0201991Z [INFO] Tests run: 5, Failures: 0, Errors: 0, Skipped: 0, Time elapsed: 0.157 s - in com.google.auto.value.processor.AutoAnnotationCompilationTest
2022-03-15T21:06:15.0207575Z [INFO] Running com.google.auto.value.processor.TypeVariablesTest
2022-03-15T21:06:15.0494174Z [INFO] Tests run: 5, Failures: 0, Errors: 0, Skipped: 0, Time elapsed: 0.028 s - in com.google.auto.value.processor.TypeVariablesTest
2022-03-15T21:06:15.0506210Z [INFO] Running com.google.auto.value.processor.AutoValueCompilationTest
2022-03-15T21:06:16.8403919Z [INFO] Tests run: 89, Failures: 0, Errors: 0, Skipped: 0, Time elapsed: 1.788 s - in com.google.auto.value.processor.AutoValueCompilationTest
2022-03-15T21:06:16.8430539Z [INFO] Running com.google.auto.value.processor.TemplateVarsTest
2022-03-15T21:06:17.0647426Z [INFO] Tests run: 9, Failures: 0, Errors: 0, Skipped: 0, Time elapsed: 0.221 s - in com.google.auto.value.processor.TemplateVarsTest
2022-03-15T21:06:17.0667486Z [INFO] Running com.google.auto.value.processor.BuilderRequiredPropertiesTest
2022-03-15T21:06:17.0972212Z [INFO] Tests run: 14, Failures: 0, Errors: 0, Skipped: 0, Time elapsed: 0.031 s - in com.google.auto.value.processor.BuilderRequiredPropertiesTest
2022-03-15T21:06:17.0985294Z [INFO] Running com.google.auto.value.extension.serializable.serializer.SerializerFactoryLoaderTest
2022-03-15T21:06:17.5289629Z [MockitoHint] SerializerFactoryLoaderTest.getFactory_extensionsLoaded (see javadoc for MockitoHint):
2022-03-15T21:06:17.5290934Z [MockitoHint] 1. Unused -> at com.google.auto.value.extension.serializable.serializer.utils.CompilationAbstractTest.setUp(CompilationAbstractTest.java:56)
2022-03-15T21:06:17.5292142Z [MockitoHint] 2. Unused -> at com.google.auto.value.extension.serializable.serializer.utils.CompilationAbstractTest.setUp(CompilationAbstractTest.java:57)
2022-03-15T21:06:17.5293347Z [MockitoHint] 3. Unused -> at com.google.auto.value.extension.serializable.serializer.utils.CompilationAbstractTest.setUp(CompilationAbstractTest.java:58)
2022-03-15T21:06:17.5294042Z 
2022-03-15T21:06:17.5319711Z [INFO] Tests run: 1, Failures: 0, Errors: 0, Skipped: 0, Time elapsed: 0.432 s - in com.google.auto.value.extension.serializable.serializer.SerializerFactoryLoaderTest
2022-03-15T21:06:17.5321476Z [INFO] Running com.google.auto.value.extension.serializable.serializer.impl.ImmutableMapSerializerExtensionTest
2022-03-15T21:06:17.5515358Z [MockitoHint] ImmutableMapSerializerExtensionTest.toProxy (see javadoc for MockitoHint):
2022-03-15T21:06:17.5516605Z [MockitoHint] 1. Unused -> at com.google.auto.value.extension.serializable.serializer.utils.CompilationAbstractTest.setUp(CompilationAbstractTest.java:56)
2022-03-15T21:06:17.5517942Z [MockitoHint] 2. Unused -> at com.google.auto.value.extension.serializable.serializer.utils.CompilationAbstractTest.setUp(CompilationAbstractTest.java:57)
2022-03-15T21:06:17.5519639Z [MockitoHint] 3. Unused -> at com.google.auto.value.extension.serializable.serializer.utils.CompilationAbstractTest.setUp(CompilationAbstractTest.java:58)
2022-03-15T21:06:17.5520202Z 
2022-03-15T21:06:17.5625391Z [MockitoHint] ImmutableMapSerializerExtensionTest.getSerializer_immutableMapWithSerializableContainedTypes_emptyReturned (see javadoc for MockitoHint):
2022-03-15T21:06:17.5626966Z [MockitoHint] 1. Unused -> at com.google.auto.value.extension.serializable.serializer.utils.CompilationAbstractTest.setUp(CompilationAbstractTest.java:56)
2022-03-15T21:06:17.5628269Z [MockitoHint] 2. Unused -> at com.google.auto.value.extension.serializable.serializer.utils.CompilationAbstractTest.setUp(CompilationAbstractTest.java:57)
2022-03-15T21:06:17.5629543Z [MockitoHint] 3. Unused -> at com.google.auto.value.extension.serializable.serializer.utils.CompilationAbstractTest.setUp(CompilationAbstractTest.java:58)
2022-03-15T21:06:17.5630117Z 
2022-03-15T21:06:17.5742794Z [MockitoHint] ImmutableMapSerializerExtensionTest.fromProxy (see javadoc for MockitoHint):
2022-03-15T21:06:17.5744047Z [MockitoHint] 1. Unused -> at com.google.auto.value.extension.serializable.serializer.utils.CompilationAbstractTest.setUp(CompilationAbstractTest.java:56)
2022-03-15T21:06:17.5745262Z [MockitoHint] 2. Unused -> at com.google.auto.value.extension.serializable.serializer.utils.CompilationAbstractTest.setUp(CompilationAbstractTest.java:57)
2022-03-15T21:06:17.5747047Z [MockitoHint] 3. Unused -> at com.google.auto.value.extension.serializable.serializer.utils.CompilationAbstractTest.setUp(CompilationAbstractTest.java:58)
2022-03-15T21:06:17.5747582Z 
2022-03-15T21:06:17.5870060Z [MockitoHint] ImmutableMapSerializerExtensionTest.getSerializer_immutableMap_serializerReturned (see javadoc for MockitoHint):
2022-03-15T21:06:17.5871249Z [MockitoHint] 1. Unused -> at com.google.auto.value.extension.serializable.serializer.utils.CompilationAbstractTest.setUp(CompilationAbstractTest.java:56)
2022-03-15T21:06:17.5872482Z [MockitoHint] 2. Unused -> at com.google.auto.value.extension.serializable.serializer.utils.CompilationAbstractTest.setUp(CompilationAbstractTest.java:57)
2022-03-15T21:06:17.5873666Z [MockitoHint] 3. Unused -> at com.google.auto.value.extension.serializable.serializer.utils.CompilationAbstractTest.setUp(CompilationAbstractTest.java:58)
2022-03-15T21:06:17.5874186Z 
2022-03-15T21:06:17.5949796Z [MockitoHint] ImmutableMapSerializerExtensionTest.getSerializer_nonImmutableMap_emptyReturned (see javadoc for MockitoHint):
2022-03-15T21:06:17.5951044Z [MockitoHint] 1. Unused -> at com.google.auto.value.extension.serializable.serializer.utils.CompilationAbstractTest.setUp(CompilationAbstractTest.java:56)
2022-03-15T21:06:17.5952754Z [MockitoHint] 2. Unused -> at com.google.auto.value.extension.serializable.serializer.utils.CompilationAbstractTest.setUp(CompilationAbstractTest.java:57)
2022-03-15T21:06:17.5954039Z [MockitoHint] 3. Unused -> at com.google.auto.value.extension.serializable.serializer.utils.CompilationAbstractTest.setUp(CompilationAbstractTest.java:58)
2022-03-15T21:06:17.5954604Z 
2022-03-15T21:06:17.6075244Z [MockitoHint] ImmutableMapSerializerExtensionTest.proxyFieldType (see javadoc for MockitoHint):
2022-03-15T21:06:17.6076368Z [MockitoHint] 1. Unused -> at com.google.auto.value.extension.serializable.serializer.utils.CompilationAbstractTest.setUp(CompilationAbstractTest.java:58)
2022-03-15T21:06:17.6076902Z 
2022-03-15T21:06:17.6105909Z [INFO] Tests run: 6, Failures: 0, Errors: 0, Skipped: 0, Time elapsed: 0.077 s - in com.google.auto.value.extension.serializable.serializer.impl.ImmutableMapSerializerExtensionTest
2022-03-15T21:06:17.6110228Z [INFO] Running com.google.auto.value.extension.serializable.serializer.impl.IdentitySerializerFactoryTest
2022-03-15T21:06:17.6160368Z [MockitoHint] IdentitySerializerFactoryTest.isIdentity (see javadoc for MockitoHint):
2022-03-15T21:06:17.6161434Z [MockitoHint] 1. Unused -> at com.google.auto.value.extension.serializable.serializer.utils.CompilationAbstractTest.setUp(CompilationAbstractTest.java:56)
2022-03-15T21:06:17.6162860Z [MockitoHint] 2. Unused -> at com.google.auto.value.extension.serializable.serializer.utils.CompilationAbstractTest.setUp(CompilationAbstractTest.java:57)
2022-03-15T21:06:17.6164029Z [MockitoHint] 3. Unused -> at com.google.auto.value.extension.serializable.serializer.utils.CompilationAbstractTest.setUp(CompilationAbstractTest.java:58)
2022-03-15T21:06:17.6164550Z 
2022-03-15T21:06:17.6242699Z [MockitoHint] IdentitySerializerFactoryTest.fromProxy_isUnchanged (see javadoc for MockitoHint):
2022-03-15T21:06:17.6244096Z [MockitoHint] 1. Unused -> at com.google.auto.value.extension.serializable.serializer.utils.CompilationAbstractTest.setUp(CompilationAbstractTest.java:56)
2022-03-15T21:06:17.6245587Z [MockitoHint] 2. Unused -> at com.google.auto.value.extension.serializable.serializer.utils.CompilationAbstractTest.setUp(CompilationAbstractTest.java:57)
2022-03-15T21:06:17.6247102Z [MockitoHint] 3. Unused -> at com.google.auto.value.extension.serializable.serializer.utils.CompilationAbstractTest.setUp(CompilationAbstractTest.java:58)
2022-03-15T21:06:17.6247899Z 
2022-03-15T21:06:17.6311498Z [MockitoHint] IdentitySerializerFactoryTest.toProxy_isUnchanged (see javadoc for MockitoHint):
2022-03-15T21:06:17.6312566Z [MockitoHint] 1. Unused -> at com.google.auto.value.extension.serializable.serializer.utils.CompilationAbstractTest.setUp(CompilationAbstractTest.java:56)
2022-03-15T21:06:17.6314010Z [MockitoHint] 2. Unused -> at com.google.auto.value.extension.serializable.serializer.utils.CompilationAbstractTest.setUp(CompilationAbstractTest.java:57)
2022-03-15T21:06:17.6315210Z [MockitoHint] 3. Unused -> at com.google.auto.value.extension.serializable.serializer.utils.CompilationAbstractTest.setUp(CompilationAbstractTest.java:58)
2022-03-15T21:06:17.6315734Z 
2022-03-15T21:06:17.6387207Z [MockitoHint] IdentitySerializerFactoryTest.proxyFieldType_isUnchanged (see javadoc for MockitoHint):
2022-03-15T21:06:17.6388615Z [MockitoHint] 1. Unused -> at com.google.auto.value.extension.serializable.serializer.utils.CompilationAbstractTest.setUp(CompilationAbstractTest.java:56)
2022-03-15T21:06:17.6390013Z [MockitoHint] 2. Unused -> at com.google.auto.value.extension.serializable.serializer.utils.CompilationAbstractTest.setUp(CompilationAbstractTest.java:57)
2022-03-15T21:06:17.6391317Z [MockitoHint] 3. Unused -> at com.google.auto.value.extension.serializable.serializer.utils.CompilationAbstractTest.setUp(CompilationAbstractTest.java:58)
2022-03-15T21:06:17.6392009Z 
2022-03-15T21:06:17.6428073Z [INFO] Tests run: 4, Failures: 0, Errors: 0, Skipped: 0, Time elapsed: 0.03 s - in com.google.auto.value.extension.serializable.serializer.impl.IdentitySerializerFactoryTest
2022-03-15T21:06:17.6467146Z [INFO] Running com.google.auto.value.extension.serializable.serializer.impl.ImmutableListSerializerExtensionTest
2022-03-15T21:06:17.6553891Z [MockitoHint] ImmutableListSerializerExtensionTest.getSerializer_nonImmutableList_emptyReturned (see javadoc for MockitoHint):
2022-03-15T21:06:17.6555453Z [MockitoHint] 1. Unused -> at com.google.auto.value.extension.serializable.serializer.utils.CompilationAbstractTest.setUp(CompilationAbstractTest.java:56)
2022-03-15T21:06:17.6556959Z [MockitoHint] 2. Unused -> at com.google.auto.value.extension.serializable.serializer.utils.CompilationAbstractTest.setUp(CompilationAbstractTest.java:57)
2022-03-15T21:06:17.6558355Z [MockitoHint] 3. Unused -> at com.google.auto.value.extension.serializable.serializer.utils.CompilationAbstractTest.setUp(CompilationAbstractTest.java:58)
2022-03-15T21:06:17.6559192Z 
2022-03-15T21:06:17.6669819Z [MockitoHint] ImmutableListSerializerExtensionTest.getSerializer_immutableList_serializerReturned (see javadoc for MockitoHint):
2022-03-15T21:06:17.6671202Z [MockitoHint] 1. Unused -> at com.google.auto.value.extension.serializable.serializer.utils.CompilationAbstractTest.setUp(CompilationAbstractTest.java:56)
2022-03-15T21:06:17.6672865Z [MockitoHint] 2. Unused -> at com.google.auto.value.extension.serializable.serializer.utils.CompilationAbstractTest.setUp(CompilationAbstractTest.java:57)
2022-03-15T21:06:17.6674169Z [MockitoHint] 3. Unused -> at com.google.auto.value.extension.serializable.serializer.utils.CompilationAbstractTest.setUp(CompilationAbstractTest.java:58)
2022-03-15T21:06:17.6674906Z 
2022-03-15T21:06:17.6775600Z [MockitoHint] ImmutableListSerializerExtensionTest.toProxy (see javadoc for MockitoHint):
2022-03-15T21:06:17.6776960Z [MockitoHint] 1. Unused -> at com.google.auto.value.extension.serializable.serializer.utils.CompilationAbstractTest.setUp(CompilationAbstractTest.java:56)
2022-03-15T21:06:17.6778325Z [MockitoHint] 2. Unused -> at com.google.auto.value.extension.serializable.serializer.utils.CompilationAbstractTest.setUp(CompilationAbstractTest.java:57)
2022-03-15T21:06:17.6779686Z [MockitoHint] 3. Unused -> at com.google.auto.value.extension.serializable.serializer.utils.CompilationAbstractTest.setUp(CompilationAbstractTest.java:58)
2022-03-15T21:06:17.6780417Z 
2022-03-15T21:06:17.6882562Z [MockitoHint] ImmutableListSerializerExtensionTest.getSerializer_immutableListWithSerializableContainedType_emptyReturned (see javadoc for MockitoHint):
2022-03-15T21:06:17.6884118Z [MockitoHint] 1. Unused -> at com.google.auto.value.extension.serializable.serializer.utils.CompilationAbstractTest.setUp(CompilationAbstractTest.java:56)
2022-03-15T21:06:17.6885856Z [MockitoHint] 2. Unused -> at com.google.auto.value.extension.serializable.serializer.utils.CompilationAbstractTest.setUp(CompilationAbstractTest.java:57)
2022-03-15T21:06:17.6887463Z [MockitoHint] 3. Unused -> at com.google.auto.value.extension.serializable.serializer.utils.CompilationAbstractTest.setUp(CompilationAbstractTest.java:58)
2022-03-15T21:06:17.6890384Z 
2022-03-15T21:06:17.7011761Z [MockitoHint] ImmutableListSerializerExtensionTest.fromProxy (see javadoc for MockitoHint):
2022-03-15T21:06:17.7013138Z [MockitoHint] 1. Unused -> at com.google.auto.value.extension.serializable.serializer.utils.CompilationAbstractTest.setUp(CompilationAbstractTest.java:56)
2022-03-15T21:06:17.7014592Z [MockitoHint] 2. Unused -> at com.google.auto.value.extension.serializable.serializer.utils.CompilationAbstractTest.setUp(CompilationAbstractTest.java:57)
2022-03-15T21:06:17.7015968Z [MockitoHint] 3. Unused -> at com.google.auto.value.extension.serializable.serializer.utils.CompilationAbstractTest.setUp(CompilationAbstractTest.java:58)
2022-03-15T21:06:17.7016713Z 
2022-03-15T21:06:17.7133890Z [MockitoHint] ImmutableListSerializerExtensionTest.proxyFieldType (see javadoc for MockitoHint):
2022-03-15T21:06:17.7135338Z [MockitoHint] 1. Unused -> at com.google.auto.value.extension.serializable.serializer.utils.CompilationAbstractTest.setUp(CompilationAbstractTest.java:58)
2022-03-15T21:06:17.7136086Z 
2022-03-15T21:06:17.7159678Z [INFO] Tests run: 6, Failures: 0, Errors: 0, Skipped: 0, Time elapsed: 0.071 s - in com.google.auto.value.extension.serializable.serializer.impl.ImmutableListSerializerExtensionTest
2022-03-15T21:06:17.7163900Z [INFO] Running com.google.auto.value.extension.serializable.serializer.impl.SerializerFactoryImplTest
2022-03-15T21:06:17.7232277Z [MockitoHint] SerializerFactoryImplTest.getSerializer_factoriesProvided_factoryReturned (see javadoc for MockitoHint):
2022-03-15T21:06:17.7233601Z [MockitoHint] 1. Unused -> at com.google.auto.value.extension.serializable.serializer.utils.CompilationAbstractTest.setUp(CompilationAbstractTest.java:56)
2022-03-15T21:06:17.7234997Z [MockitoHint] 2. Unused -> at com.google.auto.value.extension.serializable.serializer.utils.CompilationAbstractTest.setUp(CompilationAbstractTest.java:57)
2022-03-15T21:06:17.7236361Z [MockitoHint] 3. Unused -> at com.google.auto.value.extension.serializable.serializer.utils.CompilationAbstractTest.setUp(CompilationAbstractTest.java:58)
2022-03-15T21:06:17.7237051Z 
2022-03-15T21:06:17.7310272Z [MockitoHint] SerializerFactoryImplTest.getSerializer_emptyFactories_identitySerializerReturned (see javadoc for MockitoHint):
2022-03-15T21:06:17.7311969Z [MockitoHint] 1. Unused -> at com.google.auto.value.extension.serializable.serializer.utils.CompilationAbstractTest.setUp(CompilationAbstractTest.java:56)
2022-03-15T21:06:17.7313394Z [MockitoHint] 2. Unused -> at com.google.auto.value.extension.serializable.serializer.utils.CompilationAbstractTest.setUp(CompilationAbstractTest.java:57)
2022-03-15T21:06:17.7314758Z [MockitoHint] 3. Unused -> at com.google.auto.value.extension.serializable.serializer.utils.CompilationAbstractTest.setUp(CompilationAbstractTest.java:58)
2022-03-15T21:06:17.7315454Z 
2022-03-15T21:06:17.7337563Z [INFO] Tests run: 2, Failures: 0, Errors: 0, Skipped: 0, Time elapsed: 0.016 s - in com.google.auto.value.extension.serializable.serializer.impl.SerializerFactoryImplTest
2022-03-15T21:06:17.7340852Z [INFO] Running com.google.auto.value.extension.serializable.serializer.impl.OptionalSerializerExtensionTest
2022-03-15T21:06:17.7450958Z [MockitoHint] OptionalSerializerExtensionTest.toProxy (see javadoc for MockitoHint):
2022-03-15T21:06:17.7452245Z [MockitoHint] 1. Unused -> at com.google.auto.value.extension.serializable.serializer.utils.CompilationAbstractTest.setUp(CompilationAbstractTest.java:56)
2022-03-15T21:06:17.7453638Z [MockitoHint] 2. Unused -> at com.google.auto.value.extension.serializable.serializer.utils.CompilationAbstractTest.setUp(CompilationAbstractTest.java:57)
2022-03-15T21:06:17.7455497Z [MockitoHint] 3. Unused -> at com.google.auto.value.extension.serializable.serializer.utils.CompilationAbstractTest.setUp(CompilationAbstractTest.java:58)
2022-03-15T21:06:17.7456270Z 
2022-03-15T21:06:17.7539542Z [MockitoHint] OptionalSerializerExtensionTest.fromProxy (see javadoc for MockitoHint):
2022-03-15T21:06:17.7540858Z [MockitoHint] 1. Unused -> at com.google.auto.value.extension.serializable.serializer.utils.CompilationAbstractTest.setUp(CompilationAbstractTest.java:56)
2022-03-15T21:06:17.7542305Z [MockitoHint] 2. Unused -> at com.google.auto.value.extension.serializable.serializer.utils.CompilationAbstractTest.setUp(CompilationAbstractTest.java:57)
2022-03-15T21:06:17.7544058Z [MockitoHint] 3. Unused -> at com.google.auto.value.extension.serializable.serializer.utils.CompilationAbstractTest.setUp(CompilationAbstractTest.java:58)
2022-03-15T21:06:17.7544654Z 
2022-03-15T21:06:17.7625549Z [MockitoHint] OptionalSerializerExtensionTest.getSerializer_optional_serializerReturned (see javadoc for MockitoHint):
2022-03-15T21:06:17.7627209Z [MockitoHint] 1. Unused -> at com.google.auto.value.extension.serializable.serializer.utils.CompilationAbstractTest.setUp(CompilationAbstractTest.java:56)
2022-03-15T21:06:17.7628583Z [MockitoHint] 2. Unused -> at com.google.auto.value.extension.serializable.serializer.utils.CompilationAbstractTest.setUp(CompilationAbstractTest.java:57)
2022-03-15T21:06:17.7629982Z [MockitoHint] 3. Unused -> at com.google.auto.value.extension.serializable.serializer.utils.CompilationAbstractTest.setUp(CompilationAbstractTest.java:58)
2022-03-15T21:06:17.7630764Z 
2022-03-15T21:06:17.7708684Z [MockitoHint] OptionalSerializerExtensionTest.proxyFieldType (see javadoc for MockitoHint):
2022-03-15T21:06:17.7710021Z [MockitoHint] 1. Unused -> at com.google.auto.value.extension.serializable.serializer.utils.CompilationAbstractTest.setUp(CompilationAbstractTest.java:56)
2022-03-15T21:06:17.7711447Z [MockitoHint] 2. Unused -> at com.google.auto.value.extension.serializable.serializer.utils.CompilationAbstractTest.setUp(CompilationAbstractTest.java:57)
2022-03-15T21:06:17.7712824Z [MockitoHint] 3. Unused -> at com.google.auto.value.extension.serializable.serializer.utils.CompilationAbstractTest.setUp(CompilationAbstractTest.java:58)
2022-03-15T21:06:17.7713571Z 
2022-03-15T21:06:17.7777526Z [MockitoHint] OptionalSerializerExtensionTest.getSerializer_nonOptional_emptyReturned (see javadoc for MockitoHint):
2022-03-15T21:06:17.7778925Z [MockitoHint] 1. Unused -> at com.google.auto.value.extension.serializable.serializer.utils.CompilationAbstractTest.setUp(CompilationAbstractTest.java:56)
2022-03-15T21:06:17.7780601Z [MockitoHint] 2. Unused -> at com.google.auto.value.extension.serializable.serializer.utils.CompilationAbstractTest.setUp(CompilationAbstractTest.java:57)
2022-03-15T21:06:17.7781970Z [MockitoHint] 3. Unused -> at com.google.auto.value.extension.serializable.serializer.utils.CompilationAbstractTest.setUp(CompilationAbstractTest.java:58)
2022-03-15T21:06:17.7782692Z 
2022-03-15T21:06:17.7800107Z [INFO] Tests run: 5, Failures: 0, Errors: 0, Skipped: 0, Time elapsed: 0.045 s - in com.google.auto.value.extension.serializable.serializer.impl.OptionalSerializerExtensionTest
2022-03-15T21:06:17.7803623Z [INFO] Running com.google.auto.value.extension.serializable.processor.SerializableAutoValueExtensionTest
2022-03-15T21:06:17.8672896Z [INFO] Tests run: 21, Failures: 0, Errors: 0, Skipped: 0, Time elapsed: 0.085 s - in com.google.auto.value.extension.serializable.processor.SerializableAutoValueExtensionTest
2022-03-15T21:06:17.8674311Z [INFO] Running com.google.auto.value.extension.toprettystring.ToPrettyStringValidatorTest
2022-03-15T21:06:17.9562245Z [INFO] Tests run: 6, Failures: 0, Errors: 0, Skipped: 0, Time elapsed: 0.087 s - in com.google.auto.value.extension.toprettystring.ToPrettyStringValidatorTest
2022-03-15T21:06:17.9566191Z [INFO] Running com.google.auto.value.extension.toprettystring.ToPrettyStringTest
2022-03-15T21:06:17.9733123Z [INFO] Tests run: 43, Failures: 0, Errors: 0, Skipped: 0, Time elapsed: 0.015 s - in com.google.auto.value.extension.toprettystring.ToPrettyStringTest
2022-03-15T21:06:17.9737004Z [INFO] Running com.google.auto.value.extension.memoized.MemoizedValidationTest
2022-03-15T21:06:18.0886937Z [INFO] Tests run: 7, Failures: 0, Errors: 0, Skipped: 0, Time elapsed: 0.114 s - in com.google.auto.value.extension.memoized.MemoizedValidationTest
2022-03-15T21:06:18.0890630Z [INFO] Running com.google.auto.value.extension.memoized.MemoizedTest
2022-03-15T21:06:18.1068972Z [INFO] Tests run: 23, Failures: 0, Errors: 0, Skipped: 0, Time elapsed: 0.017 s - in com.google.auto.value.extension.memoized.MemoizedTest
2022-03-15T21:06:18.4436961Z [INFO] 
2022-03-15T21:06:18.4438925Z [INFO] Results:
2022-03-15T21:06:18.4439590Z [INFO] 
2022-03-15T21:06:18.4440500Z [WARNING] Tests run: 390, Failures: 0, Errors: 0, Skipped: 2
2022-03-15T21:06:18.4441190Z [INFO] 
2022-03-15T21:06:18.4442622Z [INFO] 
2022-03-15T21:06:18.4443826Z [INFO] --- maven-jar-plugin:3.2.2:jar (default-jar) @ auto-value ---
2022-03-15T21:06:18.4583542Z [INFO] Building jar: /home/runner/work/auto/auto/value/processor/target/auto-value-HEAD-SNAPSHOT.jar
2022-03-15T21:06:18.5026520Z [INFO] 
2022-03-15T21:06:18.5045217Z [INFO] --- maven-shade-plugin:4:shade (default) @ auto-value ---
2022-03-15T21:06:18.5518410Z [INFO] Including com.google.auto:auto-common:jar:1.2.1 in the shaded jar.
2022-03-15T21:06:18.5519254Z [INFO] Including com.google.auto.service:auto-service-annotations:jar:1.0.1 in the shaded jar.
2022-03-15T21:06:18.5519816Z [INFO] Including com.google.errorprone:error_prone_annotations:jar:2.11.0 in the shaded jar.
2022-03-15T21:06:18.5520391Z [INFO] Including com.google.escapevelocity:escapevelocity:jar:0.9.1 in the shaded jar.
2022-03-15T21:06:18.5520891Z [INFO] Including net.ltgt.gradle.incap:incap:jar:0.3 in the shaded jar.
2022-03-15T21:06:18.5521465Z [INFO] Including com.google.guava:guava:jar:31.1-jre in the shaded jar.
2022-03-15T21:06:18.5521918Z [INFO] Including com.google.guava:failureaccess:jar:1.0.1 in the shaded jar.
2022-03-15T21:06:18.5522636Z [INFO] Including com.google.guava:listenablefuture:jar:9999.0-empty-to-avoid-conflict-with-guava in the shaded jar.
2022-03-15T21:06:18.5523202Z [INFO] Excluding com.google.code.findbugs:jsr305:jar:3.0.2 from the shaded jar.
2022-03-15T21:06:18.5523801Z [INFO] Including org.checkerframework:checker-qual:jar:3.12.0 in the shaded jar.
2022-03-15T21:06:18.5524401Z [INFO] Including com.google.j2objc:j2objc-annotations:jar:1.3 in the shaded jar.
2022-03-15T21:06:18.5524857Z [INFO] Including com.squareup:javapoet:jar:1.13.0 in the shaded jar.
2022-03-15T21:06:18.5525758Z [INFO] Minimizing jar com.google.auto.value:auto-value:jar:HEAD-SNAPSHOT
2022-03-15T21:06:20.6659792Z [INFO] Minimized 2686 -> 1251 (46%)
2022-03-15T21:06:20.6660333Z [INFO] Replacing original artifact with shaded artifact.
2022-03-15T21:06:20.6661252Z [INFO] Replacing /home/runner/work/auto/auto/value/processor/target/auto-value-HEAD-SNAPSHOT.jar with /home/runner/work/auto/auto/value/processor/target/auto-value-HEAD-SNAPSHOT-shaded.jar
2022-03-15T21:06:20.6664811Z [INFO] Dependency-reduced POM written at: /home/runner/work/auto/auto/value/processor/dependency-reduced-pom.xml
2022-03-15T21:06:20.7211514Z [INFO] Dependency-reduced POM written at: /home/runner/work/auto/auto/value/processor/dependency-reduced-pom.xml
2022-03-15T21:06:20.7349855Z [INFO] 
2022-03-15T21:06:20.7353430Z [INFO] --- maven-invoker-plugin:3.2.2:install (integration-test) @ auto-value ---
2022-03-15T21:06:20.7783552Z [INFO] Installing /home/runner/work/auto/auto/value/annotations/pom.xml to /home/runner/.m2/repository/com/google/auto/value/auto-value-annotations/HEAD-SNAPSHOT/auto-value-annotations-HEAD-SNAPSHOT.pom
2022-03-15T21:06:20.7803266Z [INFO] Installing /home/runner/work/auto/auto/value/annotations/target/auto-value-annotations-HEAD-SNAPSHOT.jar to /home/runner/.m2/repository/com/google/auto/value/auto-value-annotations/HEAD-SNAPSHOT/auto-value-annotations-HEAD-SNAPSHOT.jar
2022-03-15T21:06:20.7822409Z [INFO] Installing /home/runner/work/auto/auto/value/pom.xml to /home/runner/.m2/repository/com/google/auto/value/auto-value-parent/HEAD-SNAPSHOT/auto-value-parent-HEAD-SNAPSHOT.pom
2022-03-15T21:06:20.7838495Z [INFO] Installing /home/runner/work/auto/auto/value/processor/dependency-reduced-pom.xml to /home/runner/.m2/repository/com/google/auto/value/auto-value/HEAD-SNAPSHOT/auto-value-HEAD-SNAPSHOT.pom
2022-03-15T21:06:20.7858469Z [INFO] Installing /home/runner/work/auto/auto/value/processor/target/auto-value-HEAD-SNAPSHOT.jar to /home/runner/.m2/repository/com/google/auto/value/auto-value/HEAD-SNAPSHOT/auto-value-HEAD-SNAPSHOT.jar
2022-03-15T21:06:20.7911961Z [INFO] 
2022-03-15T21:06:20.7913098Z [INFO] --- maven-invoker-plugin:3.2.2:run (integration-test) @ auto-value ---
2022-03-15T21:06:20.7913556Z [INFO] No projects were selected for execution.
2022-03-15T21:06:20.7914182Z [INFO] 
2022-03-15T21:06:20.7914684Z [INFO] -----------< com.google.auto.value.it.functional:functional >-----------
2022-03-15T21:06:20.7916848Z [INFO] Building Auto-Value Functional Integration Test HEAD-SNAPSHOT     [9/11]
2022-03-15T21:06:20.7917409Z [INFO] --------------------------------[ jar ]---------------------------------
2022-03-15T21:06:20.8667909Z [INFO] 
2022-03-15T21:06:20.8670225Z [INFO] --- maven-resources-plugin:2.6:resources (default-resources) @ functional ---
2022-03-15T21:06:20.8679462Z [INFO] Using 'UTF-8' encoding to copy filtered resources.
2022-03-15T21:06:20.8680173Z [INFO] skip non existing resourceDirectory /home/runner/work/auto/auto/value/src/it/functional/src/main/resources
2022-03-15T21:06:20.8680762Z [INFO] 
2022-03-15T21:06:20.8681518Z [INFO] --- maven-compiler-plugin:3.10.1:compile (default-compile) @ functional ---
2022-03-15T21:06:20.8708971Z [INFO] Changes detected - recompiling the module!
2022-03-15T21:06:20.8710815Z [INFO] Compiling 4 source files to /home/runner/work/auto/auto/value/src/it/functional/target/classes
2022-03-15T21:06:21.1675539Z [WARNING] No processor claimed any of these annotations: com.google.auto.value.AutoValue,javax.annotation.Nullable
2022-03-15T21:06:21.1678974Z [WARNING] No processor claimed any of these annotations: javax.annotation.Generated,javax.annotation.Nullable
2022-03-15T21:06:21.1683143Z [INFO] 
2022-03-15T21:06:21.1686493Z [INFO] --- kotlin-maven-plugin:1.6.10:compile (compile) @ functional ---
2022-03-15T21:06:26.1313209Z [INFO] 
2022-03-15T21:06:26.1314493Z [INFO] --- maven-resources-plugin:2.6:testResources (default-testResources) @ functional ---
2022-03-15T21:06:26.1347587Z [INFO] Using 'UTF-8' encoding to copy filtered resources.
2022-03-15T21:06:26.1348373Z [INFO] skip non existing resourceDirectory /home/runner/work/auto/auto/value/src/it/functional/src/test/resources
2022-03-15T21:06:26.1349456Z [INFO] 
2022-03-15T21:06:26.1352934Z [INFO] --- maven-compiler-plugin:3.10.1:testCompile (default-testCompile) @ functional ---
2022-03-15T21:06:26.1355401Z [INFO] Changes detected - recompiling the module!
2022-03-15T21:06:26.1357963Z [INFO] Compiling 24 source files to /home/runner/work/auto/auto/value/src/it/functional/target/test-classes
2022-03-15T21:06:26.2508177Z [INFO] -------------------------------------------------------------
2022-03-15T21:06:26.2508905Z [ERROR] COMPILATION ERROR : 
2022-03-15T21:06:26.2509701Z [INFO] -------------------------------------------------------------
2022-03-15T21:06:26.2510560Z [ERROR] /home/runner/work/auto/auto/value/src/it/functional/src/test/java/com/google/auto/value/CompileWithEclipseTest.java:[42,46] cannot access org.eclipse.jdt.internal.compiler.tool.EclipseCompiler
2022-03-15T21:06:26.2511835Z   bad class file: /home/runner/.m2/repository/org/eclipse/jdt/ecj/3.29.0/ecj-3.29.0.jar(org/eclipse/jdt/internal/compiler/tool/EclipseCompiler.class)
2022-03-15T21:06:26.2512517Z     class file has wrong version 55.0, should be 52.0
2022-03-15T21:06:26.2513146Z     Please remove or make sure it appears in the correct subdirectory of the classpath.
2022-03-15T21:06:26.2514095Z [INFO] 1 error
2022-03-15T21:06:26.2514713Z [INFO] -------------------------------------------------------------
2022-03-15T21:06:26.2515345Z [INFO] 
2022-03-15T21:06:26.2516897Z [INFO] --------< com.google.auto.value.it.gwtserializer:gwtserializer >--------
2022-03-15T21:06:26.2517625Z [INFO] Building Auto-Value GWT-RPC Serialization Integration Test HEAD-SNAPSHOT [10/11]
2022-03-15T21:06:26.2518209Z [INFO] --------------------------------[ jar ]---------------------------------
2022-03-15T21:06:26.3107770Z [INFO] 
2022-03-15T21:06:26.3109100Z [INFO] --- maven-resources-plugin:3.2.0:resources (default-resources) @ gwtserializer ---
2022-03-15T21:06:26.3591107Z [INFO] Using 'UTF-8' encoding to copy filtered resources.
2022-03-15T21:06:26.3593593Z [INFO] Using 'UTF-8' encoding to copy filtered properties files.
2022-03-15T21:06:26.3594673Z [INFO] skip non existing resourceDirectory /home/runner/work/auto/auto/value/src/it/gwtserializer/src/main/resources
2022-03-15T21:06:26.3595131Z [INFO] 
2022-03-15T21:06:26.3595797Z [INFO] --- maven-compiler-plugin:3.10.1:compile (default-compile) @ gwtserializer ---
2022-03-15T21:06:26.3605630Z [INFO] No sources to compile
2022-03-15T21:06:26.3607456Z [INFO] 
2022-03-15T21:06:26.3608469Z [INFO] --- maven-compiler-plugin:3.10.1:testCompile (default-testCompile) @ gwtserializer ---
2022-03-15T21:06:26.3626313Z [INFO] Changes detected - recompiling the module!
2022-03-15T21:06:26.3627319Z [INFO] Compiling 2 source files to /home/runner/work/auto/auto/value/src/it/gwtserializer/target/test-classes
2022-03-15T21:06:26.7912292Z [WARNING] No processor claimed any of these annotations: com.google.common.annotations.GwtCompatible,com.google.gwt.user.client.rpc.RemoteServiceRelativePath,com.google.auto.value.AutoValue.Builder,com.google.auto.value.AutoValue,com.google.common.annotations.GwtIncompatible
2022-03-15T21:06:26.7914759Z [WARNING] No processor claimed any of these annotations: com.google.common.annotations.GwtCompatible,javax.annotation.Generated
2022-03-15T21:06:26.7916715Z [WARNING] /home/runner/work/auto/auto/value/src/it/gwtserializer/target/generated-test-sources/test-annotations/com/google/auto/value/client/AutoValue_GwtSerializerTest_Simple_CustomFieldSerializer.java:[18,26] redundant cast to java.lang.String
2022-03-15T21:06:26.7918486Z [WARNING] /home/runner/work/auto/auto/value/src/it/gwtserializer/target/generated-test-sources/test-annotations/com/google/auto/value/client/AutoValue_GwtSerializerTest_SimpleWithBuilder_CustomFieldSerializer.java:[18,26] redundant cast to java.lang.String
2022-03-15T21:06:26.7930006Z [WARNING] /home/runner/work/auto/auto/value/src/it/gwtserializer/target/generated-test-sources/test-annotations/com/google/auto/value/client/AutoValue_GwtSerializerTest_Nested_CustomFieldSerializer.java:[18,26] redundant cast to java.lang.String
2022-03-15T21:06:26.7931913Z [WARNING] /home/runner/work/auto/auto/value/src/it/gwtserializer/target/generated-test-sources/test-annotations/com/google/auto/value/client/AutoValue_GwtSerializerTest_NestedWithBuilder_CustomFieldSerializer.java:[18,26] redundant cast to java.lang.String
2022-03-15T21:06:26.7932783Z [INFO] 
2022-03-15T21:06:26.7933582Z [INFO] --- maven-resources-plugin:3.2.0:testResources (default-testResources) @ gwtserializer ---
2022-03-15T21:06:26.7980677Z [INFO] Using 'UTF-8' encoding to copy filtered resources.
2022-03-15T21:06:26.7981548Z [INFO] Using 'UTF-8' encoding to copy filtered properties files.
2022-03-15T21:06:26.8065734Z [INFO] Copying 3 resources
2022-03-15T21:06:26.8188895Z [INFO] Copying 12 resources
2022-03-15T21:06:26.8233661Z [INFO] 
2022-03-15T21:06:26.8234737Z [INFO] --- maven-surefire-plugin:2.12.4:test (default-test) @ gwtserializer ---
2022-03-15T21:06:26.8256355Z [INFO] Tests are skipped.
2022-03-15T21:06:26.8256912Z [INFO] 
2022-03-15T21:06:26.8257575Z [INFO] --- gwt-maven-plugin:1.0.0:test (default) @ gwtserializer ---
2022-03-15T21:06:27.0370722Z [INFO] /home/runner/work/auto/auto/value/src/it/gwtserializer/src/test/java/ already added as a resource folder; skipping.
2022-03-15T21:06:27.0372406Z [INFO] /home/runner/work/auto/auto/value/src/it/gwtserializer/target/generated-test-sources/test-annotations/ already added as a resource folder; skipping.
2022-03-15T21:06:27.1348560Z [INFO] 
2022-03-15T21:06:27.1350190Z [INFO] -------------------------------------------------------
2022-03-15T21:06:27.1350852Z [INFO]  T E S T S
2022-03-15T21:06:27.1352113Z [INFO] -------------------------------------------------------
2022-03-15T21:06:27.5658183Z [INFO] Running com.google.auto.value.GwtSerializerSuite
2022-03-15T21:06:28.8229794Z Starting Jetty on port 0
2022-03-15T21:06:28.8247639Z    [WARN] ServletContainerInitializers: detected. Class hierarchy: empty
2022-03-15T21:06:51.1034502Z [INFO] Tests run: 6, Failures: 0, Errors: 0, Skipped: 0, Time elapsed: 23.531 s - in com.google.auto.value.GwtSerializerSuite
2022-03-15T21:06:51.6283599Z [INFO] 
2022-03-15T21:06:51.6285276Z [INFO] Results:
2022-03-15T21:06:51.6285636Z [INFO] 
2022-03-15T21:06:51.6286113Z [INFO] Tests run: 6, Failures: 0, Errors: 0, Skipped: 0
2022-03-15T21:06:51.6286503Z [INFO] 
2022-03-15T21:06:51.6329809Z [INFO] 
2022-03-15T21:06:51.6330675Z [INFO] --- maven-jar-plugin:3.2.2:jar (default-jar) @ gwtserializer ---
2022-03-15T21:06:51.6347334Z [WARNING] JAR will be empty - no content was marked for inclusion!
2022-03-15T21:06:51.6388070Z [INFO] Building jar: /home/runner/work/auto/auto/value/src/it/gwtserializer/target/gwtserializer-HEAD-SNAPSHOT.jar
2022-03-15T21:06:51.6440086Z [INFO] 
2022-03-15T21:06:51.6440810Z [INFO] -----------------------< build-only:build-only >------------------------
2022-03-15T21:06:51.6441439Z [INFO] Building build-only NO_VERSION                                   [11/11]
2022-03-15T21:06:51.6442084Z [INFO] --------------------------------[ pom ]---------------------------------
2022-03-15T21:06:51.6442711Z [INFO] ------------------------------------------------------------------------
2022-03-15T21:06:51.6443139Z [INFO] Reactor Summary:
2022-03-15T21:06:51.6443460Z [INFO] 
2022-03-15T21:06:51.6443958Z [INFO] Auto Common Libraries HEAD-SNAPSHOT ................ SUCCESS [ 10.467 s]
2022-03-15T21:06:51.6444555Z [INFO] AutoFactory HEAD-SNAPSHOT .......................... SUCCESS [ 10.847 s]
2022-03-15T21:06:51.6445166Z [INFO] AutoService Aggregator HEAD-SNAPSHOT ............... SUCCESS [  0.002 s]
2022-03-15T21:06:51.6445763Z [INFO] AutoService HEAD-SNAPSHOT .......................... SUCCESS [  0.040 s]
2022-03-15T21:06:51.6446348Z [INFO] AutoService Processor HEAD-SNAPSHOT ................ SUCCESS [  1.237 s]
2022-03-15T21:06:51.6446954Z [INFO] AutoValue Parent HEAD-SNAPSHOT ..................... SUCCESS [  0.002 s]
2022-03-15T21:06:51.6447546Z [INFO] AutoValue Annotations HEAD-SNAPSHOT ................ SUCCESS [  0.058 s]
2022-03-15T21:06:51.6448400Z [INFO] AutoValue Processor HEAD-SNAPSHOT .................. SUCCESS [ 12.790 s]
2022-03-15T21:06:51.6449003Z [INFO] Auto-Value Functional Integration Test HEAD-SNAPSHOT FAILURE [  5.460 s]
2022-03-15T21:06:51.6449683Z [INFO] Auto-Value GWT-RPC Serialization Integration Test HEAD-SNAPSHOT SUCCESS [ 25.392 s]
2022-03-15T21:06:51.6450318Z [INFO] build-only NO_VERSION .............................. SUCCESS [  0.001 s]
2022-03-15T21:06:51.6450920Z [INFO] ------------------------------------------------------------------------
2022-03-15T21:06:51.6462608Z [INFO] BUILD FAILURE
2022-03-15T21:06:51.6463328Z [INFO] ------------------------------------------------------------------------
2022-03-15T21:06:51.6463833Z [INFO] Total time:  01:06 min
2022-03-15T21:06:51.6464302Z [INFO] Finished at: 2022-03-15T21:06:51Z
2022-03-15T21:06:51.6464863Z [INFO] ------------------------------------------------------------------------
2022-03-15T21:06:51.6465878Z [ERROR] Failed to execute goal org.apache.maven.plugins:maven-compiler-plugin:3.10.1:testCompile (default-testCompile) on project functional: Compilation failure
2022-03-15T21:06:51.6467168Z [ERROR] /home/runner/work/auto/auto/value/src/it/functional/src/test/java/com/google/auto/value/CompileWithEclipseTest.java:[42,46] cannot access org.eclipse.jdt.internal.compiler.tool.EclipseCompiler
2022-03-15T21:06:51.6468479Z [ERROR]   bad class file: /home/runner/.m2/repository/org/eclipse/jdt/ecj/3.29.0/ecj-3.29.0.jar(org/eclipse/jdt/internal/compiler/tool/EclipseCompiler.class)
2022-03-15T21:06:51.6469091Z [ERROR]     class file has wrong version 55.0, should be 52.0
2022-03-15T21:06:51.6469597Z [ERROR]     Please remove or make sure it appears in the correct subdirectory of the classpath.
2022-03-15T21:06:51.6470074Z [ERROR] -> [Help 1]
2022-03-15T21:06:51.6470388Z [ERROR] 
2022-03-15T21:06:51.6470916Z [ERROR] To see the full stack trace of the errors, re-run Maven with the -e switch.
2022-03-15T21:06:51.6471517Z [ERROR] Re-run Maven using the -X switch to enable full debug logging.
2022-03-15T21:06:51.6471912Z [ERROR] 
2022-03-15T21:06:51.6472366Z [ERROR] For more information about the errors and possible solutions, please read the following articles:
2022-03-15T21:06:51.6472979Z [ERROR] [Help 1] http://cwiki.apache.org/confluence/display/MAVEN/MojoFailureException
2022-03-15T21:06:51.6473413Z [ERROR] 
2022-03-15T21:06:51.6473808Z [ERROR] After correcting the problems, you can resume the build with the command
2022-03-15T21:06:51.6482430Z [ERROR]   mvn <args> -rf :functional
2022-03-15T21:06:51.6748712Z ##[error]Process completed with exit code 1.
2022-03-15T21:06:51.6813840Z Post job cleanup.
2022-03-15T21:06:51.8618914Z Post job cleanup.
2022-03-15T21:06:52.0075695Z [command]/usr/bin/git version
2022-03-15T21:06:52.0132445Z git version 2.35.1
2022-03-15T21:06:52.0173528Z [command]/usr/bin/git config --local --name-only --get-regexp core\.sshCommand
2022-03-15T21:06:52.0216069Z [command]/usr/bin/git submodule foreach --recursive git config --local --name-only --get-regexp 'core\.sshCommand' && git config --local --unset-all 'core.sshCommand' || :
2022-03-15T21:06:52.0478710Z [command]/usr/bin/git config --local --name-only --get-regexp http\.https\:\/\/github\.com\/\.extraheader
2022-03-15T21:06:52.0513068Z http.https://github.com/.extraheader
2022-03-15T21:06:52.0525957Z [command]/usr/bin/git config --local --unset-all http.https://github.com/.extraheader
2022-03-15T21:06:52.0571727Z [command]/usr/bin/git submodule foreach --recursive git config --local --name-only --get-regexp 'http\.https\:\/\/github\.com\/\.extraheader' && git config --local --unset-all 'http.https://github.com/.extraheader' || :
2022-03-15T21:06:52.1029145Z Cleaning up orphan processes
