Started by timer
Running as SYSTEM
[EnvInject] - Loading node environment variables.
Building remotely on sos-builder02-ubuntu18 (lin ubuntu18 java11) in workspace /builds/workspace/JWT4B
[WS-CLEANUP] Deleting project workspace...
[WS-CLEANUP] Deferred wipeout is used...
[WS-CLEANUP] Done
The recommended git tool is: NONE
No credentials specified
Cloning the remote Git repository
Cloning repository https://github.com/ozzi-/JWT4B.git
 > git init /builds/workspace/JWT4B # timeout=10
Fetching upstream changes from https://github.com/ozzi-/JWT4B.git
 > git --version # timeout=10
 > git --version # 'git version 2.17.1'
 > git fetch --tags --progress -- https://github.com/ozzi-/JWT4B.git +refs/heads/*:refs/remotes/origin/* # timeout=10
 > git config remote.origin.url https://github.com/ozzi-/JWT4B.git # timeout=10
 > git config --add remote.origin.fetch +refs/heads/*:refs/remotes/origin/* # timeout=10
Avoid second fetch
 > git rev-parse refs/remotes/origin/master^{commit} # timeout=10
Checking out Revision c7073ae31dc6b155a8985b90fe08c34bab395e6e (refs/remotes/origin/master)
 > git config core.sparsecheckout # timeout=10
 > git checkout -f c7073ae31dc6b155a8985b90fe08c34bab395e6e # timeout=10
Commit message: "Move stdout and stderr PrintWriter instances to Output and make private. (#68)"
 > git rev-list --no-walk c7073ae31dc6b155a8985b90fe08c34bab395e6e # timeout=10
[JWT4B] $ /bin/sh -xe /tmp/jenkins11198733082281888950.sh
+ stdbuf -i 50k bash
+ curl https://spoon.gforge.inria.fr/jenkins/build.sh
  % Total    % Received % Xferd  Average Speed   Time    Time     Time  Current
                                 Dload  Upload   Total   Spent    Left  Speed
  0     0    0     0    0     0      0      0 --:--:-- --:--:-- --:--:--     0 
-------------------------------------------------------
Initizalizes project
-------------------------------------------------------
 
100 21399  100 21399    0     0   139k      0 --:--:-- --:--:-- --:--:--  139k
HEAD is now at c7073ae Move stdout and stderr PrintWriter instances to Output and make private. (#68)

--- Displays variables used in the build ---
Artifact id: JWT4B
Version: 0.0.4-SNAPSHOT
Modules job:
- JWT4B
Has checkstyle: true
Has enforcer: true
Git version id: c7073ae31dc6b155a8985b90fe08c34bab395e6e
Java version: Picked up JAVA_TOOL_OPTIONS: -Dfile.encoding=UTF8
openjdk version "11.0.9.1" 2020-11-04
OpenJDK Runtime Environment (build 11.0.9.1+1-Ubuntu-0ubuntu1.18.04)
OpenJDK 64-Bit Server VM (build 11.0.9.1+1-Ubuntu-0ubuntu1.18.04, mixed mode, sharing)
Java home: /usr/lib/jvm/java-11-openjdk-amd64
 
-------------------------------------------------------
Compiles project (at the root project if it's a multi module project) without spoon
-------------------------------------------------------
 
Picked up JAVA_TOOL_OPTIONS: -Dfile.encoding=UTF8
WARNING: An illegal reflective access operation has occurred
WARNING: Illegal reflective access by com.google.inject.internal.cglib.core.$ReflectUtils$1 (file:/usr/share/maven/lib/guice.jar) to method java.lang.ClassLoader.defineClass(java.lang.String,byte[],int,int,java.security.ProtectionDomain)
WARNING: Please consider reporting this to the maintainers of com.google.inject.internal.cglib.core.$ReflectUtils$1
WARNING: Use --illegal-access=warn to enable warnings of further illegal reflective access operations
WARNING: All illegal access operations will be denied in a future release
[[1;34mINFO[m] Scanning for projects...
[[1;34mINFO[m] 
[[1;34mINFO[m] [1m----------------------------< [0;36mJWT4B:JWT4B[0;1m >-----------------------------[m
[[1;34mINFO[m] [1mBuilding JWT4B 0.0.4-SNAPSHOT[m
[[1;34mINFO[m] [1m--------------------------------[ jar ]---------------------------------[m
[[1;34mINFO[m] 
[[1;34mINFO[m] [1m--- [0;32mmaven-clean-plugin:2.5:clean[m [1m(default-clean)[m @ [36mJWT4B[0;1m ---[m
[[1;34mINFO[m] 
[[1;34mINFO[m] [1m--- [0;32mmaven-resources-plugin:2.6:resources[m [1m(default-resources)[m @ [36mJWT4B[0;1m ---[m
[[1;33mWARNING[m] Using platform encoding (UTF8 actually) to copy filtered resources, i.e. build is platform dependent!
[[1;34mINFO[m] skip non existing resourceDirectory /builds/workspace/JWT4B/src/main/resources
[[1;34mINFO[m] 
[[1;34mINFO[m] [1m--- [0;32mmaven-compiler-plugin:3.1:compile[m [1m(default-compile)[m @ [36mJWT4B[0;1m ---[m
[[1;34mINFO[m] Changes detected - recompiling the module!
[[1;34mINFO[m] Compiling 38 source files to /builds/workspace/JWT4B/target/classes
[[1;34mINFO[m] 
[[1;34mINFO[m] [1m--- [0;32mmaven-resources-plugin:2.6:testResources[m [1m(default-testResources)[m @ [36mJWT4B[0;1m ---[m
[[1;33mWARNING[m] Using platform encoding (UTF8 actually) to copy filtered resources, i.e. build is platform dependent!
[[1;34mINFO[m] skip non existing resourceDirectory /builds/workspace/JWT4B/src/test/resources
[[1;34mINFO[m] 
[[1;34mINFO[m] [1m--- [0;32mmaven-compiler-plugin:3.1:testCompile[m [1m(default-testCompile)[m @ [36mJWT4B[0;1m ---[m
[[1;34mINFO[m] Changes detected - recompiling the module!
[[1;34mINFO[m] Compiling 12 source files to /builds/workspace/JWT4B/target/test-classes
[[1;34mINFO[m] 
[[1;34mINFO[m] [1m--- [0;32mmaven-surefire-plugin:3.0.0-M5:test[m [1m(default-test)[m @ [36mJWT4B[0;1m ---[m
[[1;34mINFO[m] 
[[1;34mINFO[m] -------------------------------------------------------
[[1;34mINFO[m]  T E S T S
[[1;34mINFO[m] -------------------------------------------------------
[[1;31mERROR[m] Picked up JAVA_TOOL_OPTIONS: -Dfile.encoding=UTF8
[[1;34mINFO[m] Running app.[1mTestAlgorithmWrapper[m
08:25:17.650 | java.security.InvalidKeyException: EC domain parameters must be encoded in the algorithm identifier
[[1;34mINFO[m] [1;32mTests run: [0;1;32m4[m, Failures: 0, Errors: 0, Skipped: 0, Time elapsed: 0.921 s - in app.[1mTestAlgorithmWrapper[m
[[1;34mINFO[m] Running app.[1mTestJWTValidCheck[m
com.fasterxml.jackson.core.JsonParseException: Unexpected character ('H' (code 72)): was expecting a colon to separate field name and value
 at [Source: (String)"{"alVï¿½:"HS256","typ":"JWT"}"; line: 1, column: 10]
	at com.fasterxml.jackson.core.JsonParser._constructError(JsonParser.java:1851)
	at com.fasterxml.jackson.core.base.ParserMinimalBase._reportError(ParserMinimalBase.java:707)
	at com.fasterxml.jackson.core.base.ParserMinimalBase._reportUnexpectedChar(ParserMinimalBase.java:632)
	at com.fasterxml.jackson.core.json.ReaderBasedJsonParser._skipColon2(ReaderBasedJsonParser.java:2251)
	at com.fasterxml.jackson.core.json.ReaderBasedJsonParser._skipColon(ReaderBasedJsonParser.java:2230)
	at com.fasterxml.jackson.core.json.ReaderBasedJsonParser.nextFieldName(ReaderBasedJsonParser.java:939)
	at com.fasterxml.jackson.databind.deser.std.BaseNodeDeserializer.deserializeObject(JsonNodeDeserializer.java:249)
	at com.fasterxml.jackson.databind.deser.std.JsonNodeDeserializer.deserialize(JsonNodeDeserializer.java:68)
	at com.fasterxml.jackson.databind.deser.std.JsonNodeDeserializer.deserialize(JsonNodeDeserializer.java:15)
	at com.fasterxml.jackson.databind.ObjectMapper._readMapAndClose(ObjectMapper.java:4526)
	at com.fasterxml.jackson.databind.ObjectMapper.readValue(ObjectMapper.java:3468)
	at com.fasterxml.jackson.databind.ObjectMapper.readValue(ObjectMapper.java:3436)
	at model.CustomJWToken.isMinified(CustomJWToken.java:84)
	at model.CustomJWToken.<init>(CustomJWToken.java:53)
	at model.CustomJWToken.isValidJWT(CustomJWToken.java:217)
	at app.TestJWTValidCheck.testInValid(TestJWTValidCheck.java:18)
	at java.base/jdk.internal.reflect.NativeMethodAccessorImpl.invoke0(Native Method)
	at java.base/jdk.internal.reflect.NativeMethodAccessorImpl.invoke(NativeMethodAccessorImpl.java:62)
	at java.base/jdk.internal.reflect.DelegatingMethodAccessorImpl.invoke(DelegatingMethodAccessorImpl.java:43)
	at java.base/java.lang.reflect.Method.invoke(Method.java:566)
	at org.junit.platform.commons.util.ReflectionUtils.invokeMethod(ReflectionUtils.java:725)
	at org.junit.jupiter.engine.execution.MethodInvocation.proceed(MethodInvocation.java:60)
	at org.junit.jupiter.engine.execution.InvocationInterceptorChain$ValidatingInvocation.proceed(InvocationInterceptorChain.java:131)
	at org.junit.jupiter.engine.extension.TimeoutExtension.intercept(TimeoutExtension.java:149)
	at org.junit.jupiter.engine.extension.TimeoutExtension.interceptTestableMethod(TimeoutExtension.java:140)
	at org.junit.jupiter.engine.extension.TimeoutExtension.interceptTestMethod(TimeoutExtension.java:84)
	at org.junit.jupiter.engine.execution.ExecutableInvoker$ReflectiveInterceptorCall.lambda$ofVoidMethod$0(ExecutableInvoker.java:115)
	at org.junit.jupiter.engine.execution.ExecutableInvoker.lambda$invoke$0(ExecutableInvoker.java:105)
	at org.junit.jupiter.engine.execution.InvocationInterceptorChain$InterceptedInvocation.proceed(InvocationInterceptorChain.java:106)
	at org.junit.jupiter.engine.execution.InvocationInterceptorChain.proceed(InvocationInterceptorChain.java:64)
	at org.junit.jupiter.engine.execution.InvocationInterceptorChain.chainAndInvoke(InvocationInterceptorChain.java:45)
	at org.junit.jupiter.engine.execution.InvocationInterceptorChain.invoke(InvocationInterceptorChain.java:37)
	at org.junit.jupiter.engine.execution.ExecutableInvoker.invoke(ExecutableInvoker.java:104)
	at org.junit.jupiter.engine.execution.ExecutableInvoker.invoke(ExecutableInvoker.java:98)
	at org.junit.jupiter.engine.descriptor.TestMethodTestDescriptor.lambda$invokeTestMethod$7(TestMethodTestDescriptor.java:214)
	at org.junit.platform.engine.support.hierarchical.ThrowableCollector.execute(ThrowableCollector.java:73)
	at org.junit.jupiter.engine.descriptor.TestMethodTestDescriptor.invokeTestMethod(TestMethodTestDescriptor.java:210)
	at org.junit.jupiter.engine.descriptor.TestMethodTestDescriptor.execute(TestMethodTestDescriptor.java:135)
	at org.junit.jupiter.engine.descriptor.TestMethodTestDescriptor.execute(TestMethodTestDescriptor.java:66)
	at org.junit.platform.engine.support.hierarchical.NodeTestTask.lambda$executeRecursively$6(NodeTestTask.java:151)
	at org.junit.platform.engine.support.hierarchical.ThrowableCollector.execute(ThrowableCollector.java:73)
	at org.junit.platform.engine.support.hierarchical.NodeTestTask.lambda$executeRecursively$8(NodeTestTask.java:141)
	at org.junit.platform.engine.support.hierarchical.Node.around(Node.java:137)
	at org.junit.platform.engine.support.hierarchical.NodeTestTask.lambda$executeRecursively$9(NodeTestTask.java:139)
	at org.junit.platform.engine.support.hierarchical.ThrowableCollector.execute(ThrowableCollector.java:73)
	at org.junit.platform.engine.support.hierarchical.NodeTestTask.executeRecursively(NodeTestTask.java:138)
	at org.junit.platform.engine.support.hierarchical.NodeTestTask.execute(NodeTestTask.java:95)
	at java.base/java.util.ArrayList.forEach(ArrayList.java:1541)
	at org.junit.platform.engine.support.hierarchical.SameThreadHierarchicalTestExecutorService.invokeAll(SameThreadHierarchicalTestExecutorService.java:41)
	at org.junit.platform.engine.support.hierarchical.NodeTestTask.lambda$executeRecursively$6(NodeTestTask.java:155)
	at org.junit.platform.engine.support.hierarchical.ThrowableCollector.execute(ThrowableCollector.java:73)
	at org.junit.platform.engine.support.hierarchical.NodeTestTask.lambda$executeRecursively$8(NodeTestTask.java:141)
	at org.junit.platform.engine.support.hierarchical.Node.around(Node.java:137)
	at org.junit.platform.engine.support.hierarchical.NodeTestTask.lambda$executeRecursively$9(NodeTestTask.java:139)
	at org.junit.platform.engine.support.hierarchical.ThrowableCollector.execute(ThrowableCollector.java:73)
	at org.junit.platform.engine.support.hierarchical.NodeTestTask.executeRecursively(NodeTestTask.java:138)
	at org.junit.platform.engine.support.hierarchical.NodeTestTask.execute(NodeTestTask.java:95)
	at java.base/java.util.ArrayList.forEach(ArrayList.java:1541)
	at org.junit.platform.engine.support.hierarchical.SameThreadHierarchicalTestExecutorService.invokeAll(SameThreadHierarchicalTestExecutorService.java:41)
	at org.junit.platform.engine.support.hierarchical.NodeTestTask.lambda$executeRecursively$6(NodeTestTask.java:155)
	at org.junit.platform.engine.support.hierarchical.ThrowableCollector.execute(ThrowableCollector.java:73)
	at org.junit.platform.engine.support.hierarchical.NodeTestTask.lambda$executeRecursively$8(NodeTestTask.java:141)
	at org.junit.platform.engine.support.hierarchical.Node.around(Node.java:137)
	at org.junit.platform.engine.support.hierarchical.NodeTestTask.lambda$executeRecursively$9(NodeTestTask.java:139)
	at org.junit.platform.engine.support.hierarchical.ThrowableCollector.execute(ThrowableCollector.java:73)
	at org.junit.platform.engine.support.hierarchical.NodeTestTask.executeRecursively(NodeTestTask.java:138)
	at org.junit.platform.engine.support.hierarchical.NodeTestTask.execute(NodeTestTask.java:95)
	at org.junit.platform.engine.support.hierarchical.SameThreadHierarchicalTestExecutorService.submit(SameThreadHierarchicalTestExecutorService.java:35)
	at org.junit.platform.engine.support.hierarchical.HierarchicalTestExecutor.execute(HierarchicalTestExecutor.java:57)
	at org.junit.platform.engine.support.hierarchical.HierarchicalTestEngine.execute(HierarchicalTestEngine.java:54)
	at org.junit.platform.launcher.core.EngineExecutionOrchestrator.execute(EngineExecutionOrchestrator.java:107)
	at org.junit.platform.launcher.core.EngineExecutionOrchestrator.execute(EngineExecutionOrchestrator.java:88)
	at org.junit.platform.launcher.core.EngineExecutionOrchestrator.lambda$execute$0(EngineExecutionOrchestrator.java:54)
	at org.junit.platform.launcher.core.EngineExecutionOrchestrator.withInterceptedStreams(EngineExecutionOrchestrator.java:67)
	at org.junit.platform.launcher.core.EngineExecutionOrchestrator.execute(EngineExecutionOrchestrator.java:52)
	at org.junit.platform.launcher.core.DefaultLauncher.execute(DefaultLauncher.java:114)
	at org.junit.platform.launcher.core.DefaultLauncher.execute(DefaultLauncher.java:86)
	at org.junit.platform.launcher.core.DefaultLauncherSession$DelegatingLauncher.execute(DefaultLauncherSession.java:86)
	at org.junit.platform.launcher.core.SessionPerRequestLauncher.execute(SessionPerRequestLauncher.java:53)
	at org.apache.maven.surefire.junitplatform.JUnitPlatformProvider.execute(JUnitPlatformProvider.java:188)
	at org.apache.maven.surefire.junitplatform.JUnitPlatformProvider.invokeAllTests(JUnitPlatformProvider.java:154)
	at org.apache.maven.surefire.junitplatform.JUnitPlatformProvider.invoke(JUnitPlatformProvider.java:128)
	at org.apache.maven.surefire.booter.ForkedBooter.runSuitesInProcess(ForkedBooter.java:428)
	at org.apache.maven.surefire.booter.ForkedBooter.execute(ForkedBooter.java:162)
	at org.apache.maven.surefire.booter.ForkedBooter.run(ForkedBooter.java:562)
	at org.apache.maven.surefire.booter.ForkedBooter.main(ForkedBooter.java:548)
08:25:17.861 | Could not parse header - Expected ':' at 1:8
[[1;34mINFO[m] [1;32mTests run: [0;1;32m3[m, Failures: 0, Errors: 0, Skipped: 0, Time elapsed: 0.089 s - in app.[1mTestJWTValidCheck[m
[[1;34mINFO[m] Running app.controllers.[1mReadableTokenFormatTest[m
08:25:17.995 | Exception beautifying JSON: Unexpected end of input at 1:20
[[1;34mINFO[m] [1;32mTests run: [0;1;32m10[m, Failures: 0, Errors: 0, Skipped: 0, Time elapsed: 0.181 s - in app.controllers.[1mReadableTokenFormatTest[m
[[1;34mINFO[m] Running app.[1mTestSetCookieDetection[m
[[1;34mINFO[m] [1;32mTests run: [0;1;32m13[m, Failures: 0, Errors: 0, Skipped: 0, Time elapsed: 0.133 s - in app.[1mTestSetCookieDetection[m
[[1;34mINFO[m] Running app.[1mTestPostDetection[m
[[1;34mINFO[m] [1;32mTests run: [0;1;32m6[m, Failures: 0, Errors: 0, Skipped: 0, Time elapsed: 0.093 s - in app.[1mTestPostDetection[m
[[1;34mINFO[m] Running app.[1mTestKeyHelper[m
[[1;34mINFO[m] [1;32mTests run: [0;1;32m4[m, Failures: 0, Errors: 0, Skipped: 0, Time elapsed: 0.051 s - in app.[1mTestKeyHelper[m
[[1;34mINFO[m] Running app.[1mTestAuthorizationDetection[m
com.fasterxml.jackson.core.JsonParseException: Unexpected character ('H' (code 72)): was expecting a colon to separate field name and value
 at [Source: (String)"{"alVï¿½:"HS256","typ":"JWT"}"; line: 1, column: 10]
	at com.fasterxml.jackson.core.JsonParser._constructError(JsonParser.java:1851)
	at com.fasterxml.jackson.core.base.ParserMinimalBase._reportError(ParserMinimalBase.java:707)
	at com.fasterxml.jackson.core.base.ParserMinimalBase._reportUnexpectedChar(ParserMinimalBase.java:632)
	at com.fasterxml.jackson.core.json.ReaderBasedJsonParser._skipColon2(ReaderBasedJsonParser.java:2251)
	at com.fasterxml.jackson.core.json.ReaderBasedJsonParser._skipColon(ReaderBasedJsonParser.java:2230)
	at com.fasterxml.jackson.core.json.ReaderBasedJsonParser.nextFieldName(ReaderBasedJsonParser.java:939)
	at com.fasterxml.jackson.databind.deser.std.BaseNodeDeserializer.deserializeObject(JsonNodeDeserializer.java:249)
	at com.fasterxml.jackson.databind.deser.std.JsonNodeDeserializer.deserialize(JsonNodeDeserializer.java:68)
	at com.fasterxml.jackson.databind.deser.std.JsonNodeDeserializer.deserialize(JsonNodeDeserializer.java:15)
	at com.fasterxml.jackson.databind.ObjectMapper._readMapAndClose(ObjectMapper.java:4526)
	at com.fasterxml.jackson.databind.ObjectMapper.readValue(ObjectMapper.java:3468)
	at com.fasterxml.jackson.databind.ObjectMapper.readValue(ObjectMapper.java:3436)
	at model.CustomJWToken.isMinified(CustomJWToken.java:84)
	at model.CustomJWToken.<init>(CustomJWToken.java:53)
	at model.CustomJWToken.isValidJWT(CustomJWToken.java:217)
	at app.tokenposition.AuthorizationBearerHeader.headerContainsKeyWordAndIsJWT(AuthorizationBearerHeader.java:33)
	at app.tokenposition.AuthorizationBearerHeader.positionFound(AuthorizationBearerHeader.java:21)
	at app.TestAuthorizationDetection.testAuthInvalid(TestAuthorizationDetection.java:38)
	at java.base/jdk.internal.reflect.NativeMethodAccessorImpl.invoke0(Native Method)
	at java.base/jdk.internal.reflect.NativeMethodAccessorImpl.invoke(NativeMethodAccessorImpl.java:62)
	at java.base/jdk.internal.reflect.DelegatingMethodAccessorImpl.invoke(DelegatingMethodAccessorImpl.java:43)
	at java.base/java.lang.reflect.Method.invoke(Method.java:566)
	at org.junit.platform.commons.util.ReflectionUtils.invokeMethod(ReflectionUtils.java:725)
	at org.junit.jupiter.engine.execution.MethodInvocation.proceed(MethodInvocation.java:60)
	at org.junit.jupiter.engine.execution.InvocationInterceptorChain$ValidatingInvocation.proceed(InvocationInterceptorChain.java:131)
	at org.junit.jupiter.engine.extension.TimeoutExtension.intercept(TimeoutExtension.java:149)
	at org.junit.jupiter.engine.extension.TimeoutExtension.interceptTestableMethod(TimeoutExtension.java:140)
	at org.junit.jupiter.engine.extension.TimeoutExtension.interceptTestMethod(TimeoutExtension.java:84)
	at org.junit.jupiter.engine.execution.ExecutableInvoker$ReflectiveInterceptorCall.lambda$ofVoidMethod$0(ExecutableInvoker.java:115)
	at org.junit.jupiter.engine.execution.ExecutableInvoker.lambda$invoke$0(ExecutableInvoker.java:105)
	at org.junit.jupiter.engine.execution.InvocationInterceptorChain$InterceptedInvocation.proceed(InvocationInterceptorChain.java:106)
	at org.junit.jupiter.engine.execution.InvocationInterceptorChain.proceed(InvocationInterceptorChain.java:64)
	at org.junit.jupiter.engine.execution.InvocationInterceptorChain.chainAndInvoke(InvocationInterceptorChain.java:45)
	at org.junit.jupiter.engine.execution.InvocationInterceptorChain.invoke(InvocationInterceptorChain.java:37)
	at org.junit.jupiter.engine.execution.ExecutableInvoker.invoke(ExecutableInvoker.java:104)
	at org.junit.jupiter.engine.execution.ExecutableInvoker.invoke(ExecutableInvoker.java:98)
	at org.junit.jupiter.engine.descriptor.TestMethodTestDescriptor.lambda$invokeTestMethod$7(TestMethodTestDescriptor.java:214)
	at org.junit.platform.engine.support.hierarchical.ThrowableCollector.execute(ThrowableCollector.java:73)
	at org.junit.jupiter.engine.descriptor.TestMethodTestDescriptor.invokeTestMethod(TestMethodTestDescriptor.java:210)
	at org.junit.jupiter.engine.descriptor.TestMethodTestDescriptor.execute(TestMethodTestDescriptor.java:135)
	at org.junit.jupiter.engine.descriptor.TestMethodTestDescriptor.execute(TestMethodTestDescriptor.java:66)
	at org.junit.platform.engine.support.hierarchical.NodeTestTask.lambda$executeRecursively$6(NodeTestTask.java:151)
	at org.junit.platform.engine.support.hierarchical.ThrowableCollector.execute(ThrowableCollector.java:73)
	at org.junit.platform.engine.support.hierarchical.NodeTestTask.lambda$executeRecursively$8(NodeTestTask.java:141)
	at org.junit.platform.engine.support.hierarchical.Node.around(Node.java:137)
	at org.junit.platform.engine.support.hierarchical.NodeTestTask.lambda$executeRecursively$9(NodeTestTask.java:139)
	at org.junit.platform.engine.support.hierarchical.ThrowableCollector.execute(ThrowableCollector.java:73)
	at org.junit.platform.engine.support.hierarchical.NodeTestTask.executeRecursively(NodeTestTask.java:138)
	at org.junit.platform.engine.support.hierarchical.NodeTestTask.execute(NodeTestTask.java:95)
	at java.base/java.util.ArrayList.forEach(ArrayList.java:1541)
	at org.junit.platform.engine.support.hierarchical.SameThreadHierarchicalTestExecutorService.invokeAll(SameThreadHierarchicalTestExecutorService.java:41)
	at org.junit.platform.engine.support.hierarchical.NodeTestTask.lambda$executeRecursively$6(NodeTestTask.java:155)
	at org.junit.platform.engine.support.hierarchical.ThrowableCollector.execute(ThrowableCollector.java:73)
	at org.junit.platform.engine.support.hierarchical.NodeTestTask.lambda$executeRecursively$8(NodeTestTask.java:141)
	at org.junit.platform.engine.support.hierarchical.Node.around(Node.java:137)
	at org.junit.platform.engine.support.hierarchical.NodeTestTask.lambda$executeRecursively$9(NodeTestTask.java:139)
	at org.junit.platform.engine.support.hierarchical.ThrowableCollector.execute(ThrowableCollector.java:73)
	at org.junit.platform.engine.support.hierarchical.NodeTestTask.executeRecursively(NodeTestTask.java:138)
	at org.junit.platform.engine.support.hierarchical.NodeTestTask.execute(NodeTestTask.java:95)
	at java.base/java.util.ArrayList.forEach(ArrayList.java:1541)
	at org.junit.platform.engine.support.hierarchical.SameThreadHierarchicalTestExecutorService.invokeAll(SameThreadHierarchicalTestExecutorService.java:41)
	at org.junit.platform.engine.support.hierarchical.NodeTestTask.lambda$executeRecursively$6(NodeTestTask.java:155)
	at org.junit.platform.engine.support.hierarchical.ThrowableCollector.execute(ThrowableCollector.java:73)
	at org.junit.platform.engine.support.hierarchical.NodeTestTask.lambda$executeRecursively$8(NodeTestTask.java:141)
	at org.junit.platform.engine.support.hierarchical.Node.around(Node.java:137)
	at org.junit.platform.engine.support.hierarchical.NodeTestTask.lambda$executeRecursively$9(NodeTestTask.java:139)
	at org.junit.platform.engine.support.hierarchical.ThrowableCollector.execute(ThrowableCollector.java:73)
	at org.junit.platform.engine.support.hierarchical.NodeTestTask.executeRecursively(NodeTestTask.java:138)
	at org.junit.platform.engine.support.hierarchical.NodeTestTask.execute(NodeTestTask.java:95)
	at org.junit.platform.engine.support.hierarchical.SameThreadHierarchicalTestExecutorService.submit(SameThreadHierarchicalTestExecutorService.java:35)
	at org.junit.platform.engine.support.hierarchical.HierarchicalTestExecutor.execute(HierarchicalTestExecutor.java:57)
	at org.junit.platform.engine.support.hierarchical.HierarchicalTestEngine.execute(HierarchicalTestEngine.java:54)
	at org.junit.platform.launcher.core.EngineExecutionOrchestrator.execute(EngineExecutionOrchestrator.java:107)
	at org.junit.platform.launcher.core.EngineExecutionOrchestrator.execute(EngineExecutionOrchestrator.java:88)
	at org.junit.platform.launcher.core.EngineExecutionOrchestrator.lambda$execute$0(EngineExecutionOrchestrator.java:54)
	at org.junit.platform.launcher.core.EngineExecutionOrchestrator.withInterceptedStreams(EngineExecutionOrchestrator.java:67)
	at org.junit.platform.launcher.core.EngineExecutionOrchestrator.execute(EngineExecutionOrchestrator.java:52)
	at org.junit.platform.launcher.core.DefaultLauncher.execute(DefaultLauncher.java:114)
	at org.junit.platform.launcher.core.DefaultLauncher.execute(DefaultLauncher.java:86)
	at org.junit.platform.launcher.core.DefaultLauncherSession$DelegatingLauncher.execute(DefaultLauncherSession.java:86)
	at org.junit.platform.launcher.core.SessionPerRequestLauncher.execute(SessionPerRequestLauncher.java:53)
	at org.apache.maven.surefire.junitplatform.JUnitPlatformProvider.execute(JUnitPlatformProvider.java:188)
	at org.apache.maven.surefire.junitplatform.JUnitPlatformProvider.invokeAllTests(JUnitPlatformProvider.java:154)
	at org.apache.maven.surefire.junitplatform.JUnitPlatformProvider.invoke(JUnitPlatformProvider.java:128)
	at org.apache.maven.surefire.booter.ForkedBooter.runSuitesInProcess(ForkedBooter.java:428)
	at org.apache.maven.surefire.booter.ForkedBooter.execute(ForkedBooter.java:162)
	at org.apache.maven.surefire.booter.ForkedBooter.run(ForkedBooter.java:562)
	at org.apache.maven.surefire.booter.ForkedBooter.main(ForkedBooter.java:548)
08:25:18.434 | Could not parse header - Expected ':' at 1:8
[[1;34mINFO[m] [1;32mTests run: [0;1;32m3[m, Failures: 0, Errors: 0, Skipped: 0, Time elapsed: 0.054 s - in app.[1mTestAuthorizationDetection[m
[[1;34mINFO[m] Running app.[1mTestInvalidJSONToken[m
com.fasterxml.jackson.core.JsonParseException: Unexpected character ('H' (code 72)): was expecting comma to separate Object entries
 at [Source: (String)"{"sub":"1234567890","name":"John Doe","iat":151623907Hï¿½ï¿½"; line: 1, column: 55]
	at com.fasterxml.jackson.core.JsonParser._constructError(JsonParser.java:1851)
	at com.fasterxml.jackson.core.base.ParserMinimalBase._reportError(ParserMinimalBase.java:707)
	at com.fasterxml.jackson.core.base.ParserMinimalBase._reportUnexpectedChar(ParserMinimalBase.java:632)
	at com.fasterxml.jackson.core.json.ReaderBasedJsonParser._skipComma(ReaderBasedJsonParser.java:2324)
	at com.fasterxml.jackson.core.json.ReaderBasedJsonParser.nextFieldName(ReaderBasedJsonParser.java:921)
	at com.fasterxml.jackson.databind.deser.std.BaseNodeDeserializer.deserializeObject(JsonNodeDeserializer.java:250)
	at com.fasterxml.jackson.databind.deser.std.JsonNodeDeserializer.deserialize(JsonNodeDeserializer.java:68)
	at com.fasterxml.jackson.databind.deser.std.JsonNodeDeserializer.deserialize(JsonNodeDeserializer.java:15)
	at com.fasterxml.jackson.databind.ObjectMapper._readMapAndClose(ObjectMapper.java:4526)
	at com.fasterxml.jackson.databind.ObjectMapper.readValue(ObjectMapper.java:3468)
	at com.fasterxml.jackson.databind.ObjectMapper.readValue(ObjectMapper.java:3436)
	at model.CustomJWToken.isMinified(CustomJWToken.java:84)
	at model.CustomJWToken.<init>(CustomJWToken.java:53)
	at app.TestInvalidJSONToken.newTest(TestInvalidJSONToken.java:16)
	at java.base/jdk.internal.reflect.NativeMethodAccessorImpl.invoke0(Native Method)
	at java.base/jdk.internal.reflect.NativeMethodAccessorImpl.invoke(NativeMethodAccessorImpl.java:62)
	at java.base/jdk.internal.reflect.DelegatingMethodAccessorImpl.invoke(DelegatingMethodAccessorImpl.java:43)
	at java.base/java.lang.reflect.Method.invoke(Method.java:566)
	at org.junit.platform.commons.util.ReflectionUtils.invokeMethod(ReflectionUtils.java:725)
	at org.junit.jupiter.engine.execution.MethodInvocation.proceed(MethodInvocation.java:60)
	at org.junit.jupiter.engine.execution.InvocationInterceptorChain$ValidatingInvocation.proceed(InvocationInterceptorChain.java:131)
	at org.junit.jupiter.engine.extension.TimeoutExtension.intercept(TimeoutExtension.java:149)
	at org.junit.jupiter.engine.extension.TimeoutExtension.interceptTestableMethod(TimeoutExtension.java:140)
	at org.junit.jupiter.engine.extension.TimeoutExtension.interceptTestMethod(TimeoutExtension.java:84)
	at org.junit.jupiter.engine.execution.ExecutableInvoker$ReflectiveInterceptorCall.lambda$ofVoidMethod$0(ExecutableInvoker.java:115)
	at org.junit.jupiter.engine.execution.ExecutableInvoker.lambda$invoke$0(ExecutableInvoker.java:105)
	at org.junit.jupiter.engine.execution.InvocationInterceptorChain$InterceptedInvocation.proceed(InvocationInterceptorChain.java:106)
	at org.junit.jupiter.engine.execution.InvocationInterceptorChain.proceed(InvocationInterceptorChain.java:64)
	at org.junit.jupiter.engine.execution.InvocationInterceptorChain.chainAndInvoke(InvocationInterceptorChain.java:45)
	at org.junit.jupiter.engine.execution.InvocationInterceptorChain.invoke(InvocationInterceptorChain.java:37)
	at org.junit.jupiter.engine.execution.ExecutableInvoker.invoke(ExecutableInvoker.java:104)
	at org.junit.jupiter.engine.execution.ExecutableInvoker.invoke(ExecutableInvoker.java:98)
	at org.junit.jupiter.engine.descriptor.TestMethodTestDescriptor.lambda$invokeTestMethod$7(TestMethodTestDescriptor.java:214)
	at org.junit.platform.engine.support.hierarchical.ThrowableCollector.execute(ThrowableCollector.java:73)
	at org.junit.jupiter.engine.descriptor.TestMethodTestDescriptor.invokeTestMethod(TestMethodTestDescriptor.java:210)
	at org.junit.jupiter.engine.descriptor.TestMethodTestDescriptor.execute(TestMethodTestDescriptor.java:135)
	at org.junit.jupiter.engine.descriptor.TestMethodTestDescriptor.execute(TestMethodTestDescriptor.java:66)
	at org.junit.platform.engine.support.hierarchical.NodeTestTask.lambda$executeRecursively$6(NodeTestTask.java:151)
	at org.junit.platform.engine.support.hierarchical.ThrowableCollector.execute(ThrowableCollector.java:73)
	at org.junit.platform.engine.support.hierarchical.NodeTestTask.lambda$executeRecursively$8(NodeTestTask.java:141)
	at org.junit.platform.engine.support.hierarchical.Node.around(Node.java:137)
	at org.junit.platform.engine.support.hierarchical.NodeTestTask.lambda$executeRecursively$9(NodeTestTask.java:139)
	at org.junit.platform.engine.support.hierarchical.ThrowableCollector.execute(ThrowableCollector.java:73)
	at org.junit.platform.engine.support.hierarchical.NodeTestTask.executeRecursively(NodeTestTask.java:138)
	at org.junit.platform.engine.support.hierarchical.NodeTestTask.execute(NodeTestTask.java:95)
	at java.base/java.util.ArrayList.forEach(ArrayList.java:1541)
	at org.junit.platform.engine.support.hierarchical.SameThreadHierarchicalTestExecutorService.invokeAll(SameThreadHierarchicalTestExecutorService.java:41)
	at org.junit.platform.engine.support.hierarchical.NodeTestTask.lambda$executeRecursively$6(NodeTestTask.java:155)
	at org.junit.platform.engine.support.hierarchical.ThrowableCollector.execute(ThrowableCollector.java:73)
	at org.junit.platform.engine.support.hierarchical.NodeTestTask.lambda$executeRecursively$8(NodeTestTask.java:141)
	at org.junit.platform.engine.support.hierarchical.Node.around(Node.java:137)
	at org.junit.platform.engine.support.hierarchical.NodeTestTask.lambda$executeRecursively$9(NodeTestTask.java:139)
	at org.junit.platform.engine.support.hierarchical.ThrowableCollector.execute(ThrowableCollector.java:73)
	at org.junit.platform.engine.support.hierarchical.NodeTestTask.executeRecursively(NodeTestTask.java:138)
	at org.junit.platform.engine.support.hierarchical.NodeTestTask.execute(NodeTestTask.java:95)
	at java.base/java.util.ArrayList.forEach(ArrayList.java:1541)
	at org.junit.platform.engine.support.hierarchical.SameThreadHierarchicalTestExecutorService.invokeAll(SameThreadHierarchicalTestExecutorService.java:41)
	at org.junit.platform.engine.support.hierarchical.NodeTestTask.lambda$executeRecursively$6(NodeTestTask.java:155)
	at org.junit.platform.engine.support.hierarchical.ThrowableCollector.execute(ThrowableCollector.java:73)
	at org.junit.platform.engine.support.hierarchical.NodeTestTask.lambda$executeRecursively$8(NodeTestTask.java:141)
	at org.junit.platform.engine.support.hierarchical.Node.around(Node.java:137)
	at org.junit.platform.engine.support.hierarchical.NodeTestTask.lambda$executeRecursively$9(NodeTestTask.java:139)
	at org.junit.platform.engine.support.hierarchical.ThrowableCollector.execute(ThrowableCollector.java:73)
	at org.junit.platform.engine.support.hierarchical.NodeTestTask.executeRecursively(NodeTestTask.java:138)
	at org.junit.platform.engine.support.hierarchical.NodeTestTask.execute(NodeTestTask.java:95)
	at org.junit.platform.engine.support.hierarchical.SameThreadHierarchicalTestExecutorService.submit(SameThreadHierarchicalTestExecutorService.java:35)
	at org.junit.platform.engine.support.hierarchical.HierarchicalTestExecutor.execute(HierarchicalTestExecutor.java:57)
	at org.junit.platform.engine.support.hierarchical.HierarchicalTestEngine.execute(HierarchicalTestEngine.java:54)
	at org.junit.platform.launcher.core.EngineExecutionOrchestrator.execute(EngineExecutionOrchestrator.java:107)
	at org.junit.platform.launcher.core.EngineExecutionOrchestrator.execute(EngineExecutionOrchestrator.java:88)
	at org.junit.platform.launcher.core.EngineExecutionOrchestrator.lambda$execute$0(EngineExecutionOrchestrator.java:54)
	at org.junit.platform.launcher.core.EngineExecutionOrchestrator.withInterceptedStreams(EngineExecutionOrchestrator.java:67)
	at org.junit.platform.launcher.core.EngineExecutionOrchestrator.execute(EngineExecutionOrchestrator.java:52)
	at org.junit.platform.launcher.core.DefaultLauncher.execute(DefaultLauncher.java:114)
	at org.junit.platform.launcher.core.DefaultLauncher.execute(DefaultLauncher.java:86)
	at org.junit.platform.launcher.core.DefaultLauncherSession$DelegatingLauncher.execute(DefaultLauncherSession.java:86)
	at org.junit.platform.launcher.core.SessionPerRequestLauncher.execute(SessionPerRequestLauncher.java:53)
	at org.apache.maven.surefire.junitplatform.JUnitPlatformProvider.execute(JUnitPlatformProvider.java:188)
	at org.apache.maven.surefire.junitplatform.JUnitPlatformProvider.invokeAllTests(JUnitPlatformProvider.java:154)
	at org.apache.maven.surefire.junitplatform.JUnitPlatformProvider.invoke(JUnitPlatformProvider.java:128)
	at org.apache.maven.surefire.booter.ForkedBooter.runSuitesInProcess(ForkedBooter.java:428)
	at org.apache.maven.surefire.booter.ForkedBooter.execute(ForkedBooter.java:162)
	at org.apache.maven.surefire.booter.ForkedBooter.run(ForkedBooter.java:562)
	at org.apache.maven.surefire.booter.ForkedBooter.main(ForkedBooter.java:548)
08:25:18.516 | Could not parse claims - Expected ',' or '}' at 1:53
[[1;34mINFO[m] [1;32mTests run: [0;1;32m1[m, Failures: 0, Errors: 0, Skipped: 0, Time elapsed: 0.035 s - in app.[1mTestInvalidJSONToken[m
[[1;34mINFO[m] Running app.[1mTestCustomJWTDecoder[m
com.fasterxml.jackson.core.JsonParseException: Unexpected character ('H' (code 72)): was expecting a colon to separate field name and value
 at [Source: (String)"{"alVï¿½:"HS256","typ":"JWT"}"; line: 1, column: 10]
	at com.fasterxml.jackson.core.JsonParser._constructError(JsonParser.java:1851)
	at com.fasterxml.jackson.core.base.ParserMinimalBase._reportError(ParserMinimalBase.java:707)
	at com.fasterxml.jackson.core.base.ParserMinimalBase._reportUnexpectedChar(ParserMinimalBase.java:632)
	at com.fasterxml.jackson.core.json.ReaderBasedJsonParser._skipColon2(ReaderBasedJsonParser.java:2251)
	at com.fasterxml.jackson.core.json.ReaderBasedJsonParser._skipColon(ReaderBasedJsonParser.java:2230)
	at com.fasterxml.jackson.core.json.ReaderBasedJsonParser.nextFieldName(ReaderBasedJsonParser.java:939)
	at com.fasterxml.jackson.databind.deser.std.BaseNodeDeserializer.deserializeObject(JsonNodeDeserializer.java:249)
	at com.fasterxml.jackson.databind.deser.std.JsonNodeDeserializer.deserialize(JsonNodeDeserializer.java:68)
	at com.fasterxml.jackson.databind.deser.std.JsonNodeDeserializer.deserialize(JsonNodeDeserializer.java:15)
	at com.fasterxml.jackson.databind.ObjectMapper._readMapAndClose(ObjectMapper.java:4526)
	at com.fasterxml.jackson.databind.ObjectMapper.readValue(ObjectMapper.java:3468)
	at com.fasterxml.jackson.databind.ObjectMapper.readValue(ObjectMapper.java:3436)
	at model.CustomJWToken.isMinified(CustomJWToken.java:84)
	at model.CustomJWToken.<init>(CustomJWToken.java:53)
	at app.TestCustomJWTDecoder.testBrokenToken(TestCustomJWTDecoder.java:20)
	at java.base/jdk.internal.reflect.NativeMethodAccessorImpl.invoke0(Native Method)
	at java.base/jdk.internal.reflect.NativeMethodAccessorImpl.invoke(NativeMethodAccessorImpl.java:62)
	at java.base/jdk.internal.reflect.DelegatingMethodAccessorImpl.invoke(DelegatingMethodAccessorImpl.java:43)
	at java.base/java.lang.reflect.Method.invoke(Method.java:566)
	at org.junit.platform.commons.util.ReflectionUtils.invokeMethod(ReflectionUtils.java:725)
	at org.junit.jupiter.engine.execution.MethodInvocation.proceed(MethodInvocation.java:60)
	at org.junit.jupiter.engine.execution.InvocationInterceptorChain$ValidatingInvocation.proceed(InvocationInterceptorChain.java:131)
	at org.junit.jupiter.engine.extension.TimeoutExtension.intercept(TimeoutExtension.java:149)
	at org.junit.jupiter.engine.extension.TimeoutExtension.interceptTestableMethod(TimeoutExtension.java:140)
	at org.junit.jupiter.engine.extension.TimeoutExtension.interceptTestMethod(TimeoutExtension.java:84)
	at org.junit.jupiter.engine.execution.ExecutableInvoker$ReflectiveInterceptorCall.lambda$ofVoidMethod$0(ExecutableInvoker.java:115)
	at org.junit.jupiter.engine.execution.ExecutableInvoker.lambda$invoke$0(ExecutableInvoker.java:105)
	at org.junit.jupiter.engine.execution.InvocationInterceptorChain$InterceptedInvocation.proceed(InvocationInterceptorChain.java:106)
	at org.junit.jupiter.engine.execution.InvocationInterceptorChain.proceed(InvocationInterceptorChain.java:64)
	at org.junit.jupiter.engine.execution.InvocationInterceptorChain.chainAndInvoke(InvocationInterceptorChain.java:45)
	at org.junit.jupiter.engine.execution.InvocationInterceptorChain.invoke(InvocationInterceptorChain.java:37)
	at org.junit.jupiter.engine.execution.ExecutableInvoker.invoke(ExecutableInvoker.java:104)
	at org.junit.jupiter.engine.execution.ExecutableInvoker.invoke(ExecutableInvoker.java:98)
	at org.junit.jupiter.engine.descriptor.TestMethodTestDescriptor.lambda$invokeTestMethod$7(TestMethodTestDescriptor.java:214)
	at org.junit.platform.engine.support.hierarchical.ThrowableCollector.execute(ThrowableCollector.java:73)
	at org.junit.jupiter.engine.descriptor.TestMethodTestDescriptor.invokeTestMethod(TestMethodTestDescriptor.java:210)
	at org.junit.jupiter.engine.descriptor.TestMethodTestDescriptor.execute(TestMethodTestDescriptor.java:135)
	at org.junit.jupiter.engine.descriptor.TestMethodTestDescriptor.execute(TestMethodTestDescriptor.java:66)
	at org.junit.platform.engine.support.hierarchical.NodeTestTask.lambda$executeRecursively$6(NodeTestTask.java:151)
	at org.junit.platform.engine.support.hierarchical.ThrowableCollector.execute(ThrowableCollector.java:73)
	at org.junit.platform.engine.support.hierarchical.NodeTestTask.lambda$executeRecursively$8(NodeTestTask.java:141)
	at org.junit.platform.engine.support.hierarchical.Node.around(Node.java:137)
	at org.junit.platform.engine.support.hierarchical.NodeTestTask.lambda$executeRecursively$9(NodeTestTask.java:139)
	at org.junit.platform.engine.support.hierarchical.ThrowableCollector.execute(ThrowableCollector.java:73)
	at org.junit.platform.engine.support.hierarchical.NodeTestTask.executeRecursively(NodeTestTask.java:138)
	at org.junit.platform.engine.support.hierarchical.NodeTestTask.execute(NodeTestTask.java:95)
	at java.base/java.util.ArrayList.forEach(ArrayList.java:1541)
	at org.junit.platform.engine.support.hierarchical.SameThreadHierarchicalTestExecutorService.invokeAll(SameThreadHierarchicalTestExecutorService.java:41)
	at org.junit.platform.engine.support.hierarchical.NodeTestTask.lambda$executeRecursively$6(NodeTestTask.java:155)
	at org.junit.platform.engine.support.hierarchical.ThrowableCollector.execute(ThrowableCollector.java:73)
	at org.junit.platform.engine.support.hierarchical.NodeTestTask.lambda$executeRecursively$8(NodeTestTask.java:141)
	at org.junit.platform.engine.support.hierarchical.Node.around(Node.java:137)
	at org.junit.platform.engine.support.hierarchical.NodeTestTask.lambda$executeRecursively$9(NodeTestTask.java:139)
	at org.junit.platform.engine.support.hierarchical.ThrowableCollector.execute(ThrowableCollector.java:73)
	at org.junit.platform.engine.support.hierarchical.NodeTestTask.executeRecursively(NodeTestTask.java:138)
	at org.junit.platform.engine.support.hierarchical.NodeTestTask.execute(NodeTestTask.java:95)
	at java.base/java.util.ArrayList.forEach(ArrayList.java:1541)
	at org.junit.platform.engine.support.hierarchical.SameThreadHierarchicalTestExecutorService.invokeAll(SameThreadHierarchicalTestExecutorService.java:41)
	at org.junit.platform.engine.support.hierarchical.NodeTestTask.lambda$executeRecursively$6(NodeTestTask.java:155)
	at org.junit.platform.engine.support.hierarchical.ThrowableCollector.execute(ThrowableCollector.java:73)
	at org.junit.platform.engine.support.hierarchical.NodeTestTask.lambda$executeRecursively$8(NodeTestTask.java:141)
	at org.junit.platform.engine.support.hierarchical.Node.around(Node.java:137)
	at org.junit.platform.engine.support.hierarchical.NodeTestTask.lambda$executeRecursively$9(NodeTestTask.java:139)
	at org.junit.platform.engine.support.hierarchical.ThrowableCollector.execute(ThrowableCollector.java:73)
	at org.junit.platform.engine.support.hierarchical.NodeTestTask.executeRecursively(NodeTestTask.java:138)
	at org.junit.platform.engine.support.hierarchical.NodeTestTask.execute(NodeTestTask.java:95)
	at org.junit.platform.engine.support.hierarchical.SameThreadHierarchicalTestExecutorService.submit(SameThreadHierarchicalTestExecutorService.java:35)
	at org.junit.platform.engine.support.hierarchical.HierarchicalTestExecutor.execute(HierarchicalTestExecutor.java:57)
	at org.junit.platform.engine.support.hierarchical.HierarchicalTestEngine.execute(HierarchicalTestEngine.java:54)
	at org.junit.platform.launcher.core.EngineExecutionOrchestrator.execute(EngineExecutionOrchestrator.java:107)
	at org.junit.platform.launcher.core.EngineExecutionOrchestrator.execute(EngineExecutionOrchestrator.java:88)
	at org.junit.platform.launcher.core.EngineExecutionOrchestrator.lambda$execute$0(EngineExecutionOrchestrator.java:54)
	at org.junit.platform.launcher.core.EngineExecutionOrchestrator.withInterceptedStreams(EngineExecutionOrchestrator.java:67)
	at org.junit.platform.launcher.core.EngineExecutionOrchestrator.execute(EngineExecutionOrchestrator.java:52)
	at org.junit.platform.launcher.core.DefaultLauncher.execute(DefaultLauncher.java:114)
	at org.junit.platform.launcher.core.DefaultLauncher.execute(DefaultLauncher.java:86)
	at org.junit.platform.launcher.core.DefaultLauncherSession$DelegatingLauncher.execute(DefaultLauncherSession.java:86)
	at org.junit.platform.launcher.core.SessionPerRequestLauncher.execute(SessionPerRequestLauncher.java:53)
	at org.apache.maven.surefire.junitplatform.JUnitPlatformProvider.execute(JUnitPlatformProvider.java:188)
	at org.apache.maven.surefire.junitplatform.JUnitPlatformProvider.invokeAllTests(JUnitPlatformProvider.java:154)
	at org.apache.maven.surefire.junitplatform.JUnitPlatformProvider.invoke(JUnitPlatformProvider.java:128)
	at org.apache.maven.surefire.booter.ForkedBooter.runSuitesInProcess(ForkedBooter.java:428)
	at org.apache.maven.surefire.booter.ForkedBooter.execute(ForkedBooter.java:162)
	at org.apache.maven.surefire.booter.ForkedBooter.run(ForkedBooter.java:562)
	at org.apache.maven.surefire.booter.ForkedBooter.main(ForkedBooter.java:548)
08:25:18.580 | Could not parse header - Expected ':' at 1:8
[[1;34mINFO[m] [1;32mTests run: [0;1;32m4[m, Failures: 0, Errors: 0, Skipped: 0, Time elapsed: 0.098 s - in app.[1mTestCustomJWTDecoder[m
[[1;34mINFO[m] Running app.[1mTestBodyDetection[m
[[1;34mINFO[m] [1;32mTests run: [0;1;32m19[m, Failures: 0, Errors: 0, Skipped: 0, Time elapsed: 0.198 s - in app.[1mTestBodyDetection[m
[[1;34mINFO[m] Running app.[1mTestCookieDetection[m
[[1;34mINFO[m] [1;32mTests run: [0;1;32m10[m, Failures: 0, Errors: 0, Skipped: 0, Time elapsed: 0.084 s - in app.[1mTestCookieDetection[m
[[1;34mINFO[m] 
[[1;34mINFO[m] Results:
[[1;34mINFO[m] 
[[1;34mINFO[m] [1;32mTests run: 77, Failures: 0, Errors: 0, Skipped: 0[m
[[1;34mINFO[m] 
[[1;34mINFO[m] 
[[1;34mINFO[m] [1m--- [0;32mmaven-jar-plugin:2.4:jar[m [1m(default-jar)[m @ [36mJWT4B[0;1m ---[m
[[1;34mINFO[m] Building jar: /builds/workspace/JWT4B/target/JWT4B.jar
[[1;34mINFO[m] 
[[1;34mINFO[m] [1m--- [0;32mmaven-assembly-plugin:3.0.0:single[m [1m(make-assembly)[m @ [36mJWT4B[0;1m ---[m
[[1;34mINFO[m] Building jar: /builds/workspace/JWT4B/target/JWT4B-jar-with-dependencies.jar
[[1;34mINFO[m] 
[[1;34mINFO[m] [1m--- [0;32mmaven-install-plugin:2.4:install[m [1m(default-install)[m @ [36mJWT4B[0;1m ---[m
[[1;34mINFO[m] Installing /builds/workspace/JWT4B/target/JWT4B.jar to /builds/.m2/repository/JWT4B/JWT4B/0.0.4-SNAPSHOT/JWT4B-0.0.4-SNAPSHOT.jar
[[1;34mINFO[m] Installing /builds/workspace/JWT4B/pom.xml to /builds/.m2/repository/JWT4B/JWT4B/0.0.4-SNAPSHOT/JWT4B-0.0.4-SNAPSHOT.pom
[[1;34mINFO[m] Installing /builds/workspace/JWT4B/target/JWT4B-jar-with-dependencies.jar to /builds/.m2/repository/JWT4B/JWT4B/0.0.4-SNAPSHOT/JWT4B-0.0.4-SNAPSHOT-jar-with-dependencies.jar
[[1;34mINFO[m] [1m------------------------------------------------------------------------[m
[[1;34mINFO[m] [1;32mBUILD SUCCESS[m
[[1;34mINFO[m] [1m------------------------------------------------------------------------[m
[[1;34mINFO[m] Total time:  19.388 s
[[1;34mINFO[m] Finished at: 2022-05-27T10:25:26+02:00
[[1;34mINFO[m] [1m------------------------------------------------------------------------[m
bash: line 97: bc: command not found
 
--- Displays results of the maven compile ---
Time to compile: 
Number of tests: 77
Number of tests skipped: 0
Number of failures in tests: 0
Number of errors in tests: 0
 
-------------------------------------------------------
Inserts the maven plugin to spoon the project
-------------------------------------------------------
 
Picked up JAVA_TOOL_OPTIONS: -Dfile.encoding=UTF8
WARNING: An illegal reflective access operation has occurred
WARNING: Illegal reflective access by com.google.inject.internal.cglib.core.$ReflectUtils$1 (file:/usr/share/maven/lib/guice.jar) to method java.lang.ClassLoader.defineClass(java.lang.String,byte[],int,int,java.security.ProtectionDomain)
WARNING: Please consider reporting this to the maintainers of com.google.inject.internal.cglib.core.$ReflectUtils$1
WARNING: Use --illegal-access=warn to enable warnings of further illegal reflective access operations
WARNING: All illegal access operations will be denied in a future release
[[1;34mINFO[m] Scanning for projects...
[[1;34mINFO[m] 
[[1;34mINFO[m] [1m----------------------------< [0;36mJWT4B:JWT4B[0;1m >-----------------------------[m
[[1;34mINFO[m] [1mBuilding JWT4B 0.0.4-SNAPSHOT[m
[[1;34mINFO[m] [1m--------------------------------[ jar ]---------------------------------[m
[[1;34mINFO[m] 
[[1;34mINFO[m] [1m--- [0;32mmaven-dependency-plugin:2.8:purge-local-repository[m [1m(default-cli)[m @ [36mJWT4B[0;1m ---[m
[[1;34mINFO[m] [1m------------------------------------------------------------------------[m
[[1;34mINFO[m] [1;32mBUILD SUCCESS[m
[[1;34mINFO[m] [1m------------------------------------------------------------------------[m
[[1;34mINFO[m] Total time:  2.629 s
[[1;34mINFO[m] Finished at: 2022-05-27T10:25:32+02:00
[[1;34mINFO[m] [1m------------------------------------------------------------------------[m
Picked up JAVA_TOOL_OPTIONS: -Dfile.encoding=UTF8
WARNING: An illegal reflective access operation has occurred
WARNING: Illegal reflective access by com.google.inject.internal.cglib.core.$ReflectUtils$1 (file:/usr/share/maven/lib/guice.jar) to method java.lang.ClassLoader.defineClass(java.lang.String,byte[],int,int,java.security.ProtectionDomain)
WARNING: Please consider reporting this to the maintainers of com.google.inject.internal.cglib.core.$ReflectUtils$1
WARNING: Use --illegal-access=warn to enable warnings of further illegal reflective access operations
WARNING: All illegal access operations will be denied in a future release
[[1;34mINFO[m] Scanning for projects...
[[1;34mINFO[m] 
[[1;34mINFO[m] [1m----------------------------< [0;36mJWT4B:JWT4B[0;1m >-----------------------------[m
[[1;34mINFO[m] [1mBuilding JWT4B 0.0.4-SNAPSHOT[m
[[1;34mINFO[m] [1m--------------------------------[ jar ]---------------------------------[m
[[1;34mINFO[m] 
[[1;34mINFO[m] [1m--- [0;32mmaven-clean-plugin:2.5:clean[m [1m(default-clean)[m @ [36mJWT4B[0;1m ---[m
[[1;34mINFO[m] Deleting /builds/workspace/JWT4B/target
[[1;34mINFO[m] 
[[1;34mINFO[m] [1m--- [0;32mmaven-resources-plugin:2.6:resources[m [1m(default-resources)[m @ [36mJWT4B[0;1m ---[m
[[1;33mWARNING[m] Using platform encoding (UTF8 actually) to copy filtered resources, i.e. build is platform dependent!
[[1;34mINFO[m] skip non existing resourceDirectory /builds/workspace/JWT4B/src/main/resources
[[1;34mINFO[m] 
[[1;34mINFO[m] [1m--- [0;32mmaven-compiler-plugin:3.1:compile[m [1m(default-compile)[m @ [36mJWT4B[0;1m ---[m
[[1;34mINFO[m] Changes detected - recompiling the module!
[[1;34mINFO[m] Compiling 38 source files to /builds/workspace/JWT4B/target/classes
[[1;34mINFO[m] 
[[1;34mINFO[m] [1m--- [0;32mmaven-resources-plugin:2.6:testResources[m [1m(default-testResources)[m @ [36mJWT4B[0;1m ---[m
[[1;33mWARNING[m] Using platform encoding (UTF8 actually) to copy filtered resources, i.e. build is platform dependent!
[[1;34mINFO[m] skip non existing resourceDirectory /builds/workspace/JWT4B/src/test/resources
[[1;34mINFO[m] 
[[1;34mINFO[m] [1m--- [0;32mmaven-compiler-plugin:3.1:testCompile[m [1m(default-testCompile)[m @ [36mJWT4B[0;1m ---[m
[[1;34mINFO[m] Changes detected - recompiling the module!
[[1;34mINFO[m] Compiling 12 source files to /builds/workspace/JWT4B/target/test-classes
[[1;34mINFO[m] 
[[1;34mINFO[m] [1m--- [0;32mmaven-surefire-plugin:3.0.0-M5:test[m [1m(default-test)[m @ [36mJWT4B[0;1m ---[m
[[1;34mINFO[m] Tests are skipped.
[[1;34mINFO[m] [1m------------------------------------------------------------------------[m
[[1;34mINFO[m] [1;32mBUILD SUCCESS[m
[[1;34mINFO[m] [1m------------------------------------------------------------------------[m
[[1;34mINFO[m] Total time:  7.667 s
[[1;34mINFO[m] Finished at: 2022-05-27T10:25:43+02:00
[[1;34mINFO[m] [1m------------------------------------------------------------------------[m
bash: line 193: bc: command not found
Picked up JAVA_TOOL_OPTIONS: -Dfile.encoding=UTF8
WARNING: An illegal reflective access operation has occurred
WARNING: Illegal reflective access by com.google.inject.internal.cglib.core.$ReflectUtils$1 (file:/usr/share/maven/lib/guice.jar) to method java.lang.ClassLoader.defineClass(java.lang.String,byte[],int,int,java.security.ProtectionDomain)
WARNING: Please consider reporting this to the maintainers of com.google.inject.internal.cglib.core.$ReflectUtils$1
WARNING: Use --illegal-access=warn to enable warnings of further illegal reflective access operations
WARNING: All illegal access operations will be denied in a future release
[[1;34mINFO[m] Scanning for projects...
[[1;34mINFO[m] 
[[1;34mINFO[m] [1m----------------------------< [0;36mJWT4B:JWT4B[0;1m >-----------------------------[m
[[1;34mINFO[m] [1mBuilding JWT4B 0.0.4-SNAPSHOT[m
[[1;34mINFO[m] [1m--------------------------------[ jar ]---------------------------------[m
[[1;34mINFO[m] 
[[1;34mINFO[m] [1m--- [0;32mspoon-maven-plugin:3.5-SNAPSHOT:generate[m [1m(default-cli)[m @ [36mJWT4B[0;1m ---[m
Downloading from central: https://repo.maven.apache.org/maven2/fr/inria/gforge/spoon/spoon-core/maven-metadata.xml
Downloading from ow2.org-snapshot: https://repository.ow2.org/nexus/content/repositories/snapshots/fr/inria/gforge/spoon/spoon-core/maven-metadata.xml
Downloading from sonatype-nexus-snapshots: https://oss.sonatype.org/content/repositories/snapshots/fr/inria/gforge/spoon/spoon-core/maven-metadata.xml
Progress (1): 676 BProgress (2): 676 B | 1.4/7.4 kBProgress (2): 676 B | 2.7/7.4 kBProgress (2): 676 B | 4.1/7.4 kBProgress (2): 676 B | 5.5/7.4 kBProgress (2): 676 B | 6.9/7.4 kBProgress (2): 676 B | 7.4 kB                                Downloaded from central: https://repo.maven.apache.org/maven2/fr/inria/gforge/spoon/spoon-core/maven-metadata.xml (7.4 kB at 11 kB/s)
Downloaded from ow2.org-snapshot: https://repository.ow2.org/nexus/content/repositories/snapshots/fr/inria/gforge/spoon/spoon-core/maven-metadata.xml (676 B at 907 B/s)
Downloading from ow2.org-snapshot: https://repository.ow2.org/nexus/content/repositories/snapshots/fr/inria/gforge/spoon/spoon-core/7.0.0/spoon-core-7.0.0.pom
Downloading from central: https://repo.maven.apache.org/maven2/fr/inria/gforge/spoon/spoon-core/7.0.0/spoon-core-7.0.0.pom
Progress (1): 1.4/22 kBProgress (1): 2.7/22 kBProgress (1): 4.1/22 kBProgress (1): 5.5/22 kBProgress (1): 6.9/22 kBProgress (1): 8.2/22 kBProgress (1): 9.6/22 kBProgress (1): 11/22 kB Progress (1): 12/22 kBProgress (1): 14/22 kBProgress (1): 15/22 kBProgress (1): 16/22 kBProgress (1): 17/22 kBProgress (1): 19/22 kBProgress (1): 20/22 kBProgress (1): 21/22 kBProgress (1): 22 kB                      Downloaded from central: https://repo.maven.apache.org/maven2/fr/inria/gforge/spoon/spoon-core/7.0.0/spoon-core-7.0.0.pom (22 kB at 396 kB/s)
Downloading from ow2.org-snapshot: https://repository.ow2.org/nexus/content/repositories/snapshots/fr/inria/gforge/spoon/spoon-core/7.1.0/spoon-core-7.1.0.pom
Downloading from central: https://repo.maven.apache.org/maven2/fr/inria/gforge/spoon/spoon-core/7.1.0/spoon-core-7.1.0.pom
Progress (1): 1.4/23 kBProgress (1): 2.7/23 kBProgress (1): 4.1/23 kBProgress (1): 5.5/23 kBProgress (1): 6.9/23 kBProgress (1): 8.2/23 kBProgress (1): 9.6/23 kBProgress (1): 11/23 kB Progress (1): 12/23 kBProgress (1): 14/23 kBProgress (1): 15/23 kBProgress (1): 16/23 kBProgress (1): 17/23 kBProgress (1): 19/23 kBProgress (1): 20/23 kBProgress (1): 21/23 kBProgress (1): 23 kB                      Downloaded from central: https://repo.maven.apache.org/maven2/fr/inria/gforge/spoon/spoon-core/7.1.0/spoon-core-7.1.0.pom (23 kB at 563 kB/s)
Downloading from ow2.org-snapshot: https://repository.ow2.org/nexus/content/repositories/snapshots/fr/inria/gforge/spoon/spoon-core/7.2.0/spoon-core-7.2.0.pom
Downloading from central: https://repo.maven.apache.org/maven2/fr/inria/gforge/spoon/spoon-core/7.2.0/spoon-core-7.2.0.pom
Progress (1): 1.4/6.9 kBProgress (1): 2.7/6.9 kBProgress (1): 4.1/6.9 kBProgress (1): 5.5/6.9 kBProgress (1): 6.9/6.9 kBProgress (1): 6.9 kB                        Downloaded from central: https://repo.maven.apache.org/maven2/fr/inria/gforge/spoon/spoon-core/7.2.0/spoon-core-7.2.0.pom (6.9 kB at 40 kB/s)
Downloading from ow2.org-snapshot: https://repository.ow2.org/nexus/content/repositories/snapshots/fr/inria/gforge/spoon/spoon-core/7.3.0/spoon-core-7.3.0.pom
Downloading from central: https://repo.maven.apache.org/maven2/fr/inria/gforge/spoon/spoon-core/7.3.0/spoon-core-7.3.0.pom
Progress (1): 4.1/6.7 kBProgress (1): 6.7 kB                        Downloaded from central: https://repo.maven.apache.org/maven2/fr/inria/gforge/spoon/spoon-core/7.3.0/spoon-core-7.3.0.pom (6.7 kB at 422 kB/s)
Downloading from ow2.org-snapshot: https://repository.ow2.org/nexus/content/repositories/snapshots/fr/inria/gforge/spoon/spoon-core/7.4.0-beta-09/spoon-core-7.4.0-beta-09.pom
Downloading from central: https://repo.maven.apache.org/maven2/fr/inria/gforge/spoon/spoon-core/7.4.0-beta-09/spoon-core-7.4.0-beta-09.pom
Progress (1): 4.1/6.6 kBProgress (1): 6.6 kB                        Downloaded from central: https://repo.maven.apache.org/maven2/fr/inria/gforge/spoon/spoon-core/7.4.0-beta-09/spoon-core-7.4.0-beta-09.pom (6.6 kB at 300 kB/s)
Downloading from ow2.org-snapshot: https://repository.ow2.org/nexus/content/repositories/snapshots/fr/inria/gforge/spoon/spoon-core/7.4.0-beta-10/spoon-core-7.4.0-beta-10.pom
Downloading from central: https://repo.maven.apache.org/maven2/fr/inria/gforge/spoon/spoon-core/7.4.0-beta-10/spoon-core-7.4.0-beta-10.pom
Progress (1): 4.1/6.6 kBProgress (1): 6.6 kB                        Downloaded from central: https://repo.maven.apache.org/maven2/fr/inria/gforge/spoon/spoon-core/7.4.0-beta-10/spoon-core-7.4.0-beta-10.pom (6.6 kB at 440 kB/s)
Downloading from ow2.org-snapshot: https://repository.ow2.org/nexus/content/repositories/snapshots/fr/inria/gforge/spoon/spoon-core/7.4.0-beta-11/spoon-core-7.4.0-beta-11.pom
Downloading from central: https://repo.maven.apache.org/maven2/fr/inria/gforge/spoon/spoon-core/7.4.0-beta-11/spoon-core-7.4.0-beta-11.pom
Progress (1): 4.1/6.6 kBProgress (1): 6.6 kB                        Downloaded from central: https://repo.maven.apache.org/maven2/fr/inria/gforge/spoon/spoon-core/7.4.0-beta-11/spoon-core-7.4.0-beta-11.pom (6.6 kB at 300 kB/s)
Downloading from ow2.org-snapshot: https://repository.ow2.org/nexus/content/repositories/snapshots/fr/inria/gforge/spoon/spoon-core/7.4.0-beta-12/spoon-core-7.4.0-beta-12.pom
Downloading from central: https://repo.maven.apache.org/maven2/fr/inria/gforge/spoon/spoon-core/7.4.0-beta-12/spoon-core-7.4.0-beta-12.pom
Progress (1): 4.1/6.6 kBProgress (1): 6.6 kB                        Downloaded from central: https://repo.maven.apache.org/maven2/fr/inria/gforge/spoon/spoon-core/7.4.0-beta-12/spoon-core-7.4.0-beta-12.pom (6.6 kB at 254 kB/s)
Downloading from ow2.org-snapshot: https://repository.ow2.org/nexus/content/repositories/snapshots/fr/inria/gforge/spoon/spoon-core/7.4.0-beta-13/spoon-core-7.4.0-beta-13.pom
Downloading from central: https://repo.maven.apache.org/maven2/fr/inria/gforge/spoon/spoon-core/7.4.0-beta-13/spoon-core-7.4.0-beta-13.pom
Progress (1): 4.1/6.6 kBProgress (1): 6.6 kB                        Downloaded from central: https://repo.maven.apache.org/maven2/fr/inria/gforge/spoon/spoon-core/7.4.0-beta-13/spoon-core-7.4.0-beta-13.pom (6.6 kB at 388 kB/s)
Downloading from ow2.org-snapshot: https://repository.ow2.org/nexus/content/repositories/snapshots/fr/inria/gforge/spoon/spoon-core/7.4.0-beta-14/spoon-core-7.4.0-beta-14.pom
Downloading from central: https://repo.maven.apache.org/maven2/fr/inria/gforge/spoon/spoon-core/7.4.0-beta-14/spoon-core-7.4.0-beta-14.pom
Progress (1): 4.1/6.6 kBProgress (1): 6.6 kB                        Downloaded from central: https://repo.maven.apache.org/maven2/fr/inria/gforge/spoon/spoon-core/7.4.0-beta-14/spoon-core-7.4.0-beta-14.pom (6.6 kB at 24 kB/s)
Downloading from ow2.org-snapshot: https://repository.ow2.org/nexus/content/repositories/snapshots/fr/inria/gforge/spoon/spoon-core/7.4.0-beta-15/spoon-core-7.4.0-beta-15.pom
Downloading from central: https://repo.maven.apache.org/maven2/fr/inria/gforge/spoon/spoon-core/7.4.0-beta-15/spoon-core-7.4.0-beta-15.pom
Progress (1): 4.1/6.6 kBProgress (1): 6.6 kB                        Downloaded from central: https://repo.maven.apache.org/maven2/fr/inria/gforge/spoon/spoon-core/7.4.0-beta-15/spoon-core-7.4.0-beta-15.pom (6.6 kB at 388 kB/s)
Downloading from ow2.org-snapshot: https://repository.ow2.org/nexus/content/repositories/snapshots/fr/inria/gforge/spoon/spoon-core/7.4.0-beta-16/spoon-core-7.4.0-beta-16.pom
Downloading from central: https://repo.maven.apache.org/maven2/fr/inria/gforge/spoon/spoon-core/7.4.0-beta-16/spoon-core-7.4.0-beta-16.pom
Progress (1): 4.1/6.6 kBProgress (1): 6.6 kB                        Downloaded from central: https://repo.maven.apache.org/maven2/fr/inria/gforge/spoon/spoon-core/7.4.0-beta-16/spoon-core-7.4.0-beta-16.pom (6.6 kB at 220 kB/s)
Downloading from ow2.org-snapshot: https://repository.ow2.org/nexus/content/repositories/snapshots/fr/inria/gforge/spoon/spoon-core/7.4.0-beta-17/spoon-core-7.4.0-beta-17.pom
Downloading from central: https://repo.maven.apache.org/maven2/fr/inria/gforge/spoon/spoon-core/7.4.0-beta-17/spoon-core-7.4.0-beta-17.pom
Progress (1): 4.1/6.6 kBProgress (1): 6.6 kB                        Downloaded from central: https://repo.maven.apache.org/maven2/fr/inria/gforge/spoon/spoon-core/7.4.0-beta-17/spoon-core-7.4.0-beta-17.pom (6.6 kB at 367 kB/s)
Downloading from ow2.org-snapshot: https://repository.ow2.org/nexus/content/repositories/snapshots/fr/inria/gforge/spoon/spoon-core/7.4.0-beta-18/spoon-core-7.4.0-beta-18.pom
Downloading from central: https://repo.maven.apache.org/maven2/fr/inria/gforge/spoon/spoon-core/7.4.0-beta-18/spoon-core-7.4.0-beta-18.pom
Progress (1): 4.1/6.6 kBProgress (1): 6.6 kB                        Downloaded from central: https://repo.maven.apache.org/maven2/fr/inria/gforge/spoon/spoon-core/7.4.0-beta-18/spoon-core-7.4.0-beta-18.pom (6.6 kB at 412 kB/s)
Downloading from ow2.org-snapshot: https://repository.ow2.org/nexus/content/repositories/snapshots/fr/inria/gforge/spoon/spoon-core/7.4.0-beta-19/spoon-core-7.4.0-beta-19.pom
Downloading from central: https://repo.maven.apache.org/maven2/fr/inria/gforge/spoon/spoon-core/7.4.0-beta-19/spoon-core-7.4.0-beta-19.pom
Progress (1): 4.1/6.6 kBProgress (1): 6.6 kB                        Downloaded from central: https://repo.maven.apache.org/maven2/fr/inria/gforge/spoon/spoon-core/7.4.0-beta-19/spoon-core-7.4.0-beta-19.pom (6.6 kB at 508 kB/s)
Downloading from ow2.org-snapshot: https://repository.ow2.org/nexus/content/repositories/snapshots/fr/inria/gforge/spoon/spoon-core/7.4.0/spoon-core-7.4.0.pom
Downloading from central: https://repo.maven.apache.org/maven2/fr/inria/gforge/spoon/spoon-core/7.4.0/spoon-core-7.4.0.pom
Progress (1): 4.1/6.6 kBProgress (1): 6.6 kB                        Downloaded from central: https://repo.maven.apache.org/maven2/fr/inria/gforge/spoon/spoon-core/7.4.0/spoon-core-7.4.0.pom (6.6 kB at 412 kB/s)
Downloading from ow2.org-snapshot: https://repository.ow2.org/nexus/content/repositories/snapshots/fr/inria/gforge/spoon/spoon-core/7.5.0-beta-1/spoon-core-7.5.0-beta-1.pom
Downloading from central: https://repo.maven.apache.org/maven2/fr/inria/gforge/spoon/spoon-core/7.5.0-beta-1/spoon-core-7.5.0-beta-1.pom
Progress (1): 4.1/6.6 kBProgress (1): 6.6 kB                        Downloaded from central: https://repo.maven.apache.org/maven2/fr/inria/gforge/spoon/spoon-core/7.5.0-beta-1/spoon-core-7.5.0-beta-1.pom (6.6 kB at 471 kB/s)
Downloading from ow2.org-snapshot: https://repository.ow2.org/nexus/content/repositories/snapshots/fr/inria/gforge/spoon/spoon-core/7.5.0-beta-2/spoon-core-7.5.0-beta-2.pom
Downloading from central: https://repo.maven.apache.org/maven2/fr/inria/gforge/spoon/spoon-core/7.5.0-beta-2/spoon-core-7.5.0-beta-2.pom
Progress (1): 4.1/6.6 kBProgress (1): 6.6 kB                        Downloaded from central: https://repo.maven.apache.org/maven2/fr/inria/gforge/spoon/spoon-core/7.5.0-beta-2/spoon-core-7.5.0-beta-2.pom (6.6 kB at 507 kB/s)
Downloading from ow2.org-snapshot: https://repository.ow2.org/nexus/content/repositories/snapshots/fr/inria/gforge/spoon/spoon-core/7.5.0-beta-3/spoon-core-7.5.0-beta-3.pom
Downloading from central: https://repo.maven.apache.org/maven2/fr/inria/gforge/spoon/spoon-core/7.5.0-beta-3/spoon-core-7.5.0-beta-3.pom
Progress (1): 4.1/6.6 kBProgress (1): 6.6 kB                        Downloaded from central: https://repo.maven.apache.org/maven2/fr/inria/gforge/spoon/spoon-core/7.5.0-beta-3/spoon-core-7.5.0-beta-3.pom (6.6 kB at 412 kB/s)
Downloading from ow2.org-snapshot: https://repository.ow2.org/nexus/content/repositories/snapshots/fr/inria/gforge/spoon/spoon-core/7.5.0-beta-4/spoon-core-7.5.0-beta-4.pom
Downloading from central: https://repo.maven.apache.org/maven2/fr/inria/gforge/spoon/spoon-core/7.5.0-beta-4/spoon-core-7.5.0-beta-4.pom
Progress (1): 4.1/6.6 kBProgress (1): 6.6 kB                        Downloaded from central: https://repo.maven.apache.org/maven2/fr/inria/gforge/spoon/spoon-core/7.5.0-beta-4/spoon-core-7.5.0-beta-4.pom (6.6 kB at 412 kB/s)
Downloading from ow2.org-snapshot: https://repository.ow2.org/nexus/content/repositories/snapshots/fr/inria/gforge/spoon/spoon-core/7.5.0-beta-5/spoon-core-7.5.0-beta-5.pom
Downloading from central: https://repo.maven.apache.org/maven2/fr/inria/gforge/spoon/spoon-core/7.5.0-beta-5/spoon-core-7.5.0-beta-5.pom
Progress (1): 4.1/6.6 kBProgress (1): 6.6 kB                        Downloaded from central: https://repo.maven.apache.org/maven2/fr/inria/gforge/spoon/spoon-core/7.5.0-beta-5/spoon-core-7.5.0-beta-5.pom (6.6 kB at 440 kB/s)
Downloading from ow2.org-snapshot: https://repository.ow2.org/nexus/content/repositories/snapshots/fr/inria/gforge/spoon/spoon-core/7.5.0-beta-6/spoon-core-7.5.0-beta-6.pom
Downloading from central: https://repo.maven.apache.org/maven2/fr/inria/gforge/spoon/spoon-core/7.5.0-beta-6/spoon-core-7.5.0-beta-6.pom
Progress (1): 4.1/6.6 kBProgress (1): 6.6 kB                        Downloaded from central: https://repo.maven.apache.org/maven2/fr/inria/gforge/spoon/spoon-core/7.5.0-beta-6/spoon-core-7.5.0-beta-6.pom (6.6 kB at 550 kB/s)
Downloading from ow2.org-snapshot: https://repository.ow2.org/nexus/content/repositories/snapshots/fr/inria/gforge/spoon/spoon-core/7.5.0-beta-7/spoon-core-7.5.0-beta-7.pom
Downloading from central: https://repo.maven.apache.org/maven2/fr/inria/gforge/spoon/spoon-core/7.5.0-beta-7/spoon-core-7.5.0-beta-7.pom
Progress (1): 4.1/6.6 kBProgress (1): 6.6 kB                        Downloaded from central: https://repo.maven.apache.org/maven2/fr/inria/gforge/spoon/spoon-core/7.5.0-beta-7/spoon-core-7.5.0-beta-7.pom (6.6 kB at 58 kB/s)
Downloading from ow2.org-snapshot: https://repository.ow2.org/nexus/content/repositories/snapshots/fr/inria/gforge/spoon/spoon-core/7.5.0-beta-8/spoon-core-7.5.0-beta-8.pom
Downloading from central: https://repo.maven.apache.org/maven2/fr/inria/gforge/spoon/spoon-core/7.5.0-beta-8/spoon-core-7.5.0-beta-8.pom
Progress (1): 4.1/6.6 kBProgress (1): 6.6 kB                        Downloaded from central: https://repo.maven.apache.org/maven2/fr/inria/gforge/spoon/spoon-core/7.5.0-beta-8/spoon-core-7.5.0-beta-8.pom (6.6 kB at 70 kB/s)
Downloading from ow2.org-snapshot: https://repository.ow2.org/nexus/content/repositories/snapshots/fr/inria/gforge/spoon/spoon-core/7.5.0-beta-9/spoon-core-7.5.0-beta-9.pom
Downloading from central: https://repo.maven.apache.org/maven2/fr/inria/gforge/spoon/spoon-core/7.5.0-beta-9/spoon-core-7.5.0-beta-9.pom
Progress (1): 4.1/6.6 kBProgress (1): 6.6 kB                        Downloaded from central: https://repo.maven.apache.org/maven2/fr/inria/gforge/spoon/spoon-core/7.5.0-beta-9/spoon-core-7.5.0-beta-9.pom (6.6 kB at 600 kB/s)
Downloading from ow2.org-snapshot: https://repository.ow2.org/nexus/content/repositories/snapshots/fr/inria/gforge/spoon/spoon-core/7.5.0-beta-20/spoon-core-7.5.0-beta-20.pom
Downloading from central: https://repo.maven.apache.org/maven2/fr/inria/gforge/spoon/spoon-core/7.5.0-beta-20/spoon-core-7.5.0-beta-20.pom
Progress (1): 4.1/6.6 kBProgress (1): 6.6 kB                        Downloaded from central: https://repo.maven.apache.org/maven2/fr/inria/gforge/spoon/spoon-core/7.5.0-beta-20/spoon-core-7.5.0-beta-20.pom (6.6 kB at 200 kB/s)
Downloading from ow2.org-snapshot: https://repository.ow2.org/nexus/content/repositories/snapshots/fr/inria/gforge/spoon/spoon-core/7.5.0-beta-21/spoon-core-7.5.0-beta-21.pom
Downloading from central: https://repo.maven.apache.org/maven2/fr/inria/gforge/spoon/spoon-core/7.5.0-beta-21/spoon-core-7.5.0-beta-21.pom
Progress (1): 4.1/6.6 kBProgress (1): 6.6 kB                        Downloaded from central: https://repo.maven.apache.org/maven2/fr/inria/gforge/spoon/spoon-core/7.5.0-beta-21/spoon-core-7.5.0-beta-21.pom (6.6 kB at 412 kB/s)
Downloading from ow2.org-snapshot: https://repository.ow2.org/nexus/content/repositories/snapshots/fr/inria/gforge/spoon/spoon-core/7.5.0/spoon-core-7.5.0.pom
Downloading from central: https://repo.maven.apache.org/maven2/fr/inria/gforge/spoon/spoon-core/7.5.0/spoon-core-7.5.0.pom
Progress (1): 4.1/6.6 kBProgress (1): 6.6 kB                        Downloaded from central: https://repo.maven.apache.org/maven2/fr/inria/gforge/spoon/spoon-core/7.5.0/spoon-core-7.5.0.pom (6.6 kB at 659 kB/s)
Downloading from ow2.org-snapshot: https://repository.ow2.org/nexus/content/repositories/snapshots/fr/inria/gforge/spoon/spoon-core/7.6.0-beta-1/spoon-core-7.6.0-beta-1.pom
Downloading from central: https://repo.maven.apache.org/maven2/fr/inria/gforge/spoon/spoon-core/7.6.0-beta-1/spoon-core-7.6.0-beta-1.pom
Progress (1): 4.1/6.6 kBProgress (1): 6.6 kB                        Downloaded from central: https://repo.maven.apache.org/maven2/fr/inria/gforge/spoon/spoon-core/7.6.0-beta-1/spoon-core-7.6.0-beta-1.pom (6.6 kB at 287 kB/s)
Downloading from ow2.org-snapshot: https://repository.ow2.org/nexus/content/repositories/snapshots/fr/inria/gforge/spoon/spoon-core/7.6.0-beta-2/spoon-core-7.6.0-beta-2.pom
Downloading from central: https://repo.maven.apache.org/maven2/fr/inria/gforge/spoon/spoon-core/7.6.0-beta-2/spoon-core-7.6.0-beta-2.pom
Progress (1): 4.1/6.6 kBProgress (1): 6.6 kB                        Downloaded from central: https://repo.maven.apache.org/maven2/fr/inria/gforge/spoon/spoon-core/7.6.0-beta-2/spoon-core-7.6.0-beta-2.pom (6.6 kB at 388 kB/s)
Downloading from ow2.org-snapshot: https://repository.ow2.org/nexus/content/repositories/snapshots/fr/inria/gforge/spoon/spoon-core/7.6.0-beta-3/spoon-core-7.6.0-beta-3.pom
Downloading from central: https://repo.maven.apache.org/maven2/fr/inria/gforge/spoon/spoon-core/7.6.0-beta-3/spoon-core-7.6.0-beta-3.pom
Progress (1): 4.1/6.6 kBProgress (1): 6.6 kB                        Downloaded from central: https://repo.maven.apache.org/maven2/fr/inria/gforge/spoon/spoon-core/7.6.0-beta-3/spoon-core-7.6.0-beta-3.pom (6.6 kB at 366 kB/s)
Downloading from ow2.org-snapshot: https://repository.ow2.org/nexus/content/repositories/snapshots/fr/inria/gforge/spoon/spoon-core/7.6.0-beta-4/spoon-core-7.6.0-beta-4.pom
Downloading from central: https://repo.maven.apache.org/maven2/fr/inria/gforge/spoon/spoon-core/7.6.0-beta-4/spoon-core-7.6.0-beta-4.pom
Progress (1): 4.1/6.6 kBProgress (1): 6.6 kB                        Downloaded from central: https://repo.maven.apache.org/maven2/fr/inria/gforge/spoon/spoon-core/7.6.0-beta-4/spoon-core-7.6.0-beta-4.pom (6.6 kB at 300 kB/s)
Downloading from ow2.org-snapshot: https://repository.ow2.org/nexus/content/repositories/snapshots/fr/inria/gforge/spoon/spoon-core/7.6.0-beta-5/spoon-core-7.6.0-beta-5.pom
Downloading from central: https://repo.maven.apache.org/maven2/fr/inria/gforge/spoon/spoon-core/7.6.0-beta-5/spoon-core-7.6.0-beta-5.pom
Progress (1): 4.1/6.1 kBProgress (1): 6.1 kB                        Downloaded from central: https://repo.maven.apache.org/maven2/fr/inria/gforge/spoon/spoon-core/7.6.0-beta-5/spoon-core-7.6.0-beta-5.pom (6.1 kB at 469 kB/s)
Downloading from ow2.org-snapshot: https://repository.ow2.org/nexus/content/repositories/snapshots/fr/inria/gforge/spoon/spoon-core/7.6.0-beta-6/spoon-core-7.6.0-beta-6.pom
Downloading from central: https://repo.maven.apache.org/maven2/fr/inria/gforge/spoon/spoon-core/7.6.0-beta-6/spoon-core-7.6.0-beta-6.pom
Progress (1): 4.1/6.1 kBProgress (1): 6.1 kB                        Downloaded from central: https://repo.maven.apache.org/maven2/fr/inria/gforge/spoon/spoon-core/7.6.0-beta-6/spoon-core-7.6.0-beta-6.pom (6.1 kB at 19 kB/s)
Downloading from ow2.org-snapshot: https://repository.ow2.org/nexus/content/repositories/snapshots/fr/inria/gforge/spoon/spoon-core/7.6.0/spoon-core-7.6.0.pom
Downloading from central: https://repo.maven.apache.org/maven2/fr/inria/gforge/spoon/spoon-core/7.6.0/spoon-core-7.6.0.pom
Progress (1): 4.1/6.1 kBProgress (1): 6.1 kB                        Downloaded from central: https://repo.maven.apache.org/maven2/fr/inria/gforge/spoon/spoon-core/7.6.0/spoon-core-7.6.0.pom (6.1 kB at 406 kB/s)
Downloading from ow2.org-snapshot: https://repository.ow2.org/nexus/content/repositories/snapshots/fr/inria/gforge/spoon/spoon-core/8.0.0-beta-1/spoon-core-8.0.0-beta-1.pom
Downloading from central: https://repo.maven.apache.org/maven2/fr/inria/gforge/spoon/spoon-core/8.0.0-beta-1/spoon-core-8.0.0-beta-1.pom
Progress (1): 4.1/6.1 kBProgress (1): 6.1 kB                        Downloaded from central: https://repo.maven.apache.org/maven2/fr/inria/gforge/spoon/spoon-core/8.0.0-beta-1/spoon-core-8.0.0-beta-1.pom (6.1 kB at 407 kB/s)
Downloading from ow2.org-snapshot: https://repository.ow2.org/nexus/content/repositories/snapshots/fr/inria/gforge/spoon/spoon-core/8.0.0/spoon-core-8.0.0.pom
Downloading from central: https://repo.maven.apache.org/maven2/fr/inria/gforge/spoon/spoon-core/8.0.0/spoon-core-8.0.0.pom
Progress (1): 4.1/6.1 kBProgress (1): 6.1 kB                        Downloaded from central: https://repo.maven.apache.org/maven2/fr/inria/gforge/spoon/spoon-core/8.0.0/spoon-core-8.0.0.pom (6.1 kB at 358 kB/s)
Downloading from ow2.org-snapshot: https://repository.ow2.org/nexus/content/repositories/snapshots/fr/inria/gforge/spoon/spoon-core/8.1.0-beta-1/spoon-core-8.1.0-beta-1.pom
Downloading from central: https://repo.maven.apache.org/maven2/fr/inria/gforge/spoon/spoon-core/8.1.0-beta-1/spoon-core-8.1.0-beta-1.pom
Progress (1): 4.1/6.1 kBProgress (1): 6.1 kB                        Downloaded from central: https://repo.maven.apache.org/maven2/fr/inria/gforge/spoon/spoon-core/8.1.0-beta-1/spoon-core-8.1.0-beta-1.pom (6.1 kB at 554 kB/s)
Downloading from ow2.org-snapshot: https://repository.ow2.org/nexus/content/repositories/snapshots/fr/inria/gforge/spoon/spoon-core/8.1.0-beta-2/spoon-core-8.1.0-beta-2.pom
Downloading from central: https://repo.maven.apache.org/maven2/fr/inria/gforge/spoon/spoon-core/8.1.0-beta-2/spoon-core-8.1.0-beta-2.pom
Progress (1): 4.1/6.1 kBProgress (1): 6.1 kB                        Downloaded from central: https://repo.maven.apache.org/maven2/fr/inria/gforge/spoon/spoon-core/8.1.0-beta-2/spoon-core-8.1.0-beta-2.pom (6.1 kB at 436 kB/s)
Downloading from ow2.org-snapshot: https://repository.ow2.org/nexus/content/repositories/snapshots/fr/inria/gforge/spoon/spoon-core/8.1.0-beta-3/spoon-core-8.1.0-beta-3.pom
Downloading from central: https://repo.maven.apache.org/maven2/fr/inria/gforge/spoon/spoon-core/8.1.0-beta-3/spoon-core-8.1.0-beta-3.pom
Progress (1): 4.1/6.9 kBProgress (1): 6.9 kB                        Downloaded from central: https://repo.maven.apache.org/maven2/fr/inria/gforge/spoon/spoon-core/8.1.0-beta-3/spoon-core-8.1.0-beta-3.pom (6.9 kB at 255 kB/s)
Downloading from ow2.org-snapshot: https://repository.ow2.org/nexus/content/repositories/snapshots/fr/inria/gforge/spoon/spoon-core/8.1.0-beta-4/spoon-core-8.1.0-beta-4.pom
Downloading from central: https://repo.maven.apache.org/maven2/fr/inria/gforge/spoon/spoon-core/8.1.0-beta-4/spoon-core-8.1.0-beta-4.pom
Progress (1): 4.1/6.9 kBProgress (1): 6.9 kB                        Downloaded from central: https://repo.maven.apache.org/maven2/fr/inria/gforge/spoon/spoon-core/8.1.0-beta-4/spoon-core-8.1.0-beta-4.pom (6.9 kB at 459 kB/s)
Downloading from ow2.org-snapshot: https://repository.ow2.org/nexus/content/repositories/snapshots/fr/inria/gforge/spoon/spoon-core/8.1.0-beta-5/spoon-core-8.1.0-beta-5.pom
Downloading from central: https://repo.maven.apache.org/maven2/fr/inria/gforge/spoon/spoon-core/8.1.0-beta-5/spoon-core-8.1.0-beta-5.pom
Progress (1): 4.1/6.9 kBProgress (1): 6.9 kB                        Downloaded from central: https://repo.maven.apache.org/maven2/fr/inria/gforge/spoon/spoon-core/8.1.0-beta-5/spoon-core-8.1.0-beta-5.pom (6.9 kB at 530 kB/s)
Downloading from ow2.org-snapshot: https://repository.ow2.org/nexus/content/repositories/snapshots/fr/inria/gforge/spoon/spoon-core/8.1.0-beta-6/spoon-core-8.1.0-beta-6.pom
Downloading from central: https://repo.maven.apache.org/maven2/fr/inria/gforge/spoon/spoon-core/8.1.0-beta-6/spoon-core-8.1.0-beta-6.pom
Progress (1): 4.1/6.9 kBProgress (1): 6.9 kB                        Downloaded from central: https://repo.maven.apache.org/maven2/fr/inria/gforge/spoon/spoon-core/8.1.0-beta-6/spoon-core-8.1.0-beta-6.pom (6.9 kB at 383 kB/s)
Downloading from ow2.org-snapshot: https://repository.ow2.org/nexus/content/repositories/snapshots/fr/inria/gforge/spoon/spoon-core/8.1.0-beta-7/spoon-core-8.1.0-beta-7.pom
Downloading from central: https://repo.maven.apache.org/maven2/fr/inria/gforge/spoon/spoon-core/8.1.0-beta-7/spoon-core-8.1.0-beta-7.pom
Progress (1): 4.1/6.9 kBProgress (1): 6.9 kB                        Downloaded from central: https://repo.maven.apache.org/maven2/fr/inria/gforge/spoon/spoon-core/8.1.0-beta-7/spoon-core-8.1.0-beta-7.pom (6.9 kB at 574 kB/s)
Downloading from ow2.org-snapshot: https://repository.ow2.org/nexus/content/repositories/snapshots/fr/inria/gforge/spoon/spoon-core/8.1.0-beta-8/spoon-core-8.1.0-beta-8.pom
Downloading from central: https://repo.maven.apache.org/maven2/fr/inria/gforge/spoon/spoon-core/8.1.0-beta-8/spoon-core-8.1.0-beta-8.pom
Progress (1): 4.1/6.9 kBProgress (1): 6.9 kB                        Downloaded from central: https://repo.maven.apache.org/maven2/fr/inria/gforge/spoon/spoon-core/8.1.0-beta-8/spoon-core-8.1.0-beta-8.pom (6.9 kB at 328 kB/s)
Downloading from ow2.org-snapshot: https://repository.ow2.org/nexus/content/repositories/snapshots/fr/inria/gforge/spoon/spoon-core/8.1.0-beta-9/spoon-core-8.1.0-beta-9.pom
Downloading from central: https://repo.maven.apache.org/maven2/fr/inria/gforge/spoon/spoon-core/8.1.0-beta-9/spoon-core-8.1.0-beta-9.pom
Progress (1): 4.1/6.9 kBProgress (1): 6.9 kB                        Downloaded from central: https://repo.maven.apache.org/maven2/fr/inria/gforge/spoon/spoon-core/8.1.0-beta-9/spoon-core-8.1.0-beta-9.pom (6.9 kB at 530 kB/s)
Downloading from ow2.org-snapshot: https://repository.ow2.org/nexus/content/repositories/snapshots/fr/inria/gforge/spoon/spoon-core/8.1.0-beta-10/spoon-core-8.1.0-beta-10.pom
Downloading from central: https://repo.maven.apache.org/maven2/fr/inria/gforge/spoon/spoon-core/8.1.0-beta-10/spoon-core-8.1.0-beta-10.pom
Progress (1): 4.1/6.9 kBProgress (1): 6.9 kB                        Downloaded from central: https://repo.maven.apache.org/maven2/fr/inria/gforge/spoon/spoon-core/8.1.0-beta-10/spoon-core-8.1.0-beta-10.pom (6.9 kB at 494 kB/s)
Downloading from ow2.org-snapshot: https://repository.ow2.org/nexus/content/repositories/snapshots/fr/inria/gforge/spoon/spoon-core/8.1.0-beta-11/spoon-core-8.1.0-beta-11.pom
Downloading from central: https://repo.maven.apache.org/maven2/fr/inria/gforge/spoon/spoon-core/8.1.0-beta-11/spoon-core-8.1.0-beta-11.pom
Progress (1): 4.1/6.9 kBProgress (1): 6.9 kB                        Downloaded from central: https://repo.maven.apache.org/maven2/fr/inria/gforge/spoon/spoon-core/8.1.0-beta-11/spoon-core-8.1.0-beta-11.pom (6.9 kB at 209 kB/s)
Downloading from ow2.org-snapshot: https://repository.ow2.org/nexus/content/repositories/snapshots/fr/inria/gforge/spoon/spoon-core/8.1.0-beta-12/spoon-core-8.1.0-beta-12.pom
Downloading from central: https://repo.maven.apache.org/maven2/fr/inria/gforge/spoon/spoon-core/8.1.0-beta-12/spoon-core-8.1.0-beta-12.pom
Progress (1): 4.1/7.1 kBProgress (1): 7.1 kB                        Downloaded from central: https://repo.maven.apache.org/maven2/fr/inria/gforge/spoon/spoon-core/8.1.0-beta-12/spoon-core-8.1.0-beta-12.pom (7.1 kB at 595 kB/s)
Downloading from ow2.org-snapshot: https://repository.ow2.org/nexus/content/repositories/snapshots/fr/inria/gforge/spoon/spoon-core/8.1.0-beta-13/spoon-core-8.1.0-beta-13.pom
Downloading from central: https://repo.maven.apache.org/maven2/fr/inria/gforge/spoon/spoon-core/8.1.0-beta-13/spoon-core-8.1.0-beta-13.pom
Progress (1): 4.1/7.3 kBProgress (1): 7.3 kB                        Downloaded from central: https://repo.maven.apache.org/maven2/fr/inria/gforge/spoon/spoon-core/8.1.0-beta-13/spoon-core-8.1.0-beta-13.pom (7.3 kB at 349 kB/s)
Downloading from ow2.org-snapshot: https://repository.ow2.org/nexus/content/repositories/snapshots/fr/inria/gforge/spoon/spoon-core/8.1.0-beta-14/spoon-core-8.1.0-beta-14.pom
Downloading from central: https://repo.maven.apache.org/maven2/fr/inria/gforge/spoon/spoon-core/8.1.0-beta-14/spoon-core-8.1.0-beta-14.pom
Progress (1): 4.1/7.3 kBProgress (1): 7.3 kB                        Downloaded from central: https://repo.maven.apache.org/maven2/fr/inria/gforge/spoon/spoon-core/8.1.0-beta-14/spoon-core-8.1.0-beta-14.pom (7.3 kB at 665 kB/s)
Downloading from ow2.org-snapshot: https://repository.ow2.org/nexus/content/repositories/snapshots/fr/inria/gforge/spoon/spoon-core/8.1.0-beta-15/spoon-core-8.1.0-beta-15.pom
Downloading from central: https://repo.maven.apache.org/maven2/fr/inria/gforge/spoon/spoon-core/8.1.0-beta-15/spoon-core-8.1.0-beta-15.pom
Progress (1): 4.1/7.3 kBProgress (1): 7.3 kB                        Downloaded from central: https://repo.maven.apache.org/maven2/fr/inria/gforge/spoon/spoon-core/8.1.0-beta-15/spoon-core-8.1.0-beta-15.pom (7.3 kB at 15 kB/s)
Downloading from ow2.org-snapshot: https://repository.ow2.org/nexus/content/repositories/snapshots/fr/inria/gforge/spoon/spoon-core/8.1.0-beta-16/spoon-core-8.1.0-beta-16.pom
Downloading from central: https://repo.maven.apache.org/maven2/fr/inria/gforge/spoon/spoon-core/8.1.0-beta-16/spoon-core-8.1.0-beta-16.pom
Progress (1): 4.1/7.3 kBProgress (1): 7.3 kB                        Downloaded from central: https://repo.maven.apache.org/maven2/fr/inria/gforge/spoon/spoon-core/8.1.0-beta-16/spoon-core-8.1.0-beta-16.pom (7.3 kB at 366 kB/s)
Downloading from ow2.org-snapshot: https://repository.ow2.org/nexus/content/repositories/snapshots/fr/inria/gforge/spoon/spoon-core/8.1.0-beta-17/spoon-core-8.1.0-beta-17.pom
Downloading from central: https://repo.maven.apache.org/maven2/fr/inria/gforge/spoon/spoon-core/8.1.0-beta-17/spoon-core-8.1.0-beta-17.pom
Progress (1): 4.1/7.3 kBProgress (1): 7.3 kB                        Downloaded from central: https://repo.maven.apache.org/maven2/fr/inria/gforge/spoon/spoon-core/8.1.0-beta-17/spoon-core-8.1.0-beta-17.pom (7.3 kB at 407 kB/s)
Downloading from ow2.org-snapshot: https://repository.ow2.org/nexus/content/repositories/snapshots/fr/inria/gforge/spoon/spoon-core/8.1.0-beta-18/spoon-core-8.1.0-beta-18.pom
Downloading from central: https://repo.maven.apache.org/maven2/fr/inria/gforge/spoon/spoon-core/8.1.0-beta-18/spoon-core-8.1.0-beta-18.pom
Progress (1): 4.1/7.5 kBProgress (1): 7.5 kB                        Downloaded from central: https://repo.maven.apache.org/maven2/fr/inria/gforge/spoon/spoon-core/8.1.0-beta-18/spoon-core-8.1.0-beta-18.pom (7.5 kB at 375 kB/s)
Downloading from ow2.org-snapshot: https://repository.ow2.org/nexus/content/repositories/snapshots/fr/inria/gforge/spoon/spoon-core/8.1.0-beta-19/spoon-core-8.1.0-beta-19.pom
Downloading from central: https://repo.maven.apache.org/maven2/fr/inria/gforge/spoon/spoon-core/8.1.0-beta-19/spoon-core-8.1.0-beta-19.pom
Progress (1): 4.1/7.5 kBProgress (1): 7.5 kB                        Downloaded from central: https://repo.maven.apache.org/maven2/fr/inria/gforge/spoon/spoon-core/8.1.0-beta-19/spoon-core-8.1.0-beta-19.pom (7.5 kB at 681 kB/s)
Downloading from ow2.org-snapshot: https://repository.ow2.org/nexus/content/repositories/snapshots/fr/inria/gforge/spoon/spoon-core/8.1.0-SNAPSHOT/maven-metadata.xml
Downloading from sonatype-nexus-snapshots: https://oss.sonatype.org/content/repositories/snapshots/fr/inria/gforge/spoon/spoon-core/8.1.0-SNAPSHOT/maven-metadata.xml
Progress (1): 1.0 kB                    Downloaded from ow2.org-snapshot: https://repository.ow2.org/nexus/content/repositories/snapshots/fr/inria/gforge/spoon/spoon-core/8.1.0-SNAPSHOT/maven-metadata.xml (1.0 kB at 9.1 kB/s)
Downloading from ow2.org-snapshot: https://repository.ow2.org/nexus/content/repositories/snapshots/fr/inria/gforge/spoon/spoon-core/8.1.0-SNAPSHOT/spoon-core-8.1.0-20200317.052413-1.pom
Progress (1): 889 BProgress (1): 3.5 kBProgress (1): 6.1 kBProgress (1): 7.7 kB                    Downloaded from ow2.org-snapshot: https://repository.ow2.org/nexus/content/repositories/snapshots/fr/inria/gforge/spoon/spoon-core/8.1.0-SNAPSHOT/spoon-core-8.1.0-20200317.052413-1.pom (7.7 kB at 67 kB/s)
Downloading from ow2.org-snapshot: https://repository.ow2.org/nexus/content/repositories/snapshots/fr/inria/gforge/spoon/spoon-core/8.1.0/spoon-core-8.1.0.pom
Downloading from central: https://repo.maven.apache.org/maven2/fr/inria/gforge/spoon/spoon-core/8.1.0/spoon-core-8.1.0.pom
Progress (1): 4.1/7.5 kBProgress (1): 7.5 kB                        Downloaded from central: https://repo.maven.apache.org/maven2/fr/inria/gforge/spoon/spoon-core/8.1.0/spoon-core-8.1.0.pom (7.5 kB at 624 kB/s)
Downloading from ow2.org-snapshot: https://repository.ow2.org/nexus/content/repositories/snapshots/fr/inria/gforge/spoon/spoon-core/8.2.0-beta-1/spoon-core-8.2.0-beta-1.pom
Downloading from central: https://repo.maven.apache.org/maven2/fr/inria/gforge/spoon/spoon-core/8.2.0-beta-1/spoon-core-8.2.0-beta-1.pom
Progress (1): 4.1/7.5 kBProgress (1): 7.5 kB                        Downloaded from central: https://repo.maven.apache.org/maven2/fr/inria/gforge/spoon/spoon-core/8.2.0-beta-1/spoon-core-8.2.0-beta-1.pom (7.5 kB at 416 kB/s)
Downloading from ow2.org-snapshot: https://repository.ow2.org/nexus/content/repositories/snapshots/fr/inria/gforge/spoon/spoon-core/8.2.0-beta-2/spoon-core-8.2.0-beta-2.pom
Downloading from central: https://repo.maven.apache.org/maven2/fr/inria/gforge/spoon/spoon-core/8.2.0-beta-2/spoon-core-8.2.0-beta-2.pom
Progress (1): 4.1/7.5 kBProgress (1): 7.5 kB                        Downloaded from central: https://repo.maven.apache.org/maven2/fr/inria/gforge/spoon/spoon-core/8.2.0-beta-2/spoon-core-8.2.0-beta-2.pom (7.5 kB at 500 kB/s)
Downloading from ow2.org-snapshot: https://repository.ow2.org/nexus/content/repositories/snapshots/fr/inria/gforge/spoon/spoon-core/8.2.0-beta-3/spoon-core-8.2.0-beta-3.pom
Downloading from central: https://repo.maven.apache.org/maven2/fr/inria/gforge/spoon/spoon-core/8.2.0-beta-3/spoon-core-8.2.0-beta-3.pom
Progress (1): 4.1/7.5 kBProgress (1): 7.5 kB                        Downloaded from central: https://repo.maven.apache.org/maven2/fr/inria/gforge/spoon/spoon-core/8.2.0-beta-3/spoon-core-8.2.0-beta-3.pom (7.5 kB at 416 kB/s)
Downloading from ow2.org-snapshot: https://repository.ow2.org/nexus/content/repositories/snapshots/fr/inria/gforge/spoon/spoon-core/8.2.0-beta-4/spoon-core-8.2.0-beta-4.pom
Downloading from central: https://repo.maven.apache.org/maven2/fr/inria/gforge/spoon/spoon-core/8.2.0-beta-4/spoon-core-8.2.0-beta-4.pom
Progress (1): 4.1/7.5 kBProgress (1): 7.5 kB                        Downloaded from central: https://repo.maven.apache.org/maven2/fr/inria/gforge/spoon/spoon-core/8.2.0-beta-4/spoon-core-8.2.0-beta-4.pom (7.5 kB at 535 kB/s)
Downloading from ow2.org-snapshot: https://repository.ow2.org/nexus/content/repositories/snapshots/fr/inria/gforge/spoon/spoon-core/8.2.0-beta-5/spoon-core-8.2.0-beta-5.pom
Downloading from central: https://repo.maven.apache.org/maven2/fr/inria/gforge/spoon/spoon-core/8.2.0-beta-5/spoon-core-8.2.0-beta-5.pom
Progress (1): 4.1/7.5 kBProgress (1): 7.5 kB                        Downloaded from central: https://repo.maven.apache.org/maven2/fr/inria/gforge/spoon/spoon-core/8.2.0-beta-5/spoon-core-8.2.0-beta-5.pom (7.5 kB at 441 kB/s)
Downloading from ow2.org-snapshot: https://repository.ow2.org/nexus/content/repositories/snapshots/fr/inria/gforge/spoon/spoon-core/8.2.0-beta-6/spoon-core-8.2.0-beta-6.pom
Downloading from central: https://repo.maven.apache.org/maven2/fr/inria/gforge/spoon/spoon-core/8.2.0-beta-6/spoon-core-8.2.0-beta-6.pom
Progress (1): 4.1/7.8 kBProgress (1): 7.8 kB                        Downloaded from central: https://repo.maven.apache.org/maven2/fr/inria/gforge/spoon/spoon-core/8.2.0-beta-6/spoon-core-8.2.0-beta-6.pom (7.8 kB at 554 kB/s)
Downloading from ow2.org-snapshot: https://repository.ow2.org/nexus/content/repositories/snapshots/fr/inria/gforge/spoon/spoon-core/8.2.0-beta-7/spoon-core-8.2.0-beta-7.pom
Downloading from central: https://repo.maven.apache.org/maven2/fr/inria/gforge/spoon/spoon-core/8.2.0-beta-7/spoon-core-8.2.0-beta-7.pom
Progress (1): 4.1/7.8 kBProgress (1): 7.8 kB                        Downloaded from central: https://repo.maven.apache.org/maven2/fr/inria/gforge/spoon/spoon-core/8.2.0-beta-7/spoon-core-8.2.0-beta-7.pom (7.8 kB at 597 kB/s)
Downloading from ow2.org-snapshot: https://repository.ow2.org/nexus/content/repositories/snapshots/fr/inria/gforge/spoon/spoon-core/8.2.0-beta-8/spoon-core-8.2.0-beta-8.pom
Downloading from central: https://repo.maven.apache.org/maven2/fr/inria/gforge/spoon/spoon-core/8.2.0-beta-8/spoon-core-8.2.0-beta-8.pom
Progress (1): 4.1/7.8 kBProgress (1): 7.8 kB                        Downloaded from central: https://repo.maven.apache.org/maven2/fr/inria/gforge/spoon/spoon-core/8.2.0-beta-8/spoon-core-8.2.0-beta-8.pom (7.8 kB at 63 kB/s)
Downloading from ow2.org-snapshot: https://repository.ow2.org/nexus/content/repositories/snapshots/fr/inria/gforge/spoon/spoon-core/8.2.0-beta-9/spoon-core-8.2.0-beta-9.pom
Downloading from central: https://repo.maven.apache.org/maven2/fr/inria/gforge/spoon/spoon-core/8.2.0-beta-9/spoon-core-8.2.0-beta-9.pom
Progress (1): 4.1/7.8 kBProgress (1): 7.8 kB                        Downloaded from central: https://repo.maven.apache.org/maven2/fr/inria/gforge/spoon/spoon-core/8.2.0-beta-9/spoon-core-8.2.0-beta-9.pom (7.8 kB at 705 kB/s)
Downloading from ow2.org-snapshot: https://repository.ow2.org/nexus/content/repositories/snapshots/fr/inria/gforge/spoon/spoon-core/8.2.0-beta-10/spoon-core-8.2.0-beta-10.pom
Downloading from central: https://repo.maven.apache.org/maven2/fr/inria/gforge/spoon/spoon-core/8.2.0-beta-10/spoon-core-8.2.0-beta-10.pom
Progress (1): 4.1/7.8 kBProgress (1): 7.8 kB                        Downloaded from central: https://repo.maven.apache.org/maven2/fr/inria/gforge/spoon/spoon-core/8.2.0-beta-10/spoon-core-8.2.0-beta-10.pom (7.8 kB at 105 kB/s)
Downloading from ow2.org-snapshot: https://repository.ow2.org/nexus/content/repositories/snapshots/fr/inria/gforge/spoon/spoon-core/8.2.0-beta-11/spoon-core-8.2.0-beta-11.pom
Downloading from central: https://repo.maven.apache.org/maven2/fr/inria/gforge/spoon/spoon-core/8.2.0-beta-11/spoon-core-8.2.0-beta-11.pom
Progress (1): 4.1/7.8 kBProgress (1): 7.8 kB                        Downloaded from central: https://repo.maven.apache.org/maven2/fr/inria/gforge/spoon/spoon-core/8.2.0-beta-11/spoon-core-8.2.0-beta-11.pom (7.8 kB at 597 kB/s)
Downloading from ow2.org-snapshot: https://repository.ow2.org/nexus/content/repositories/snapshots/fr/inria/gforge/spoon/spoon-core/8.2.0-beta-12/spoon-core-8.2.0-beta-12.pom
Downloading from central: https://repo.maven.apache.org/maven2/fr/inria/gforge/spoon/spoon-core/8.2.0-beta-12/spoon-core-8.2.0-beta-12.pom
Progress (1): 4.1/7.8 kBProgress (1): 7.8 kB                        Downloaded from central: https://repo.maven.apache.org/maven2/fr/inria/gforge/spoon/spoon-core/8.2.0-beta-12/spoon-core-8.2.0-beta-12.pom (7.8 kB at 597 kB/s)
Downloading from ow2.org-snapshot: https://repository.ow2.org/nexus/content/repositories/snapshots/fr/inria/gforge/spoon/spoon-core/8.2.0-beta-13/spoon-core-8.2.0-beta-13.pom
Downloading from central: https://repo.maven.apache.org/maven2/fr/inria/gforge/spoon/spoon-core/8.2.0-beta-13/spoon-core-8.2.0-beta-13.pom
Progress (1): 4.1/7.8 kBProgress (1): 7.8 kB                        Downloaded from central: https://repo.maven.apache.org/maven2/fr/inria/gforge/spoon/spoon-core/8.2.0-beta-13/spoon-core-8.2.0-beta-13.pom (7.8 kB at 705 kB/s)
Downloading from ow2.org-snapshot: https://repository.ow2.org/nexus/content/repositories/snapshots/fr/inria/gforge/spoon/spoon-core/8.2.0-beta-14/spoon-core-8.2.0-beta-14.pom
Downloading from central: https://repo.maven.apache.org/maven2/fr/inria/gforge/spoon/spoon-core/8.2.0-beta-14/spoon-core-8.2.0-beta-14.pom
Progress (1): 4.1/7.8 kBProgress (1): 7.8 kB                        Downloaded from central: https://repo.maven.apache.org/maven2/fr/inria/gforge/spoon/spoon-core/8.2.0-beta-14/spoon-core-8.2.0-beta-14.pom (7.8 kB at 40 kB/s)
Downloading from ow2.org-snapshot: https://repository.ow2.org/nexus/content/repositories/snapshots/fr/inria/gforge/spoon/spoon-core/8.2.0-beta-15/spoon-core-8.2.0-beta-15.pom
Downloading from central: https://repo.maven.apache.org/maven2/fr/inria/gforge/spoon/spoon-core/8.2.0-beta-15/spoon-core-8.2.0-beta-15.pom
Progress (1): 4.1/7.8 kBProgress (1): 7.8 kB                        Downloaded from central: https://repo.maven.apache.org/maven2/fr/inria/gforge/spoon/spoon-core/8.2.0-beta-15/spoon-core-8.2.0-beta-15.pom (7.8 kB at 235 kB/s)
Downloading from ow2.org-snapshot: https://repository.ow2.org/nexus/content/repositories/snapshots/fr/inria/gforge/spoon/spoon-core/8.2.0-beta-16/spoon-core-8.2.0-beta-16.pom
Downloading from central: https://repo.maven.apache.org/maven2/fr/inria/gforge/spoon/spoon-core/8.2.0-beta-16/spoon-core-8.2.0-beta-16.pom
Progress (1): 4.1/7.8 kBProgress (1): 7.8 kB                        Downloaded from central: https://repo.maven.apache.org/maven2/fr/inria/gforge/spoon/spoon-core/8.2.0-beta-16/spoon-core-8.2.0-beta-16.pom (7.8 kB at 517 kB/s)
Downloading from ow2.org-snapshot: https://repository.ow2.org/nexus/content/repositories/snapshots/fr/inria/gforge/spoon/spoon-core/8.2.0-beta-17/spoon-core-8.2.0-beta-17.pom
Downloading from central: https://repo.maven.apache.org/maven2/fr/inria/gforge/spoon/spoon-core/8.2.0-beta-17/spoon-core-8.2.0-beta-17.pom
Progress (1): 4.1/7.4 kBProgress (1): 7.4 kB                        Downloaded from central: https://repo.maven.apache.org/maven2/fr/inria/gforge/spoon/spoon-core/8.2.0-beta-17/spoon-core-8.2.0-beta-17.pom (7.4 kB at 617 kB/s)
Downloading from ow2.org-snapshot: https://repository.ow2.org/nexus/content/repositories/snapshots/fr/inria/gforge/spoon/spoon-core/8.2.0-beta-18/spoon-core-8.2.0-beta-18.pom
Downloading from central: https://repo.maven.apache.org/maven2/fr/inria/gforge/spoon/spoon-core/8.2.0-beta-18/spoon-core-8.2.0-beta-18.pom
Progress (1): 4.1/7.4 kBProgress (1): 7.4 kB                        Downloaded from central: https://repo.maven.apache.org/maven2/fr/inria/gforge/spoon/spoon-core/8.2.0-beta-18/spoon-core-8.2.0-beta-18.pom (7.4 kB at 740 kB/s)
Downloading from ow2.org-snapshot: https://repository.ow2.org/nexus/content/repositories/snapshots/fr/inria/gforge/spoon/spoon-core/8.2.0/spoon-core-8.2.0.pom
Downloading from central: https://repo.maven.apache.org/maven2/fr/inria/gforge/spoon/spoon-core/8.2.0/spoon-core-8.2.0.pom
Progress (1): 4.1/7.4 kBProgress (1): 7.4 kB                        Downloaded from central: https://repo.maven.apache.org/maven2/fr/inria/gforge/spoon/spoon-core/8.2.0/spoon-core-8.2.0.pom (7.4 kB at 739 kB/s)
Downloading from ow2.org-snapshot: https://repository.ow2.org/nexus/content/repositories/snapshots/fr/inria/gforge/spoon/spoon-core/8.3.0-beta-1/spoon-core-8.3.0-beta-1.pom
Downloading from central: https://repo.maven.apache.org/maven2/fr/inria/gforge/spoon/spoon-core/8.3.0-beta-1/spoon-core-8.3.0-beta-1.pom
Progress (1): 4.1/7.4 kBProgress (1): 7.4 kB                        Downloaded from central: https://repo.maven.apache.org/maven2/fr/inria/gforge/spoon/spoon-core/8.3.0-beta-1/spoon-core-8.3.0-beta-1.pom (7.4 kB at 673 kB/s)
Downloading from ow2.org-snapshot: https://repository.ow2.org/nexus/content/repositories/snapshots/fr/inria/gforge/spoon/spoon-core/8.3.0-beta-2/spoon-core-8.3.0-beta-2.pom
Downloading from central: https://repo.maven.apache.org/maven2/fr/inria/gforge/spoon/spoon-core/8.3.0-beta-2/spoon-core-8.3.0-beta-2.pom
Progress (1): 4.1/7.4 kBProgress (1): 7.4 kB                        Downloaded from central: https://repo.maven.apache.org/maven2/fr/inria/gforge/spoon/spoon-core/8.3.0-beta-2/spoon-core-8.3.0-beta-2.pom (7.4 kB at 740 kB/s)
Downloading from ow2.org-snapshot: https://repository.ow2.org/nexus/content/repositories/snapshots/fr/inria/gforge/spoon/spoon-core/8.3.0-beta-3/spoon-core-8.3.0-beta-3.pom
Downloading from central: https://repo.maven.apache.org/maven2/fr/inria/gforge/spoon/spoon-core/8.3.0-beta-3/spoon-core-8.3.0-beta-3.pom
Progress (1): 4.1/7.4 kBProgress (1): 7.4 kB                        Downloaded from central: https://repo.maven.apache.org/maven2/fr/inria/gforge/spoon/spoon-core/8.3.0-beta-3/spoon-core-8.3.0-beta-3.pom (7.4 kB at 370 kB/s)
Downloading from ow2.org-snapshot: https://repository.ow2.org/nexus/content/repositories/snapshots/fr/inria/gforge/spoon/spoon-core/8.3.0-beta-4/spoon-core-8.3.0-beta-4.pom
Downloading from central: https://repo.maven.apache.org/maven2/fr/inria/gforge/spoon/spoon-core/8.3.0-beta-4/spoon-core-8.3.0-beta-4.pom
Progress (1): 4.1/7.4 kBProgress (1): 7.4 kB                        Downloaded from central: https://repo.maven.apache.org/maven2/fr/inria/gforge/spoon/spoon-core/8.3.0-beta-4/spoon-core-8.3.0-beta-4.pom (7.4 kB at 308 kB/s)
Downloading from ow2.org-snapshot: https://repository.ow2.org/nexus/content/repositories/snapshots/fr/inria/gforge/spoon/spoon-core/8.3.0-beta-5/spoon-core-8.3.0-beta-5.pom
Downloading from central: https://repo.maven.apache.org/maven2/fr/inria/gforge/spoon/spoon-core/8.3.0-beta-5/spoon-core-8.3.0-beta-5.pom
Progress (1): 4.1/7.4 kBProgress (1): 7.4 kB                        Downloaded from central: https://repo.maven.apache.org/maven2/fr/inria/gforge/spoon/spoon-core/8.3.0-beta-5/spoon-core-8.3.0-beta-5.pom (7.4 kB at 411 kB/s)
Downloading from ow2.org-snapshot: https://repository.ow2.org/nexus/content/repositories/snapshots/fr/inria/gforge/spoon/spoon-core/8.3.0-beta-6/spoon-core-8.3.0-beta-6.pom
Downloading from central: https://repo.maven.apache.org/maven2/fr/inria/gforge/spoon/spoon-core/8.3.0-beta-6/spoon-core-8.3.0-beta-6.pom
Progress (1): 4.1/7.4 kBProgress (1): 7.4 kB                        Downloaded from central: https://repo.maven.apache.org/maven2/fr/inria/gforge/spoon/spoon-core/8.3.0-beta-6/spoon-core-8.3.0-beta-6.pom (7.4 kB at 411 kB/s)
Downloading from ow2.org-snapshot: https://repository.ow2.org/nexus/content/repositories/snapshots/fr/inria/gforge/spoon/spoon-core/8.3.0-beta-7/spoon-core-8.3.0-beta-7.pom
Downloading from central: https://repo.maven.apache.org/maven2/fr/inria/gforge/spoon/spoon-core/8.3.0-beta-7/spoon-core-8.3.0-beta-7.pom
Progress (1): 4.1/7.4 kBProgress (1): 7.4 kB                        Downloaded from central: https://repo.maven.apache.org/maven2/fr/inria/gforge/spoon/spoon-core/8.3.0-beta-7/spoon-core-8.3.0-beta-7.pom (7.4 kB at 435 kB/s)
Downloading from ow2.org-snapshot: https://repository.ow2.org/nexus/content/repositories/snapshots/fr/inria/gforge/spoon/spoon-core/8.3.0-beta-8/spoon-core-8.3.0-beta-8.pom
Downloading from central: https://repo.maven.apache.org/maven2/fr/inria/gforge/spoon/spoon-core/8.3.0-beta-8/spoon-core-8.3.0-beta-8.pom
Progress (1): 4.1/8.2 kBProgress (1): 8.2 kB                        Downloaded from central: https://repo.maven.apache.org/maven2/fr/inria/gforge/spoon/spoon-core/8.3.0-beta-8/spoon-core-8.3.0-beta-8.pom (8.2 kB at 583 kB/s)
Downloading from ow2.org-snapshot: https://repository.ow2.org/nexus/content/repositories/snapshots/fr/inria/gforge/spoon/spoon-core/8.3.0-beta-9/spoon-core-8.3.0-beta-9.pom
Downloading from central: https://repo.maven.apache.org/maven2/fr/inria/gforge/spoon/spoon-core/8.3.0-beta-9/spoon-core-8.3.0-beta-9.pom
Progress (1): 4.1/8.2 kBProgress (1): 8.2 kB                        Downloaded from central: https://repo.maven.apache.org/maven2/fr/inria/gforge/spoon/spoon-core/8.3.0-beta-9/spoon-core-8.3.0-beta-9.pom (8.2 kB at 454 kB/s)
Downloading from ow2.org-snapshot: https://repository.ow2.org/nexus/content/repositories/snapshots/fr/inria/gforge/spoon/spoon-core/8.3.0-beta-10/spoon-core-8.3.0-beta-10.pom
Downloading from central: https://repo.maven.apache.org/maven2/fr/inria/gforge/spoon/spoon-core/8.3.0-beta-10/spoon-core-8.3.0-beta-10.pom
Progress (1): 4.1/8.3 kBProgress (1): 8.2/8.3 kBProgress (1): 8.3 kB                        Downloaded from central: https://repo.maven.apache.org/maven2/fr/inria/gforge/spoon/spoon-core/8.3.0-beta-10/spoon-core-8.3.0-beta-10.pom (8.3 kB at 635 kB/s)
Downloading from ow2.org-snapshot: https://repository.ow2.org/nexus/content/repositories/snapshots/fr/inria/gforge/spoon/spoon-core/8.3.0-beta-11/spoon-core-8.3.0-beta-11.pom
Downloading from central: https://repo.maven.apache.org/maven2/fr/inria/gforge/spoon/spoon-core/8.3.0-beta-11/spoon-core-8.3.0-beta-11.pom
Progress (1): 4.1/8.3 kBProgress (1): 8.2/8.3 kBProgress (1): 8.3 kB                        Downloaded from central: https://repo.maven.apache.org/maven2/fr/inria/gforge/spoon/spoon-core/8.3.0-beta-11/spoon-core-8.3.0-beta-11.pom (8.3 kB at 590 kB/s)
Downloading from ow2.org-snapshot: https://repository.ow2.org/nexus/content/repositories/snapshots/fr/inria/gforge/spoon/spoon-core/8.3.0-beta-12/spoon-core-8.3.0-beta-12.pom
Downloading from central: https://repo.maven.apache.org/maven2/fr/inria/gforge/spoon/spoon-core/8.3.0-beta-12/spoon-core-8.3.0-beta-12.pom
Progress (1): 4.1/8.3 kBProgress (1): 8.2/8.3 kBProgress (1): 8.3 kB                        Downloaded from central: https://repo.maven.apache.org/maven2/fr/inria/gforge/spoon/spoon-core/8.3.0-beta-12/spoon-core-8.3.0-beta-12.pom (8.3 kB at 751 kB/s)
Downloading from ow2.org-snapshot: https://repository.ow2.org/nexus/content/repositories/snapshots/fr/inria/gforge/spoon/spoon-core/8.3.0-beta-13/spoon-core-8.3.0-beta-13.pom
Downloading from central: https://repo.maven.apache.org/maven2/fr/inria/gforge/spoon/spoon-core/8.3.0-beta-13/spoon-core-8.3.0-beta-13.pom
Progress (1): 4.1/9.4 kBProgress (1): 8.2/9.4 kBProgress (1): 9.4 kB                        Downloaded from central: https://repo.maven.apache.org/maven2/fr/inria/gforge/spoon/spoon-core/8.3.0-beta-13/spoon-core-8.3.0-beta-13.pom (9.4 kB at 469 kB/s)
Downloading from ow2.org-snapshot: https://repository.ow2.org/nexus/content/repositories/snapshots/fr/inria/gforge/spoon/spoon-core/8.3.0-SNAPSHOT/maven-metadata.xml
Downloading from sonatype-nexus-snapshots: https://oss.sonatype.org/content/repositories/snapshots/fr/inria/gforge/spoon/spoon-core/8.3.0-SNAPSHOT/maven-metadata.xml
Progress (1): 1.0 kB                    Downloaded from ow2.org-snapshot: https://repository.ow2.org/nexus/content/repositories/snapshots/fr/inria/gforge/spoon/spoon-core/8.3.0-SNAPSHOT/maven-metadata.xml (1.0 kB at 5.5 kB/s)
Downloading from ow2.org-snapshot: https://repository.ow2.org/nexus/content/repositories/snapshots/fr/inria/gforge/spoon/spoon-core/8.3.0-SNAPSHOT/spoon-core-8.3.0-20201019.214442-4.pom
Progress (1): 887 BProgress (1): 3.3 kBProgress (1): 6.0 kBProgress (1): 8.1 kBProgress (1): 9.8 kB                    Downloaded from ow2.org-snapshot: https://repository.ow2.org/nexus/content/repositories/snapshots/fr/inria/gforge/spoon/spoon-core/8.3.0-SNAPSHOT/spoon-core-8.3.0-20201019.214442-4.pom (9.8 kB at 88 kB/s)
Downloading from ow2.org-snapshot: https://repository.ow2.org/nexus/content/repositories/snapshots/fr/inria/gforge/spoon/spoon-core/8.3.0/spoon-core-8.3.0.pom
Downloading from central: https://repo.maven.apache.org/maven2/fr/inria/gforge/spoon/spoon-core/8.3.0/spoon-core-8.3.0.pom
Progress (1): 4.1/9.4 kBProgress (1): 8.2/9.4 kBProgress (1): 9.4 kB                        Downloaded from central: https://repo.maven.apache.org/maven2/fr/inria/gforge/spoon/spoon-core/8.3.0/spoon-core-8.3.0.pom (9.4 kB at 520 kB/s)
Downloading from ow2.org-snapshot: https://repository.ow2.org/nexus/content/repositories/snapshots/fr/inria/gforge/spoon/spoon-core/8.4.0-beta-1/spoon-core-8.4.0-beta-1.pom
Downloading from central: https://repo.maven.apache.org/maven2/fr/inria/gforge/spoon/spoon-core/8.4.0-beta-1/spoon-core-8.4.0-beta-1.pom
Progress (1): 4.1/9.4 kBProgress (1): 8.2/9.4 kBProgress (1): 9.4 kB                        Downloaded from central: https://repo.maven.apache.org/maven2/fr/inria/gforge/spoon/spoon-core/8.4.0-beta-1/spoon-core-8.4.0-beta-1.pom (9.4 kB at 669 kB/s)
Downloading from ow2.org-snapshot: https://repository.ow2.org/nexus/content/repositories/snapshots/fr/inria/gforge/spoon/spoon-core/8.4.0-beta-2/spoon-core-8.4.0-beta-2.pom
Downloading from central: https://repo.maven.apache.org/maven2/fr/inria/gforge/spoon/spoon-core/8.4.0-beta-2/spoon-core-8.4.0-beta-2.pom
Progress (1): 4.1/9.4 kBProgress (1): 8.2/9.4 kBProgress (1): 9.4 kB                        Downloaded from central: https://repo.maven.apache.org/maven2/fr/inria/gforge/spoon/spoon-core/8.4.0-beta-2/spoon-core-8.4.0-beta-2.pom (9.4 kB at 937 kB/s)
Downloading from ow2.org-snapshot: https://repository.ow2.org/nexus/content/repositories/snapshots/fr/inria/gforge/spoon/spoon-core/8.4.0-beta-3/spoon-core-8.4.0-beta-3.pom
Downloading from central: https://repo.maven.apache.org/maven2/fr/inria/gforge/spoon/spoon-core/8.4.0-beta-3/spoon-core-8.4.0-beta-3.pom
Progress (1): 4.1/9.5 kBProgress (1): 8.2/9.5 kBProgress (1): 9.5 kB                        Downloaded from central: https://repo.maven.apache.org/maven2/fr/inria/gforge/spoon/spoon-core/8.4.0-beta-3/spoon-core-8.4.0-beta-3.pom (9.5 kB at 790 kB/s)
Downloading from ow2.org-snapshot: https://repository.ow2.org/nexus/content/repositories/snapshots/fr/inria/gforge/spoon/spoon-core/8.4.0-beta-4/spoon-core-8.4.0-beta-4.pom
Downloading from central: https://repo.maven.apache.org/maven2/fr/inria/gforge/spoon/spoon-core/8.4.0-beta-4/spoon-core-8.4.0-beta-4.pom
Progress (1): 4.1/9.5 kBProgress (1): 8.2/9.5 kBProgress (1): 9.5 kB                        Downloaded from central: https://repo.maven.apache.org/maven2/fr/inria/gforge/spoon/spoon-core/8.4.0-beta-4/spoon-core-8.4.0-beta-4.pom (9.5 kB at 379 kB/s)
Downloading from ow2.org-snapshot: https://repository.ow2.org/nexus/content/repositories/snapshots/fr/inria/gforge/spoon/spoon-core/8.4.0-beta-5/spoon-core-8.4.0-beta-5.pom
Downloading from central: https://repo.maven.apache.org/maven2/fr/inria/gforge/spoon/spoon-core/8.4.0-beta-5/spoon-core-8.4.0-beta-5.pom
Progress (1): 4.1/9.5 kBProgress (1): 8.2/9.5 kBProgress (1): 9.5 kB                        Downloaded from central: https://repo.maven.apache.org/maven2/fr/inria/gforge/spoon/spoon-core/8.4.0-beta-5/spoon-core-8.4.0-beta-5.pom (9.5 kB at 677 kB/s)
Downloading from ow2.org-snapshot: https://repository.ow2.org/nexus/content/repositories/snapshots/fr/inria/gforge/spoon/spoon-core/8.4.0-beta-6/spoon-core-8.4.0-beta-6.pom
Downloading from central: https://repo.maven.apache.org/maven2/fr/inria/gforge/spoon/spoon-core/8.4.0-beta-6/spoon-core-8.4.0-beta-6.pom
Progress (1): 4.1/9.5 kBProgress (1): 8.2/9.5 kBProgress (1): 9.5 kB                        Downloaded from central: https://repo.maven.apache.org/maven2/fr/inria/gforge/spoon/spoon-core/8.4.0-beta-6/spoon-core-8.4.0-beta-6.pom (9.5 kB at 558 kB/s)
Downloading from ow2.org-snapshot: https://repository.ow2.org/nexus/content/repositories/snapshots/fr/inria/gforge/spoon/spoon-core/8.4.0-beta-7/spoon-core-8.4.0-beta-7.pom
Downloading from central: https://repo.maven.apache.org/maven2/fr/inria/gforge/spoon/spoon-core/8.4.0-beta-7/spoon-core-8.4.0-beta-7.pom
Progress (1): 4.1/9.5 kBProgress (1): 8.2/9.5 kBProgress (1): 9.5 kB                        Downloaded from central: https://repo.maven.apache.org/maven2/fr/inria/gforge/spoon/spoon-core/8.4.0-beta-7/spoon-core-8.4.0-beta-7.pom (9.5 kB at 948 kB/s)
Downloading from ow2.org-snapshot: https://repository.ow2.org/nexus/content/repositories/snapshots/fr/inria/gforge/spoon/spoon-core/8.4.0-beta-8/spoon-core-8.4.0-beta-8.pom
Downloading from central: https://repo.maven.apache.org/maven2/fr/inria/gforge/spoon/spoon-core/8.4.0-beta-8/spoon-core-8.4.0-beta-8.pom
Progress (1): 4.1/9.5 kBProgress (1): 8.2/9.5 kBProgress (1): 9.5 kB                        Downloaded from central: https://repo.maven.apache.org/maven2/fr/inria/gforge/spoon/spoon-core/8.4.0-beta-8/spoon-core-8.4.0-beta-8.pom (9.5 kB at 558 kB/s)
Downloading from ow2.org-snapshot: https://repository.ow2.org/nexus/content/repositories/snapshots/fr/inria/gforge/spoon/spoon-core/8.4.0-beta-9/spoon-core-8.4.0-beta-9.pom
Downloading from central: https://repo.maven.apache.org/maven2/fr/inria/gforge/spoon/spoon-core/8.4.0-beta-9/spoon-core-8.4.0-beta-9.pom
Progress (1): 4.1/9.5 kBProgress (1): 8.2/9.5 kBProgress (1): 9.5 kB                        Downloaded from central: https://repo.maven.apache.org/maven2/fr/inria/gforge/spoon/spoon-core/8.4.0-beta-9/spoon-core-8.4.0-beta-9.pom (9.5 kB at 431 kB/s)
Downloading from ow2.org-snapshot: https://repository.ow2.org/nexus/content/repositories/snapshots/fr/inria/gforge/spoon/spoon-core/8.4.0-beta-10/spoon-core-8.4.0-beta-10.pom
Downloading from central: https://repo.maven.apache.org/maven2/fr/inria/gforge/spoon/spoon-core/8.4.0-beta-10/spoon-core-8.4.0-beta-10.pom
Progress (1): 4.1/9.5 kBProgress (1): 8.2/9.5 kBProgress (1): 9.5 kB                        Downloaded from central: https://repo.maven.apache.org/maven2/fr/inria/gforge/spoon/spoon-core/8.4.0-beta-10/spoon-core-8.4.0-beta-10.pom (9.5 kB at 730 kB/s)
Downloading from ow2.org-snapshot: https://repository.ow2.org/nexus/content/repositories/snapshots/fr/inria/gforge/spoon/spoon-core/8.4.0-beta-11/spoon-core-8.4.0-beta-11.pom
Downloading from central: https://repo.maven.apache.org/maven2/fr/inria/gforge/spoon/spoon-core/8.4.0-beta-11/spoon-core-8.4.0-beta-11.pom
Progress (1): 4.1/10 kBProgress (1): 8.2/10 kBProgress (1): 10 kB                       Downloaded from central: https://repo.maven.apache.org/maven2/fr/inria/gforge/spoon/spoon-core/8.4.0-beta-11/spoon-core-8.4.0-beta-11.pom (10 kB at 845 kB/s)
Downloading from ow2.org-snapshot: https://repository.ow2.org/nexus/content/repositories/snapshots/fr/inria/gforge/spoon/spoon-core/8.4.0-beta-12/spoon-core-8.4.0-beta-12.pom
Downloading from central: https://repo.maven.apache.org/maven2/fr/inria/gforge/spoon/spoon-core/8.4.0-beta-12/spoon-core-8.4.0-beta-12.pom
Progress (1): 4.1/10.0 kBProgress (1): 8.2/10.0 kBProgress (1): 10.0 kB                         Downloaded from central: https://repo.maven.apache.org/maven2/fr/inria/gforge/spoon/spoon-core/8.4.0-beta-12/spoon-core-8.4.0-beta-12.pom (10.0 kB at 622 kB/s)
Downloading from ow2.org-snapshot: https://repository.ow2.org/nexus/content/repositories/snapshots/fr/inria/gforge/spoon/spoon-core/8.4.0-beta-13/spoon-core-8.4.0-beta-13.pom
Downloading from central: https://repo.maven.apache.org/maven2/fr/inria/gforge/spoon/spoon-core/8.4.0-beta-13/spoon-core-8.4.0-beta-13.pom
Progress (1): 4.1/10.0 kBProgress (1): 8.2/10.0 kBProgress (1): 10.0 kB                         Downloaded from central: https://repo.maven.apache.org/maven2/fr/inria/gforge/spoon/spoon-core/8.4.0-beta-13/spoon-core-8.4.0-beta-13.pom (10.0 kB at 905 kB/s)
Downloading from ow2.org-snapshot: https://repository.ow2.org/nexus/content/repositories/snapshots/fr/inria/gforge/spoon/spoon-core/8.4.0-beta-14/spoon-core-8.4.0-beta-14.pom
Downloading from central: https://repo.maven.apache.org/maven2/fr/inria/gforge/spoon/spoon-core/8.4.0-beta-14/spoon-core-8.4.0-beta-14.pom
Progress (1): 4.1/10.0 kBProgress (1): 8.2/10.0 kBProgress (1): 10.0 kB                         Downloaded from central: https://repo.maven.apache.org/maven2/fr/inria/gforge/spoon/spoon-core/8.4.0-beta-14/spoon-core-8.4.0-beta-14.pom (10.0 kB at 905 kB/s)
Downloading from ow2.org-snapshot: https://repository.ow2.org/nexus/content/repositories/snapshots/fr/inria/gforge/spoon/spoon-core/8.4.0-beta-15/spoon-core-8.4.0-beta-15.pom
Downloading from central: https://repo.maven.apache.org/maven2/fr/inria/gforge/spoon/spoon-core/8.4.0-beta-15/spoon-core-8.4.0-beta-15.pom
Progress (1): 4.1/10.0 kBProgress (1): 8.2/10.0 kBProgress (1): 10.0 kB                         Downloaded from central: https://repo.maven.apache.org/maven2/fr/inria/gforge/spoon/spoon-core/8.4.0-beta-15/spoon-core-8.4.0-beta-15.pom (10.0 kB at 905 kB/s)
Downloading from ow2.org-snapshot: https://repository.ow2.org/nexus/content/repositories/snapshots/fr/inria/gforge/spoon/spoon-core/8.4.0-beta-16/spoon-core-8.4.0-beta-16.pom
Downloading from central: https://repo.maven.apache.org/maven2/fr/inria/gforge/spoon/spoon-core/8.4.0-beta-16/spoon-core-8.4.0-beta-16.pom
Progress (1): 4.1/10.0 kBProgress (1): 8.2/10.0 kBProgress (1): 10.0 kB                         Downloaded from central: https://repo.maven.apache.org/maven2/fr/inria/gforge/spoon/spoon-core/8.4.0-beta-16/spoon-core-8.4.0-beta-16.pom (10.0 kB at 996 kB/s)
Downloading from ow2.org-snapshot: https://repository.ow2.org/nexus/content/repositories/snapshots/fr/inria/gforge/spoon/spoon-core/8.4.0-beta-17/spoon-core-8.4.0-beta-17.pom
Downloading from central: https://repo.maven.apache.org/maven2/fr/inria/gforge/spoon/spoon-core/8.4.0-beta-17/spoon-core-8.4.0-beta-17.pom
Progress (1): 4.1/10.0 kBProgress (1): 8.2/10.0 kBProgress (1): 10.0 kB                         Downloaded from central: https://repo.maven.apache.org/maven2/fr/inria/gforge/spoon/spoon-core/8.4.0-beta-17/spoon-core-8.4.0-beta-17.pom (10.0 kB at 996 kB/s)
Downloading from ow2.org-snapshot: https://repository.ow2.org/nexus/content/repositories/snapshots/fr/inria/gforge/spoon/spoon-core/8.4.0-beta-18/spoon-core-8.4.0-beta-18.pom
Downloading from central: https://repo.maven.apache.org/maven2/fr/inria/gforge/spoon/spoon-core/8.4.0-beta-18/spoon-core-8.4.0-beta-18.pom
Progress (1): 4.1/10.0 kBProgress (1): 8.2/10.0 kBProgress (1): 10.0 kB                         Downloaded from central: https://repo.maven.apache.org/maven2/fr/inria/gforge/spoon/spoon-core/8.4.0-beta-18/spoon-core-8.4.0-beta-18.pom (10.0 kB at 768 kB/s)
Downloading from ow2.org-snapshot: https://repository.ow2.org/nexus/content/repositories/snapshots/fr/inria/gforge/spoon/spoon-core/8.4.0-SNAPSHOT/maven-metadata.xml
Downloading from sonatype-nexus-snapshots: https://oss.sonatype.org/content/repositories/snapshots/fr/inria/gforge/spoon/spoon-core/8.4.0-SNAPSHOT/maven-metadata.xml
Progress (1): 1.0 kB                    Downloaded from ow2.org-snapshot: https://repository.ow2.org/nexus/content/repositories/snapshots/fr/inria/gforge/spoon/spoon-core/8.4.0-SNAPSHOT/maven-metadata.xml (1.0 kB at 11 kB/s)
Downloading from ow2.org-snapshot: https://repository.ow2.org/nexus/content/repositories/snapshots/fr/inria/gforge/spoon/spoon-core/8.4.0-SNAPSHOT/spoon-core-8.4.0-20210316.100102-233.pom
Progress (1): 887 BProgress (1): 3.2 kBProgress (1): 6.1 kBProgress (1): 8.2 kBProgress (1): 10 kB                    Downloaded from ow2.org-snapshot: https://repository.ow2.org/nexus/content/repositories/snapshots/fr/inria/gforge/spoon/spoon-core/8.4.0-SNAPSHOT/spoon-core-8.4.0-20210316.100102-233.pom (10 kB at 109 kB/s)
Downloading from ow2.org-snapshot: https://repository.ow2.org/nexus/content/repositories/snapshots/fr/inria/gforge/spoon/spoon-core/8.4.0/spoon-core-8.4.0.pom
Downloading from central: https://repo.maven.apache.org/maven2/fr/inria/gforge/spoon/spoon-core/8.4.0/spoon-core-8.4.0.pom
Progress (1): 4.1/11 kBProgress (1): 8.2/11 kBProgress (1): 11 kB                       Downloaded from central: https://repo.maven.apache.org/maven2/fr/inria/gforge/spoon/spoon-core/8.4.0/spoon-core-8.4.0.pom (11 kB at 960 kB/s)
Downloading from ow2.org-snapshot: https://repository.ow2.org/nexus/content/repositories/snapshots/fr/inria/gforge/spoon/spoon-core/9.0.0/spoon-core-9.0.0.pom
Downloading from central: https://repo.maven.apache.org/maven2/fr/inria/gforge/spoon/spoon-core/9.0.0/spoon-core-9.0.0.pom
Progress (1): 4.1/11 kBProgress (1): 8.2/11 kBProgress (1): 11 kB                       Downloaded from central: https://repo.maven.apache.org/maven2/fr/inria/gforge/spoon/spoon-core/9.0.0/spoon-core-9.0.0.pom (11 kB at 786 kB/s)
Downloading from ow2.org-snapshot: https://repository.ow2.org/nexus/content/repositories/snapshots/fr/inria/gforge/spoon/spoon-core/9.1.0-beta-1/spoon-core-9.1.0-beta-1.pom
Downloading from central: https://repo.maven.apache.org/maven2/fr/inria/gforge/spoon/spoon-core/9.1.0-beta-1/spoon-core-9.1.0-beta-1.pom
Progress (1): 4.1/11 kBProgress (1): 8.2/11 kBProgress (1): 11 kB                       Downloaded from central: https://repo.maven.apache.org/maven2/fr/inria/gforge/spoon/spoon-core/9.1.0-beta-1/spoon-core-9.1.0-beta-1.pom (11 kB at 813 kB/s)
Downloading from ow2.org-snapshot: https://repository.ow2.org/nexus/content/repositories/snapshots/fr/inria/gforge/spoon/spoon-core/9.1.0-beta-2/spoon-core-9.1.0-beta-2.pom
Downloading from central: https://repo.maven.apache.org/maven2/fr/inria/gforge/spoon/spoon-core/9.1.0-beta-2/spoon-core-9.1.0-beta-2.pom
Progress (1): 4.1/11 kBProgress (1): 8.2/11 kBProgress (1): 11 kB                       Downloaded from central: https://repo.maven.apache.org/maven2/fr/inria/gforge/spoon/spoon-core/9.1.0-beta-2/spoon-core-9.1.0-beta-2.pom (11 kB at 587 kB/s)
Downloading from ow2.org-snapshot: https://repository.ow2.org/nexus/content/repositories/snapshots/fr/inria/gforge/spoon/spoon-core/9.1.0-beta-3/spoon-core-9.1.0-beta-3.pom
Downloading from central: https://repo.maven.apache.org/maven2/fr/inria/gforge/spoon/spoon-core/9.1.0-beta-3/spoon-core-9.1.0-beta-3.pom
Progress (1): 4.1/11 kBProgress (1): 8.2/11 kBProgress (1): 11 kB                       Downloaded from central: https://repo.maven.apache.org/maven2/fr/inria/gforge/spoon/spoon-core/9.1.0-beta-3/spoon-core-9.1.0-beta-3.pom (11 kB at 813 kB/s)
Downloading from ow2.org-snapshot: https://repository.ow2.org/nexus/content/repositories/snapshots/fr/inria/gforge/spoon/spoon-core/9.1.0-beta-4/spoon-core-9.1.0-beta-4.pom
Downloading from central: https://repo.maven.apache.org/maven2/fr/inria/gforge/spoon/spoon-core/9.1.0-beta-4/spoon-core-9.1.0-beta-4.pom
Progress (1): 4.1/11 kBProgress (1): 8.2/11 kBProgress (1): 11 kB                       Downloaded from central: https://repo.maven.apache.org/maven2/fr/inria/gforge/spoon/spoon-core/9.1.0-beta-4/spoon-core-9.1.0-beta-4.pom (11 kB at 705 kB/s)
Downloading from ow2.org-snapshot: https://repository.ow2.org/nexus/content/repositories/snapshots/fr/inria/gforge/spoon/spoon-core/9.1.0-beta-5/spoon-core-9.1.0-beta-5.pom
Downloading from central: https://repo.maven.apache.org/maven2/fr/inria/gforge/spoon/spoon-core/9.1.0-beta-5/spoon-core-9.1.0-beta-5.pom
Progress (1): 4.1/11 kBProgress (1): 8.2/11 kBProgress (1): 11 kB                       Downloaded from central: https://repo.maven.apache.org/maven2/fr/inria/gforge/spoon/spoon-core/9.1.0-beta-5/spoon-core-9.1.0-beta-5.pom (11 kB at 881 kB/s)
Downloading from ow2.org-snapshot: https://repository.ow2.org/nexus/content/repositories/snapshots/fr/inria/gforge/spoon/spoon-core/9.1.0-beta-6/spoon-core-9.1.0-beta-6.pom
Downloading from central: https://repo.maven.apache.org/maven2/fr/inria/gforge/spoon/spoon-core/9.1.0-beta-6/spoon-core-9.1.0-beta-6.pom
Progress (1): 4.1/11 kBProgress (1): 8.2/11 kBProgress (1): 11 kB                       Downloaded from central: https://repo.maven.apache.org/maven2/fr/inria/gforge/spoon/spoon-core/9.1.0-beta-6/spoon-core-9.1.0-beta-6.pom (11 kB at 813 kB/s)
Downloading from ow2.org-snapshot: https://repository.ow2.org/nexus/content/repositories/snapshots/fr/inria/gforge/spoon/spoon-core/9.1.0-beta-7/spoon-core-9.1.0-beta-7.pom
Downloading from central: https://repo.maven.apache.org/maven2/fr/inria/gforge/spoon/spoon-core/9.1.0-beta-7/spoon-core-9.1.0-beta-7.pom
Progress (1): 4.1/11 kBProgress (1): 8.2/11 kBProgress (1): 11 kB                       Downloaded from central: https://repo.maven.apache.org/maven2/fr/inria/gforge/spoon/spoon-core/9.1.0-beta-7/spoon-core-9.1.0-beta-7.pom (11 kB at 824 kB/s)
Downloading from ow2.org-snapshot: https://repository.ow2.org/nexus/content/repositories/snapshots/fr/inria/gforge/spoon/spoon-core/9.1.0-beta-8/spoon-core-9.1.0-beta-8.pom
Downloading from central: https://repo.maven.apache.org/maven2/fr/inria/gforge/spoon/spoon-core/9.1.0-beta-8/spoon-core-9.1.0-beta-8.pom
Progress (1): 4.1/11 kBProgress (1): 8.2/11 kBProgress (1): 11 kB                       Downloaded from central: https://repo.maven.apache.org/maven2/fr/inria/gforge/spoon/spoon-core/9.1.0-beta-8/spoon-core-9.1.0-beta-8.pom (11 kB at 976 kB/s)
Downloading from ow2.org-snapshot: https://repository.ow2.org/nexus/content/repositories/snapshots/fr/inria/gforge/spoon/spoon-core/9.1.0-beta-9/spoon-core-9.1.0-beta-9.pom
Downloading from central: https://repo.maven.apache.org/maven2/fr/inria/gforge/spoon/spoon-core/9.1.0-beta-9/spoon-core-9.1.0-beta-9.pom
Progress (1): 4.1/11 kBProgress (1): 8.2/11 kBProgress (1): 11 kB                       Downloaded from central: https://repo.maven.apache.org/maven2/fr/inria/gforge/spoon/spoon-core/9.1.0-beta-9/spoon-core-9.1.0-beta-9.pom (11 kB at 671 kB/s)
Downloading from ow2.org-snapshot: https://repository.ow2.org/nexus/content/repositories/snapshots/fr/inria/gforge/spoon/spoon-core/9.1.0-beta-10/spoon-core-9.1.0-beta-10.pom
Downloading from central: https://repo.maven.apache.org/maven2/fr/inria/gforge/spoon/spoon-core/9.1.0-beta-10/spoon-core-9.1.0-beta-10.pom
Progress (1): 4.1/11 kBProgress (1): 8.2/11 kBProgress (1): 11 kB                       Downloaded from central: https://repo.maven.apache.org/maven2/fr/inria/gforge/spoon/spoon-core/9.1.0-beta-10/spoon-core-9.1.0-beta-10.pom (11 kB at 596 kB/s)
Downloading from ow2.org-snapshot: https://repository.ow2.org/nexus/content/repositories/snapshots/fr/inria/gforge/spoon/spoon-core/9.1.0-beta-11/spoon-core-9.1.0-beta-11.pom
Downloading from central: https://repo.maven.apache.org/maven2/fr/inria/gforge/spoon/spoon-core/9.1.0-beta-11/spoon-core-9.1.0-beta-11.pom
Progress (1): 4.1/11 kBProgress (1): 8.2/11 kBProgress (1): 11 kB                       Downloaded from central: https://repo.maven.apache.org/maven2/fr/inria/gforge/spoon/spoon-core/9.1.0-beta-11/spoon-core-9.1.0-beta-11.pom (11 kB at 596 kB/s)
Downloading from ow2.org-snapshot: https://repository.ow2.org/nexus/content/repositories/snapshots/fr/inria/gforge/spoon/spoon-core/9.1.0-beta-12/spoon-core-9.1.0-beta-12.pom
Downloading from central: https://repo.maven.apache.org/maven2/fr/inria/gforge/spoon/spoon-core/9.1.0-beta-12/spoon-core-9.1.0-beta-12.pom
Progress (1): 4.1/11 kBProgress (1): 8.2/11 kBProgress (1): 11 kB                       Downloaded from central: https://repo.maven.apache.org/maven2/fr/inria/gforge/spoon/spoon-core/9.1.0-beta-12/spoon-core-9.1.0-beta-12.pom (11 kB at 826 kB/s)
Downloading from ow2.org-snapshot: https://repository.ow2.org/nexus/content/repositories/snapshots/fr/inria/gforge/spoon/spoon-core/9.1.0-beta-13/spoon-core-9.1.0-beta-13.pom
Downloading from central: https://repo.maven.apache.org/maven2/fr/inria/gforge/spoon/spoon-core/9.1.0-beta-13/spoon-core-9.1.0-beta-13.pom
Progress (1): 4.1/11 kBProgress (1): 8.2/11 kBProgress (1): 11 kB                       Downloaded from central: https://repo.maven.apache.org/maven2/fr/inria/gforge/spoon/spoon-core/9.1.0-beta-13/spoon-core-9.1.0-beta-13.pom (11 kB at 767 kB/s)
Downloading from ow2.org-snapshot: https://repository.ow2.org/nexus/content/repositories/snapshots/fr/inria/gforge/spoon/spoon-core/9.1.0-beta-14/spoon-core-9.1.0-beta-14.pom
Downloading from central: https://repo.maven.apache.org/maven2/fr/inria/gforge/spoon/spoon-core/9.1.0-beta-14/spoon-core-9.1.0-beta-14.pom
Progress (1): 4.1/11 kBProgress (1): 8.2/11 kBProgress (1): 11 kB                       Downloaded from central: https://repo.maven.apache.org/maven2/fr/inria/gforge/spoon/spoon-core/9.1.0-beta-14/spoon-core-9.1.0-beta-14.pom (11 kB at 632 kB/s)
Downloading from ow2.org-snapshot: https://repository.ow2.org/nexus/content/repositories/snapshots/fr/inria/gforge/spoon/spoon-core/9.1.0-beta-15/spoon-core-9.1.0-beta-15.pom
Downloading from central: https://repo.maven.apache.org/maven2/fr/inria/gforge/spoon/spoon-core/9.1.0-beta-15/spoon-core-9.1.0-beta-15.pom
Progress (1): 4.1/11 kBProgress (1): 8.2/11 kBProgress (1): 11 kB                       Downloaded from central: https://repo.maven.apache.org/maven2/fr/inria/gforge/spoon/spoon-core/9.1.0-beta-15/spoon-core-9.1.0-beta-15.pom (11 kB at 767 kB/s)
Downloading from ow2.org-snapshot: https://repository.ow2.org/nexus/content/repositories/snapshots/fr/inria/gforge/spoon/spoon-core/9.1.0-beta-16/spoon-core-9.1.0-beta-16.pom
Downloading from central: https://repo.maven.apache.org/maven2/fr/inria/gforge/spoon/spoon-core/9.1.0-beta-16/spoon-core-9.1.0-beta-16.pom
Progress (1): 4.1/11 kBProgress (1): 8.2/11 kBProgress (1): 11 kB                       Downloaded from central: https://repo.maven.apache.org/maven2/fr/inria/gforge/spoon/spoon-core/9.1.0-beta-16/spoon-core-9.1.0-beta-16.pom (11 kB at 767 kB/s)
Downloading from ow2.org-snapshot: https://repository.ow2.org/nexus/content/repositories/snapshots/fr/inria/gforge/spoon/spoon-core/9.1.0-beta-17/spoon-core-9.1.0-beta-17.pom
Downloading from central: https://repo.maven.apache.org/maven2/fr/inria/gforge/spoon/spoon-core/9.1.0-beta-17/spoon-core-9.1.0-beta-17.pom
Progress (1): 4.1/11 kBProgress (1): 8.2/11 kBProgress (1): 11 kB                       Downloaded from central: https://repo.maven.apache.org/maven2/fr/inria/gforge/spoon/spoon-core/9.1.0-beta-17/spoon-core-9.1.0-beta-17.pom (11 kB at 488 kB/s)
Downloading from ow2.org-snapshot: https://repository.ow2.org/nexus/content/repositories/snapshots/fr/inria/gforge/spoon/spoon-core/9.1.0-beta-18/spoon-core-9.1.0-beta-18.pom
Downloading from central: https://repo.maven.apache.org/maven2/fr/inria/gforge/spoon/spoon-core/9.1.0-beta-18/spoon-core-9.1.0-beta-18.pom
Progress (1): 4.1/11 kBProgress (1): 8.2/11 kBProgress (1): 11 kB                       Downloaded from central: https://repo.maven.apache.org/maven2/fr/inria/gforge/spoon/spoon-core/9.1.0-beta-18/spoon-core-9.1.0-beta-18.pom (11 kB at 826 kB/s)
Downloading from ow2.org-snapshot: https://repository.ow2.org/nexus/content/repositories/snapshots/fr/inria/gforge/spoon/spoon-core/9.1.0-beta-19/spoon-core-9.1.0-beta-19.pom
Downloading from central: https://repo.maven.apache.org/maven2/fr/inria/gforge/spoon/spoon-core/9.1.0-beta-19/spoon-core-9.1.0-beta-19.pom
Progress (1): 4.1/11 kBProgress (1): 8.2/11 kBProgress (1): 11 kB                       Downloaded from central: https://repo.maven.apache.org/maven2/fr/inria/gforge/spoon/spoon-core/9.1.0-beta-19/spoon-core-9.1.0-beta-19.pom (11 kB at 976 kB/s)
Downloading from ow2.org-snapshot: https://repository.ow2.org/nexus/content/repositories/snapshots/fr/inria/gforge/spoon/spoon-core/9.1.0-beta-20/spoon-core-9.1.0-beta-20.pom
Downloading from central: https://repo.maven.apache.org/maven2/fr/inria/gforge/spoon/spoon-core/9.1.0-beta-20/spoon-core-9.1.0-beta-20.pom
Progress (1): 4.1/11 kBProgress (1): 8.2/11 kBProgress (1): 11 kB                       Downloaded from central: https://repo.maven.apache.org/maven2/fr/inria/gforge/spoon/spoon-core/9.1.0-beta-20/spoon-core-9.1.0-beta-20.pom (11 kB at 632 kB/s)
Downloading from ow2.org-snapshot: https://repository.ow2.org/nexus/content/repositories/snapshots/fr/inria/gforge/spoon/spoon-core/9.1.0-beta-21/spoon-core-9.1.0-beta-21.pom
Downloading from central: https://repo.maven.apache.org/maven2/fr/inria/gforge/spoon/spoon-core/9.1.0-beta-21/spoon-core-9.1.0-beta-21.pom
Progress (1): 4.1/11 kBProgress (1): 8.2/11 kBProgress (1): 11 kB                       Downloaded from central: https://repo.maven.apache.org/maven2/fr/inria/gforge/spoon/spoon-core/9.1.0-beta-21/spoon-core-9.1.0-beta-21.pom (11 kB at 233 kB/s)
Downloading from ow2.org-snapshot: https://repository.ow2.org/nexus/content/repositories/snapshots/fr/inria/gforge/spoon/spoon-core/9.1.0-beta-22/spoon-core-9.1.0-beta-22.pom
Downloading from central: https://repo.maven.apache.org/maven2/fr/inria/gforge/spoon/spoon-core/9.1.0-beta-22/spoon-core-9.1.0-beta-22.pom
Progress (1): 4.1/11 kBProgress (1): 8.2/11 kBProgress (1): 11 kB                       Downloaded from central: https://repo.maven.apache.org/maven2/fr/inria/gforge/spoon/spoon-core/9.1.0-beta-22/spoon-core-9.1.0-beta-22.pom (11 kB at 74 kB/s)
Downloading from ow2.org-snapshot: https://repository.ow2.org/nexus/content/repositories/snapshots/fr/inria/gforge/spoon/spoon-core/9.1.0-beta-23/spoon-core-9.1.0-beta-23.pom
Downloading from central: https://repo.maven.apache.org/maven2/fr/inria/gforge/spoon/spoon-core/9.1.0-beta-23/spoon-core-9.1.0-beta-23.pom
Progress (1): 4.1/11 kBProgress (1): 8.2/11 kBProgress (1): 11 kB                       Downloaded from central: https://repo.maven.apache.org/maven2/fr/inria/gforge/spoon/spoon-core/9.1.0-beta-23/spoon-core-9.1.0-beta-23.pom (11 kB at 826 kB/s)
Downloading from ow2.org-snapshot: https://repository.ow2.org/nexus/content/repositories/snapshots/fr/inria/gforge/spoon/spoon-core/9.1.0-SNAPSHOT/maven-metadata.xml
Downloading from sonatype-nexus-snapshots: https://oss.sonatype.org/content/repositories/snapshots/fr/inria/gforge/spoon/spoon-core/9.1.0-SNAPSHOT/maven-metadata.xml
Progress (1): 1.0 kB                    Downloaded from ow2.org-snapshot: https://repository.ow2.org/nexus/content/repositories/snapshots/fr/inria/gforge/spoon/spoon-core/9.1.0-SNAPSHOT/maven-metadata.xml (1.0 kB at 10 kB/s)
Downloading from ow2.org-snapshot: https://repository.ow2.org/nexus/content/repositories/snapshots/fr/inria/gforge/spoon/spoon-core/9.1.0-SNAPSHOT/spoon-core-9.1.0-20210821.134224-292.pom
Progress (1): 887 BProgress (1): 3.2 kBProgress (1): 6.1 kBProgress (1): 8.2 kBProgress (1): 11 kB Progress (1): 11 kB                   Downloaded from ow2.org-snapshot: https://repository.ow2.org/nexus/content/repositories/snapshots/fr/inria/gforge/spoon/spoon-core/9.1.0-SNAPSHOT/spoon-core-9.1.0-20210821.134224-292.pom (11 kB at 120 kB/s)
Downloading from ow2.org-snapshot: https://repository.ow2.org/nexus/content/repositories/snapshots/fr/inria/gforge/spoon/spoon-core/9.1.0/spoon-core-9.1.0.pom
Downloading from central: https://repo.maven.apache.org/maven2/fr/inria/gforge/spoon/spoon-core/9.1.0/spoon-core-9.1.0.pom
Progress (1): 4.1/11 kBProgress (1): 8.2/11 kBProgress (1): 11 kB                       Downloaded from central: https://repo.maven.apache.org/maven2/fr/inria/gforge/spoon/spoon-core/9.1.0/spoon-core-9.1.0.pom (11 kB at 975 kB/s)
Downloading from ow2.org-snapshot: https://repository.ow2.org/nexus/content/repositories/snapshots/fr/inria/gforge/spoon/spoon-core/9.2.0-beta-1/spoon-core-9.2.0-beta-1.pom
Downloading from central: https://repo.maven.apache.org/maven2/fr/inria/gforge/spoon/spoon-core/9.2.0-beta-1/spoon-core-9.2.0-beta-1.pom
Progress (1): 4.1/11 kBProgress (1): 8.2/11 kBProgress (1): 11 kB                       Downloaded from central: https://repo.maven.apache.org/maven2/fr/inria/gforge/spoon/spoon-core/9.2.0-beta-1/spoon-core-9.2.0-beta-1.pom (11 kB at 298 kB/s)
Downloading from ow2.org-snapshot: https://repository.ow2.org/nexus/content/repositories/snapshots/fr/inria/gforge/spoon/spoon-core/9.2.0-beta-2/spoon-core-9.2.0-beta-2.pom
Downloading from central: https://repo.maven.apache.org/maven2/fr/inria/gforge/spoon/spoon-core/9.2.0-beta-2/spoon-core-9.2.0-beta-2.pom
Progress (1): 4.1/11 kBProgress (1): 8.2/11 kBProgress (1): 11 kB                       Downloaded from central: https://repo.maven.apache.org/maven2/fr/inria/gforge/spoon/spoon-core/9.2.0-beta-2/spoon-core-9.2.0-beta-2.pom (11 kB at 826 kB/s)
Downloading from ow2.org-snapshot: https://repository.ow2.org/nexus/content/repositories/snapshots/fr/inria/gforge/spoon/spoon-core/9.2.0-beta-3/spoon-core-9.2.0-beta-3.pom
Downloading from central: https://repo.maven.apache.org/maven2/fr/inria/gforge/spoon/spoon-core/9.2.0-beta-3/spoon-core-9.2.0-beta-3.pom
Progress (1): 4.1/11 kBProgress (1): 8.2/11 kBProgress (1): 11 kB                       Downloaded from central: https://repo.maven.apache.org/maven2/fr/inria/gforge/spoon/spoon-core/9.2.0-beta-3/spoon-core-9.2.0-beta-3.pom (11 kB at 976 kB/s)
Downloading from ow2.org-snapshot: https://repository.ow2.org/nexus/content/repositories/snapshots/fr/inria/gforge/spoon/spoon-core/9.2.0-beta-4/spoon-core-9.2.0-beta-4.pom
Downloading from central: https://repo.maven.apache.org/maven2/fr/inria/gforge/spoon/spoon-core/9.2.0-beta-4/spoon-core-9.2.0-beta-4.pom
Progress (1): 4.1/11 kBProgress (1): 8.2/11 kBProgress (1): 11 kB                       Downloaded from central: https://repo.maven.apache.org/maven2/fr/inria/gforge/spoon/spoon-core/9.2.0-beta-4/spoon-core-9.2.0-beta-4.pom (11 kB at 826 kB/s)
Downloading from ow2.org-snapshot: https://repository.ow2.org/nexus/content/repositories/snapshots/fr/inria/gforge/spoon/spoon-core/9.2.0-beta-5/spoon-core-9.2.0-beta-5.pom
Downloading from central: https://repo.maven.apache.org/maven2/fr/inria/gforge/spoon/spoon-core/9.2.0-beta-5/spoon-core-9.2.0-beta-5.pom
Progress (1): 4.1/11 kBProgress (1): 8.2/11 kBProgress (1): 11 kB                       Downloaded from central: https://repo.maven.apache.org/maven2/fr/inria/gforge/spoon/spoon-core/9.2.0-beta-5/spoon-core-9.2.0-beta-5.pom (11 kB at 596 kB/s)
Downloading from ow2.org-snapshot: https://repository.ow2.org/nexus/content/repositories/snapshots/fr/inria/gforge/spoon/spoon-core/9.2.0-beta-6/spoon-core-9.2.0-beta-6.pom
Downloading from central: https://repo.maven.apache.org/maven2/fr/inria/gforge/spoon/spoon-core/9.2.0-beta-6/spoon-core-9.2.0-beta-6.pom
Progress (1): 4.1/11 kBProgress (1): 8.2/11 kBProgress (1): 11 kB                       Downloaded from central: https://repo.maven.apache.org/maven2/fr/inria/gforge/spoon/spoon-core/9.2.0-beta-6/spoon-core-9.2.0-beta-6.pom (11 kB at 976 kB/s)
Downloading from ow2.org-snapshot: https://repository.ow2.org/nexus/content/repositories/snapshots/fr/inria/gforge/spoon/spoon-core/9.2.0-beta-7/spoon-core-9.2.0-beta-7.pom
Downloading from central: https://repo.maven.apache.org/maven2/fr/inria/gforge/spoon/spoon-core/9.2.0-beta-7/spoon-core-9.2.0-beta-7.pom
Progress (1): 4.1/11 kBProgress (1): 8.2/11 kBProgress (1): 11 kB                       Downloaded from central: https://repo.maven.apache.org/maven2/fr/inria/gforge/spoon/spoon-core/9.2.0-beta-7/spoon-core-9.2.0-beta-7.pom (11 kB at 465 kB/s)
Downloading from ow2.org-snapshot: https://repository.ow2.org/nexus/content/repositories/snapshots/fr/inria/gforge/spoon/spoon-core/9.2.0-beta-8/spoon-core-9.2.0-beta-8.pom
Downloading from central: https://repo.maven.apache.org/maven2/fr/inria/gforge/spoon/spoon-core/9.2.0-beta-8/spoon-core-9.2.0-beta-8.pom
Progress (1): 4.1/11 kBProgress (1): 8.2/11 kBProgress (1): 11 kB                       Downloaded from central: https://repo.maven.apache.org/maven2/fr/inria/gforge/spoon/spoon-core/9.2.0-beta-8/spoon-core-9.2.0-beta-8.pom (11 kB at 445 kB/s)
Downloading from ow2.org-snapshot: https://repository.ow2.org/nexus/content/repositories/snapshots/fr/inria/gforge/spoon/spoon-core/9.2.0-SNAPSHOT/maven-metadata.xml
Downloading from sonatype-nexus-snapshots: https://oss.sonatype.org/content/repositories/snapshots/fr/inria/gforge/spoon/spoon-core/9.2.0-SNAPSHOT/maven-metadata.xml
Progress (1): 1.0 kB                    Downloaded from ow2.org-snapshot: https://repository.ow2.org/nexus/content/repositories/snapshots/fr/inria/gforge/spoon/spoon-core/9.2.0-SNAPSHOT/maven-metadata.xml (1.0 kB at 11 kB/s)
Downloading from ow2.org-snapshot: https://repository.ow2.org/nexus/content/repositories/snapshots/fr/inria/gforge/spoon/spoon-core/9.2.0-SNAPSHOT/spoon-core-9.2.0-20211026.224316-154.pom
Progress (1): 882 BProgress (1): 3.3 kBProgress (1): 6.1 kBProgress (1): 8.2 kBProgress (1): 11 kB Progress (1): 11 kB                   Downloaded from ow2.org-snapshot: https://repository.ow2.org/nexus/content/repositories/snapshots/fr/inria/gforge/spoon/spoon-core/9.2.0-SNAPSHOT/spoon-core-9.2.0-20211026.224316-154.pom (11 kB at 111 kB/s)
Downloading from ow2.org-snapshot: https://repository.ow2.org/nexus/content/repositories/snapshots/fr/inria/gforge/spoon/spoon-core/10.0.0-SNAPSHOT/maven-metadata.xml
Downloading from sonatype-nexus-snapshots: https://oss.sonatype.org/content/repositories/snapshots/fr/inria/gforge/spoon/spoon-core/10.0.0-SNAPSHOT/maven-metadata.xml
Progress (1): 1.0 kB                    Downloaded from ow2.org-snapshot: https://repository.ow2.org/nexus/content/repositories/snapshots/fr/inria/gforge/spoon/spoon-core/10.0.0-SNAPSHOT/maven-metadata.xml (1.0 kB at 11 kB/s)
Downloading from ow2.org-snapshot: https://repository.ow2.org/nexus/content/repositories/snapshots/fr/inria/gforge/spoon/spoon-core/10.0.0-SNAPSHOT/spoon-core-10.0.0-20211027.200136-4.pom
Progress (1): 886 BProgress (1): 3.3 kBProgress (1): 6.1 kBProgress (1): 8.2 kBProgress (1): 11 kB Progress (1): 11 kB                   Downloaded from ow2.org-snapshot: https://repository.ow2.org/nexus/content/repositories/snapshots/fr/inria/gforge/spoon/spoon-core/10.0.0-SNAPSHOT/spoon-core-10.0.0-20211027.200136-4.pom (11 kB at 115 kB/s)
Downloading from ow2.org-snapshot: https://repository.ow2.org/nexus/content/repositories/snapshots/fr/inria/gforge/spoon/spoon-core/10.0.0/spoon-core-10.0.0.pom
Downloading from central: https://repo.maven.apache.org/maven2/fr/inria/gforge/spoon/spoon-core/10.0.0/spoon-core-10.0.0.pom
Progress (1): 4.1/11 kBProgress (1): 8.2/11 kBProgress (1): 11 kB                       Downloaded from central: https://repo.maven.apache.org/maven2/fr/inria/gforge/spoon/spoon-core/10.0.0/spoon-core-10.0.0.pom (11 kB at 928 kB/s)
Downloading from ow2.org-snapshot: https://repository.ow2.org/nexus/content/repositories/snapshots/fr/inria/gforge/spoon/spoon-core/10.0.1-beta-1/spoon-core-10.0.1-beta-1.pom
Downloading from central: https://repo.maven.apache.org/maven2/fr/inria/gforge/spoon/spoon-core/10.0.1-beta-1/spoon-core-10.0.1-beta-1.pom
Progress (1): 4.1/11 kBProgress (1): 8.2/11 kBProgress (1): 11 kB                       Downloaded from central: https://repo.maven.apache.org/maven2/fr/inria/gforge/spoon/spoon-core/10.0.1-beta-1/spoon-core-10.0.1-beta-1.pom (11 kB at 972 kB/s)
Downloading from ow2.org-snapshot: https://repository.ow2.org/nexus/content/repositories/snapshots/fr/inria/gforge/spoon/spoon-core/10.0.1-beta-2/spoon-core-10.0.1-beta-2.pom
Downloading from central: https://repo.maven.apache.org/maven2/fr/inria/gforge/spoon/spoon-core/10.0.1-beta-2/spoon-core-10.0.1-beta-2.pom
Progress (1): 4.1/11 kBProgress (1): 8.2/11 kBProgress (1): 11 kB                       Downloaded from central: https://repo.maven.apache.org/maven2/fr/inria/gforge/spoon/spoon-core/10.0.1-beta-2/spoon-core-10.0.1-beta-2.pom (11 kB at 413 kB/s)
Downloading from ow2.org-snapshot: https://repository.ow2.org/nexus/content/repositories/snapshots/fr/inria/gforge/spoon/spoon-core/10.0.1-beta-3/spoon-core-10.0.1-beta-3.pom
Downloading from central: https://repo.maven.apache.org/maven2/fr/inria/gforge/spoon/spoon-core/10.0.1-beta-3/spoon-core-10.0.1-beta-3.pom
Progress (1): 4.1/11 kBProgress (1): 8.2/11 kBProgress (1): 11 kB                       Downloaded from central: https://repo.maven.apache.org/maven2/fr/inria/gforge/spoon/spoon-core/10.0.1-beta-3/spoon-core-10.0.1-beta-3.pom (11 kB at 775 kB/s)
Downloading from ow2.org-snapshot: https://repository.ow2.org/nexus/content/repositories/snapshots/fr/inria/gforge/spoon/spoon-core/10.0.1-beta-4/spoon-core-10.0.1-beta-4.pom
Downloading from central: https://repo.maven.apache.org/maven2/fr/inria/gforge/spoon/spoon-core/10.0.1-beta-4/spoon-core-10.0.1-beta-4.pom
Progress (1): 4.1/11 kBProgress (1): 8.2/11 kBProgress (1): 11 kB                       Downloaded from central: https://repo.maven.apache.org/maven2/fr/inria/gforge/spoon/spoon-core/10.0.1-beta-4/spoon-core-10.0.1-beta-4.pom (11 kB at 775 kB/s)
Downloading from ow2.org-snapshot: https://repository.ow2.org/nexus/content/repositories/snapshots/fr/inria/gforge/spoon/spoon-core/10.0.1-beta-5/spoon-core-10.0.1-beta-5.pom
Downloading from central: https://repo.maven.apache.org/maven2/fr/inria/gforge/spoon/spoon-core/10.0.1-beta-5/spoon-core-10.0.1-beta-5.pom
Progress (1): 4.1/11 kBProgress (1): 8.2/11 kBProgress (1): 11 kB                       Downloaded from central: https://repo.maven.apache.org/maven2/fr/inria/gforge/spoon/spoon-core/10.0.1-beta-5/spoon-core-10.0.1-beta-5.pom (11 kB at 835 kB/s)
Downloading from ow2.org-snapshot: https://repository.ow2.org/nexus/content/repositories/snapshots/fr/inria/gforge/spoon/spoon-core/10.0.1-beta-6/spoon-core-10.0.1-beta-6.pom
Downloading from central: https://repo.maven.apache.org/maven2/fr/inria/gforge/spoon/spoon-core/10.0.1-beta-6/spoon-core-10.0.1-beta-6.pom
Progress (1): 4.1/11 kBProgress (1): 8.2/11 kBProgress (1): 11 kB                       Downloaded from central: https://repo.maven.apache.org/maven2/fr/inria/gforge/spoon/spoon-core/10.0.1-beta-6/spoon-core-10.0.1-beta-6.pom (11 kB at 775 kB/s)
Downloading from ow2.org-snapshot: https://repository.ow2.org/nexus/content/repositories/snapshots/fr/inria/gforge/spoon/spoon-core/10.0.1-beta-7/spoon-core-10.0.1-beta-7.pom
Downloading from central: https://repo.maven.apache.org/maven2/fr/inria/gforge/spoon/spoon-core/10.0.1-beta-7/spoon-core-10.0.1-beta-7.pom
Progress (1): 4.1/11 kBProgress (1): 8.2/11 kBProgress (1): 11 kB                       Downloaded from central: https://repo.maven.apache.org/maven2/fr/inria/gforge/spoon/spoon-core/10.0.1-beta-7/spoon-core-10.0.1-beta-7.pom (11 kB at 987 kB/s)
Downloading from ow2.org-snapshot: https://repository.ow2.org/nexus/content/repositories/snapshots/fr/inria/gforge/spoon/spoon-core/10.0.1-beta-8/spoon-core-10.0.1-beta-8.pom
Downloading from central: https://repo.maven.apache.org/maven2/fr/inria/gforge/spoon/spoon-core/10.0.1-beta-8/spoon-core-10.0.1-beta-8.pom
Progress (1): 4.1/11 kBProgress (1): 8.2/11 kBProgress (1): 11 kB                       Downloaded from central: https://repo.maven.apache.org/maven2/fr/inria/gforge/spoon/spoon-core/10.0.1-beta-8/spoon-core-10.0.1-beta-8.pom (11 kB at 301 kB/s)
Downloading from ow2.org-snapshot: https://repository.ow2.org/nexus/content/repositories/snapshots/fr/inria/gforge/spoon/spoon-core/10.0.1-beta-9/spoon-core-10.0.1-beta-9.pom
Downloading from central: https://repo.maven.apache.org/maven2/fr/inria/gforge/spoon/spoon-core/10.0.1-beta-9/spoon-core-10.0.1-beta-9.pom
Progress (1): 4.1/11 kBProgress (1): 8.2/11 kBProgress (1): 11 kB                       Downloaded from central: https://repo.maven.apache.org/maven2/fr/inria/gforge/spoon/spoon-core/10.0.1-beta-9/spoon-core-10.0.1-beta-9.pom (11 kB at 85 kB/s)
Downloading from ow2.org-snapshot: https://repository.ow2.org/nexus/content/repositories/snapshots/fr/inria/gforge/spoon/spoon-core/10.0.1-beta-10/spoon-core-10.0.1-beta-10.pom
Downloading from central: https://repo.maven.apache.org/maven2/fr/inria/gforge/spoon/spoon-core/10.0.1-beta-10/spoon-core-10.0.1-beta-10.pom
Progress (1): 4.1/11 kBProgress (1): 8.2/11 kBProgress (1): 11 kB                       Downloaded from central: https://repo.maven.apache.org/maven2/fr/inria/gforge/spoon/spoon-core/10.0.1-beta-10/spoon-core-10.0.1-beta-10.pom (11 kB at 724 kB/s)
Downloading from ow2.org-snapshot: https://repository.ow2.org/nexus/content/repositories/snapshots/fr/inria/gforge/spoon/spoon-core/10.0.1-SNAPSHOT/maven-metadata.xml
Downloading from sonatype-nexus-snapshots: https://oss.sonatype.org/content/repositories/snapshots/fr/inria/gforge/spoon/spoon-core/10.0.1-SNAPSHOT/maven-metadata.xml
Progress (1): 1.0 kB                    Downloaded from ow2.org-snapshot: https://repository.ow2.org/nexus/content/repositories/snapshots/fr/inria/gforge/spoon/spoon-core/10.0.1-SNAPSHOT/maven-metadata.xml (1.0 kB at 9.3 kB/s)
Downloading from ow2.org-snapshot: https://repository.ow2.org/nexus/content/repositories/snapshots/fr/inria/gforge/spoon/spoon-core/10.0.1-SNAPSHOT/spoon-core-10.0.1-20220403.224331-387.pom
Progress (1): 882 BProgress (1): 3.2 kBProgress (1): 6.0 kBProgress (1): 8.1 kBProgress (1): 11 kB Progress (1): 11 kB                   Downloaded from ow2.org-snapshot: https://repository.ow2.org/nexus/content/repositories/snapshots/fr/inria/gforge/spoon/spoon-core/10.0.1-SNAPSHOT/spoon-core-10.0.1-20220403.224331-387.pom (11 kB at 114 kB/s)
Downloading from ow2.org-snapshot: https://repository.ow2.org/nexus/content/repositories/snapshots/fr/inria/gforge/spoon/spoon-core/10.1.0-beta-1/spoon-core-10.1.0-beta-1.pom
Downloading from central: https://repo.maven.apache.org/maven2/fr/inria/gforge/spoon/spoon-core/10.1.0-beta-1/spoon-core-10.1.0-beta-1.pom
Progress (1): 4.1/11 kBProgress (1): 8.2/11 kBProgress (1): 11 kB                       Downloaded from central: https://repo.maven.apache.org/maven2/fr/inria/gforge/spoon/spoon-core/10.1.0-beta-1/spoon-core-10.1.0-beta-1.pom (11 kB at 835 kB/s)
Downloading from ow2.org-snapshot: https://repository.ow2.org/nexus/content/repositories/snapshots/fr/inria/gforge/spoon/spoon-core/10.1.0-beta-2/spoon-core-10.1.0-beta-2.pom
Downloading from central: https://repo.maven.apache.org/maven2/fr/inria/gforge/spoon/spoon-core/10.1.0-beta-2/spoon-core-10.1.0-beta-2.pom
Progress (1): 4.1/11 kBProgress (1): 8.2/11 kBProgress (1): 11 kB                       Downloaded from central: https://repo.maven.apache.org/maven2/fr/inria/gforge/spoon/spoon-core/10.1.0-beta-2/spoon-core-10.1.0-beta-2.pom (11 kB at 165 kB/s)
Downloading from ow2.org-snapshot: https://repository.ow2.org/nexus/content/repositories/snapshots/fr/inria/gforge/spoon/spoon-core/10.1.0-SNAPSHOT/maven-metadata.xml
Downloading from sonatype-nexus-snapshots: https://oss.sonatype.org/content/repositories/snapshots/fr/inria/gforge/spoon/spoon-core/10.1.0-SNAPSHOT/maven-metadata.xml
Progress (1): 1.0 kB                    Downloaded from ow2.org-snapshot: https://repository.ow2.org/nexus/content/repositories/snapshots/fr/inria/gforge/spoon/spoon-core/10.1.0-SNAPSHOT/maven-metadata.xml (1.0 kB at 11 kB/s)
Downloading from ow2.org-snapshot: https://repository.ow2.org/nexus/content/repositories/snapshots/fr/inria/gforge/spoon/spoon-core/10.1.0-SNAPSHOT/spoon-core-10.1.0-20220413.085859-25.pom
Progress (1): 883 BProgress (1): 3.3 kBProgress (1): 6.0 kBProgress (1): 8.1 kBProgress (1): 11 kB Progress (1): 11 kB                   Downloaded from ow2.org-snapshot: https://repository.ow2.org/nexus/content/repositories/snapshots/fr/inria/gforge/spoon/spoon-core/10.1.0-SNAPSHOT/spoon-core-10.1.0-20220413.085859-25.pom (11 kB at 119 kB/s)
Downloading from ow2.org-snapshot: https://repository.ow2.org/nexus/content/repositories/snapshots/fr/inria/gforge/spoon/spoon-core/10.1.0/spoon-core-10.1.0.pom
Downloading from central: https://repo.maven.apache.org/maven2/fr/inria/gforge/spoon/spoon-core/10.1.0/spoon-core-10.1.0.pom
Progress (1): 4.1/11 kBProgress (1): 8.2/11 kBProgress (1): 11 kB                       Downloaded from central: https://repo.maven.apache.org/maven2/fr/inria/gforge/spoon/spoon-core/10.1.0/spoon-core-10.1.0.pom (11 kB at 704 kB/s)
Downloading from ow2.org-snapshot: https://repository.ow2.org/nexus/content/repositories/snapshots/fr/inria/gforge/spoon/spoon-core/10.1.1/spoon-core-10.1.1.pom
Downloading from central: https://repo.maven.apache.org/maven2/fr/inria/gforge/spoon/spoon-core/10.1.1/spoon-core-10.1.1.pom
Progress (1): 4.1/11 kBProgress (1): 8.2/11 kBProgress (1): 11 kB                       Downloaded from central: https://repo.maven.apache.org/maven2/fr/inria/gforge/spoon/spoon-core/10.1.1/spoon-core-10.1.1.pom (11 kB at 1.0 MB/s)
Downloading from ow2.org-snapshot: https://repository.ow2.org/nexus/content/repositories/snapshots/fr/inria/gforge/spoon/spoon-core/10.2.0-beta-1/spoon-core-10.2.0-beta-1.pom
Downloading from central: https://repo.maven.apache.org/maven2/fr/inria/gforge/spoon/spoon-core/10.2.0-beta-1/spoon-core-10.2.0-beta-1.pom
Progress (1): 4.1/11 kBProgress (1): 8.2/11 kBProgress (1): 11 kB                       Downloaded from central: https://repo.maven.apache.org/maven2/fr/inria/gforge/spoon/spoon-core/10.2.0-beta-1/spoon-core-10.2.0-beta-1.pom (11 kB at 900 kB/s)
Downloading from ow2.org-snapshot: https://repository.ow2.org/nexus/content/repositories/snapshots/fr/inria/gforge/spoon/spoon-core/10.2.0-beta-2/spoon-core-10.2.0-beta-2.pom
Downloading from central: https://repo.maven.apache.org/maven2/fr/inria/gforge/spoon/spoon-core/10.2.0-beta-2/spoon-core-10.2.0-beta-2.pom
Progress (1): 4.1/11 kBProgress (1): 8.2/11 kBProgress (1): 11 kB                       Downloaded from central: https://repo.maven.apache.org/maven2/fr/inria/gforge/spoon/spoon-core/10.2.0-beta-2/spoon-core-10.2.0-beta-2.pom (11 kB at 569 kB/s)
Downloading from ow2.org-snapshot: https://repository.ow2.org/nexus/content/repositories/snapshots/fr/inria/gforge/spoon/spoon-core/10.2.0-beta-3/spoon-core-10.2.0-beta-3.pom
Downloading from central: https://repo.maven.apache.org/maven2/fr/inria/gforge/spoon/spoon-core/10.2.0-beta-3/spoon-core-10.2.0-beta-3.pom
Progress (1): 4.1/11 kBProgress (1): 8.2/11 kBProgress (1): 11 kB                       Downloaded from central: https://repo.maven.apache.org/maven2/fr/inria/gforge/spoon/spoon-core/10.2.0-beta-3/spoon-core-10.2.0-beta-3.pom (11 kB at 772 kB/s)
Downloading from ow2.org-snapshot: https://repository.ow2.org/nexus/content/repositories/snapshots/fr/inria/gforge/spoon/spoon-core/10.2.0-beta-4/spoon-core-10.2.0-beta-4.pom
Downloading from central: https://repo.maven.apache.org/maven2/fr/inria/gforge/spoon/spoon-core/10.2.0-beta-4/spoon-core-10.2.0-beta-4.pom
Progress (1): 4.1/11 kBProgress (1): 8.2/11 kBProgress (1): 11 kB                       Downloaded from central: https://repo.maven.apache.org/maven2/fr/inria/gforge/spoon/spoon-core/10.2.0-beta-4/spoon-core-10.2.0-beta-4.pom (11 kB at 338 kB/s)
Downloading from ow2.org-snapshot: https://repository.ow2.org/nexus/content/repositories/snapshots/fr/inria/gforge/spoon/spoon-core/10.2.0-beta-5/spoon-core-10.2.0-beta-5.pom
Downloading from central: https://repo.maven.apache.org/maven2/fr/inria/gforge/spoon/spoon-core/10.2.0-beta-5/spoon-core-10.2.0-beta-5.pom
Progress (1): 4.1/11 kBProgress (1): 8.2/11 kBProgress (1): 11 kB                       Downloaded from central: https://repo.maven.apache.org/maven2/fr/inria/gforge/spoon/spoon-core/10.2.0-beta-5/spoon-core-10.2.0-beta-5.pom (11 kB at 900 kB/s)
Downloading from ow2.org-snapshot: https://repository.ow2.org/nexus/content/repositories/snapshots/fr/inria/gforge/spoon/spoon-core/10.2.0-beta-6/spoon-core-10.2.0-beta-6.pom
Downloading from central: https://repo.maven.apache.org/maven2/fr/inria/gforge/spoon/spoon-core/10.2.0-beta-6/spoon-core-10.2.0-beta-6.pom
Progress (1): 4.1/11 kBProgress (1): 8.2/11 kBProgress (1): 11 kB                       Downloaded from central: https://repo.maven.apache.org/maven2/fr/inria/gforge/spoon/spoon-core/10.2.0-beta-6/spoon-core-10.2.0-beta-6.pom (11 kB at 772 kB/s)
Downloading from ow2.org-snapshot: https://repository.ow2.org/nexus/content/repositories/snapshots/fr/inria/gforge/spoon/spoon-core/10.2.0-beta-7/spoon-core-10.2.0-beta-7.pom
Downloading from central: https://repo.maven.apache.org/maven2/fr/inria/gforge/spoon/spoon-core/10.2.0-beta-7/spoon-core-10.2.0-beta-7.pom
Progress (1): 4.1/11 kBProgress (1): 8.2/11 kBProgress (1): 11 kB                       Downloaded from central: https://repo.maven.apache.org/maven2/fr/inria/gforge/spoon/spoon-core/10.2.0-beta-7/spoon-core-10.2.0-beta-7.pom (11 kB at 569 kB/s)
Downloading from ow2.org-snapshot: https://repository.ow2.org/nexus/content/repositories/snapshots/fr/inria/gforge/spoon/spoon-core/10.2.0-beta-8/spoon-core-10.2.0-beta-8.pom
Downloading from central: https://repo.maven.apache.org/maven2/fr/inria/gforge/spoon/spoon-core/10.2.0-beta-8/spoon-core-10.2.0-beta-8.pom
Progress (1): 4.1/11 kBProgress (1): 8.2/11 kBProgress (1): 11 kB                       Downloaded from central: https://repo.maven.apache.org/maven2/fr/inria/gforge/spoon/spoon-core/10.2.0-beta-8/spoon-core-10.2.0-beta-8.pom (11 kB at 831 kB/s)
Downloading from ow2.org-snapshot: https://repository.ow2.org/nexus/content/repositories/snapshots/fr/inria/gforge/spoon/spoon-core/10.2.0-SNAPSHOT/maven-metadata.xml
Downloading from sonatype-nexus-snapshots: https://oss.sonatype.org/content/repositories/snapshots/fr/inria/gforge/spoon/spoon-core/10.2.0-SNAPSHOT/maven-metadata.xml
Progress (1): 1.0 kB                    Downloaded from ow2.org-snapshot: https://repository.ow2.org/nexus/content/repositories/snapshots/fr/inria/gforge/spoon/spoon-core/10.2.0-SNAPSHOT/maven-metadata.xml (1.0 kB at 10 kB/s)
Downloading from ow2.org-snapshot: https://repository.ow2.org/nexus/content/repositories/snapshots/fr/inria/gforge/spoon/spoon-core/10.2.0-SNAPSHOT/spoon-core-10.2.0-20220526.224309-69.pom
Progress (1): 883 BProgress (1): 3.3 kBProgress (1): 6.0 kBProgress (1): 8.1 kBProgress (1): 11 kB Progress (1): 11 kB                   Downloaded from ow2.org-snapshot: https://repository.ow2.org/nexus/content/repositories/snapshots/fr/inria/gforge/spoon/spoon-core/10.2.0-SNAPSHOT/spoon-core-10.2.0-20220526.224309-69.pom (11 kB at 124 kB/s)
Downloading from ow2.org-snapshot: https://repository.ow2.org/nexus/content/repositories/snapshots/fr/inria/gforge/spoon/spoon-core/10.2.0-SNAPSHOT/spoon-core-10.2.0-20220526.224309-69.jar
Progress (1): 0/1.9 MBProgress (1): 0/1.9 MBProgress (1): 0/1.9 MBProgress (1): 0/1.9 MBProgress (1): 0/1.9 MBProgress (1): 0/1.9 MBProgress (1): 0/1.9 MBProgress (1): 0/1.9 MBProgress (1): 0/1.9 MBProgress (1): 0/1.9 MBProgress (1): 0/1.9 MBProgress (1): 0/1.9 MBProgress (1): 0/1.9 MBProgress (1): 0/1.9 MBProgress (1): 0/1.9 MBProgress (1): 0/1.9 MBProgress (1): 0/1.9 MBProgress (1): 0/1.9 MBProgress (1): 0.1/1.9 MBProgress (1): 0.1/1.9 MBProgress (1): 0.1/1.9 MBProgress (1): 0.1/1.9 MBProgress (1): 0.1/1.9 MBProgress (1): 0.1/1.9 MBProgress (1): 0.1/1.9 MBProgress (1): 0.1/1.9 MBProgress (1): 0.1/1.9 MBProgress (1): 0.1/1.9 MBProgress (1): 0.1/1.9 MBProgress (1): 0.1/1.9 MBProgress (1): 0.1/1.9 MBProgress (1): 0.1/1.9 MBProgress (1): 0.1/1.9 MBProgress (1): 0.1/1.9 MBProgress (1): 0.1/1.9 MBProgress (1): 0.1/1.9 MBProgress (1): 0.1/1.9 MBProgress (1): 0.1/1.9 MBProgress (1): 0.1/1.9 MBProgress (1): 0.1/1.9 MBProgress (1): 0.1/1.9 MBProgress (1): 0.1/1.9 MBProgress (1): 0.1/1.9 MBProgress (1): 0.1/1.9 MBProgress (1): 0.1/1.9 MBProgress (1): 0.1/1.9 MBProgress (1): 0.1/1.9 MBProgress (1): 0.1/1.9 MBProgress (1): 0.1/1.9 MBProgress (1): 0.1/1.9 MBProgress (1): 0.1/1.9 MBProgress (1): 0.1/1.9 MBProgress (1): 0.1/1.9 MBProgress (1): 0.1/1.9 MBProgress (1): 0.2/1.9 MBProgress (1): 0.2/1.9 MBProgress (1): 0.2/1.9 MBProgress (1): 0.2/1.9 MBProgress (1): 0.2/1.9 MBProgress (1): 0.2/1.9 MBProgress (1): 0.2/1.9 MBProgress (1): 0.2/1.9 MBProgress (1): 0.2/1.9 MBProgress (1): 0.2/1.9 MBProgress (1): 0.2/1.9 MBProgress (1): 0.2/1.9 MBProgress (1): 0.2/1.9 MBProgress (1): 0.2/1.9 MBProgress (1): 0.2/1.9 MBProgress (1): 0.2/1.9 MBProgress (1): 0.2/1.9 MBProgress (1): 0.2/1.9 MBProgress (1): 0.2/1.9 MBProgress (1): 0.2/1.9 MBProgress (1): 0.2/1.9 MBProgress (1): 0.2/1.9 MBProgress (1): 0.2/1.9 MBProgress (1): 0.2/1.9 MBProgress (1): 0.2/1.9 MBProgress (1): 0.2/1.9 MBProgress (1): 0.2/1.9 MBProgress (1): 0.2/1.9 MBProgress (1): 0.2/1.9 MBProgress (1): 0.2/1.9 MBProgress (1): 0.2/1.9 MBProgress (1): 0.2/1.9 MBProgress (1): 0.2/1.9 MBProgress (1): 0.2/1.9 MBProgress (1): 0.2/1.9 MBProgress (1): 0.2/1.9 MBProgress (1): 0.2/1.9 MBProgress (1): 0.3/1.9 MBProgress (1): 0.3/1.9 MBProgress (1): 0.3/1.9 MBProgress (1): 0.3/1.9 MBProgress (1): 0.3/1.9 MBProgress (1): 0.3/1.9 MBProgress (1): 0.3/1.9 MBProgress (1): 0.3/1.9 MBProgress (1): 0.3/1.9 MBProgress (1): 0.3/1.9 MBProgress (1): 0.3/1.9 MBProgress (1): 0.3/1.9 MBProgress (1): 0.3/1.9 MBProgress (1): 0.3/1.9 MBProgress (1): 0.3/1.9 MBProgress (1): 0.3/1.9 MBProgress (1): 0.3/1.9 MBProgress (1): 0.3/1.9 MBProgress (1): 0.3/1.9 MBProgress (1): 0.3/1.9 MBProgress (1): 0.3/1.9 MBProgress (1): 0.3/1.9 MBProgress (1): 0.3/1.9 MBProgress (1): 0.3/1.9 MBProgress (1): 0.3/1.9 MBProgress (1): 0.3/1.9 MBProgress (1): 0.3/1.9 MBProgress (1): 0.3/1.9 MBProgress (1): 0.3/1.9 MBProgress (1): 0.3/1.9 MBProgress (1): 0.3/1.9 MBProgress (1): 0.3/1.9 MBProgress (1): 0.3/1.9 MBProgress (1): 0.3/1.9 MBProgress (1): 0.3/1.9 MBProgress (1): 0.3/1.9 MBProgress (1): 0.3/1.9 MBProgress (1): 0.4/1.9 MBProgress (1): 0.4/1.9 MBProgress (1): 0.4/1.9 MBProgress (1): 0.4/1.9 MBProgress (1): 0.4/1.9 MBProgress (1): 0.4/1.9 MBProgress (1): 0.4/1.9 MBProgress (1): 0.4/1.9 MBProgress (1): 0.4/1.9 MBProgress (1): 0.4/1.9 MBProgress (1): 0.4/1.9 MBProgress (1): 0.4/1.9 MBProgress (1): 0.4/1.9 MBProgress (1): 0.4/1.9 MBProgress (1): 0.4/1.9 MBProgress (1): 0.4/1.9 MBProgress (1): 0.4/1.9 MBProgress (1): 0.4/1.9 MBProgress (1): 0.4/1.9 MBProgress (1): 0.4/1.9 MBProgress (1): 0.4/1.9 MBProgress (1): 0.4/1.9 MBProgress (1): 0.4/1.9 MBProgress (1): 0.4/1.9 MBProgress (1): 0.4/1.9 MBProgress (1): 0.4/1.9 MBProgress (1): 0.4/1.9 MBProgress (1): 0.4/1.9 MBProgress (1): 0.4/1.9 MBProgress (1): 0.4/1.9 MBProgress (1): 0.4/1.9 MBProgress (1): 0.4/1.9 MBProgress (1): 0.4/1.9 MBProgress (1): 0.4/1.9 MBProgress (1): 0.4/1.9 MBProgress (1): 0.4/1.9 MBProgress (1): 0.4/1.9 MBProgress (1): 0.5/1.9 MBProgress (1): 0.5/1.9 MBProgress (1): 0.5/1.9 MBProgress (1): 0.5/1.9 MBProgress (1): 0.5/1.9 MBProgress (1): 0.5/1.9 MBProgress (1): 0.5/1.9 MBProgress (1): 0.5/1.9 MBProgress (1): 0.5/1.9 MBProgress (1): 0.5/1.9 MBProgress (1): 0.5/1.9 MBProgress (1): 0.5/1.9 MBProgress (1): 0.5/1.9 MBProgress (1): 0.5/1.9 MBProgress (1): 0.5/1.9 MBProgress (1): 0.5/1.9 MBProgress (1): 0.5/1.9 MBProgress (1): 0.5/1.9 MBProgress (1): 0.5/1.9 MBProgress (1): 0.5/1.9 MBProgress (1): 0.5/1.9 MBProgress (1): 0.5/1.9 MBProgress (1): 0.5/1.9 MBProgress (1): 0.5/1.9 MBProgress (1): 0.5/1.9 MBProgress (1): 0.5/1.9 MBProgress (1): 0.5/1.9 MBProgress (1): 0.5/1.9 MBProgress (1): 0.5/1.9 MBProgress (1): 0.5/1.9 MBProgress (1): 0.5/1.9 MBProgress (1): 0.5/1.9 MBProgress (1): 0.5/1.9 MBProgress (1): 0.5/1.9 MBProgress (1): 0.5/1.9 MBProgress (1): 0.5/1.9 MBProgress (1): 0.5/1.9 MBProgress (1): 0.6/1.9 MBProgress (1): 0.6/1.9 MBProgress (1): 0.6/1.9 MBProgress (1): 0.6/1.9 MBProgress (1): 0.6/1.9 MBProgress (1): 0.6/1.9 MBProgress (1): 0.6/1.9 MBProgress (1): 0.6/1.9 MBProgress (1): 0.6/1.9 MBProgress (1): 0.6/1.9 MBProgress (1): 0.6/1.9 MBProgress (1): 0.6/1.9 MBProgress (1): 0.6/1.9 MBProgress (1): 0.6/1.9 MBProgress (1): 0.6/1.9 MBProgress (1): 0.6/1.9 MBProgress (1): 0.6/1.9 MBProgress (1): 0.6/1.9 MBProgress (1): 0.6/1.9 MBProgress (1): 0.6/1.9 MBProgress (1): 0.6/1.9 MBProgress (1): 0.6/1.9 MBProgress (1): 0.6/1.9 MBProgress (1): 0.6/1.9 MBProgress (1): 0.6/1.9 MBProgress (1): 0.6/1.9 MBProgress (1): 0.6/1.9 MBProgress (1): 0.6/1.9 MBProgress (1): 0.6/1.9 MBProgress (1): 0.6/1.9 MBProgress (1): 0.6/1.9 MBProgress (1): 0.6/1.9 MBProgress (1): 0.6/1.9 MBProgress (1): 0.6/1.9 MBProgress (1): 0.6/1.9 MBProgress (1): 0.6/1.9 MBProgress (1): 0.6/1.9 MBProgress (1): 0.7/1.9 MBProgress (1): 0.7/1.9 MBProgress (1): 0.7/1.9 MBProgress (1): 0.7/1.9 MBProgress (1): 0.7/1.9 MBProgress (1): 0.7/1.9 MBProgress (1): 0.7/1.9 MBProgress (1): 0.7/1.9 MBProgress (1): 0.7/1.9 MBProgress (1): 0.7/1.9 MBProgress (1): 0.7/1.9 MBProgress (1): 0.7/1.9 MBProgress (1): 0.7/1.9 MBProgress (1): 0.7/1.9 MBProgress (1): 0.7/1.9 MBProgress (1): 0.7/1.9 MBProgress (1): 0.7/1.9 MBProgress (1): 0.7/1.9 MBProgress (1): 0.7/1.9 MBProgress (1): 0.7/1.9 MBProgress (1): 0.7/1.9 MBProgress (1): 0.7/1.9 MBProgress (1): 0.7/1.9 MBProgress (1): 0.7/1.9 MBProgress (1): 0.7/1.9 MBProgress (1): 0.7/1.9 MBProgress (1): 0.7/1.9 MBProgress (1): 0.7/1.9 MBProgress (1): 0.7/1.9 MBProgress (1): 0.7/1.9 MBProgress (1): 0.7/1.9 MBProgress (1): 0.7/1.9 MBProgress (1): 0.7/1.9 MBProgress (1): 0.7/1.9 MBProgress (1): 0.7/1.9 MBProgress (1): 0.7/1.9 MBProgress (1): 0.7/1.9 MBProgress (1): 0.8/1.9 MBProgress (1): 0.8/1.9 MBProgress (1): 0.8/1.9 MBProgress (1): 0.8/1.9 MBProgress (1): 0.8/1.9 MBProgress (1): 0.8/1.9 MBProgress (1): 0.8/1.9 MBProgress (1): 0.8/1.9 MBProgress (1): 0.8/1.9 MBProgress (1): 0.8/1.9 MBProgress (1): 0.8/1.9 MBProgress (1): 0.8/1.9 MBProgress (1): 0.8/1.9 MBProgress (1): 0.8/1.9 MBProgress (1): 0.8/1.9 MBProgress (1): 0.8/1.9 MBProgress (1): 0.8/1.9 MBProgress (1): 0.8/1.9 MBProgress (1): 0.8/1.9 MBProgress (1): 0.8/1.9 MBProgress (1): 0.8/1.9 MBProgress (1): 0.8/1.9 MBProgress (1): 0.8/1.9 MBProgress (1): 0.8/1.9 MBProgress (1): 0.8/1.9 MBProgress (1): 0.8/1.9 MBProgress (1): 0.8/1.9 MBProgress (1): 0.8/1.9 MBProgress (1): 0.8/1.9 MBProgress (1): 0.8/1.9 MBProgress (1): 0.8/1.9 MBProgress (1): 0.8/1.9 MBProgress (1): 0.8/1.9 MBProgress (1): 0.8/1.9 MBProgress (1): 0.8/1.9 MBProgress (1): 0.8/1.9 MBProgress (1): 0.9/1.9 MBProgress (1): 0.9/1.9 MBProgress (1): 0.9/1.9 MBProgress (1): 0.9/1.9 MBProgress (1): 0.9/1.9 MBProgress (1): 0.9/1.9 MBProgress (1): 0.9/1.9 MBProgress (1): 0.9/1.9 MBProgress (1): 0.9/1.9 MBProgress (1): 0.9/1.9 MBProgress (1): 0.9/1.9 MBProgress (1): 0.9/1.9 MBProgress (1): 0.9/1.9 MBProgress (1): 0.9/1.9 MBProgress (1): 0.9/1.9 MBProgress (1): 0.9/1.9 MBProgress (1): 0.9/1.9 MBProgress (1): 0.9/1.9 MBProgress (1): 0.9/1.9 MBProgress (1): 0.9/1.9 MBProgress (1): 0.9/1.9 MBProgress (1): 0.9/1.9 MBProgress (1): 0.9/1.9 MBProgress (1): 0.9/1.9 MBProgress (1): 0.9/1.9 MBProgress (1): 0.9/1.9 MBProgress (1): 0.9/1.9 MBProgress (1): 0.9/1.9 MBProgress (1): 0.9/1.9 MBProgress (1): 0.9/1.9 MBProgress (1): 0.9/1.9 MBProgress (1): 0.9/1.9 MBProgress (1): 0.9/1.9 MBProgress (1): 0.9/1.9 MBProgress (1): 0.9/1.9 MBProgress (1): 0.9/1.9 MBProgress (1): 0.9/1.9 MBProgress (1): 1.0/1.9 MBProgress (1): 1.0/1.9 MBProgress (1): 1.0/1.9 MBProgress (1): 1.0/1.9 MBProgress (1): 1.0/1.9 MBProgress (1): 1.0/1.9 MBProgress (1): 1.0/1.9 MBProgress (1): 1.0/1.9 MBProgress (1): 1.0/1.9 MBProgress (1): 1.0/1.9 MBProgress (1): 1.0/1.9 MBProgress (1): 1.0/1.9 MBProgress (1): 1.0/1.9 MBProgress (1): 1.0/1.9 MBProgress (1): 1.0/1.9 MBProgress (1): 1.0/1.9 MBProgress (1): 1.0/1.9 MBProgress (1): 1.0/1.9 MBProgress (1): 1.0/1.9 MBProgress (1): 1.0/1.9 MBProgress (1): 1.0/1.9 MBProgress (1): 1.0/1.9 MBProgress (1): 1.0/1.9 MBProgress (1): 1.0/1.9 MBProgress (1): 1.0/1.9 MBProgress (1): 1.0/1.9 MBProgress (1): 1.0/1.9 MBProgress (1): 1.0/1.9 MBProgress (1): 1.0/1.9 MBProgress (1): 1.0/1.9 MBProgress (1): 1.0/1.9 MBProgress (1): 1.0/1.9 MBProgress (1): 1.0/1.9 MBProgress (1): 1.0/1.9 MBProgress (1): 1.0/1.9 MBProgress (1): 1.0/1.9 MBProgress (1): 1.0/1.9 MBProgress (1): 1.0/1.9 MBProgress (1): 1.1/1.9 MBProgress (1): 1.1/1.9 MBProgress (1): 1.1/1.9 MBProgress (1): 1.1/1.9 MBProgress (1): 1.1/1.9 MBProgress (1): 1.1/1.9 MBProgress (1): 1.1/1.9 MBProgress (1): 1.1/1.9 MBProgress (1): 1.1/1.9 MBProgress (1): 1.1/1.9 MBProgress (1): 1.1/1.9 MBProgress (1): 1.1/1.9 MBProgress (1): 1.1/1.9 MBProgress (1): 1.1/1.9 MBProgress (1): 1.1/1.9 MBProgress (1): 1.1/1.9 MBProgress (1): 1.1/1.9 MBProgress (1): 1.1/1.9 MBProgress (1): 1.1/1.9 MBProgress (1): 1.1/1.9 MBProgress (1): 1.1/1.9 MBProgress (1): 1.1/1.9 MBProgress (1): 1.1/1.9 MBProgress (1): 1.1/1.9 MBProgress (1): 1.1/1.9 MBProgress (1): 1.1/1.9 MBProgress (1): 1.1/1.9 MBProgress (1): 1.1/1.9 MBProgress (1): 1.1/1.9 MBProgress (1): 1.1/1.9 MBProgress (1): 1.1/1.9 MBProgress (1): 1.1/1.9 MBProgress (1): 1.1/1.9 MBProgress (1): 1.1/1.9 MBProgress (1): 1.1/1.9 MBProgress (1): 1.1/1.9 MBProgress (1): 1.2/1.9 MBProgress (1): 1.2/1.9 MBProgress (1): 1.2/1.9 MBProgress (1): 1.2/1.9 MBProgress (1): 1.2/1.9 MBProgress (1): 1.2/1.9 MBProgress (1): 1.2/1.9 MBProgress (1): 1.2/1.9 MBProgress (1): 1.2/1.9 MBProgress (1): 1.2/1.9 MBProgress (1): 1.2/1.9 MBProgress (1): 1.2/1.9 MBProgress (1): 1.2/1.9 MBProgress (1): 1.2/1.9 MBProgress (1): 1.2/1.9 MBProgress (1): 1.2/1.9 MBProgress (1): 1.2/1.9 MBProgress (1): 1.2/1.9 MBProgress (1): 1.2/1.9 MBProgress (1): 1.2/1.9 MBProgress (1): 1.2/1.9 MBProgress (1): 1.2/1.9 MBProgress (1): 1.2/1.9 MBProgress (1): 1.2/1.9 MBProgress (1): 1.2/1.9 MBProgress (1): 1.2/1.9 MBProgress (1): 1.2/1.9 MBProgress (1): 1.2/1.9 MBProgress (1): 1.2/1.9 MBProgress (1): 1.2/1.9 MBProgress (1): 1.2/1.9 MBProgress (1): 1.2/1.9 MBProgress (1): 1.2/1.9 MBProgress (1): 1.2/1.9 MBProgress (1): 1.2/1.9 MBProgress (1): 1.2/1.9 MBProgress (1): 1.2/1.9 MBProgress (1): 1.3/1.9 MBProgress (1): 1.3/1.9 MBProgress (1): 1.3/1.9 MBProgress (1): 1.3/1.9 MBProgress (1): 1.3/1.9 MBProgress (1): 1.3/1.9 MBProgress (1): 1.3/1.9 MBProgress (1): 1.3/1.9 MBProgress (1): 1.3/1.9 MBProgress (1): 1.3/1.9 MBProgress (1): 1.3/1.9 MBProgress (1): 1.3/1.9 MBProgress (1): 1.3/1.9 MBProgress (1): 1.3/1.9 MBProgress (1): 1.3/1.9 MBProgress (1): 1.3/1.9 MBProgress (1): 1.3/1.9 MBProgress (1): 1.3/1.9 MBProgress (1): 1.3/1.9 MBProgress (1): 1.3/1.9 MBProgress (1): 1.3/1.9 MBProgress (1): 1.3/1.9 MBProgress (1): 1.3/1.9 MBProgress (1): 1.3/1.9 MBProgress (1): 1.3/1.9 MBProgress (1): 1.3/1.9 MBProgress (1): 1.3/1.9 MBProgress (1): 1.3/1.9 MBProgress (1): 1.3/1.9 MBProgress (1): 1.3/1.9 MBProgress (1): 1.3/1.9 MBProgress (1): 1.3/1.9 MBProgress (1): 1.3/1.9 MBProgress (1): 1.3/1.9 MBProgress (1): 1.3/1.9 MBProgress (1): 1.3/1.9 MBProgress (1): 1.3/1.9 MBProgress (1): 1.4/1.9 MBProgress (1): 1.4/1.9 MBProgress (1): 1.4/1.9 MBProgress (1): 1.4/1.9 MBProgress (1): 1.4/1.9 MBProgress (1): 1.4/1.9 MBProgress (1): 1.4/1.9 MBProgress (1): 1.4/1.9 MBProgress (1): 1.4/1.9 MBProgress (1): 1.4/1.9 MBProgress (1): 1.4/1.9 MBProgress (1): 1.4/1.9 MBProgress (1): 1.4/1.9 MBProgress (1): 1.4/1.9 MBProgress (1): 1.4/1.9 MBProgress (1): 1.4/1.9 MBProgress (1): 1.4/1.9 MBProgress (1): 1.4/1.9 MBProgress (1): 1.4/1.9 MBProgress (1): 1.4/1.9 MBProgress (1): 1.4/1.9 MBProgress (1): 1.4/1.9 MBProgress (1): 1.4/1.9 MBProgress (1): 1.4/1.9 MBProgress (1): 1.4/1.9 MBProgress (1): 1.4/1.9 MBProgress (1): 1.4/1.9 MBProgress (1): 1.4/1.9 MBProgress (1): 1.4/1.9 MBProgress (1): 1.4/1.9 MBProgress (1): 1.4/1.9 MBProgress (1): 1.4/1.9 MBProgress (1): 1.4/1.9 MBProgress (1): 1.4/1.9 MBProgress (1): 1.4/1.9 MBProgress (1): 1.4/1.9 MBProgress (1): 1.4/1.9 MBProgress (1): 1.4/1.9 MBProgress (1): 1.5/1.9 MBProgress (1): 1.5/1.9 MBProgress (1): 1.5/1.9 MBProgress (1): 1.5/1.9 MBProgress (1): 1.5/1.9 MBProgress (1): 1.5/1.9 MBProgress (1): 1.5/1.9 MBProgress (1): 1.5/1.9 MBProgress (1): 1.5/1.9 MBProgress (1): 1.5/1.9 MBProgress (1): 1.5/1.9 MBProgress (1): 1.5/1.9 MBProgress (1): 1.5/1.9 MBProgress (1): 1.5/1.9 MBProgress (1): 1.5/1.9 MBProgress (1): 1.5/1.9 MBProgress (1): 1.5/1.9 MBProgress (1): 1.5/1.9 MBProgress (1): 1.5/1.9 MBProgress (1): 1.5/1.9 MBProgress (1): 1.5/1.9 MBProgress (1): 1.5/1.9 MBProgress (1): 1.5/1.9 MBProgress (1): 1.5/1.9 MBProgress (1): 1.5/1.9 MBProgress (1): 1.5/1.9 MBProgress (1): 1.5/1.9 MBProgress (1): 1.5/1.9 MBProgress (1): 1.5/1.9 MBProgress (1): 1.5/1.9 MBProgress (1): 1.5/1.9 MBProgress (1): 1.5/1.9 MBProgress (1): 1.5/1.9 MBProgress (1): 1.5/1.9 MBProgress (1): 1.5/1.9 MBProgress (1): 1.5/1.9 MBProgress (1): 1.6/1.9 MBProgress (1): 1.6/1.9 MBProgress (1): 1.6/1.9 MBProgress (1): 1.6/1.9 MBProgress (1): 1.6/1.9 MBProgress (1): 1.6/1.9 MBProgress (1): 1.6/1.9 MBProgress (1): 1.6/1.9 MBProgress (1): 1.6/1.9 MBProgress (1): 1.6/1.9 MBProgress (1): 1.6/1.9 MBProgress (1): 1.6/1.9 MBProgress (1): 1.6/1.9 MBProgress (1): 1.6/1.9 MBProgress (1): 1.6/1.9 MBProgress (1): 1.6/1.9 MBProgress (1): 1.6/1.9 MBProgress (1): 1.6/1.9 MBProgress (1): 1.6/1.9 MBProgress (1): 1.6/1.9 MBProgress (1): 1.6/1.9 MBProgress (1): 1.6/1.9 MBProgress (1): 1.6/1.9 MBProgress (1): 1.6/1.9 MBProgress (1): 1.6/1.9 MBProgress (1): 1.6/1.9 MBProgress (1): 1.6/1.9 MBProgress (1): 1.6/1.9 MBProgress (1): 1.6/1.9 MBProgress (1): 1.6/1.9 MBProgress (1): 1.6/1.9 MBProgress (1): 1.6/1.9 MBProgress (1): 1.6/1.9 MBProgress (1): 1.6/1.9 MBProgress (1): 1.6/1.9 MBProgress (1): 1.6/1.9 MBProgress (1): 1.6/1.9 MBProgress (1): 1.7/1.9 MBProgress (1): 1.7/1.9 MBProgress (1): 1.7/1.9 MBProgress (1): 1.7/1.9 MBProgress (1): 1.7/1.9 MBProgress (1): 1.7/1.9 MBProgress (1): 1.7/1.9 MBProgress (1): 1.7/1.9 MBProgress (1): 1.7/1.9 MBProgress (1): 1.7/1.9 MBProgress (1): 1.7/1.9 MBProgress (1): 1.7/1.9 MBProgress (1): 1.7/1.9 MBProgress (1): 1.7/1.9 MBProgress (1): 1.7/1.9 MBProgress (1): 1.7/1.9 MBProgress (1): 1.7/1.9 MBProgress (1): 1.7/1.9 MBProgress (1): 1.7/1.9 MBProgress (1): 1.7/1.9 MBProgress (1): 1.7/1.9 MBProgress (1): 1.7/1.9 MBProgress (1): 1.7/1.9 MBProgress (1): 1.7/1.9 MBProgress (1): 1.7/1.9 MBProgress (1): 1.7/1.9 MBProgress (1): 1.7/1.9 MBProgress (1): 1.7/1.9 MBProgress (1): 1.7/1.9 MBProgress (1): 1.7/1.9 MBProgress (1): 1.7/1.9 MBProgress (1): 1.7/1.9 MBProgress (1): 1.7/1.9 MBProgress (1): 1.7/1.9 MBProgress (1): 1.7/1.9 MBProgress (1): 1.7/1.9 MBProgress (1): 1.7/1.9 MBProgress (1): 1.8/1.9 MBProgress (1): 1.8/1.9 MBProgress (1): 1.8/1.9 MBProgress (1): 1.8/1.9 MBProgress (1): 1.8/1.9 MBProgress (1): 1.8/1.9 MBProgress (1): 1.8/1.9 MBProgress (1): 1.8/1.9 MBProgress (1): 1.8/1.9 MBProgress (1): 1.8/1.9 MBProgress (1): 1.8/1.9 MBProgress (1): 1.8/1.9 MBProgress (1): 1.8/1.9 MBProgress (1): 1.8/1.9 MBProgress (1): 1.8/1.9 MBProgress (1): 1.8/1.9 MBProgress (1): 1.8/1.9 MBProgress (1): 1.8/1.9 MBProgress (1): 1.8/1.9 MBProgress (1): 1.8/1.9 MBProgress (1): 1.8/1.9 MBProgress (1): 1.8/1.9 MBProgress (1): 1.8/1.9 MBProgress (1): 1.8/1.9 MBProgress (1): 1.8/1.9 MBProgress (1): 1.8/1.9 MBProgress (1): 1.8/1.9 MBProgress (1): 1.8/1.9 MBProgress (1): 1.8/1.9 MBProgress (1): 1.8/1.9 MBProgress (1): 1.8/1.9 MBProgress (1): 1.8/1.9 MBProgress (1): 1.8/1.9 MBProgress (1): 1.8/1.9 MBProgress (1): 1.8/1.9 MBProgress (1): 1.8/1.9 MBProgress (1): 1.8/1.9 MBProgress (1): 1.9/1.9 MBProgress (1): 1.9/1.9 MBProgress (1): 1.9/1.9 MBProgress (1): 1.9 MB                        Downloaded from ow2.org-snapshot: https://repository.ow2.org/nexus/content/repositories/snapshots/fr/inria/gforge/spoon/spoon-core/10.2.0-SNAPSHOT/spoon-core-10.2.0-20220526.224309-69.jar (1.9 MB at 4.2 MB/s)
[[1;34mINFO[m] Running in FULLCLASSPATH mode (doc: http://spoon.gforge.inria.fr/launcher.html).
[[1;34mINFO[m] Spoon version ${project.version}
[[1;34mINFO[m] running Spoon...
[[1;34mINFO[m] start processing...
[[1;34mINFO[m] spoon.processing.SpoonTagger
[[1;34mINFO[m] spoon.support.JavaOutputProcessor
[[1;34mINFO[m] end of processing: 
[[1;34mINFO[m] no errors, no warnings
[[1;34mINFO[m] [1m------------------------------------------------------------------------[m
[[1;34mINFO[m] [1;32mBUILD SUCCESS[m
[[1;34mINFO[m] [1m------------------------------------------------------------------------[m
[[1;34mINFO[m] Total time:  35.062 s
[[1;34mINFO[m] Finished at: 2022-05-27T10:26:21+02:00
[[1;34mINFO[m] [1m------------------------------------------------------------------------[m
Picked up JAVA_TOOL_OPTIONS: -Dfile.encoding=UTF8
WARNING: An illegal reflective access operation has occurred
WARNING: Illegal reflective access by com.google.inject.internal.cglib.core.$ReflectUtils$1 (file:/usr/share/maven/lib/guice.jar) to method java.lang.ClassLoader.defineClass(java.lang.String,byte[],int,int,java.security.ProtectionDomain)
WARNING: Please consider reporting this to the maintainers of com.google.inject.internal.cglib.core.$ReflectUtils$1
WARNING: Use --illegal-access=warn to enable warnings of further illegal reflective access operations
WARNING: All illegal access operations will be denied in a future release
[[1;34mINFO[m] Scanning for projects...
[[1;34mINFO[m] 
[[1;34mINFO[m] [1m----------------------------< [0;36mJWT4B:JWT4B[0;1m >-----------------------------[m
[[1;34mINFO[m] [1mBuilding JWT4B 0.0.4-SNAPSHOT[m
[[1;34mINFO[m] [1m--------------------------------[ jar ]---------------------------------[m
[[1;34mINFO[m] 
[[1;34mINFO[m] [1m--- [0;32mmaven-clean-plugin:2.5:clean[m [1m(default-clean)[m @ [36mJWT4B[0;1m ---[m
[[1;34mINFO[m] Deleting /builds/workspace/JWT4B/target
[[1;34mINFO[m] 
[[1;34mINFO[m] [1m--- [0;32mmaven-resources-plugin:2.6:resources[m [1m(default-resources)[m @ [36mJWT4B[0;1m ---[m
[[1;33mWARNING[m] Using platform encoding (UTF8 actually) to copy filtered resources, i.e. build is platform dependent!
[[1;34mINFO[m] skip non existing resourceDirectory /builds/workspace/JWT4B/src/main/resources
[[1;34mINFO[m] 
[[1;34mINFO[m] [1m--- [0;32mmaven-compiler-plugin:3.1:compile[m [1m(default-compile)[m @ [36mJWT4B[0;1m ---[m
[[1;34mINFO[m] Changes detected - recompiling the module!
[[1;34mINFO[m] Compiling 39 source files to /builds/workspace/JWT4B/target/classes
[[1;34mINFO[m] 
[[1;34mINFO[m] [1m--- [0;32mmaven-resources-plugin:2.6:testResources[m [1m(default-testResources)[m @ [36mJWT4B[0;1m ---[m
[[1;33mWARNING[m] Using platform encoding (UTF8 actually) to copy filtered resources, i.e. build is platform dependent!
[[1;34mINFO[m] skip non existing resourceDirectory /builds/workspace/JWT4B/src/test/resources
[[1;34mINFO[m] 
[[1;34mINFO[m] [1m--- [0;32mmaven-compiler-plugin:3.1:testCompile[m [1m(default-testCompile)[m @ [36mJWT4B[0;1m ---[m
[[1;34mINFO[m] Changes detected - recompiling the module!
[[1;34mINFO[m] Compiling 12 source files to /builds/workspace/JWT4B/target/test-classes
[[1;34mINFO[m] 
[[1;34mINFO[m] [1m--- [0;32mmaven-surefire-plugin:3.0.0-M5:test[m [1m(default-test)[m @ [36mJWT4B[0;1m ---[m
[[1;34mINFO[m] 
[[1;34mINFO[m] -------------------------------------------------------
[[1;34mINFO[m]  T E S T S
[[1;34mINFO[m] -------------------------------------------------------
[[1;31mERROR[m] Picked up JAVA_TOOL_OPTIONS: -Dfile.encoding=UTF8
[[1;34mINFO[m] Running app.[1mTestAlgorithmWrapper[m
08:26:34.318 | java.security.InvalidKeyException: EC domain parameters must be encoded in the algorithm identifier
[[1;34mINFO[m] [1;32mTests run: [0;1;32m4[m, Failures: 0, Errors: 0, Skipped: 0, Time elapsed: 0.882 s - in app.[1mTestAlgorithmWrapper[m
[[1;34mINFO[m] Running app.[1mTestJWTValidCheck[m
com.fasterxml.jackson.core.JsonParseException: Unexpected character ('H' (code 72)): was expecting a colon to separate field name and value
 at [Source: (String)"{"alVï¿½:"HS256","typ":"JWT"}"; line: 1, column: 10]
	at com.fasterxml.jackson.core.JsonParser._constructError(JsonParser.java:1851)
	at com.fasterxml.jackson.core.base.ParserMinimalBase._reportError(ParserMinimalBase.java:707)
	at com.fasterxml.jackson.core.base.ParserMinimalBase._reportUnexpectedChar(ParserMinimalBase.java:632)
	at com.fasterxml.jackson.core.json.ReaderBasedJsonParser._skipColon2(ReaderBasedJsonParser.java:2251)
	at com.fasterxml.jackson.core.json.ReaderBasedJsonParser._skipColon(ReaderBasedJsonParser.java:2230)
	at com.fasterxml.jackson.core.json.ReaderBasedJsonParser.nextFieldName(ReaderBasedJsonParser.java:939)
	at com.fasterxml.jackson.databind.deser.std.BaseNodeDeserializer.deserializeObject(JsonNodeDeserializer.java:249)
	at com.fasterxml.jackson.databind.deser.std.JsonNodeDeserializer.deserialize(JsonNodeDeserializer.java:68)
	at com.fasterxml.jackson.databind.deser.std.JsonNodeDeserializer.deserialize(JsonNodeDeserializer.java:15)
	at com.fasterxml.jackson.databind.ObjectMapper._readMapAndClose(ObjectMapper.java:4526)
	at com.fasterxml.jackson.databind.ObjectMapper.readValue(ObjectMapper.java:3468)
	at com.fasterxml.jackson.databind.ObjectMapper.readValue(ObjectMapper.java:3436)
	at model.CustomJWToken.isMinified(CustomJWToken.java:56)
	at model.CustomJWToken.<init>(CustomJWToken.java:25)
	at model.CustomJWToken.isValidJWT(CustomJWToken.java:186)
	at app.TestJWTValidCheck.testInValid(TestJWTValidCheck.java:18)
	at java.base/jdk.internal.reflect.NativeMethodAccessorImpl.invoke0(Native Method)
	at java.base/jdk.internal.reflect.NativeMethodAccessorImpl.invoke(NativeMethodAccessorImpl.java:62)
	at java.base/jdk.internal.reflect.DelegatingMethodAccessorImpl.invoke(DelegatingMethodAccessorImpl.java:43)
	at java.base/java.lang.reflect.Method.invoke(Method.java:566)
	at org.junit.platform.commons.util.ReflectionUtils.invokeMethod(ReflectionUtils.java:725)
	at org.junit.jupiter.engine.execution.MethodInvocation.proceed(MethodInvocation.java:60)
	at org.junit.jupiter.engine.execution.InvocationInterceptorChain$ValidatingInvocation.proceed(InvocationInterceptorChain.java:131)
	at org.junit.jupiter.engine.extension.TimeoutExtension.intercept(TimeoutExtension.java:149)
	at org.junit.jupiter.engine.extension.TimeoutExtension.interceptTestableMethod(TimeoutExtension.java:140)
	at org.junit.jupiter.engine.extension.TimeoutExtension.interceptTestMethod(TimeoutExtension.java:84)
	at org.junit.jupiter.engine.execution.ExecutableInvoker$ReflectiveInterceptorCall.lambda$ofVoidMethod$0(ExecutableInvoker.java:115)
	at org.junit.jupiter.engine.execution.ExecutableInvoker.lambda$invoke$0(ExecutableInvoker.java:105)
	at org.junit.jupiter.engine.execution.InvocationInterceptorChain$InterceptedInvocation.proceed(InvocationInterceptorChain.java:106)
	at org.junit.jupiter.engine.execution.InvocationInterceptorChain.proceed(InvocationInterceptorChain.java:64)
	at org.junit.jupiter.engine.execution.InvocationInterceptorChain.chainAndInvoke(InvocationInterceptorChain.java:45)
	at org.junit.jupiter.engine.execution.InvocationInterceptorChain.invoke(InvocationInterceptorChain.java:37)
	at org.junit.jupiter.engine.execution.ExecutableInvoker.invoke(ExecutableInvoker.java:104)
	at org.junit.jupiter.engine.execution.ExecutableInvoker.invoke(ExecutableInvoker.java:98)
	at org.junit.jupiter.engine.descriptor.TestMethodTestDescriptor.lambda$invokeTestMethod$7(TestMethodTestDescriptor.java:214)
	at org.junit.platform.engine.support.hierarchical.ThrowableCollector.execute(ThrowableCollector.java:73)
	at org.junit.jupiter.engine.descriptor.TestMethodTestDescriptor.invokeTestMethod(TestMethodTestDescriptor.java:210)
	at org.junit.jupiter.engine.descriptor.TestMethodTestDescriptor.execute(TestMethodTestDescriptor.java:135)
	at org.junit.jupiter.engine.descriptor.TestMethodTestDescriptor.execute(TestMethodTestDescriptor.java:66)
	at org.junit.platform.engine.support.hierarchical.NodeTestTask.lambda$executeRecursively$6(NodeTestTask.java:151)
	at org.junit.platform.engine.support.hierarchical.ThrowableCollector.execute(ThrowableCollector.java:73)
	at org.junit.platform.engine.support.hierarchical.NodeTestTask.lambda$executeRecursively$8(NodeTestTask.java:141)
	at org.junit.platform.engine.support.hierarchical.Node.around(Node.java:137)
	at org.junit.platform.engine.support.hierarchical.NodeTestTask.lambda$executeRecursively$9(NodeTestTask.java:139)
	at org.junit.platform.engine.support.hierarchical.ThrowableCollector.execute(ThrowableCollector.java:73)
	at org.junit.platform.engine.support.hierarchical.NodeTestTask.executeRecursively(NodeTestTask.java:138)
	at org.junit.platform.engine.support.hierarchical.NodeTestTask.execute(NodeTestTask.java:95)
	at java.base/java.util.ArrayList.forEach(ArrayList.java:1541)
	at org.junit.platform.engine.support.hierarchical.SameThreadHierarchicalTestExecutorService.invokeAll(SameThreadHierarchicalTestExecutorService.java:41)
	at org.junit.platform.engine.support.hierarchical.NodeTestTask.lambda$executeRecursively$6(NodeTestTask.java:155)
	at org.junit.platform.engine.support.hierarchical.ThrowableCollector.execute(ThrowableCollector.java:73)
	at org.junit.platform.engine.support.hierarchical.NodeTestTask.lambda$executeRecursively$8(NodeTestTask.java:141)
	at org.junit.platform.engine.support.hierarchical.Node.around(Node.java:137)
	at org.junit.platform.engine.support.hierarchical.NodeTestTask.lambda$executeRecursively$9(NodeTestTask.java:139)
	at org.junit.platform.engine.support.hierarchical.ThrowableCollector.execute(ThrowableCollector.java:73)
	at org.junit.platform.engine.support.hierarchical.NodeTestTask.executeRecursively(NodeTestTask.java:138)
	at org.junit.platform.engine.support.hierarchical.NodeTestTask.execute(NodeTestTask.java:95)
	at java.base/java.util.ArrayList.forEach(ArrayList.java:1541)
	at org.junit.platform.engine.support.hierarchical.SameThreadHierarchicalTestExecutorService.invokeAll(SameThreadHierarchicalTestExecutorService.java:41)
	at org.junit.platform.engine.support.hierarchical.NodeTestTask.lambda$executeRecursively$6(NodeTestTask.java:155)
	at org.junit.platform.engine.support.hierarchical.ThrowableCollector.execute(ThrowableCollector.java:73)
	at org.junit.platform.engine.support.hierarchical.NodeTestTask.lambda$executeRecursively$8(NodeTestTask.java:141)
	at org.junit.platform.engine.support.hierarchical.Node.around(Node.java:137)
	at org.junit.platform.engine.support.hierarchical.NodeTestTask.lambda$executeRecursively$9(NodeTestTask.java:139)
	at org.junit.platform.engine.support.hierarchical.ThrowableCollector.execute(ThrowableCollector.java:73)
	at org.junit.platform.engine.support.hierarchical.NodeTestTask.executeRecursively(NodeTestTask.java:138)
	at org.junit.platform.engine.support.hierarchical.NodeTestTask.execute(NodeTestTask.java:95)
	at org.junit.platform.engine.support.hierarchical.SameThreadHierarchicalTestExecutorService.submit(SameThreadHierarchicalTestExecutorService.java:35)
	at org.junit.platform.engine.support.hierarchical.HierarchicalTestExecutor.execute(HierarchicalTestExecutor.java:57)
	at org.junit.platform.engine.support.hierarchical.HierarchicalTestEngine.execute(HierarchicalTestEngine.java:54)
	at org.junit.platform.launcher.core.EngineExecutionOrchestrator.execute(EngineExecutionOrchestrator.java:107)
	at org.junit.platform.launcher.core.EngineExecutionOrchestrator.execute(EngineExecutionOrchestrator.java:88)
	at org.junit.platform.launcher.core.EngineExecutionOrchestrator.lambda$execute$0(EngineExecutionOrchestrator.java:54)
	at org.junit.platform.launcher.core.EngineExecutionOrchestrator.withInterceptedStreams(EngineExecutionOrchestrator.java:67)
	at org.junit.platform.launcher.core.EngineExecutionOrchestrator.execute(EngineExecutionOrchestrator.java:52)
	at org.junit.platform.launcher.core.DefaultLauncher.execute(DefaultLauncher.java:114)
	at org.junit.platform.launcher.core.DefaultLauncher.execute(DefaultLauncher.java:86)
	at org.junit.platform.launcher.core.DefaultLauncherSession$DelegatingLauncher.execute(DefaultLauncherSession.java:86)
	at org.junit.platform.launcher.core.SessionPerRequestLauncher.execute(SessionPerRequestLauncher.java:53)
	at org.apache.maven.surefire.junitplatform.JUnitPlatformProvider.execute(JUnitPlatformProvider.java:188)
	at org.apache.maven.surefire.junitplatform.JUnitPlatformProvider.invokeAllTests(JUnitPlatformProvider.java:154)
	at org.apache.maven.surefire.junitplatform.JUnitPlatformProvider.invoke(JUnitPlatformProvider.java:128)
	at org.apache.maven.surefire.booter.ForkedBooter.runSuitesInProcess(ForkedBooter.java:428)
	at org.apache.maven.surefire.booter.ForkedBooter.execute(ForkedBooter.java:162)
	at org.apache.maven.surefire.booter.ForkedBooter.run(ForkedBooter.java:562)
	at org.apache.maven.surefire.booter.ForkedBooter.main(ForkedBooter.java:548)
08:26:34.530 | Could not parse header - Expected ':' at 1:8
[[1;34mINFO[m] [1;32mTests run: [0;1;32m3[m, Failures: 0, Errors: 0, Skipped: 0, Time elapsed: 0.085 s - in app.[1mTestJWTValidCheck[m
[[1;34mINFO[m] Running app.controllers.[1mReadableTokenFormatTest[m
08:26:34.638 | Exception beautifying JSON: Unexpected end of input at 1:20
[[1;34mINFO[m] [1;32mTests run: [0;1;32m10[m, Failures: 0, Errors: 0, Skipped: 0, Time elapsed: 0.134 s - in app.controllers.[1mReadableTokenFormatTest[m
[[1;34mINFO[m] Running app.[1mTestSetCookieDetection[m
[[1;34mINFO[m] [1;32mTests run: [0;1;32m13[m, Failures: 0, Errors: 0, Skipped: 0, Time elapsed: 0.126 s - in app.[1mTestSetCookieDetection[m
[[1;34mINFO[m] Running app.[1mTestPostDetection[m
[[1;34mINFO[m] [1;32mTests run: [0;1;32m6[m, Failures: 0, Errors: 0, Skipped: 0, Time elapsed: 0.061 s - in app.[1mTestPostDetection[m
[[1;34mINFO[m] Running app.[1mTestKeyHelper[m
[[1;34mINFO[m] [1;32mTests run: [0;1;32m4[m, Failures: 0, Errors: 0, Skipped: 0, Time elapsed: 0.029 s - in app.[1mTestKeyHelper[m
[[1;34mINFO[m] Running app.[1mTestAuthorizationDetection[m
com.fasterxml.jackson.core.JsonParseException: Unexpected character ('H' (code 72)): was expecting a colon to separate field name and value
 at [Source: (String)"{"alVï¿½:"HS256","typ":"JWT"}"; line: 1, column: 10]
	at com.fasterxml.jackson.core.JsonParser._constructError(JsonParser.java:1851)
	at com.fasterxml.jackson.core.base.ParserMinimalBase._reportError(ParserMinimalBase.java:707)
	at com.fasterxml.jackson.core.base.ParserMinimalBase._reportUnexpectedChar(ParserMinimalBase.java:632)
	at com.fasterxml.jackson.core.json.ReaderBasedJsonParser._skipColon2(ReaderBasedJsonParser.java:2251)
	at com.fasterxml.jackson.core.json.ReaderBasedJsonParser._skipColon(ReaderBasedJsonParser.java:2230)
	at com.fasterxml.jackson.core.json.ReaderBasedJsonParser.nextFieldName(ReaderBasedJsonParser.java:939)
	at com.fasterxml.jackson.databind.deser.std.BaseNodeDeserializer.deserializeObject(JsonNodeDeserializer.java:249)
	at com.fasterxml.jackson.databind.deser.std.JsonNodeDeserializer.deserialize(JsonNodeDeserializer.java:68)
	at com.fasterxml.jackson.databind.deser.std.JsonNodeDeserializer.deserialize(JsonNodeDeserializer.java:15)
	at com.fasterxml.jackson.databind.ObjectMapper._readMapAndClose(ObjectMapper.java:4526)
	at com.fasterxml.jackson.databind.ObjectMapper.readValue(ObjectMapper.java:3468)
	at com.fasterxml.jackson.databind.ObjectMapper.readValue(ObjectMapper.java:3436)
	at model.CustomJWToken.isMinified(CustomJWToken.java:56)
	at model.CustomJWToken.<init>(CustomJWToken.java:25)
	at model.CustomJWToken.isValidJWT(CustomJWToken.java:186)
	at app.tokenposition.AuthorizationBearerHeader.headerContainsKeyWordAndIsJWT(AuthorizationBearerHeader.java:28)
	at app.tokenposition.AuthorizationBearerHeader.positionFound(AuthorizationBearerHeader.java:16)
	at app.TestAuthorizationDetection.testAuthInvalid(TestAuthorizationDetection.java:38)
	at java.base/jdk.internal.reflect.NativeMethodAccessorImpl.invoke0(Native Method)
	at java.base/jdk.internal.reflect.NativeMethodAccessorImpl.invoke(NativeMethodAccessorImpl.java:62)
	at java.base/jdk.internal.reflect.DelegatingMethodAccessorImpl.invoke(DelegatingMethodAccessorImpl.java:43)
	at java.base/java.lang.reflect.Method.invoke(Method.java:566)
	at org.junit.platform.commons.util.ReflectionUtils.invokeMethod(ReflectionUtils.java:725)
	at org.junit.jupiter.engine.execution.MethodInvocation.proceed(MethodInvocation.java:60)
	at org.junit.jupiter.engine.execution.InvocationInterceptorChain$ValidatingInvocation.proceed(InvocationInterceptorChain.java:131)
	at org.junit.jupiter.engine.extension.TimeoutExtension.intercept(TimeoutExtension.java:149)
	at org.junit.jupiter.engine.extension.TimeoutExtension.interceptTestableMethod(TimeoutExtension.java:140)
	at org.junit.jupiter.engine.extension.TimeoutExtension.interceptTestMethod(TimeoutExtension.java:84)
	at org.junit.jupiter.engine.execution.ExecutableInvoker$ReflectiveInterceptorCall.lambda$ofVoidMethod$0(ExecutableInvoker.java:115)
	at org.junit.jupiter.engine.execution.ExecutableInvoker.lambda$invoke$0(ExecutableInvoker.java:105)
	at org.junit.jupiter.engine.execution.InvocationInterceptorChain$InterceptedInvocation.proceed(InvocationInterceptorChain.java:106)
	at org.junit.jupiter.engine.execution.InvocationInterceptorChain.proceed(InvocationInterceptorChain.java:64)
	at org.junit.jupiter.engine.execution.InvocationInterceptorChain.chainAndInvoke(InvocationInterceptorChain.java:45)
	at org.junit.jupiter.engine.execution.InvocationInterceptorChain.invoke(InvocationInterceptorChain.java:37)
	at org.junit.jupiter.engine.execution.ExecutableInvoker.invoke(ExecutableInvoker.java:104)
	at org.junit.jupiter.engine.execution.ExecutableInvoker.invoke(ExecutableInvoker.java:98)
	at org.junit.jupiter.engine.descriptor.TestMethodTestDescriptor.lambda$invokeTestMethod$7(TestMethodTestDescriptor.java:214)
	at org.junit.platform.engine.support.hierarchical.ThrowableCollector.execute(ThrowableCollector.java:73)
	at org.junit.jupiter.engine.descriptor.TestMethodTestDescriptor.invokeTestMethod(TestMethodTestDescriptor.java:210)
	at org.junit.jupiter.engine.descriptor.TestMethodTestDescriptor.execute(TestMethodTestDescriptor.java:135)
	at org.junit.jupiter.engine.descriptor.TestMethodTestDescriptor.execute(TestMethodTestDescriptor.java:66)
	at org.junit.platform.engine.support.hierarchical.NodeTestTask.lambda$executeRecursively$6(NodeTestTask.java:151)
	at org.junit.platform.engine.support.hierarchical.ThrowableCollector.execute(ThrowableCollector.java:73)
	at org.junit.platform.engine.support.hierarchical.NodeTestTask.lambda$executeRecursively$8(NodeTestTask.java:141)
	at org.junit.platform.engine.support.hierarchical.Node.around(Node.java:137)
	at org.junit.platform.engine.support.hierarchical.NodeTestTask.lambda$executeRecursively$9(NodeTestTask.java:139)
	at org.junit.platform.engine.support.hierarchical.ThrowableCollector.execute(ThrowableCollector.java:73)
	at org.junit.platform.engine.support.hierarchical.NodeTestTask.executeRecursively(NodeTestTask.java:138)
	at org.junit.platform.engine.support.hierarchical.NodeTestTask.execute(NodeTestTask.java:95)
	at java.base/java.util.ArrayList.forEach(ArrayList.java:1541)
	at org.junit.platform.engine.support.hierarchical.SameThreadHierarchicalTestExecutorService.invokeAll(SameThreadHierarchicalTestExecutorService.java:41)
	at org.junit.platform.engine.support.hierarchical.NodeTestTask.lambda$executeRecursively$6(NodeTestTask.java:155)
	at org.junit.platform.engine.support.hierarchical.ThrowableCollector.execute(ThrowableCollector.java:73)
	at org.junit.platform.engine.support.hierarchical.NodeTestTask.lambda$executeRecursively$8(NodeTestTask.java:141)
	at org.junit.platform.engine.support.hierarchical.Node.around(Node.java:137)
	at org.junit.platform.engine.support.hierarchical.NodeTestTask.lambda$executeRecursively$9(NodeTestTask.java:139)
	at org.junit.platform.engine.support.hierarchical.ThrowableCollector.execute(ThrowableCollector.java:73)
	at org.junit.platform.engine.support.hierarchical.NodeTestTask.executeRecursively(NodeTestTask.java:138)
	at org.junit.platform.engine.support.hierarchical.NodeTestTask.execute(NodeTestTask.java:95)
	at java.base/java.util.ArrayList.forEach(ArrayList.java:1541)
	at org.junit.platform.engine.support.hierarchical.SameThreadHierarchicalTestExecutorService.invokeAll(SameThreadHierarchicalTestExecutorService.java:41)
	at org.junit.platform.engine.support.hierarchical.NodeTestTask.lambda$executeRecursively$6(NodeTestTask.java:155)
	at org.junit.platform.engine.support.hierarchical.ThrowableCollector.execute(ThrowableCollector.java:73)
	at org.junit.platform.engine.support.hierarchical.NodeTestTask.lambda$executeRecursively$8(NodeTestTask.java:141)
	at org.junit.platform.engine.support.hierarchical.Node.around(Node.java:137)
	at org.junit.platform.engine.support.hierarchical.NodeTestTask.lambda$executeRecursively$9(NodeTestTask.java:139)
	at org.junit.platform.engine.support.hierarchical.ThrowableCollector.execute(ThrowableCollector.java:73)
	at org.junit.platform.engine.support.hierarchical.NodeTestTask.executeRecursively(NodeTestTask.java:138)
	at org.junit.platform.engine.support.hierarchical.NodeTestTask.execute(NodeTestTask.java:95)
	at org.junit.platform.engine.support.hierarchical.SameThreadHierarchicalTestExecutorService.submit(SameThreadHierarchicalTestExecutorService.java:35)
	at org.junit.platform.engine.support.hierarchical.HierarchicalTestExecutor.execute(HierarchicalTestExecutor.java:57)
	at org.junit.platform.engine.support.hierarchical.HierarchicalTestEngine.execute(HierarchicalTestEngine.java:54)
	at org.junit.platform.launcher.core.EngineExecutionOrchestrator.execute(EngineExecutionOrchestrator.java:107)
	at org.junit.platform.launcher.core.EngineExecutionOrchestrator.execute(EngineExecutionOrchestrator.java:88)
	at org.junit.platform.launcher.core.EngineExecutionOrchestrator.lambda$execute$0(EngineExecutionOrchestrator.java:54)
	at org.junit.platform.launcher.core.EngineExecutionOrchestrator.withInterceptedStreams(EngineExecutionOrchestrator.java:67)
	at org.junit.platform.launcher.core.EngineExecutionOrchestrator.execute(EngineExecutionOrchestrator.java:52)
	at org.junit.platform.launcher.core.DefaultLauncher.execute(DefaultLauncher.java:114)
	at org.junit.platform.launcher.core.DefaultLauncher.execute(DefaultLauncher.java:86)
	at org.junit.platform.launcher.core.DefaultLauncherSession$DelegatingLauncher.execute(DefaultLauncherSession.java:86)
	at org.junit.platform.launcher.core.SessionPerRequestLauncher.execute(SessionPerRequestLauncher.java:53)
	at org.apache.maven.surefire.junitplatform.JUnitPlatformProvider.execute(JUnitPlatformProvider.java:188)
	at org.apache.maven.surefire.junitplatform.JUnitPlatformProvider.invokeAllTests(JUnitPlatformProvider.java:154)
	at org.apache.maven.surefire.junitplatform.JUnitPlatformProvider.invoke(JUnitPlatformProvider.java:128)
	at org.apache.maven.surefire.booter.ForkedBooter.runSuitesInProcess(ForkedBooter.java:428)
	at org.apache.maven.surefire.booter.ForkedBooter.execute(ForkedBooter.java:162)
	at org.apache.maven.surefire.booter.ForkedBooter.run(ForkedBooter.java:562)
	at org.apache.maven.surefire.booter.ForkedBooter.main(ForkedBooter.java:548)
08:26:34.999 | Could not parse header - Expected ':' at 1:8
[[1;34mINFO[m] [1;32mTests run: [0;1;32m3[m, Failures: 0, Errors: 0, Skipped: 0, Time elapsed: 0.042 s - in app.[1mTestAuthorizationDetection[m
[[1;34mINFO[m] Running app.[1mTestInvalidJSONToken[m
com.fasterxml.jackson.core.JsonParseException: Unexpected character ('H' (code 72)): was expecting comma to separate Object entries
 at [Source: (String)"{"sub":"1234567890","name":"John Doe","iat":151623907Hï¿½ï¿½"; line: 1, column: 55]
	at com.fasterxml.jackson.core.JsonParser._constructError(JsonParser.java:1851)
	at com.fasterxml.jackson.core.base.ParserMinimalBase._reportError(ParserMinimalBase.java:707)
	at com.fasterxml.jackson.core.base.ParserMinimalBase._reportUnexpectedChar(ParserMinimalBase.java:632)
	at com.fasterxml.jackson.core.json.ReaderBasedJsonParser._skipComma(ReaderBasedJsonParser.java:2324)
	at com.fasterxml.jackson.core.json.ReaderBasedJsonParser.nextFieldName(ReaderBasedJsonParser.java:921)
	at com.fasterxml.jackson.databind.deser.std.BaseNodeDeserializer.deserializeObject(JsonNodeDeserializer.java:250)
	at com.fasterxml.jackson.databind.deser.std.JsonNodeDeserializer.deserialize(JsonNodeDeserializer.java:68)
	at com.fasterxml.jackson.databind.deser.std.JsonNodeDeserializer.deserialize(JsonNodeDeserializer.java:15)
	at com.fasterxml.jackson.databind.ObjectMapper._readMapAndClose(ObjectMapper.java:4526)
	at com.fasterxml.jackson.databind.ObjectMapper.readValue(ObjectMapper.java:3468)
	at com.fasterxml.jackson.databind.ObjectMapper.readValue(ObjectMapper.java:3436)
	at model.CustomJWToken.isMinified(CustomJWToken.java:56)
	at model.CustomJWToken.<init>(CustomJWToken.java:25)
	at app.TestInvalidJSONToken.newTest(TestInvalidJSONToken.java:16)
	at java.base/jdk.internal.reflect.NativeMethodAccessorImpl.invoke0(Native Method)
	at java.base/jdk.internal.reflect.NativeMethodAccessorImpl.invoke(NativeMethodAccessorImpl.java:62)
	at java.base/jdk.internal.reflect.DelegatingMethodAccessorImpl.invoke(DelegatingMethodAccessorImpl.java:43)
	at java.base/java.lang.reflect.Method.invoke(Method.java:566)
	at org.junit.platform.commons.util.ReflectionUtils.invokeMethod(ReflectionUtils.java:725)
	at org.junit.jupiter.engine.execution.MethodInvocation.proceed(MethodInvocation.java:60)
	at org.junit.jupiter.engine.execution.InvocationInterceptorChain$ValidatingInvocation.proceed(InvocationInterceptorChain.java:131)
	at org.junit.jupiter.engine.extension.TimeoutExtension.intercept(TimeoutExtension.java:149)
	at org.junit.jupiter.engine.extension.TimeoutExtension.interceptTestableMethod(TimeoutExtension.java:140)
	at org.junit.jupiter.engine.extension.TimeoutExtension.interceptTestMethod(TimeoutExtension.java:84)
	at org.junit.jupiter.engine.execution.ExecutableInvoker$ReflectiveInterceptorCall.lambda$ofVoidMethod$0(ExecutableInvoker.java:115)
	at org.junit.jupiter.engine.execution.ExecutableInvoker.lambda$invoke$0(ExecutableInvoker.java:105)
	at org.junit.jupiter.engine.execution.InvocationInterceptorChain$InterceptedInvocation.proceed(InvocationInterceptorChain.java:106)
	at org.junit.jupiter.engine.execution.InvocationInterceptorChain.proceed(InvocationInterceptorChain.java:64)
	at org.junit.jupiter.engine.execution.InvocationInterceptorChain.chainAndInvoke(InvocationInterceptorChain.java:45)
	at org.junit.jupiter.engine.execution.InvocationInterceptorChain.invoke(InvocationInterceptorChain.java:37)
	at org.junit.jupiter.engine.execution.ExecutableInvoker.invoke(ExecutableInvoker.java:104)
	at org.junit.jupiter.engine.execution.ExecutableInvoker.invoke(ExecutableInvoker.java:98)
	at org.junit.jupiter.engine.descriptor.TestMethodTestDescriptor.lambda$invokeTestMethod$7(TestMethodTestDescriptor.java:214)
	at org.junit.platform.engine.support.hierarchical.ThrowableCollector.execute(ThrowableCollector.java:73)
	at org.junit.jupiter.engine.descriptor.TestMethodTestDescriptor.invokeTestMethod(TestMethodTestDescriptor.java:210)
	at org.junit.jupiter.engine.descriptor.TestMethodTestDescriptor.execute(TestMethodTestDescriptor.java:135)
	at org.junit.jupiter.engine.descriptor.TestMethodTestDescriptor.execute(TestMethodTestDescriptor.java:66)
	at org.junit.platform.engine.support.hierarchical.NodeTestTask.lambda$executeRecursively$6(NodeTestTask.java:151)
	at org.junit.platform.engine.support.hierarchical.ThrowableCollector.execute(ThrowableCollector.java:73)
	at org.junit.platform.engine.support.hierarchical.NodeTestTask.lambda$executeRecursively$8(NodeTestTask.java:141)
	at org.junit.platform.engine.support.hierarchical.Node.around(Node.java:137)
	at org.junit.platform.engine.support.hierarchical.NodeTestTask.lambda$executeRecursively$9(NodeTestTask.java:139)
	at org.junit.platform.engine.support.hierarchical.ThrowableCollector.execute(ThrowableCollector.java:73)
	at org.junit.platform.engine.support.hierarchical.NodeTestTask.executeRecursively(NodeTestTask.java:138)
	at org.junit.platform.engine.support.hierarchical.NodeTestTask.execute(NodeTestTask.java:95)
	at java.base/java.util.ArrayList.forEach(ArrayList.java:1541)
	at org.junit.platform.engine.support.hierarchical.SameThreadHierarchicalTestExecutorService.invokeAll(SameThreadHierarchicalTestExecutorService.java:41)
	at org.junit.platform.engine.support.hierarchical.NodeTestTask.lambda$executeRecursively$6(NodeTestTask.java:155)
	at org.junit.platform.engine.support.hierarchical.ThrowableCollector.execute(ThrowableCollector.java:73)
	at org.junit.platform.engine.support.hierarchical.NodeTestTask.lambda$executeRecursively$8(NodeTestTask.java:141)
	at org.junit.platform.engine.support.hierarchical.Node.around(Node.java:137)
	at org.junit.platform.engine.support.hierarchical.NodeTestTask.lambda$executeRecursively$9(NodeTestTask.java:139)
	at org.junit.platform.engine.support.hierarchical.ThrowableCollector.execute(ThrowableCollector.java:73)
	at org.junit.platform.engine.support.hierarchical.NodeTestTask.executeRecursively(NodeTestTask.java:138)
	at org.junit.platform.engine.support.hierarchical.NodeTestTask.execute(NodeTestTask.java:95)
	at java.base/java.util.ArrayList.forEach(ArrayList.java:1541)
	at org.junit.platform.engine.support.hierarchical.SameThreadHierarchicalTestExecutorService.invokeAll(SameThreadHierarchicalTestExecutorService.java:41)
	at org.junit.platform.engine.support.hierarchical.NodeTestTask.lambda$executeRecursively$6(NodeTestTask.java:155)
	at org.junit.platform.engine.support.hierarchical.ThrowableCollector.execute(ThrowableCollector.java:73)
	at org.junit.platform.engine.support.hierarchical.NodeTestTask.lambda$executeRecursively$8(NodeTestTask.java:141)
	at org.junit.platform.engine.support.hierarchical.Node.around(Node.java:137)
	at org.junit.platform.engine.support.hierarchical.NodeTestTask.lambda$executeRecursively$9(NodeTestTask.java:139)
	at org.junit.platform.engine.support.hierarchical.ThrowableCollector.execute(ThrowableCollector.java:73)
	at org.junit.platform.engine.support.hierarchical.NodeTestTask.executeRecursively(NodeTestTask.java:138)
	at org.junit.platform.engine.support.hierarchical.NodeTestTask.execute(NodeTestTask.java:95)
	at org.junit.platform.engine.support.hierarchical.SameThreadHierarchicalTestExecutorService.submit(SameThreadHierarchicalTestExecutorService.java:35)
	at org.junit.platform.engine.support.hierarchical.HierarchicalTestExecutor.execute(HierarchicalTestExecutor.java:57)
	at org.junit.platform.engine.support.hierarchical.HierarchicalTestEngine.execute(HierarchicalTestEngine.java:54)
	at org.junit.platform.launcher.core.EngineExecutionOrchestrator.execute(EngineExecutionOrchestrator.java:107)
	at org.junit.platform.launcher.core.EngineExecutionOrchestrator.execute(EngineExecutionOrchestrator.java:88)
	at org.junit.platform.launcher.core.EngineExecutionOrchestrator.lambda$execute$0(EngineExecutionOrchestrator.java:54)
	at org.junit.platform.launcher.core.EngineExecutionOrchestrator.withInterceptedStreams(EngineExecutionOrchestrator.java:67)
	at org.junit.platform.launcher.core.EngineExecutionOrchestrator.execute(EngineExecutionOrchestrator.java:52)
	at org.junit.platform.launcher.core.DefaultLauncher.execute(DefaultLauncher.java:114)
	at org.junit.platform.launcher.core.DefaultLauncher.execute(DefaultLauncher.java:86)
	at org.junit.platform.launcher.core.DefaultLauncherSession$DelegatingLauncher.execute(DefaultLauncherSession.java:86)
	at org.junit.platform.launcher.core.SessionPerRequestLauncher.execute(SessionPerRequestLauncher.java:53)
	at org.apache.maven.surefire.junitplatform.JUnitPlatformProvider.execute(JUnitPlatformProvider.java:188)
	at org.apache.maven.surefire.junitplatform.JUnitPlatformProvider.invokeAllTests(JUnitPlatformProvider.java:154)
	at org.apache.maven.surefire.junitplatform.JUnitPlatformProvider.invoke(JUnitPlatformProvider.java:128)
	at org.apache.maven.surefire.booter.ForkedBooter.runSuitesInProcess(ForkedBooter.java:428)
	at org.apache.maven.surefire.booter.ForkedBooter.execute(ForkedBooter.java:162)
	at org.apache.maven.surefire.booter.ForkedBooter.run(ForkedBooter.java:562)
	at org.apache.maven.surefire.booter.ForkedBooter.main(ForkedBooter.java:548)
08:26:35.057 | Could not parse claims - Expected ',' or '}' at 1:53
[[1;34mINFO[m] [1;32mTests run: [0;1;32m1[m, Failures: 0, Errors: 0, Skipped: 0, Time elapsed: 0.033 s - in app.[1mTestInvalidJSONToken[m
[[1;34mINFO[m] Running app.[1mTestCustomJWTDecoder[m
com.fasterxml.jackson.core.JsonParseException: Unexpected character ('H' (code 72)): was expecting a colon to separate field name and value
 at [Source: (String)"{"alVï¿½:"HS256","typ":"JWT"}"; line: 1, column: 10]
	at com.fasterxml.jackson.core.JsonParser._constructError(JsonParser.java:1851)
	at com.fasterxml.jackson.core.base.ParserMinimalBase._reportError(ParserMinimalBase.java:707)
	at com.fasterxml.jackson.core.base.ParserMinimalBase._reportUnexpectedChar(ParserMinimalBase.java:632)
	at com.fasterxml.jackson.core.json.ReaderBasedJsonParser._skipColon2(ReaderBasedJsonParser.java:2251)
	at com.fasterxml.jackson.core.json.ReaderBasedJsonParser._skipColon(ReaderBasedJsonParser.java:2230)
	at com.fasterxml.jackson.core.json.ReaderBasedJsonParser.nextFieldName(ReaderBasedJsonParser.java:939)
	at com.fasterxml.jackson.databind.deser.std.BaseNodeDeserializer.deserializeObject(JsonNodeDeserializer.java:249)
	at com.fasterxml.jackson.databind.deser.std.JsonNodeDeserializer.deserialize(JsonNodeDeserializer.java:68)
	at com.fasterxml.jackson.databind.deser.std.JsonNodeDeserializer.deserialize(JsonNodeDeserializer.java:15)
	at com.fasterxml.jackson.databind.ObjectMapper._readMapAndClose(ObjectMapper.java:4526)
	at com.fasterxml.jackson.databind.ObjectMapper.readValue(ObjectMapper.java:3468)
	at com.fasterxml.jackson.databind.ObjectMapper.readValue(ObjectMapper.java:3436)
	at model.CustomJWToken.isMinified(CustomJWToken.java:56)
	at model.CustomJWToken.<init>(CustomJWToken.java:25)
	at app.TestCustomJWTDecoder.testBrokenToken(TestCustomJWTDecoder.java:20)
	at java.base/jdk.internal.reflect.NativeMethodAccessorImpl.invoke0(Native Method)
	at java.base/jdk.internal.reflect.NativeMethodAccessorImpl.invoke(NativeMethodAccessorImpl.java:62)
	at java.base/jdk.internal.reflect.DelegatingMethodAccessorImpl.invoke(DelegatingMethodAccessorImpl.java:43)
	at java.base/java.lang.reflect.Method.invoke(Method.java:566)
	at org.junit.platform.commons.util.ReflectionUtils.invokeMethod(ReflectionUtils.java:725)
	at org.junit.jupiter.engine.execution.MethodInvocation.proceed(MethodInvocation.java:60)
	at org.junit.jupiter.engine.execution.InvocationInterceptorChain$ValidatingInvocation.proceed(InvocationInterceptorChain.java:131)
	at org.junit.jupiter.engine.extension.TimeoutExtension.intercept(TimeoutExtension.java:149)
	at org.junit.jupiter.engine.extension.TimeoutExtension.interceptTestableMethod(TimeoutExtension.java:140)
	at org.junit.jupiter.engine.extension.TimeoutExtension.interceptTestMethod(TimeoutExtension.java:84)
	at org.junit.jupiter.engine.execution.ExecutableInvoker$ReflectiveInterceptorCall.lambda$ofVoidMethod$0(ExecutableInvoker.java:115)
	at org.junit.jupiter.engine.execution.ExecutableInvoker.lambda$invoke$0(ExecutableInvoker.java:105)
	at org.junit.jupiter.engine.execution.InvocationInterceptorChain$InterceptedInvocation.proceed(InvocationInterceptorChain.java:106)
	at org.junit.jupiter.engine.execution.InvocationInterceptorChain.proceed(InvocationInterceptorChain.java:64)
	at org.junit.jupiter.engine.execution.InvocationInterceptorChain.chainAndInvoke(InvocationInterceptorChain.java:45)
	at org.junit.jupiter.engine.execution.InvocationInterceptorChain.invoke(InvocationInterceptorChain.java:37)
	at org.junit.jupiter.engine.execution.ExecutableInvoker.invoke(ExecutableInvoker.java:104)
	at org.junit.jupiter.engine.execution.ExecutableInvoker.invoke(ExecutableInvoker.java:98)
	at org.junit.jupiter.engine.descriptor.TestMethodTestDescriptor.lambda$invokeTestMethod$7(TestMethodTestDescriptor.java:214)
	at org.junit.platform.engine.support.hierarchical.ThrowableCollector.execute(ThrowableCollector.java:73)
	at org.junit.jupiter.engine.descriptor.TestMethodTestDescriptor.invokeTestMethod(TestMethodTestDescriptor.java:210)
	at org.junit.jupiter.engine.descriptor.TestMethodTestDescriptor.execute(TestMethodTestDescriptor.java:135)
	at org.junit.jupiter.engine.descriptor.TestMethodTestDescriptor.execute(TestMethodTestDescriptor.java:66)
	at org.junit.platform.engine.support.hierarchical.NodeTestTask.lambda$executeRecursively$6(NodeTestTask.java:151)
	at org.junit.platform.engine.support.hierarchical.ThrowableCollector.execute(ThrowableCollector.java:73)
	at org.junit.platform.engine.support.hierarchical.NodeTestTask.lambda$executeRecursively$8(NodeTestTask.java:141)
	at org.junit.platform.engine.support.hierarchical.Node.around(Node.java:137)
	at org.junit.platform.engine.support.hierarchical.NodeTestTask.lambda$executeRecursively$9(NodeTestTask.java:139)
	at org.junit.platform.engine.support.hierarchical.ThrowableCollector.execute(ThrowableCollector.java:73)
	at org.junit.platform.engine.support.hierarchical.NodeTestTask.executeRecursively(NodeTestTask.java:138)
	at org.junit.platform.engine.support.hierarchical.NodeTestTask.execute(NodeTestTask.java:95)
	at java.base/java.util.ArrayList.forEach(ArrayList.java:1541)
	at org.junit.platform.engine.support.hierarchical.SameThreadHierarchicalTestExecutorService.invokeAll(SameThreadHierarchicalTestExecutorService.java:41)
	at org.junit.platform.engine.support.hierarchical.NodeTestTask.lambda$executeRecursively$6(NodeTestTask.java:155)
	at org.junit.platform.engine.support.hierarchical.ThrowableCollector.execute(ThrowableCollector.java:73)
	at org.junit.platform.engine.support.hierarchical.NodeTestTask.lambda$executeRecursively$8(NodeTestTask.java:141)
	at org.junit.platform.engine.support.hierarchical.Node.around(Node.java:137)
	at org.junit.platform.engine.support.hierarchical.NodeTestTask.lambda$executeRecursively$9(NodeTestTask.java:139)
	at org.junit.platform.engine.support.hierarchical.ThrowableCollector.execute(ThrowableCollector.java:73)
	at org.junit.platform.engine.support.hierarchical.NodeTestTask.executeRecursively(NodeTestTask.java:138)
	at org.junit.platform.engine.support.hierarchical.NodeTestTask.execute(NodeTestTask.java:95)
	at java.base/java.util.ArrayList.forEach(ArrayList.java:1541)
	at org.junit.platform.engine.support.hierarchical.SameThreadHierarchicalTestExecutorService.invokeAll(SameThreadHierarchicalTestExecutorService.java:41)
	at org.junit.platform.engine.support.hierarchical.NodeTestTask.lambda$executeRecursively$6(NodeTestTask.java:155)
	at org.junit.platform.engine.support.hierarchical.ThrowableCollector.execute(ThrowableCollector.java:73)
	at org.junit.platform.engine.support.hierarchical.NodeTestTask.lambda$executeRecursively$8(NodeTestTask.java:141)
	at org.junit.platform.engine.support.hierarchical.Node.around(Node.java:137)
	at org.junit.platform.engine.support.hierarchical.NodeTestTask.lambda$executeRecursively$9(NodeTestTask.java:139)
	at org.junit.platform.engine.support.hierarchical.ThrowableCollector.execute(ThrowableCollector.java:73)
	at org.junit.platform.engine.support.hierarchical.NodeTestTask.executeRecursively(NodeTestTask.java:138)
	at org.junit.platform.engine.support.hierarchical.NodeTestTask.execute(NodeTestTask.java:95)
	at org.junit.platform.engine.support.hierarchical.SameThreadHierarchicalTestExecutorService.submit(SameThreadHierarchicalTestExecutorService.java:35)
	at org.junit.platform.engine.support.hierarchical.HierarchicalTestExecutor.execute(HierarchicalTestExecutor.java:57)
	at org.junit.platform.engine.support.hierarchical.HierarchicalTestEngine.execute(HierarchicalTestEngine.java:54)
	at org.junit.platform.launcher.core.EngineExecutionOrchestrator.execute(EngineExecutionOrchestrator.java:107)
	at org.junit.platform.launcher.core.EngineExecutionOrchestrator.execute(EngineExecutionOrchestrator.java:88)
	at org.junit.platform.launcher.core.EngineExecutionOrchestrator.lambda$execute$0(EngineExecutionOrchestrator.java:54)
	at org.junit.platform.launcher.core.EngineExecutionOrchestrator.withInterceptedStreams(EngineExecutionOrchestrator.java:67)
	at org.junit.platform.launcher.core.EngineExecutionOrchestrator.execute(EngineExecutionOrchestrator.java:52)
	at org.junit.platform.launcher.core.DefaultLauncher.execute(DefaultLauncher.java:114)
	at org.junit.platform.launcher.core.DefaultLauncher.execute(DefaultLauncher.java:86)
	at org.junit.platform.launcher.core.DefaultLauncherSession$DelegatingLauncher.execute(DefaultLauncherSession.java:86)
	at org.junit.platform.launcher.core.SessionPerRequestLauncher.execute(SessionPerRequestLauncher.java:53)
	at org.apache.maven.surefire.junitplatform.JUnitPlatformProvider.execute(JUnitPlatformProvider.java:188)
	at org.apache.maven.surefire.junitplatform.JUnitPlatformProvider.invokeAllTests(JUnitPlatformProvider.java:154)
	at org.apache.maven.surefire.junitplatform.JUnitPlatformProvider.invoke(JUnitPlatformProvider.java:128)
	at org.apache.maven.surefire.booter.ForkedBooter.runSuitesInProcess(ForkedBooter.java:428)
	at org.apache.maven.surefire.booter.ForkedBooter.execute(ForkedBooter.java:162)
	at org.apache.maven.surefire.booter.ForkedBooter.run(ForkedBooter.java:562)
	at org.apache.maven.surefire.booter.ForkedBooter.main(ForkedBooter.java:548)
08:26:35.092 | Could not parse header - Expected ':' at 1:8
[[1;34mINFO[m] [1;32mTests run: [0;1;32m4[m, Failures: 0, Errors: 0, Skipped: 0, Time elapsed: 0.036 s - in app.[1mTestCustomJWTDecoder[m
[[1;34mINFO[m] Running app.[1mTestBodyDetection[m
[[1;34mINFO[m] [1;32mTests run: [0;1;32m19[m, Failures: 0, Errors: 0, Skipped: 0, Time elapsed: 0.218 s - in app.[1mTestBodyDetection[m
[[1;34mINFO[m] Running app.[1mTestCookieDetection[m
[[1;34mINFO[m] [1;32mTests run: [0;1;32m10[m, Failures: 0, Errors: 0, Skipped: 0, Time elapsed: 0.081 s - in app.[1mTestCookieDetection[m
[[1;34mINFO[m] 
[[1;34mINFO[m] Results:
[[1;34mINFO[m] 
[[1;34mINFO[m] [1;32mTests run: 77, Failures: 0, Errors: 0, Skipped: 0[m
[[1;34mINFO[m] 
[[1;34mINFO[m] 
[[1;34mINFO[m] [1m--- [0;32mmaven-jar-plugin:2.4:jar[m [1m(default-jar)[m @ [36mJWT4B[0;1m ---[m
[[1;34mINFO[m] Building jar: /builds/workspace/JWT4B/target/JWT4B.jar
[[1;34mINFO[m] 
[[1;34mINFO[m] [1m--- [0;32mmaven-assembly-plugin:3.0.0:single[m [1m(make-assembly)[m @ [36mJWT4B[0;1m ---[m
[[1;34mINFO[m] Building jar: /builds/workspace/JWT4B/target/JWT4B-jar-with-dependencies.jar
[[1;34mINFO[m] 
[[1;34mINFO[m] [1m--- [0;32mmaven-install-plugin:2.4:install[m [1m(default-install)[m @ [36mJWT4B[0;1m ---[m
[[1;34mINFO[m] Installing /builds/workspace/JWT4B/target/JWT4B.jar to /builds/.m2/repository/JWT4B/JWT4B/0.0.4-SNAPSHOT/JWT4B-0.0.4-SNAPSHOT.jar
[[1;34mINFO[m] Installing /builds/workspace/JWT4B/pom.xml to /builds/.m2/repository/JWT4B/JWT4B/0.0.4-SNAPSHOT/JWT4B-0.0.4-SNAPSHOT.pom
[[1;34mINFO[m] Installing /builds/workspace/JWT4B/target/JWT4B-jar-with-dependencies.jar to /builds/.m2/repository/JWT4B/JWT4B/0.0.4-SNAPSHOT/JWT4B-0.0.4-SNAPSHOT-jar-with-dependencies.jar
[[1;34mINFO[m] [1m------------------------------------------------------------------------[m
[[1;34mINFO[m] [1;32mBUILD SUCCESS[m
[[1;34mINFO[m] [1m------------------------------------------------------------------------[m
[[1;34mINFO[m] Total time:  18.888 s
[[1;34mINFO[m] Finished at: 2022-05-27T10:26:42+02:00
[[1;34mINFO[m] [1m------------------------------------------------------------------------[m
bash: line 226: bc: command not found
 
--- Displays results of the maven compile with spoon of spoon ---
Time to compile with spoon of spoon: 
 
--- Displays results of the maven compile with spoon ---
Time to compile with spoon: 
Number of tests: 77
Number of tests skipped: 0
Number of failures in tests: 0
Number of errors in tests: 0
 
-------------------------------------------------------
Retrieves all results files in the project (in all sub modules if the project is a multi module project)
-------------------------------------------------------
 
./result-spoon-tests-spooned-..txt
./result-spoon-tests-..txt
bash: line 339: result-spoon.bak20.xml: No space left on device
bash: line 340: result-spoon.bak21.xml: No space left on device
bash: line 341: result-spoon.bak22.xml: No space left on device
bash: line 342: result-spoon.bak23.xml: No space left on device
bash: line 343: result-spoon.bak24.xml: No space left on device
mv: cannot stat 'result-spoon.bak24.xml': No such file or directory
find: './target/spoon-maven-plugin': No such file or directory
rm: cannot remove 'result-spoon.bak*.xml': No such file or directory
<?xml version="1.0"?>
<section name=""/>
Archiving artifacts
GitHub Issue Notifier: Build was fixed, closing GitHub issue #4581
Finished: SUCCESS
