Started by timer
Running as SYSTEM
[EnvInject] - Loading node environment variables.
Building remotely on sos-builder01-ubuntu16 (lin) in workspace /builds/workspace/spoon-control-flow
[WS-CLEANUP] Deleting project workspace...
[WS-CLEANUP] Deferred wipeout is used...
[WS-CLEANUP] Done
The recommended git tool is: NONE
No credentials specified
Wiping out workspace first.
Cloning the remote Git repository
Cloning repository https://github.com/INRIA/spoon.git
 > git init /builds/workspace/spoon-control-flow # timeout=10
Fetching upstream changes from https://github.com/INRIA/spoon.git
 > git --version # timeout=10
 > git --version # 'git version 2.7.4'
 > git fetch --tags --progress https://github.com/INRIA/spoon.git +refs/heads/*:refs/remotes/origin/* # timeout=10
 > git config remote.origin.url https://github.com/INRIA/spoon.git # timeout=10
 > git config --add remote.origin.fetch +refs/heads/*:refs/remotes/origin/* # timeout=10
Avoid second fetch
 > git rev-parse refs/remotes/origin/master^{commit} # timeout=10
Checking out Revision d9bcb110cef86043eb5588e3cdfe97a6088f5ba2 (refs/remotes/origin/master)
 > git config core.sparsecheckout # timeout=10
 > git checkout -f d9bcb110cef86043eb5588e3cdfe97a6088f5ba2 # timeout=10
Commit message: "refactor(getActualClass): Improve design and reability (#4183)"
 > git rev-list --no-walk 4128c85fcb48102e8319cd480ddc9b44f2191a3f # timeout=10
[spoon-control-flow] $ /bin/sh -xe /tmp/jenkins7341917265799233622.sh
+ cd spoon-control-flow
+ curl https://spoon.gforge.inria.fr/jenkins/inject_spoon_snapshot.py
  % Total    % Received % Xferd  Average Speed   Time    Time     Time  Current
                                 Dload  Upload   Total   Spent    Left  Speed
  0     0    0     0    0     0      0      0 --:--:-- --:--:-- --:--:--     0  0     0    0     0    0     0      0      0 --:--:-- --:--:-- --:--:--     0
curl: (60) server certificate verification failed. CAfile: /etc/ssl/certs/ca-certificates.crt CRLfile: none
More details here: http://curl.haxx.se/docs/sslcerts.html

curl performs SSL certificate verification by default, using a "bundle"
 of Certificate Authority (CA) public keys (CA certs). If the default
 bundle file isn't adequate, you can specify an alternate file
 using the --cacert option.
If this HTTPS server uses a certificate signed by a CA represented in
 the bundle, the certificate verification probably failed due to a
 problem with the certificate (it might be expired, or the name might
 not match the domain name in the URL).
If you'd like to turn off curl's verification of the certificate, use
 the -k (or --insecure) option.
+ python3 -c 
+ mvn clean test
Picked up JAVA_TOOL_OPTIONS: -Dfile.encoding=UTF8
[INFO] Scanning for projects...
[INFO] Inspecting build with total of 1 modules...
[INFO] Installing Nexus Staging features:
[INFO]   ... total of 1 executions of maven-deploy-plugin replaced with nexus-staging-maven-plugin
[INFO] 
[INFO] --------------< fr.inria.gforge.spoon:spoon-control-flow >--------------
[INFO] Building spoon-control-flow 0.0.2-SNAPSHOT
[INFO] --------------------------------[ jar ]---------------------------------
[WARNING] The POM for fr.inria.gforge.spoon:spoon-core:jar:9.2.0-SNAPSHOT is missing, no dependency information available
[INFO] ------------------------------------------------------------------------
[INFO] BUILD FAILURE
[INFO] ------------------------------------------------------------------------
[INFO] Total time:  1.380 s
[INFO] Finished at: 2021-10-01T11:09:08+02:00
[INFO] ------------------------------------------------------------------------
[ERROR] Failed to execute goal on project spoon-control-flow: Could not resolve dependencies for project fr.inria.gforge.spoon:spoon-control-flow:jar:0.0.2-SNAPSHOT: Could not find artifact fr.inria.gforge.spoon:spoon-core:jar:9.2.0-SNAPSHOT -> [Help 1]
[ERROR] 
[ERROR] To see the full stack trace of the errors, re-run Maven with the -e switch.
[ERROR] Re-run Maven using the -X switch to enable full debug logging.
[ERROR] 
[ERROR] For more information about the errors and possible solutions, please read the following articles:
[ERROR] [Help 1] http://cwiki.apache.org/confluence/display/MAVEN/DependencyResolutionException
Build step 'Execute shell' marked build as failure
Finished: FAILURE
